[ 2019-05-14T10:34:17+08:00 ] 127.0.0.1 /admin/
INFO: [ app_init ] --START--
INFO: Run Behavior\BuildLiteBehavior [ RunTime:0.000009s ]
INFO: [ app_init ] --END-- [ RunTime:0.000396s ]
INFO: [ app_begin ] --START--
INFO: Run Behavior\ReadHtmlCacheBehavior [ RunTime:0.000489s ]
INFO: [ app_begin ] --END-- [ RunTime:0.000534s ]

[ 2019-05-14T10:34:17+08:00 ] 127.0.0.1 /Admin/Login/index.html
INFO: [ app_init ] --START--
INFO: Run Behavior\BuildLiteBehavior [ RunTime:0.000011s ]
INFO: [ app_init ] --END-- [ RunTime:0.008233s ]
INFO: [ app_begin ] --START--
INFO: Run Behavior\ReadHtmlCacheBehavior [ RunTime:0.000395s ]
INFO: [ app_begin ] --END-- [ RunTime:0.000435s ]
INFO: [ view_parse ] --START--
INFO: [ template_filter ] --START--
INFO: Run Behavior\ContentReplaceBehavior [ RunTime:0.000036s ]
INFO: [ template_filter ] --END-- [ RunTime:0.000069s ]
INFO: Run Behavior\ParseTemplateBehavior [ RunTime:0.030786s ]
INFO: [ view_parse ] --END-- [ RunTime:0.030833s ]
INFO: [ view_filter ] --START--
INFO: Run Behavior\WriteHtmlCacheBehavior [ RunTime:0.000474s ]
INFO: [ view_filter ] --END-- [ RunTime:0.000497s ]
INFO: [ app_end ] --START--
INFO: Run Behavior\ShowPageTraceBehavior [ RunTime:0.000627s ]
INFO: [ app_end ] --END-- [ RunTime:0.000653s ]

[ 2019-05-14T10:34:17+08:00 ] 127.0.0.1 /Admin/Login/code.html
INFO: [ app_init ] --START--
INFO: Run Behavior\BuildLiteBehavior [ RunTime:0.000009s ]
INFO: [ app_init ] --END-- [ RunTime:0.000306s ]
INFO: [ app_begin ] --START--
INFO: Run Behavior\ReadHtmlCacheBehavior [ RunTime:0.000439s ]
INFO: [ app_begin ] --END-- [ RunTime:0.000490s ]
NOTIC: [8] A session had already been started - ignoring session_start() D:\phpStudy\PHPTutorial\WWW\lljy.kailly.com\App\Class\Vcode.php 第 181 行.
INFO: [ app_end ] --START--
INFO: Run Behavior\ShowPageTraceBehavior [ RunTime:0.000703s ]
INFO: [ app_end ] --END-- [ RunTime:0.000752s ]

[ 2019-05-14T10:34:26+08:00 ] 127.0.0.1 /Admin/Login/loginHandel
INFO: [ app_init ] --START--
INFO: Run Behavior\BuildLiteBehavior [ RunTime:0.000008s ]
INFO: [ app_init ] --END-- [ RunTime:0.000286s ]
INFO: [ app_begin ] --START--
INFO: Run Behavior\ReadHtmlCacheBehavior [ RunTime:0.000404s ]
INFO: [ app_begin ] --END-- [ RunTime:0.000455s ]
SQL: SHOW COLUMNS FROM `tbkl_admin` [ RunTime:0.0030s ]
SQL: SELECT * FROM `tbkl_admin` WHERE `name` = 'kaili' LIMIT 1   [ RunTime:0.0002s ]
NOTIC: [8] Undefined index: lock D:\phpStudy\PHPTutorial\WWW\lljy.kailly.com\App\Admin\Controller\LoginController.class.php 第 33 行.

[ 2019-05-14T10:34:28+08:00 ] 127.0.0.1 /Admin/Index
INFO: [ app_init ] --START--
INFO: Run Behavior\BuildLiteBehavior [ RunTime:0.000012s ]
INFO: [ app_init ] --END-- [ RunTime:0.000402s ]
INFO: [ app_begin ] --START--
INFO: Run Behavior\ReadHtmlCacheBehavior [ RunTime:0.000463s ]
INFO: [ app_begin ] --END-- [ RunTime:0.000527s ]
INFO: [ view_parse ] --START--
INFO: [ template_filter ] --START--
INFO: Run Behavior\ContentReplaceBehavior [ RunTime:0.000079s ]
INFO: [ template_filter ] --END-- [ RunTime:0.000113s ]
INFO: Run Behavior\ParseTemplateBehavior [ RunTime:0.034179s ]
INFO: [ view_parse ] --END-- [ RunTime:0.034233s ]
INFO: [ view_filter ] --START--
INFO: Run Behavior\WriteHtmlCacheBehavior [ RunTime:0.000334s ]
INFO: [ view_filter ] --END-- [ RunTime:0.000357s ]
INFO: [ app_end ] --START--
INFO: Run Behavior\ShowPageTraceBehavior [ RunTime:0.000444s ]
INFO: [ app_end ] --END-- [ RunTime:0.000469s ]

[ 2019-05-14T10:34:29+08:00 ] 127.0.0.1 /Admin/Index/welcome.html
INFO: [ app_init ] --START--
INFO: Run Behavior\BuildLiteBehavior [ RunTime:0.000011s ]
INFO: [ app_init ] --END-- [ RunTime:0.000312s ]
INFO: [ app_begin ] --START--
INFO: Run Behavior\ReadHtmlCacheBehavior [ RunTime:0.000441s ]
INFO: [ app_begin ] --END-- [ RunTime:0.000485s ]
SQL: SHOW COLUMNS FROM `tbkl_order` [ RunTime:0.0038s ]
SQL: SELECT COUNT(id) AS tp_count FROM `tbkl_order` WHERE `status` = 0 LIMIT 1   [ RunTime:0.0002s ]
SQL: SELECT COUNT(id) AS tp_count FROM `tbkl_order` WHERE `status` = 1 LIMIT 1   [ RunTime:0.0001s ]
SQL: SELECT COUNT(id) AS tp_count FROM `tbkl_order` WHERE `pay_time` BETWEEN '1557763200' AND '1557849599' AND `status` = '1' GROUP BY members_id LIMIT 1   [ RunTime:0.0003s ]
SQL: SELECT COUNT(id) AS tp_count FROM `tbkl_order` WHERE `status` = 1 GROUP BY members_id LIMIT 1   [ RunTime:0.0002s ]
SQL: SHOW COLUMNS FROM `tbkl_members` [ RunTime:0.0032s ]
SQL: SELECT COUNT(id) AS tp_count FROM `tbkl_members` LIMIT 1   [ RunTime:0.0002s ]
INFO: [ view_parse ] --START--
INFO: [ template_filter ] --START--
INFO: Run Behavior\ContentReplaceBehavior [ RunTime:0.000189s ]
INFO: [ template_filter ] --END-- [ RunTime:0.000281s ]
NOTIC: [8] Undefined index: status3 D:\phpStudy\PHPTutorial\WWW\lljy.kailly.com\App\Runtime\Cache\Admin\d9e8c752db43d77c05cd2cf54a23d500.php 第 52 行.
NOTIC: [8] Undefined index: status4 D:\phpStudy\PHPTutorial\WWW\lljy.kailly.com\App\Runtime\Cache\Admin\d9e8c752db43d77c05cd2cf54a23d500.php 第 63 行.
NOTIC: [8] Undefined index: status5 D:\phpStudy\PHPTutorial\WWW\lljy.kailly.com\App\Runtime\Cache\Admin\d9e8c752db43d77c05cd2cf54a23d500.php 第 74 行.
NOTIC: [8] Undefined index: agent D:\phpStudy\PHPTutorial\WWW\lljy.kailly.com\App\Runtime\Cache\Admin\d9e8c752db43d77c05cd2cf54a23d500.php 第 131 行.
NOTIC: [8] Undefined index: agent D:\phpStudy\PHPTutorial\WWW\lljy.kailly.com\App\Runtime\Cache\Admin\d9e8c752db43d77c05cd2cf54a23d500.php 第 142 行.
INFO: Run Behavior\ParseTemplateBehavior [ RunTime:0.018897s ]
INFO: [ view_parse ] --END-- [ RunTime:0.018931s ]
INFO: [ view_filter ] --START--
INFO: Run Behavior\WriteHtmlCacheBehavior [ RunTime:0.000368s ]
INFO: [ view_filter ] --END-- [ RunTime:0.000391s ]
INFO: [ app_end ] --START--
INFO: Run Behavior\ShowPageTraceBehavior [ RunTime:0.000419s ]
INFO: [ app_end ] --END-- [ RunTime:0.000446s ]

[ 2019-05-14T10:34:30+08:00 ] 127.0.0.1 /Admin/Banner/banner.html
INFO: [ app_init ] --START--
INFO: Run Behavior\BuildLiteBehavior [ RunTime:0.000012s ]
INFO: [ app_init ] --END-- [ RunTime:0.000296s ]
INFO: [ app_begin ] --START--
INFO: Run Behavior\ReadHtmlCacheBehavior [ RunTime:0.000413s ]
INFO: [ app_begin ] --END-- [ RunTime:0.000455s ]
NOTIC: [8] Undefined variable: where D:\phpStudy\PHPTutorial\WWW\lljy.kailly.com\App\Admin\Controller\BannerController.class.php 第 12 行.
SQL: SHOW COLUMNS FROM `tbkl_banner` [ RunTime:0.0031s ]
SQL: SELECT COUNT(*) AS tp_count FROM `tbkl_banner` LIMIT 1   [ RunTime:0.0001s ]
NOTIC: [8] Undefined variable: where D:\phpStudy\PHPTutorial\WWW\lljy.kailly.com\App\Admin\Controller\BannerController.class.php 第 13 行.
SQL: SELECT * FROM `tbkl_banner` ORDER BY id desc LIMIT 0,10   [ RunTime:0.0001s ]
INFO: [ view_parse ] --START--
INFO: [ template_filter ] --START--
INFO: Run Behavior\ContentReplaceBehavior [ RunTime:0.000055s ]
INFO: [ template_filter ] --END-- [ RunTime:0.000089s ]
NOTIC: [8] Undefined index: keywords D:\phpStudy\PHPTutorial\WWW\lljy.kailly.com\App\Runtime\Cache\Admin\721b42c7281d7cb892c56b8f912e60b7.php 第 20 行.
INFO: Run Behavior\ParseTemplateBehavior [ RunTime:0.022019s ]
INFO: [ view_parse ] --END-- [ RunTime:0.022049s ]
INFO: [ view_filter ] --START--
INFO: Run Behavior\WriteHtmlCacheBehavior [ RunTime:0.000302s ]
INFO: [ view_filter ] --END-- [ RunTime:0.000324s ]
INFO: [ app_end ] --START--
INFO: Run Behavior\ShowPageTraceBehavior [ RunTime:0.000410s ]
INFO: [ app_end ] --END-- [ RunTime:0.000435s ]

[ 2019-05-14T10:34:30+08:00 ] 127.0.0.1 /Admin/Video/video_cate.html
INFO: [ app_init ] --START--
INFO: Run Behavior\BuildLiteBehavior [ RunTime:0.000012s ]
INFO: [ app_init ] --END-- [ RunTime:0.000314s ]
INFO: [ app_begin ] --START--
INFO: Run Behavior\ReadHtmlCacheBehavior [ RunTime:0.000433s ]
INFO: [ app_begin ] --END-- [ RunTime:0.000524s ]
NOTIC: [8] Undefined variable: where D:\phpStudy\PHPTutorial\WWW\lljy.kailly.com\App\Admin\Controller\VideoController.class.php 第 100 行.
SQL: SHOW COLUMNS FROM `tbkl_video_cate` [ RunTime:0.0031s ]
SQL: SELECT COUNT(*) AS tp_count FROM `tbkl_video_cate` LIMIT 1   [ RunTime:0.0001s ]
NOTIC: [8] Undefined variable: where D:\phpStudy\PHPTutorial\WWW\lljy.kailly.com\App\Admin\Controller\VideoController.class.php 第 101 行.
SQL: SELECT * FROM `tbkl_video_cate` ORDER BY id desc LIMIT 0,10   [ RunTime:0.0002s ]
INFO: [ view_parse ] --START--
INFO: [ template_filter ] --START--
INFO: Run Behavior\ContentReplaceBehavior [ RunTime:0.000053s ]
INFO: [ template_filter ] --END-- [ RunTime:0.000085s ]
NOTIC: [8] Undefined index: keywords D:\phpStudy\PHPTutorial\WWW\lljy.kailly.com\App\Runtime\Cache\Admin\190f24d424d0691a0ef8f892be3cae37.php 第 20 行.
INFO: Run Behavior\ParseTemplateBehavior [ RunTime:0.018824s ]
INFO: [ view_parse ] --END-- [ RunTime:0.018862s ]
INFO: [ view_filter ] --START--
INFO: Run Behavior\WriteHtmlCacheBehavior [ RunTime:0.000298s ]
INFO: [ view_filter ] --END-- [ RunTime:0.000320s ]
INFO: [ app_end ] --START--
INFO: Run Behavior\ShowPageTraceBehavior [ RunTime:0.000404s ]
INFO: [ app_end ] --END-- [ RunTime:0.000427s ]

[ 2019-05-14T10:34:32+08:00 ] 127.0.0.1 /Admin/Video/video.html
INFO: [ app_init ] --START--
INFO: Run Behavior\BuildLiteBehavior [ RunTime:0.000009s ]
INFO: [ app_init ] --END-- [ RunTime:0.000285s ]
INFO: [ app_begin ] --START--
INFO: Run Behavior\ReadHtmlCacheBehavior [ RunTime:0.000375s ]
INFO: [ app_begin ] --END-- [ RunTime:0.000416s ]
NOTIC: [8] Undefined variable: where D:\phpStudy\PHPTutorial\WWW\lljy.kailly.com\App\Admin\Controller\VideoController.class.php 第 21 行.
SQL: SHOW COLUMNS FROM `tbkl_video` [ RunTime:0.0031s ]
SQL: SELECT COUNT(*) AS tp_count FROM `tbkl_video` LIMIT 1   [ RunTime:0.0001s ]
NOTIC: [8] Undefined variable: where D:\phpStudy\PHPTutorial\WWW\lljy.kailly.com\App\Admin\Controller\VideoController.class.php 第 22 行.
SQL: SELECT * FROM `tbkl_video` ORDER BY id desc LIMIT 0,10   [ RunTime:0.0118s ]
SQL: SHOW COLUMNS FROM `tbkl_video_cate` [ RunTime:0.0030s ]
SQL: SELECT `id`,`name` FROM `tbkl_video_cate` WHERE `status` = 1  [ RunTime:0.0001s ]
INFO: [ view_parse ] --START--
INFO: [ template_filter ] --START--
INFO: Run Behavior\ContentReplaceBehavior [ RunTime:0.000063s ]
INFO: [ template_filter ] --END-- [ RunTime:0.000092s ]
NOTIC: [8] Undefined index: cate_id D:\phpStudy\PHPTutorial\WWW\lljy.kailly.com\App\Runtime\Cache\Admin\61c1c84e20dcfecf88a2244e0a65608e.php 第 22 行.
NOTIC: [8] Undefined index: html D:\phpStudy\PHPTutorial\WWW\lljy.kailly.com\App\Runtime\Cache\Admin\61c1c84e20dcfecf88a2244e0a65608e.php 第 22 行.
NOTIC: [8] Undefined index: keywords D:\phpStudy\PHPTutorial\WWW\lljy.kailly.com\App\Runtime\Cache\Admin\61c1c84e20dcfecf88a2244e0a65608e.php 第 24 行.
INFO: Run Behavior\ParseTemplateBehavior [ RunTime:0.018193s ]
INFO: [ view_parse ] --END-- [ RunTime:0.018221s ]
INFO: [ view_filter ] --START--
INFO: Run Behavior\WriteHtmlCacheBehavior [ RunTime:0.000295s ]
INFO: [ view_filter ] --END-- [ RunTime:0.000318s ]
INFO: [ app_end ] --START--
INFO: Run Behavior\ShowPageTraceBehavior [ RunTime:0.000424s ]
INFO: [ app_end ] --END-- [ RunTime:0.000449s ]

[ 2019-05-14T10:34:35+08:00 ] 127.0.0.1 /Admin/Video/video/p/2.html
INFO: [ app_init ] --START--
INFO: Run Behavior\BuildLiteBehavior [ RunTime:0.000008s ]
INFO: [ app_init ] --END-- [ RunTime:0.000264s ]
INFO: [ app_begin ] --START--
INFO: Run Behavior\ReadHtmlCacheBehavior [ RunTime:0.000373s ]
INFO: [ app_begin ] --END-- [ RunTime:0.000411s ]
NOTIC: [8] Undefined variable: where D:\phpStudy\PHPTutorial\WWW\lljy.kailly.com\App\Admin\Controller\VideoController.class.php 第 21 行.
SQL: SHOW COLUMNS FROM `tbkl_video` [ RunTime:0.0031s ]
SQL: SELECT COUNT(*) AS tp_count FROM `tbkl_video` LIMIT 1   [ RunTime:0.0001s ]
NOTIC: [8] Undefined variable: where D:\phpStudy\PHPTutorial\WWW\lljy.kailly.com\App\Admin\Controller\VideoController.class.php 第 22 行.
SQL: SELECT * FROM `tbkl_video` ORDER BY id desc LIMIT 10,10   [ RunTime:0.0003s ]
SQL: SHOW COLUMNS FROM `tbkl_video_cate` [ RunTime:0.0028s ]
SQL: SELECT `id`,`name` FROM `tbkl_video_cate` WHERE `status` = 1  [ RunTime:0.0001s ]
INFO: [ view_parse ] --START--
INFO: [ template_filter ] --START--
INFO: Run Behavior\ContentReplaceBehavior [ RunTime:0.000060s ]
INFO: [ template_filter ] --END-- [ RunTime:0.000085s ]
NOTIC: [8] Undefined index: cate_id D:\phpStudy\PHPTutorial\WWW\lljy.kailly.com\App\Runtime\Cache\Admin\61c1c84e20dcfecf88a2244e0a65608e.php 第 22 行.
NOTIC: [8] Undefined index: html D:\phpStudy\PHPTutorial\WWW\lljy.kailly.com\App\Runtime\Cache\Admin\61c1c84e20dcfecf88a2244e0a65608e.php 第 22 行.
NOTIC: [8] Undefined index: keywords D:\phpStudy\PHPTutorial\WWW\lljy.kailly.com\App\Runtime\Cache\Admin\61c1c84e20dcfecf88a2244e0a65608e.php 第 24 行.
INFO: Run Behavior\ParseTemplateBehavior [ RunTime:0.010281s ]
INFO: [ view_parse ] --END-- [ RunTime:0.010309s ]
INFO: [ view_filter ] --START--
INFO: Run Behavior\WriteHtmlCacheBehavior [ RunTime:0.000272s ]
INFO: [ view_filter ] --END-- [ RunTime:0.000294s ]
INFO: [ app_end ] --START--
INFO: Run Behavior\ShowPageTraceBehavior [ RunTime:0.003322s ]
INFO: [ app_end ] --END-- [ RunTime:0.003353s ]

[ 2019-05-14T10:35:07+08:00 ] 127.0.0.1 /admin/
INFO: [ app_init ] --START--
INFO: Run Behavior\BuildLiteBehavior [ RunTime:0.000014s ]
INFO: [ app_init ] --END-- [ RunTime:0.000332s ]
INFO: [ app_begin ] --START--
INFO: Run Behavior\ReadHtmlCacheBehavior [ RunTime:0.000462s ]
INFO: [ app_begin ] --END-- [ RunTime:0.000511s ]
INFO: [ view_parse ] --START--
INFO: [ template_filter ] --START--
INFO: Run Behavior\ContentReplaceBehavior [ RunTime:0.000087s ]
INFO: [ template_filter ] --END-- [ RunTime:0.000121s ]
INFO: Run Behavior\ParseTemplateBehavior [ RunTime:0.006849s ]
INFO: [ view_parse ] --END-- [ RunTime:0.006900s ]
INFO: [ view_filter ] --START--
INFO: Run Behavior\WriteHtmlCacheBehavior [ RunTime:0.000338s ]
INFO: [ view_filter ] --END-- [ RunTime:0.000360s ]
INFO: [ app_end ] --START--
INFO: Run Behavior\ShowPageTraceBehavior [ RunTime:0.000496s ]
INFO: [ app_end ] --END-- [ RunTime:0.000525s ]

[ 2019-05-14T10:35:07+08:00 ] 127.0.0.1 /Admin/Index/welcome.html
INFO: [ app_init ] --START--
INFO: Run Behavior\BuildLiteBehavior [ RunTime:0.000009s ]
INFO: [ app_init ] --END-- [ RunTime:0.000341s ]
INFO: [ app_begin ] --START--
INFO: Run Behavior\ReadHtmlCacheBehavior [ RunTime:0.000790s ]
INFO: [ app_begin ] --END-- [ RunTime:0.000886s ]
SQL: SHOW COLUMNS FROM `tbkl_order` [ RunTime:0.0036s ]
SQL: SELECT COUNT(id) AS tp_count FROM `tbkl_order` WHERE `status` = 0 LIMIT 1   [ RunTime:0.0002s ]
SQL: SELECT COUNT(id) AS tp_count FROM `tbkl_order` WHERE `status` = 1 LIMIT 1   [ RunTime:0.0001s ]
SQL: SELECT COUNT(id) AS tp_count FROM `tbkl_order` WHERE `pay_time` BETWEEN '1557763200' AND '1557849599' AND `status` = '1' GROUP BY members_id LIMIT 1   [ RunTime:0.0003s ]
SQL: SELECT COUNT(id) AS tp_count FROM `tbkl_order` WHERE `status` = 1 GROUP BY members_id LIMIT 1   [ RunTime:0.0002s ]
SQL: SHOW COLUMNS FROM `tbkl_members` [ RunTime:0.0031s ]
SQL: SELECT COUNT(id) AS tp_count FROM `tbkl_members` LIMIT 1   [ RunTime:0.0001s ]
INFO: [ view_parse ] --START--
INFO: [ template_filter ] --START--
INFO: Run Behavior\ContentReplaceBehavior [ RunTime:0.000061s ]
INFO: [ template_filter ] --END-- [ RunTime:0.000087s ]
NOTIC: [8] Undefined index: status3 D:\phpStudy\PHPTutorial\WWW\lljy.kailly.com\App\Runtime\Cache\Admin\d9e8c752db43d77c05cd2cf54a23d500.php 第 52 行.
NOTIC: [8] Undefined index: status4 D:\phpStudy\PHPTutorial\WWW\lljy.kailly.com\App\Runtime\Cache\Admin\d9e8c752db43d77c05cd2cf54a23d500.php 第 63 行.
NOTIC: [8] Undefined index: status5 D:\phpStudy\PHPTutorial\WWW\lljy.kailly.com\App\Runtime\Cache\Admin\d9e8c752db43d77c05cd2cf54a23d500.php 第 74 行.
NOTIC: [8] Undefined index: agent D:\phpStudy\PHPTutorial\WWW\lljy.kailly.com\App\Runtime\Cache\Admin\d9e8c752db43d77c05cd2cf54a23d500.php 第 131 行.
NOTIC: [8] Undefined index: agent D:\phpStudy\PHPTutorial\WWW\lljy.kailly.com\App\Runtime\Cache\Admin\d9e8c752db43d77c05cd2cf54a23d500.php 第 142 行.
INFO: Run Behavior\ParseTemplateBehavior [ RunTime:0.005079s ]
INFO: [ view_parse ] --END-- [ RunTime:0.005104s ]
INFO: [ view_filter ] --START--
INFO: Run Behavior\WriteHtmlCacheBehavior [ RunTime:0.000271s ]
INFO: [ view_filter ] --END-- [ RunTime:0.000291s ]
INFO: [ app_end ] --START--
INFO: Run Behavior\ShowPageTraceBehavior [ RunTime:0.000386s ]
INFO: [ app_end ] --END-- [ RunTime:0.000410s ]

