[ 2019-01-16T09:02:19+08:00 ] 61.140.237.232 /Admin/Index
INFO: [ app_init ] --START--
INFO: Run Behavior\BuildLiteBehavior [ RunTime:0.000000s ]
INFO: [ app_init ] --END-- [ RunTime:0.000000s ]
INFO: [ app_begin ] --START--
INFO: Run Behavior\ReadHtmlCacheBehavior [ RunTime:0.000000s ]
INFO: [ app_begin ] --END-- [ RunTime:0.000000s ]
SQL: SHOW COLUMNS FROM `tbkl_base` [ RunTime:0.0000s ]
SQL: SELECT `nopay_valid_time` FROM `tbkl_base` WHERE `id` = 1 LIMIT 1   [ RunTime:0.0000s ]
SQL: SHOW COLUMNS FROM `tbkl_mall_order` [ RunTime:0.0000s ]
SQL: SELECT * FROM `tbkl_mall_order` WHERE `status` = 0  [ RunTime:0.0000s ]
SQL: SHOW COLUMNS FROM `tbkl_group_order` [ RunTime:0.0156s ]
SQL: SELECT * FROM `tbkl_group_order` WHERE ( status=0 or status=1 )  [ RunTime:0.0000s ]
SQL: SHOW COLUMNS FROM `tbkl_members` [ RunTime:0.0000s ]
SQL: SELECT * FROM `tbkl_base` WHERE `id` = 1 LIMIT 1   [ RunTime:0.0000s ]

[ 2019-01-16T09:02:19+08:00 ] 61.140.237.232 /Admin/Login/index.html
INFO: [ app_init ] --START--
INFO: Run Behavior\BuildLiteBehavior [ RunTime:0.000000s ]
INFO: [ app_init ] --END-- [ RunTime:0.000000s ]
INFO: [ app_begin ] --START--
INFO: Run Behavior\ReadHtmlCacheBehavior [ RunTime:0.000000s ]
INFO: [ app_begin ] --END-- [ RunTime:0.000000s ]
INFO: [ view_parse ] --START--
INFO: [ template_filter ] --START--
INFO: Run Behavior\ContentReplaceBehavior [ RunTime:0.000000s ]
INFO: [ template_filter ] --END-- [ RunTime:0.000000s ]
INFO: Run Behavior\ParseTemplateBehavior [ RunTime:0.000000s ]
INFO: [ view_parse ] --END-- [ RunTime:0.000000s ]
INFO: [ view_filter ] --START--
INFO: Run Behavior\WriteHtmlCacheBehavior [ RunTime:0.000000s ]
INFO: [ view_filter ] --END-- [ RunTime:0.000000s ]
INFO: [ app_end ] --START--
INFO: Run Behavior\ShowPageTraceBehavior [ RunTime:0.000000s ]
INFO: [ app_end ] --END-- [ RunTime:0.000000s ]

[ 2019-01-16T09:02:19+08:00 ] 61.140.237.232 /Admin/Login/code.html
INFO: [ app_init ] --START--
INFO: Run Behavior\BuildLiteBehavior [ RunTime:0.000000s ]
INFO: [ app_init ] --END-- [ RunTime:0.000000s ]
INFO: [ app_begin ] --START--
INFO: Run Behavior\ReadHtmlCacheBehavior [ RunTime:0.000000s ]
INFO: [ app_begin ] --END-- [ RunTime:0.000000s ]
NOTIC: [8] A session had already been started - ignoring session_start() E:\klwl_web\web_hqt\klshop.kailly.com.cn\App\Class\Vcode.php 第 181 行.
INFO: [ app_end ] --START--
INFO: Run Behavior\ShowPageTraceBehavior [ RunTime:0.000000s ]
INFO: [ app_end ] --END-- [ RunTime:0.000000s ]

[ 2019-01-16T10:51:49+08:00 ] 61.140.237.232 /Admin
INFO: [ app_init ] --START--
INFO: Run Behavior\BuildLiteBehavior [ RunTime:0.000000s ]
INFO: [ app_init ] --END-- [ RunTime:0.000000s ]
INFO: [ app_begin ] --START--
INFO: Run Behavior\ReadHtmlCacheBehavior [ RunTime:0.000000s ]
INFO: [ app_begin ] --END-- [ RunTime:0.000000s ]
SQL: SHOW COLUMNS FROM `tbkl_base` [ RunTime:0.0156s ]
SQL: SELECT `nopay_valid_time` FROM `tbkl_base` WHERE `id` = 1 LIMIT 1   [ RunTime:0.0000s ]
SQL: SHOW COLUMNS FROM `tbkl_mall_order` [ RunTime:0.0000s ]
SQL: SELECT * FROM `tbkl_mall_order` WHERE `status` = 0  [ RunTime:0.0000s ]
SQL: SHOW COLUMNS FROM `tbkl_group_order` [ RunTime:0.0000s ]
SQL: SELECT * FROM `tbkl_group_order` WHERE ( status=0 or status=1 )  [ RunTime:0.0000s ]
SQL: SHOW COLUMNS FROM `tbkl_members` [ RunTime:0.0000s ]
SQL: SELECT * FROM `tbkl_base` WHERE `id` = 1 LIMIT 1   [ RunTime:0.0000s ]

[ 2019-01-16T10:51:50+08:00 ] 61.140.237.232 /Admin/Login/index.html
INFO: [ app_init ] --START--
INFO: Run Behavior\BuildLiteBehavior [ RunTime:0.000000s ]
INFO: [ app_init ] --END-- [ RunTime:0.000000s ]
INFO: [ app_begin ] --START--
INFO: Run Behavior\ReadHtmlCacheBehavior [ RunTime:0.000000s ]
INFO: [ app_begin ] --END-- [ RunTime:0.000000s ]
INFO: [ view_parse ] --START--
INFO: [ template_filter ] --START--
INFO: Run Behavior\ContentReplaceBehavior [ RunTime:0.000000s ]
INFO: [ template_filter ] --END-- [ RunTime:0.000000s ]
INFO: Run Behavior\ParseTemplateBehavior [ RunTime:0.015625s ]
INFO: [ view_parse ] --END-- [ RunTime:0.015625s ]
INFO: [ view_filter ] --START--
INFO: Run Behavior\WriteHtmlCacheBehavior [ RunTime:0.000000s ]
INFO: [ view_filter ] --END-- [ RunTime:0.000000s ]
INFO: [ app_end ] --START--
INFO: Run Behavior\ShowPageTraceBehavior [ RunTime:0.000000s ]
INFO: [ app_end ] --END-- [ RunTime:0.000000s ]

[ 2019-01-16T10:51:52+08:00 ] 61.140.237.232 /Admin/Login/code.html
INFO: [ app_init ] --START--
INFO: Run Behavior\BuildLiteBehavior [ RunTime:0.000000s ]
INFO: [ app_init ] --END-- [ RunTime:0.000000s ]
INFO: [ app_begin ] --START--
INFO: Run Behavior\ReadHtmlCacheBehavior [ RunTime:0.000000s ]
INFO: [ app_begin ] --END-- [ RunTime:0.000000s ]
NOTIC: [8] A session had already been started - ignoring session_start() E:\klwl_web\web_hqt\klshop.kailly.com.cn\App\Class\Vcode.php 第 181 行.
INFO: [ app_end ] --START--
INFO: Run Behavior\ShowPageTraceBehavior [ RunTime:0.000000s ]
INFO: [ app_end ] --END-- [ RunTime:0.000000s ]

[ 2019-01-16T17:19:17+08:00 ] 61.140.237.232 /Admin/Index
INFO: [ app_init ] --START--
INFO: Run Behavior\BuildLiteBehavior [ RunTime:0.000000s ]
INFO: [ app_init ] --END-- [ RunTime:0.000000s ]
INFO: [ app_begin ] --START--
INFO: Run Behavior\ReadHtmlCacheBehavior [ RunTime:0.000000s ]
INFO: [ app_begin ] --END-- [ RunTime:0.000000s ]
SQL: SHOW COLUMNS FROM `tbkl_base` [ RunTime:0.0000s ]
SQL: SELECT `nopay_valid_time` FROM `tbkl_base` WHERE `id` = 1 LIMIT 1   [ RunTime:0.0000s ]
SQL: SHOW COLUMNS FROM `tbkl_mall_order` [ RunTime:0.0000s ]
SQL: SELECT * FROM `tbkl_mall_order` WHERE `status` = 0  [ RunTime:0.0000s ]
SQL: SHOW COLUMNS FROM `tbkl_group_order` [ RunTime:0.0000s ]
SQL: SELECT * FROM `tbkl_group_order` WHERE ( status=0 or status=1 )  [ RunTime:0.0000s ]
SQL: SHOW COLUMNS FROM `tbkl_members` [ RunTime:0.0000s ]
SQL: SELECT * FROM `tbkl_base` WHERE `id` = 1 LIMIT 1   [ RunTime:0.0000s ]

[ 2019-01-16T17:19:17+08:00 ] 61.140.237.232 /Admin/Login/index.html
INFO: [ app_init ] --START--
INFO: Run Behavior\BuildLiteBehavior [ RunTime:0.000000s ]
INFO: [ app_init ] --END-- [ RunTime:0.000000s ]
INFO: [ app_begin ] --START--
INFO: Run Behavior\ReadHtmlCacheBehavior [ RunTime:0.000000s ]
INFO: [ app_begin ] --END-- [ RunTime:0.000000s ]
INFO: [ view_parse ] --START--
INFO: [ template_filter ] --START--
INFO: Run Behavior\ContentReplaceBehavior [ RunTime:0.000000s ]
INFO: [ template_filter ] --END-- [ RunTime:0.000000s ]
INFO: Run Behavior\ParseTemplateBehavior [ RunTime:0.015625s ]
INFO: [ view_parse ] --END-- [ RunTime:0.015625s ]
INFO: [ view_filter ] --START--
INFO: Run Behavior\WriteHtmlCacheBehavior [ RunTime:0.000000s ]
INFO: [ view_filter ] --END-- [ RunTime:0.000000s ]
INFO: [ app_end ] --START--
INFO: Run Behavior\ShowPageTraceBehavior [ RunTime:0.000000s ]
INFO: [ app_end ] --END-- [ RunTime:0.000000s ]

[ 2019-01-16T17:19:17+08:00 ] 61.140.237.232 /Admin/Login/code.html
INFO: [ app_init ] --START--
INFO: Run Behavior\BuildLiteBehavior [ RunTime:0.000000s ]
INFO: [ app_init ] --END-- [ RunTime:0.000000s ]
INFO: [ app_begin ] --START--
INFO: Run Behavior\ReadHtmlCacheBehavior [ RunTime:0.000000s ]
INFO: [ app_begin ] --END-- [ RunTime:0.015625s ]
NOTIC: [8] A session had already been started - ignoring session_start() E:\klwl_web\web_hqt\klshop.kailly.com.cn\App\Class\Vcode.php 第 181 行.
INFO: [ app_end ] --START--
INFO: Run Behavior\ShowPageTraceBehavior [ RunTime:0.000000s ]
INFO: [ app_end ] --END-- [ RunTime:0.000000s ]

[ 2019-01-16T17:19:19+08:00 ] 61.140.237.232 /Admin/Login/code.html?0.9438962819275423
INFO: [ app_init ] --START--
INFO: Run Behavior\BuildLiteBehavior [ RunTime:0.000000s ]
INFO: [ app_init ] --END-- [ RunTime:0.000000s ]
INFO: [ app_begin ] --START--
INFO: Run Behavior\ReadHtmlCacheBehavior [ RunTime:0.000000s ]
INFO: [ app_begin ] --END-- [ RunTime:0.000000s ]
NOTIC: [8] A session had already been started - ignoring session_start() E:\klwl_web\web_hqt\klshop.kailly.com.cn\App\Class\Vcode.php 第 181 行.
INFO: [ app_end ] --START--
INFO: Run Behavior\ShowPageTraceBehavior [ RunTime:0.000000s ]
INFO: [ app_end ] --END-- [ RunTime:0.000000s ]

[ 2019-01-16T17:19:23+08:00 ] 61.140.237.232 /Admin/Login/loginHandel
INFO: [ app_init ] --START--
INFO: Run Behavior\BuildLiteBehavior [ RunTime:0.000000s ]
INFO: [ app_init ] --END-- [ RunTime:0.000000s ]
INFO: [ app_begin ] --START--
INFO: Run Behavior\ReadHtmlCacheBehavior [ RunTime:0.000000s ]
INFO: [ app_begin ] --END-- [ RunTime:0.000000s ]
SQL: SHOW COLUMNS FROM `tbkl_admin` [ RunTime:0.0000s ]
SQL: SELECT * FROM `tbkl_admin` WHERE `name` = 'kaili' LIMIT 1   [ RunTime:0.0000s ]
NOTIC: [8] Undefined index: lock E:\klwl_web\web_hqt\klshop.kailly.com.cn\App\Admin\Controller\LoginController.class.php 第 33 行.

[ 2019-01-16T17:19:25+08:00 ] 61.140.237.232 /Admin/Index
INFO: [ app_init ] --START--
INFO: Run Behavior\BuildLiteBehavior [ RunTime:0.000000s ]
INFO: [ app_init ] --END-- [ RunTime:0.000000s ]
INFO: [ app_begin ] --START--
INFO: Run Behavior\ReadHtmlCacheBehavior [ RunTime:0.000000s ]
INFO: [ app_begin ] --END-- [ RunTime:0.000000s ]
SQL: SHOW COLUMNS FROM `tbkl_base` [ RunTime:0.0000s ]
SQL: SELECT `nopay_valid_time` FROM `tbkl_base` WHERE `id` = 1 LIMIT 1   [ RunTime:0.0156s ]
SQL: SHOW COLUMNS FROM `tbkl_mall_order` [ RunTime:0.0000s ]
SQL: SELECT * FROM `tbkl_mall_order` WHERE `status` = 0  [ RunTime:0.0000s ]
SQL: SHOW COLUMNS FROM `tbkl_group_order` [ RunTime:0.0000s ]
SQL: SELECT * FROM `tbkl_group_order` WHERE ( status=0 or status=1 )  [ RunTime:0.0000s ]
SQL: SHOW COLUMNS FROM `tbkl_members` [ RunTime:0.0000s ]
SQL: SELECT * FROM `tbkl_base` WHERE `id` = 1 LIMIT 1   [ RunTime:0.0000s ]
INFO: [ view_parse ] --START--
INFO: [ template_filter ] --START--
INFO: Run Behavior\ContentReplaceBehavior [ RunTime:0.000000s ]
INFO: [ template_filter ] --END-- [ RunTime:0.000000s ]
INFO: Run Behavior\ParseTemplateBehavior [ RunTime:0.015625s ]
INFO: [ view_parse ] --END-- [ RunTime:0.015625s ]
INFO: [ view_filter ] --START--
INFO: Run Behavior\WriteHtmlCacheBehavior [ RunTime:0.000000s ]
INFO: [ view_filter ] --END-- [ RunTime:0.000000s ]
INFO: [ app_end ] --START--
INFO: Run Behavior\ShowPageTraceBehavior [ RunTime:0.000000s ]
INFO: [ app_end ] --END-- [ RunTime:0.000000s ]

[ 2019-01-16T17:19:25+08:00 ] 61.140.237.232 /Admin/Index/welcome.html
INFO: [ app_init ] --START--
INFO: Run Behavior\BuildLiteBehavior [ RunTime:0.000000s ]
INFO: [ app_init ] --END-- [ RunTime:0.000000s ]
INFO: [ app_begin ] --START--
INFO: Run Behavior\ReadHtmlCacheBehavior [ RunTime:0.000000s ]
INFO: [ app_begin ] --END-- [ RunTime:0.000000s ]
SQL: SHOW COLUMNS FROM `tbkl_base` [ RunTime:0.0000s ]
SQL: SELECT `nopay_valid_time` FROM `tbkl_base` WHERE `id` = 1 LIMIT 1   [ RunTime:0.0000s ]
SQL: SHOW COLUMNS FROM `tbkl_mall_order` [ RunTime:0.0000s ]
SQL: SELECT * FROM `tbkl_mall_order` WHERE `status` = 0  [ RunTime:0.0000s ]
SQL: SHOW COLUMNS FROM `tbkl_group_order` [ RunTime:0.0000s ]
SQL: SELECT * FROM `tbkl_group_order` WHERE ( status=0 or status=1 )  [ RunTime:0.0000s ]
SQL: SHOW COLUMNS FROM `tbkl_members` [ RunTime:0.0000s ]
SQL: SELECT * FROM `tbkl_base` WHERE `id` = 1 LIMIT 1   [ RunTime:0.0000s ]
SQL: SELECT COUNT(*) AS tp_count FROM `tbkl_mall_order` WHERE `status` = 0 LIMIT 1   [ RunTime:0.0000s ]
SQL: SELECT COUNT(*) AS tp_count FROM `tbkl_mall_order` WHERE `status` = 1 LIMIT 1   [ RunTime:0.0000s ]
SQL: SELECT COUNT(*) AS tp_count FROM `tbkl_mall_order` WHERE `status` = 2 LIMIT 1   [ RunTime:0.0000s ]
SQL: SELECT COUNT(*) AS tp_count FROM `tbkl_mall_order` WHERE `status` = 3 LIMIT 1   [ RunTime:0.0000s ]
SQL: SELECT COUNT(*) AS tp_count FROM `tbkl_mall_order` WHERE `status` = 4 LIMIT 1   [ RunTime:0.0000s ]
SQL: SELECT COUNT(*) AS tp_count FROM `tbkl_mall_order` WHERE `status` = 5 LIMIT 1   [ RunTime:0.0000s ]
SQL: SELECT COUNT(*) AS tp_count FROM `tbkl_members` LIMIT 1   [ RunTime:0.0000s ]
SQL: select count(*) as num from tbkl_mall_order where status in(1,2,3,4) group by members_id [ RunTime:0.0000s ]
SQL: SELECT * FROM `tbkl_mall_order` WHERE `pay_time` BETWEEN '1547568000' AND '1547716765' AND `status` IN ('1','2','3','4') GROUP BY members_id  [ RunTime:0.0000s ]
SQL: SHOW COLUMNS FROM `tbkl_agent` [ RunTime:0.0156s ]
SQL: SELECT COUNT(*) AS tp_count FROM `tbkl_agent` WHERE `status` = 0 LIMIT 1   [ RunTime:0.0000s ]
SQL: SELECT COUNT(*) AS tp_count FROM `tbkl_agent` WHERE `status` = 1 LIMIT 1   [ RunTime:0.0000s ]
INFO: [ view_parse ] --START--
INFO: [ template_filter ] --START--
INFO: Run Behavior\ContentReplaceBehavior [ RunTime:0.000000s ]
INFO: [ template_filter ] --END-- [ RunTime:0.000000s ]
INFO: Run Behavior\ParseTemplateBehavior [ RunTime:0.000000s ]
INFO: [ view_parse ] --END-- [ RunTime:0.000000s ]
INFO: [ view_filter ] --START--
INFO: Run Behavior\WriteHtmlCacheBehavior [ RunTime:0.000000s ]
INFO: [ view_filter ] --END-- [ RunTime:0.000000s ]
INFO: [ app_end ] --START--
INFO: Run Behavior\ShowPageTraceBehavior [ RunTime:0.000000s ]
INFO: [ app_end ] --END-- [ RunTime:0.000000s ]

[ 2019-01-16T17:19:31+08:00 ] 61.140.237.232 /Admin/Base/index.html
INFO: [ app_init ] --START--
INFO: Run Behavior\BuildLiteBehavior [ RunTime:0.000000s ]
INFO: [ app_init ] --END-- [ RunTime:0.000000s ]
INFO: [ app_begin ] --START--
INFO: Run Behavior\ReadHtmlCacheBehavior [ RunTime:0.000000s ]
INFO: [ app_begin ] --END-- [ RunTime:0.000000s ]
SQL: SHOW COLUMNS FROM `tbkl_base` [ RunTime:0.0000s ]
SQL: SELECT `nopay_valid_time` FROM `tbkl_base` WHERE `id` = 1 LIMIT 1   [ RunTime:0.0000s ]
SQL: SHOW COLUMNS FROM `tbkl_mall_order` [ RunTime:0.0000s ]
SQL: SELECT * FROM `tbkl_mall_order` WHERE `status` = 0  [ RunTime:0.0000s ]
SQL: SHOW COLUMNS FROM `tbkl_group_order` [ RunTime:0.0000s ]
SQL: SELECT * FROM `tbkl_group_order` WHERE ( status=0 or status=1 )  [ RunTime:0.0000s ]
SQL: SHOW COLUMNS FROM `tbkl_members` [ RunTime:0.0000s ]
SQL: SELECT * FROM `tbkl_base` WHERE `id` = 1 LIMIT 1   [ RunTime:0.0000s ]
SQL: SELECT * FROM `tbkl_base` LIMIT 1   [ RunTime:0.0000s ]
INFO: [ view_parse ] --START--
INFO: [ template_filter ] --START--
INFO: Run Behavior\ContentReplaceBehavior [ RunTime:0.000000s ]
INFO: [ template_filter ] --END-- [ RunTime:0.000000s ]
NOTIC: [8] Use of undefined constant base - assumed 'base' E:\klwl_web\web_hqt\klshop.kailly.com.cn\App\Runtime\Cache\Admin\99c83e798043747f7816b95b9b5ec939.php 第 114 行.
NOTIC: [8] Use of undefined constant base - assumed 'base' E:\klwl_web\web_hqt\klshop.kailly.com.cn\App\Runtime\Cache\Admin\99c83e798043747f7816b95b9b5ec939.php 第 155 行.
INFO: Run Behavior\ParseTemplateBehavior [ RunTime:0.015625s ]
INFO: [ view_parse ] --END-- [ RunTime:0.015625s ]
INFO: [ view_filter ] --START--
INFO: Run Behavior\WriteHtmlCacheBehavior [ RunTime:0.000000s ]
INFO: [ view_filter ] --END-- [ RunTime:0.000000s ]
INFO: [ app_end ] --START--
INFO: Run Behavior\ShowPageTraceBehavior [ RunTime:0.000000s ]
INFO: [ app_end ] --END-- [ RunTime:0.000000s ]

[ 2019-01-16T17:19:39+08:00 ] 61.140.237.232 /Admin/Custom/banner/place/4.html
INFO: [ app_init ] --START--
INFO: Run Behavior\BuildLiteBehavior [ RunTime:0.000000s ]
INFO: [ app_init ] --END-- [ RunTime:0.000000s ]
INFO: [ app_begin ] --START--
INFO: Run Behavior\ReadHtmlCacheBehavior [ RunTime:0.000000s ]
INFO: [ app_begin ] --END-- [ RunTime:0.000000s ]
SQL: SHOW COLUMNS FROM `tbkl_base` [ RunTime:0.0000s ]
SQL: SELECT `nopay_valid_time` FROM `tbkl_base` WHERE `id` = 1 LIMIT 1   [ RunTime:0.0000s ]
SQL: SHOW COLUMNS FROM `tbkl_mall_order` [ RunTime:0.0000s ]
SQL: SELECT * FROM `tbkl_mall_order` WHERE `status` = 0  [ RunTime:0.0000s ]
SQL: SHOW COLUMNS FROM `tbkl_group_order` [ RunTime:0.0000s ]
SQL: SELECT * FROM `tbkl_group_order` WHERE ( status=0 or status=1 )  [ RunTime:0.0000s ]
SQL: SHOW COLUMNS FROM `tbkl_members` [ RunTime:0.0000s ]
SQL: SELECT * FROM `tbkl_base` WHERE `id` = 1 LIMIT 1   [ RunTime:0.0000s ]
SQL: SHOW COLUMNS FROM `tbkl_banner` [ RunTime:0.0000s ]
SQL: SELECT * FROM `tbkl_banner` WHERE `place` = 4 ORDER BY sort DESC  [ RunTime:0.0000s ]
INFO: [ view_parse ] --START--
INFO: [ template_filter ] --START--
INFO: Run Behavior\ContentReplaceBehavior [ RunTime:0.000000s ]
INFO: [ template_filter ] --END-- [ RunTime:0.000000s ]
NOTIC: [8] Undefined variable: page E:\klwl_web\web_hqt\klshop.kailly.com.cn\App\Runtime\Cache\Admin\76f0fa28272aad4c5aa02498742bf6f5.php 第 61 行.
INFO: Run Behavior\ParseTemplateBehavior [ RunTime:0.000000s ]
INFO: [ view_parse ] --END-- [ RunTime:0.000000s ]
INFO: [ view_filter ] --START--
INFO: Run Behavior\WriteHtmlCacheBehavior [ RunTime:0.015625s ]
INFO: [ view_filter ] --END-- [ RunTime:0.015625s ]
INFO: [ app_end ] --START--
INFO: Run Behavior\ShowPageTraceBehavior [ RunTime:0.000000s ]
INFO: [ app_end ] --END-- [ RunTime:0.000000s ]

[ 2019-01-16T17:19:39+08:00 ] 61.140.237.232 /Admin/Custom/banner/place/3.html
INFO: [ app_init ] --START--
INFO: Run Behavior\BuildLiteBehavior [ RunTime:0.000000s ]
INFO: [ app_init ] --END-- [ RunTime:0.000000s ]
INFO: [ app_begin ] --START--
INFO: Run Behavior\ReadHtmlCacheBehavior [ RunTime:0.000000s ]
INFO: [ app_begin ] --END-- [ RunTime:0.000000s ]
SQL: SHOW COLUMNS FROM `tbkl_base` [ RunTime:0.0000s ]
SQL: SELECT `nopay_valid_time` FROM `tbkl_base` WHERE `id` = 1 LIMIT 1   [ RunTime:0.0000s ]
SQL: SHOW COLUMNS FROM `tbkl_mall_order` [ RunTime:0.0000s ]
SQL: SELECT * FROM `tbkl_mall_order` WHERE `status` = 0  [ RunTime:0.0000s ]
SQL: SHOW COLUMNS FROM `tbkl_group_order` [ RunTime:0.0156s ]
SQL: SELECT * FROM `tbkl_group_order` WHERE ( status=0 or status=1 )  [ RunTime:0.0000s ]
SQL: SHOW COLUMNS FROM `tbkl_members` [ RunTime:0.0000s ]
SQL: SELECT * FROM `tbkl_base` WHERE `id` = 1 LIMIT 1   [ RunTime:0.0000s ]
SQL: SHOW COLUMNS FROM `tbkl_banner` [ RunTime:0.0000s ]
SQL: SELECT * FROM `tbkl_banner` WHERE `place` = 3 ORDER BY sort DESC  [ RunTime:0.0000s ]
INFO: [ view_parse ] --START--
INFO: [ template_filter ] --START--
INFO: Run Behavior\ContentReplaceBehavior [ RunTime:0.000000s ]
INFO: [ template_filter ] --END-- [ RunTime:0.000000s ]
NOTIC: [8] Undefined variable: page E:\klwl_web\web_hqt\klshop.kailly.com.cn\App\Runtime\Cache\Admin\76f0fa28272aad4c5aa02498742bf6f5.php 第 61 行.
INFO: Run Behavior\ParseTemplateBehavior [ RunTime:0.000000s ]
INFO: [ view_parse ] --END-- [ RunTime:0.000000s ]
INFO: [ view_filter ] --START--
INFO: Run Behavior\WriteHtmlCacheBehavior [ RunTime:0.000000s ]
INFO: [ view_filter ] --END-- [ RunTime:0.000000s ]
INFO: [ app_end ] --START--
INFO: Run Behavior\ShowPageTraceBehavior [ RunTime:0.015625s ]
INFO: [ app_end ] --END-- [ RunTime:0.015625s ]

[ 2019-01-16T17:19:40+08:00 ] 61.140.237.232 /Admin/Mall/order/status/0.html
INFO: [ app_init ] --START--
INFO: Run Behavior\BuildLiteBehavior [ RunTime:0.000000s ]
INFO: [ app_init ] --END-- [ RunTime:0.000000s ]
INFO: [ app_begin ] --START--
INFO: Run Behavior\ReadHtmlCacheBehavior [ RunTime:0.000000s ]
INFO: [ app_begin ] --END-- [ RunTime:0.000000s ]
SQL: SHOW COLUMNS FROM `tbkl_base` [ RunTime:0.0000s ]
SQL: SELECT `nopay_valid_time` FROM `tbkl_base` WHERE `id` = 1 LIMIT 1   [ RunTime:0.0000s ]
SQL: SHOW COLUMNS FROM `tbkl_mall_order` [ RunTime:0.0000s ]
SQL: SELECT * FROM `tbkl_mall_order` WHERE `status` = 0  [ RunTime:0.0000s ]
SQL: SHOW COLUMNS FROM `tbkl_group_order` [ RunTime:0.0000s ]
SQL: SELECT * FROM `tbkl_group_order` WHERE ( status=0 or status=1 )  [ RunTime:0.0000s ]
SQL: SHOW COLUMNS FROM `tbkl_members` [ RunTime:0.0000s ]
SQL: SELECT * FROM `tbkl_base` WHERE `id` = 1 LIMIT 1   [ RunTime:0.0000s ]
SQL: SELECT COUNT(*) AS tp_count FROM `tbkl_mall_order` LIMIT 1   [ RunTime:0.0000s ]
SQL: SHOW COLUMNS FROM `tbkl_mall_order` [ RunTime:0.0000s ]
SQL: SELECT * FROM `tbkl_mall_order` ORDER BY id desc LIMIT 0,10   [ RunTime:0.0000s ]
SQL: SHOW COLUMNS FROM `tbkl_members` [ RunTime:0.0000s ]
SQL: SELECT * FROM `tbkl_members` WHERE ( 1=1 AND id='1' ) LIMIT 1   [ RunTime:0.0000s ]
SQL: SHOW COLUMNS FROM `tbkl_logistics` [ RunTime:0.0000s ]
NOTIC: [8] Undefined index: logistics_id E:\klwl_web\web_hqt\klshop.kailly.com.cn\ThinkPHP\Library\Think\Model\RelationModel.class.php 第 161 行.
SQL: SELECT * FROM `tbkl_logistics` WHERE ( 1=1 AND id='' ) LIMIT 1   [ RunTime:0.0000s ]
SQL: SHOW COLUMNS FROM `tbkl_mall_order_reminder` [ RunTime:0.0000s ]
SQL: SELECT * FROM `tbkl_mall_order_reminder` WHERE ( 1=1 AND mall_order_id='24' )  [ RunTime:0.0000s ]
SQL: SELECT * FROM `tbkl_members` WHERE ( 1=1 AND id='1' ) LIMIT 1   [ RunTime:0.0000s ]
NOTIC: [8] Undefined index: logistics_id E:\klwl_web\web_hqt\klshop.kailly.com.cn\ThinkPHP\Library\Think\Model\RelationModel.class.php 第 161 行.
SQL: SELECT * FROM `tbkl_logistics` WHERE ( 1=1 AND id='' ) LIMIT 1   [ RunTime:0.0000s ]
SQL: SELECT * FROM `tbkl_mall_order_reminder` WHERE ( 1=1 AND mall_order_id='23' )  [ RunTime:0.0000s ]
SQL: SELECT * FROM `tbkl_members` WHERE ( 1=1 AND id='1' ) LIMIT 1   [ RunTime:0.0000s ]
NOTIC: [8] Undefined index: logistics_id E:\klwl_web\web_hqt\klshop.kailly.com.cn\ThinkPHP\Library\Think\Model\RelationModel.class.php 第 161 行.
SQL: SELECT * FROM `tbkl_logistics` WHERE ( 1=1 AND id='' ) LIMIT 1   [ RunTime:0.0000s ]
SQL: SELECT * FROM `tbkl_mall_order_reminder` WHERE ( 1=1 AND mall_order_id='22' )  [ RunTime:0.0000s ]
SQL: SELECT * FROM `tbkl_members` WHERE ( 1=1 AND id='24' ) LIMIT 1   [ RunTime:0.0000s ]
NOTIC: [8] Undefined index: logistics_id E:\klwl_web\web_hqt\klshop.kailly.com.cn\ThinkPHP\Library\Think\Model\RelationModel.class.php 第 161 行.
SQL: SELECT * FROM `tbkl_logistics` WHERE ( 1=1 AND id='' ) LIMIT 1   [ RunTime:0.0000s ]
SQL: SELECT * FROM `tbkl_mall_order_reminder` WHERE ( 1=1 AND mall_order_id='21' )  [ RunTime:0.0000s ]
SQL: SELECT * FROM `tbkl_members` WHERE ( 1=1 AND id='42' ) LIMIT 1   [ RunTime:0.0000s ]
NOTIC: [8] Undefined index: logistics_id E:\klwl_web\web_hqt\klshop.kailly.com.cn\ThinkPHP\Library\Think\Model\RelationModel.class.php 第 161 行.
SQL: SELECT * FROM `tbkl_logistics` WHERE ( 1=1 AND id='' ) LIMIT 1   [ RunTime:0.0000s ]
SQL: SELECT * FROM `tbkl_mall_order_reminder` WHERE ( 1=1 AND mall_order_id='20' )  [ RunTime:0.0000s ]
SQL: SELECT * FROM `tbkl_members` WHERE ( 1=1 AND id='1' ) LIMIT 1   [ RunTime:0.0000s ]
NOTIC: [8] Undefined index: logistics_id E:\klwl_web\web_hqt\klshop.kailly.com.cn\ThinkPHP\Library\Think\Model\RelationModel.class.php 第 161 行.
SQL: SELECT * FROM `tbkl_logistics` WHERE ( 1=1 AND id='' ) LIMIT 1   [ RunTime:0.0000s ]
SQL: SELECT * FROM `tbkl_mall_order_reminder` WHERE ( 1=1 AND mall_order_id='19' )  [ RunTime:0.0000s ]
SQL: SELECT * FROM `tbkl_members` WHERE ( 1=1 AND id='1' ) LIMIT 1   [ RunTime:0.0000s ]
NOTIC: [8] Undefined index: logistics_id E:\klwl_web\web_hqt\klshop.kailly.com.cn\ThinkPHP\Library\Think\Model\RelationModel.class.php 第 161 行.
SQL: SELECT * FROM `tbkl_logistics` WHERE ( 1=1 AND id='' ) LIMIT 1   [ RunTime:0.0000s ]
SQL: SELECT * FROM `tbkl_mall_order_reminder` WHERE ( 1=1 AND mall_order_id='18' )  [ RunTime:0.0000s ]
SQL: SELECT * FROM `tbkl_members` WHERE ( 1=1 AND id='42' ) LIMIT 1   [ RunTime:0.0000s ]
NOTIC: [8] Undefined index: logistics_id E:\klwl_web\web_hqt\klshop.kailly.com.cn\ThinkPHP\Library\Think\Model\RelationModel.class.php 第 161 行.
SQL: SELECT * FROM `tbkl_logistics` WHERE ( 1=1 AND id='' ) LIMIT 1   [ RunTime:0.0000s ]
SQL: SELECT * FROM `tbkl_mall_order_reminder` WHERE ( 1=1 AND mall_order_id='17' )  [ RunTime:0.0000s ]
SQL: SELECT * FROM `tbkl_members` WHERE ( 1=1 AND id='10' ) LIMIT 1   [ RunTime:0.0000s ]
NOTIC: [8] Undefined index: logistics_id E:\klwl_web\web_hqt\klshop.kailly.com.cn\ThinkPHP\Library\Think\Model\RelationModel.class.php 第 161 行.
SQL: SELECT * FROM `tbkl_logistics` WHERE ( 1=1 AND id='' ) LIMIT 1   [ RunTime:0.0000s ]
SQL: SELECT * FROM `tbkl_mall_order_reminder` WHERE ( 1=1 AND mall_order_id='16' )  [ RunTime:0.0000s ]
SQL: SELECT * FROM `tbkl_members` WHERE ( 1=1 AND id='10' ) LIMIT 1   [ RunTime:0.0000s ]
NOTIC: [8] Undefined index: logistics_id E:\klwl_web\web_hqt\klshop.kailly.com.cn\ThinkPHP\Library\Think\Model\RelationModel.class.php 第 161 行.
SQL: SELECT * FROM `tbkl_logistics` WHERE ( 1=1 AND id='' ) LIMIT 1   [ RunTime:0.0000s ]
SQL: SELECT * FROM `tbkl_mall_order_reminder` WHERE ( 1=1 AND mall_order_id='15' )  [ RunTime:0.0000s ]
SQL: SELECT * FROM `tbkl_mall_order` ORDER BY id desc  [ RunTime:0.0000s ]
SQL: SELECT * FROM `tbkl_members` WHERE ( 1=1 AND id='1' ) LIMIT 1   [ RunTime:0.0000s ]
NOTIC: [8] Undefined index: logistics_id E:\klwl_web\web_hqt\klshop.kailly.com.cn\ThinkPHP\Library\Think\Model\RelationModel.class.php 第 161 行.
SQL: SELECT * FROM `tbkl_logistics` WHERE ( 1=1 AND id='' ) LIMIT 1   [ RunTime:0.0000s ]
SQL: SELECT * FROM `tbkl_mall_order_reminder` WHERE ( 1=1 AND mall_order_id='24' )  [ RunTime:0.0000s ]
SQL: SELECT * FROM `tbkl_members` WHERE ( 1=1 AND id='1' ) LIMIT 1   [ RunTime:0.0000s ]
NOTIC: [8] Undefined index: logistics_id E:\klwl_web\web_hqt\klshop.kailly.com.cn\ThinkPHP\Library\Think\Model\RelationModel.class.php 第 161 行.
SQL: SELECT * FROM `tbkl_logistics` WHERE ( 1=1 AND id='' ) LIMIT 1   [ RunTime:0.0000s ]
SQL: SELECT * FROM `tbkl_mall_order_reminder` WHERE ( 1=1 AND mall_order_id='23' )  [ RunTime:0.0000s ]
SQL: SELECT * FROM `tbkl_members` WHERE ( 1=1 AND id='1' ) LIMIT 1   [ RunTime:0.0000s ]
NOTIC: [8] Undefined index: logistics_id E:\klwl_web\web_hqt\klshop.kailly.com.cn\ThinkPHP\Library\Think\Model\RelationModel.class.php 第 161 行.
SQL: SELECT * FROM `tbkl_logistics` WHERE ( 1=1 AND id='' ) LIMIT 1   [ RunTime:0.0000s ]
SQL: SELECT * FROM `tbkl_mall_order_reminder` WHERE ( 1=1 AND mall_order_id='22' )  [ RunTime:0.0000s ]
SQL: SELECT * FROM `tbkl_members` WHERE ( 1=1 AND id='24' ) LIMIT 1   [ RunTime:0.0000s ]
NOTIC: [8] Undefined index: logistics_id E:\klwl_web\web_hqt\klshop.kailly.com.cn\ThinkPHP\Library\Think\Model\RelationModel.class.php 第 161 行.
SQL: SELECT * FROM `tbkl_logistics` WHERE ( 1=1 AND id='' ) LIMIT 1   [ RunTime:0.0000s ]
SQL: SELECT * FROM `tbkl_mall_order_reminder` WHERE ( 1=1 AND mall_order_id='21' )  [ RunTime:0.0000s ]
SQL: SELECT * FROM `tbkl_members` WHERE ( 1=1 AND id='42' ) LIMIT 1   [ RunTime:0.0000s ]
NOTIC: [8] Undefined index: logistics_id E:\klwl_web\web_hqt\klshop.kailly.com.cn\ThinkPHP\Library\Think\Model\RelationModel.class.php 第 161 行.
SQL: SELECT * FROM `tbkl_logistics` WHERE ( 1=1 AND id='' ) LIMIT 1   [ RunTime:0.0000s ]
SQL: SELECT * FROM `tbkl_mall_order_reminder` WHERE ( 1=1 AND mall_order_id='20' )  [ RunTime:0.0000s ]
SQL: SELECT * FROM `tbkl_members` WHERE ( 1=1 AND id='1' ) LIMIT 1   [ RunTime:0.0000s ]
NOTIC: [8] Undefined index: logistics_id E:\klwl_web\web_hqt\klshop.kailly.com.cn\ThinkPHP\Library\Think\Model\RelationModel.class.php 第 161 行.
SQL: SELECT * FROM `tbkl_logistics` WHERE ( 1=1 AND id='' ) LIMIT 1   [ RunTime:0.0000s ]
SQL: SELECT * FROM `tbkl_mall_order_reminder` WHERE ( 1=1 AND mall_order_id='19' )  [ RunTime:0.0000s ]
SQL: SELECT * FROM `tbkl_members` WHERE ( 1=1 AND id='1' ) LIMIT 1   [ RunTime:0.0000s ]
NOTIC: [8] Undefined index: logistics_id E:\klwl_web\web_hqt\klshop.kailly.com.cn\ThinkPHP\Library\Think\Model\RelationModel.class.php 第 161 行.
SQL: SELECT * FROM `tbkl_logistics` WHERE ( 1=1 AND id='' ) LIMIT 1   [ RunTime:0.0000s ]
SQL: SELECT * FROM `tbkl_mall_order_reminder` WHERE ( 1=1 AND mall_order_id='18' )  [ RunTime:0.0000s ]
SQL: SELECT * FROM `tbkl_members` WHERE ( 1=1 AND id='42' ) LIMIT 1   [ RunTime:0.0000s ]
NOTIC: [8] Undefined index: logistics_id E:\klwl_web\web_hqt\klshop.kailly.com.cn\ThinkPHP\Library\Think\Model\RelationModel.class.php 第 161 行.
SQL: SELECT * FROM `tbkl_logistics` WHERE ( 1=1 AND id='' ) LIMIT 1   [ RunTime:0.0000s ]
SQL: SELECT * FROM `tbkl_mall_order_reminder` WHERE ( 1=1 AND mall_order_id='17' )  [ RunTime:0.0000s ]
SQL: SELECT * FROM `tbkl_members` WHERE ( 1=1 AND id='10' ) LIMIT 1   [ RunTime:0.0000s ]
NOTIC: [8] Undefined index: logistics_id E:\klwl_web\web_hqt\klshop.kailly.com.cn\ThinkPHP\Library\Think\Model\RelationModel.class.php 第 161 行.
SQL: SELECT * FROM `tbkl_logistics` WHERE ( 1=1 AND id='' ) LIMIT 1   [ RunTime:0.0000s ]
SQL: SELECT * FROM `tbkl_mall_order_reminder` WHERE ( 1=1 AND mall_order_id='16' )  [ RunTime:0.0000s ]
SQL: SELECT * FROM `tbkl_members` WHERE ( 1=1 AND id='10' ) LIMIT 1   [ RunTime:0.0000s ]
NOTIC: [8] Undefined index: logistics_id E:\klwl_web\web_hqt\klshop.kailly.com.cn\ThinkPHP\Library\Think\Model\RelationModel.class.php 第 161 行.
SQL: SELECT * FROM `tbkl_logistics` WHERE ( 1=1 AND id='' ) LIMIT 1   [ RunTime:0.0000s ]
SQL: SELECT * FROM `tbkl_mall_order_reminder` WHERE ( 1=1 AND mall_order_id='15' )  [ RunTime:0.0000s ]
SQL: SELECT * FROM `tbkl_members` WHERE ( 1=1 AND id='10' ) LIMIT 1   [ RunTime:0.0000s ]
NOTIC: [8] Undefined index: logistics_id E:\klwl_web\web_hqt\klshop.kailly.com.cn\ThinkPHP\Library\Think\Model\RelationModel.class.php 第 161 行.
SQL: SELECT * FROM `tbkl_logistics` WHERE ( 1=1 AND id='' ) LIMIT 1   [ RunTime:0.0000s ]
SQL: SELECT * FROM `tbkl_mall_order_reminder` WHERE ( 1=1 AND mall_order_id='14' )  [ RunTime:0.0000s ]
SQL: SELECT * FROM `tbkl_members` WHERE ( 1=1 AND id='1' ) LIMIT 1   [ RunTime:0.0000s ]
NOTIC: [8] Undefined index: logistics_id E:\klwl_web\web_hqt\klshop.kailly.com.cn\ThinkPHP\Library\Think\Model\RelationModel.class.php 第 161 行.
SQL: SELECT * FROM `tbkl_logistics` WHERE ( 1=1 AND id='' ) LIMIT 1   [ RunTime:0.0000s ]
SQL: SELECT * FROM `tbkl_mall_order_reminder` WHERE ( 1=1 AND mall_order_id='13' )  [ RunTime:0.0000s ]
SQL: SELECT * FROM `tbkl_members` WHERE ( 1=1 AND id='1' ) LIMIT 1   [ RunTime:0.0000s ]
NOTIC: [8] Undefined index: logistics_id E:\klwl_web\web_hqt\klshop.kailly.com.cn\ThinkPHP\Library\Think\Model\RelationModel.class.php 第 161 行.
SQL: SELECT * FROM `tbkl_logistics` WHERE ( 1=1 AND id='' ) LIMIT 1   [ RunTime:0.0000s ]
SQL: SELECT * FROM `tbkl_mall_order_reminder` WHERE ( 1=1 AND mall_order_id='11' )  [ RunTime:0.0000s ]
INFO: [ view_parse ] --START--
INFO: [ template_filter ] --START--
INFO: Run Behavior\ContentReplaceBehavior [ RunTime:0.000000s ]
INFO: [ template_filter ] --END-- [ RunTime:0.000000s ]
NOTIC: [8] Undefined index: is_valid E:\klwl_web\web_hqt\klshop.kailly.com.cn\App\Runtime\Cache\Admin\1e053529729fa55f167775763bff517f.php 第 20 行.
NOTIC: [8] Undefined index: type E:\klwl_web\web_hqt\klshop.kailly.com.cn\App\Runtime\Cache\Admin\1e053529729fa55f167775763bff517f.php 第 25 行.
NOTIC: [8] Undefined index: type E:\klwl_web\web_hqt\klshop.kailly.com.cn\App\Runtime\Cache\Admin\1e053529729fa55f167775763bff517f.php 第 26 行.
NOTIC: [8] Undefined index: key E:\klwl_web\web_hqt\klshop.kailly.com.cn\App\Runtime\Cache\Admin\1e053529729fa55f167775763bff517f.php 第 38 行.
NOTIC: [8] Undefined index: members_id E:\klwl_web\web_hqt\klshop.kailly.com.cn\App\Runtime\Cache\Admin\1e053529729fa55f167775763bff517f.php 第 41 行.
INFO: Run Behavior\ParseTemplateBehavior [ RunTime:0.015625s ]
INFO: [ view_parse ] --END-- [ RunTime:0.015625s ]
INFO: [ view_filter ] --START--
INFO: Run Behavior\WriteHtmlCacheBehavior [ RunTime:0.000000s ]
INFO: [ view_filter ] --END-- [ RunTime:0.000000s ]
INFO: [ app_end ] --START--
INFO: Run Behavior\ShowPageTraceBehavior [ RunTime:0.000000s ]
INFO: [ app_end ] --END-- [ RunTime:0.000000s ]

[ 2019-01-16T17:19:42+08:00 ] 61.140.237.232 /Admin/Mall/orderDown/status/0.html
INFO: [ app_init ] --START--
INFO: Run Behavior\BuildLiteBehavior [ RunTime:0.000000s ]
INFO: [ app_init ] --END-- [ RunTime:0.000000s ]
INFO: [ app_begin ] --START--
INFO: Run Behavior\ReadHtmlCacheBehavior [ RunTime:0.000000s ]
INFO: [ app_begin ] --END-- [ RunTime:0.000000s ]
SQL: SHOW COLUMNS FROM `tbkl_base` [ RunTime:0.0000s ]
SQL: SELECT `nopay_valid_time` FROM `tbkl_base` WHERE `id` = 1 LIMIT 1   [ RunTime:0.0000s ]
SQL: SHOW COLUMNS FROM `tbkl_mall_order` [ RunTime:0.0000s ]
SQL: SELECT * FROM `tbkl_mall_order` WHERE `status` = 0  [ RunTime:0.0000s ]
SQL: SHOW COLUMNS FROM `tbkl_group_order` [ RunTime:0.0000s ]
SQL: SELECT * FROM `tbkl_group_order` WHERE ( status=0 or status=1 )  [ RunTime:0.0000s ]
SQL: SHOW COLUMNS FROM `tbkl_members` [ RunTime:0.0000s ]
SQL: SELECT * FROM `tbkl_base` WHERE `id` = 1 LIMIT 1   [ RunTime:0.0000s ]
NOTIC: [2] Missing argument 5 for Admin\Controller\CommonController::selectdata(), called in E:\klwl_web\web_hqt\klshop.kailly.com.cn\App\Admin\Controller\MallController.class.php on line 570 and defined E:\klwl_web\web_hqt\klshop.kailly.com.cn\App\Admin\Controller\CommonController.class.php 第 131 行.
SQL: SHOW COLUMNS FROM `tbkl_mall_order_list` [ RunTime:0.0000s ]
NOTIC: [8] Undefined variable: limit E:\klwl_web\web_hqt\klshop.kailly.com.cn\App\Admin\Controller\CommonController.class.php 第 132 行.
SQL: SELECT * FROM `tbkl_mall_order_list` WHERE `ordercode` = '2019011211492112322170' ORDER BY id DESC  [ RunTime:0.0156s ]
NOTIC: [8] Undefined index: send_point E:\klwl_web\web_hqt\klshop.kailly.com.cn\App\Admin\Controller\MallController.class.php 第 586 行.
NOTIC: [2] Missing argument 5 for Admin\Controller\CommonController::selectdata(), called in E:\klwl_web\web_hqt\klshop.kailly.com.cn\App\Admin\Controller\MallController.class.php on line 570 and defined E:\klwl_web\web_hqt\klshop.kailly.com.cn\App\Admin\Controller\CommonController.class.php 第 131 行.
NOTIC: [8] Undefined variable: limit E:\klwl_web\web_hqt\klshop.kailly.com.cn\App\Admin\Controller\CommonController.class.php 第 132 行.
SQL: SELECT * FROM `tbkl_mall_order_list` WHERE `ordercode` = '2019011211294932103898' ORDER BY id DESC  [ RunTime:0.0000s ]
NOTIC: [8] Undefined index: send_point E:\klwl_web\web_hqt\klshop.kailly.com.cn\App\Admin\Controller\MallController.class.php 第 586 行.
NOTIC: [2] Missing argument 5 for Admin\Controller\CommonController::selectdata(), called in E:\klwl_web\web_hqt\klshop.kailly.com.cn\App\Admin\Controller\MallController.class.php on line 570 and defined E:\klwl_web\web_hqt\klshop.kailly.com.cn\App\Admin\Controller\CommonController.class.php 第 131 行.
NOTIC: [8] Undefined variable: limit E:\klwl_web\web_hqt\klshop.kailly.com.cn\App\Admin\Controller\CommonController.class.php 第 132 行.
SQL: SELECT * FROM `tbkl_mall_order_list` WHERE `ordercode` = '2019011211202987748401' ORDER BY id DESC  [ RunTime:0.0000s ]
NOTIC: [8] Undefined index: send_point E:\klwl_web\web_hqt\klshop.kailly.com.cn\App\Admin\Controller\MallController.class.php 第 586 行.
NOTIC: [2] Missing argument 5 for Admin\Controller\CommonController::selectdata(), called in E:\klwl_web\web_hqt\klshop.kailly.com.cn\App\Admin\Controller\MallController.class.php on line 570 and defined E:\klwl_web\web_hqt\klshop.kailly.com.cn\App\Admin\Controller\CommonController.class.php 第 131 行.
NOTIC: [8] Undefined variable: limit E:\klwl_web\web_hqt\klshop.kailly.com.cn\App\Admin\Controller\CommonController.class.php 第 132 行.
SQL: SELECT * FROM `tbkl_mall_order_list` WHERE `ordercode` = '2019011015494740281171' ORDER BY id DESC  [ RunTime:0.0000s ]
NOTIC: [8] Undefined index: send_point E:\klwl_web\web_hqt\klshop.kailly.com.cn\App\Admin\Controller\MallController.class.php 第 586 行.
NOTIC: [2] Missing argument 5 for Admin\Controller\CommonController::selectdata(), called in E:\klwl_web\web_hqt\klshop.kailly.com.cn\App\Admin\Controller\MallController.class.php on line 570 and defined E:\klwl_web\web_hqt\klshop.kailly.com.cn\App\Admin\Controller\CommonController.class.php 第 131 行.
NOTIC: [8] Undefined variable: limit E:\klwl_web\web_hqt\klshop.kailly.com.cn\App\Admin\Controller\CommonController.class.php 第 132 行.
SQL: SELECT * FROM `tbkl_mall_order_list` WHERE `ordercode` = '2019010917491082149924' ORDER BY id DESC  [ RunTime:0.0000s ]
NOTIC: [8] Undefined index: send_point E:\klwl_web\web_hqt\klshop.kailly.com.cn\App\Admin\Controller\MallController.class.php 第 586 行.
NOTIC: [2] Missing argument 5 for Admin\Controller\CommonController::selectdata(), called in E:\klwl_web\web_hqt\klshop.kailly.com.cn\App\Admin\Controller\MallController.class.php on line 570 and defined E:\klwl_web\web_hqt\klshop.kailly.com.cn\App\Admin\Controller\CommonController.class.php 第 131 行.
NOTIC: [8] Undefined variable: limit E:\klwl_web\web_hqt\klshop.kailly.com.cn\App\Admin\Controller\CommonController.class.php 第 132 行.
SQL: SELECT * FROM `tbkl_mall_order_list` WHERE `ordercode` = '2019010912411824131237' ORDER BY id DESC  [ RunTime:0.0000s ]
NOTIC: [8] Undefined index: send_point E:\klwl_web\web_hqt\klshop.kailly.com.cn\App\Admin\Controller\MallController.class.php 第 586 行.
NOTIC: [2] Missing argument 5 for Admin\Controller\CommonController::selectdata(), called in E:\klwl_web\web_hqt\klshop.kailly.com.cn\App\Admin\Controller\MallController.class.php on line 570 and defined E:\klwl_web\web_hqt\klshop.kailly.com.cn\App\Admin\Controller\CommonController.class.php 第 131 行.
NOTIC: [8] Undefined variable: limit E:\klwl_web\web_hqt\klshop.kailly.com.cn\App\Admin\Controller\CommonController.class.php 第 132 行.
SQL: SELECT * FROM `tbkl_mall_order_list` WHERE `ordercode` = '2019010815495330583381' ORDER BY id DESC  [ RunTime:0.0000s ]
NOTIC: [8] Undefined index: send_point E:\klwl_web\web_hqt\klshop.kailly.com.cn\App\Admin\Controller\MallController.class.php 第 586 行.
NOTIC: [2] Missing argument 5 for Admin\Controller\CommonController::selectdata(), called in E:\klwl_web\web_hqt\klshop.kailly.com.cn\App\Admin\Controller\MallController.class.php on line 570 and defined E:\klwl_web\web_hqt\klshop.kailly.com.cn\App\Admin\Controller\CommonController.class.php 第 131 行.
NOTIC: [8] Undefined variable: limit E:\klwl_web\web_hqt\klshop.kailly.com.cn\App\Admin\Controller\CommonController.class.php 第 132 行.
SQL: SELECT * FROM `tbkl_mall_order_list` WHERE `ordercode` = '2019010716471690871001' ORDER BY id DESC  [ RunTime:0.0000s ]
NOTIC: [8] Undefined index: send_point E:\klwl_web\web_hqt\klshop.kailly.com.cn\App\Admin\Controller\MallController.class.php 第 586 行.
NOTIC: [2] Missing argument 5 for Admin\Controller\CommonController::selectdata(), called in E:\klwl_web\web_hqt\klshop.kailly.com.cn\App\Admin\Controller\MallController.class.php on line 570 and defined E:\klwl_web\web_hqt\klshop.kailly.com.cn\App\Admin\Controller\CommonController.class.php 第 131 行.
NOTIC: [8] Undefined variable: limit E:\klwl_web\web_hqt\klshop.kailly.com.cn\App\Admin\Controller\CommonController.class.php 第 132 行.
SQL: SELECT * FROM `tbkl_mall_order_list` WHERE `ordercode` = '2019010714573938601369' ORDER BY id DESC  [ RunTime:0.0000s ]
NOTIC: [8] Undefined index: send_point E:\klwl_web\web_hqt\klshop.kailly.com.cn\App\Admin\Controller\MallController.class.php 第 586 行.
NOTIC: [2] Missing argument 5 for Admin\Controller\CommonController::selectdata(), called in E:\klwl_web\web_hqt\klshop.kailly.com.cn\App\Admin\Controller\MallController.class.php on line 570 and defined E:\klwl_web\web_hqt\klshop.kailly.com.cn\App\Admin\Controller\CommonController.class.php 第 131 行.
NOTIC: [8] Undefined variable: limit E:\klwl_web\web_hqt\klshop.kailly.com.cn\App\Admin\Controller\CommonController.class.php 第 132 行.
SQL: SELECT * FROM `tbkl_mall_order_list` WHERE `ordercode` = '2019010714500199848944' ORDER BY id DESC  [ RunTime:0.0000s ]
NOTIC: [8] Undefined index: send_point E:\klwl_web\web_hqt\klshop.kailly.com.cn\App\Admin\Controller\MallController.class.php 第 586 行.
NOTIC: [2] Missing argument 5 for Admin\Controller\CommonController::selectdata(), called in E:\klwl_web\web_hqt\klshop.kailly.com.cn\App\Admin\Controller\MallController.class.php on line 570 and defined E:\klwl_web\web_hqt\klshop.kailly.com.cn\App\Admin\Controller\CommonController.class.php 第 131 行.
NOTIC: [8] Undefined variable: limit E:\klwl_web\web_hqt\klshop.kailly.com.cn\App\Admin\Controller\CommonController.class.php 第 132 行.
SQL: SELECT * FROM `tbkl_mall_order_list` WHERE `ordercode` = '2019010516213423853066' ORDER BY id DESC  [ RunTime:0.0000s ]
NOTIC: [8] Undefined index: send_point E:\klwl_web\web_hqt\klshop.kailly.com.cn\App\Admin\Controller\MallController.class.php 第 586 行.
NOTIC: [2] Missing argument 5 for Admin\Controller\CommonController::selectdata(), called in E:\klwl_web\web_hqt\klshop.kailly.com.cn\App\Admin\Controller\MallController.class.php on line 570 and defined E:\klwl_web\web_hqt\klshop.kailly.com.cn\App\Admin\Controller\CommonController.class.php 第 131 行.
NOTIC: [8] Undefined variable: limit E:\klwl_web\web_hqt\klshop.kailly.com.cn\App\Admin\Controller\CommonController.class.php 第 132 行.
SQL: SELECT * FROM `tbkl_mall_order_list` WHERE `ordercode` = '2019010511125528467337' ORDER BY id DESC  [ RunTime:0.0000s ]
NOTIC: [8] Undefined index: send_point E:\klwl_web\web_hqt\klshop.kailly.com.cn\App\Admin\Controller\MallController.class.php 第 586 行.
NOTIC: [2] Missing argument 5 for Admin\Controller\CommonController::selectdata(), called in E:\klwl_web\web_hqt\klshop.kailly.com.cn\App\Admin\Controller\MallController.class.php on line 570 and defined E:\klwl_web\web_hqt\klshop.kailly.com.cn\App\Admin\Controller\CommonController.class.php 第 131 行.
NOTIC: [8] Undefined variable: limit E:\klwl_web\web_hqt\klshop.kailly.com.cn\App\Admin\Controller\CommonController.class.php 第 132 行.
SQL: SELECT * FROM `tbkl_mall_order_list` WHERE `ordercode` = '2018122210035560315711' ORDER BY id DESC  [ RunTime:0.0000s ]
NOTIC: [8] Undefined index: send_point E:\klwl_web\web_hqt\klshop.kailly.com.cn\App\Admin\Controller\MallController.class.php 第 586 行.
INFO: [ app_end ] --START--
INFO: Run Behavior\ShowPageTraceBehavior [ RunTime:0.000000s ]
INFO: [ app_end ] --END-- [ RunTime:0.000000s ]

[ 2019-01-16T17:19:46+08:00 ] 61.140.237.232 /Admin/Mall/orderDown/status/0.html
INFO: [ app_init ] --START--
INFO: Run Behavior\BuildLiteBehavior [ RunTime:0.000000s ]
INFO: [ app_init ] --END-- [ RunTime:0.000000s ]
INFO: [ app_begin ] --START--
INFO: Run Behavior\ReadHtmlCacheBehavior [ RunTime:0.000000s ]
INFO: [ app_begin ] --END-- [ RunTime:0.000000s ]
SQL: SHOW COLUMNS FROM `tbkl_base` [ RunTime:0.0000s ]
SQL: SELECT `nopay_valid_time` FROM `tbkl_base` WHERE `id` = 1 LIMIT 1   [ RunTime:0.0000s ]
SQL: SHOW COLUMNS FROM `tbkl_mall_order` [ RunTime:0.0000s ]
SQL: SELECT * FROM `tbkl_mall_order` WHERE `status` = 0  [ RunTime:0.0000s ]
SQL: SHOW COLUMNS FROM `tbkl_group_order` [ RunTime:0.0000s ]
SQL: SELECT * FROM `tbkl_group_order` WHERE ( status=0 or status=1 )  [ RunTime:0.0000s ]
SQL: SHOW COLUMNS FROM `tbkl_members` [ RunTime:0.0000s ]
SQL: SELECT * FROM `tbkl_base` WHERE `id` = 1 LIMIT 1   [ RunTime:0.0000s ]
NOTIC: [2] Missing argument 5 for Admin\Controller\CommonController::selectdata(), called in E:\klwl_web\web_hqt\klshop.kailly.com.cn\App\Admin\Controller\MallController.class.php on line 570 and defined E:\klwl_web\web_hqt\klshop.kailly.com.cn\App\Admin\Controller\CommonController.class.php 第 131 行.
SQL: SHOW COLUMNS FROM `tbkl_mall_order_list` [ RunTime:0.0000s ]
NOTIC: [8] Undefined variable: limit E:\klwl_web\web_hqt\klshop.kailly.com.cn\App\Admin\Controller\CommonController.class.php 第 132 行.
SQL: SELECT * FROM `tbkl_mall_order_list` WHERE `ordercode` = '2019011211492112322170' ORDER BY id DESC  [ RunTime:0.0000s ]
NOTIC: [8] Undefined index: send_point E:\klwl_web\web_hqt\klshop.kailly.com.cn\App\Admin\Controller\MallController.class.php 第 586 行.
NOTIC: [2] Missing argument 5 for Admin\Controller\CommonController::selectdata(), called in E:\klwl_web\web_hqt\klshop.kailly.com.cn\App\Admin\Controller\MallController.class.php on line 570 and defined E:\klwl_web\web_hqt\klshop.kailly.com.cn\App\Admin\Controller\CommonController.class.php 第 131 行.
NOTIC: [8] Undefined variable: limit E:\klwl_web\web_hqt\klshop.kailly.com.cn\App\Admin\Controller\CommonController.class.php 第 132 行.
SQL: SELECT * FROM `tbkl_mall_order_list` WHERE `ordercode` = '2019011211294932103898' ORDER BY id DESC  [ RunTime:0.0000s ]
NOTIC: [8] Undefined index: send_point E:\klwl_web\web_hqt\klshop.kailly.com.cn\App\Admin\Controller\MallController.class.php 第 586 行.
NOTIC: [2] Missing argument 5 for Admin\Controller\CommonController::selectdata(), called in E:\klwl_web\web_hqt\klshop.kailly.com.cn\App\Admin\Controller\MallController.class.php on line 570 and defined E:\klwl_web\web_hqt\klshop.kailly.com.cn\App\Admin\Controller\CommonController.class.php 第 131 行.
NOTIC: [8] Undefined variable: limit E:\klwl_web\web_hqt\klshop.kailly.com.cn\App\Admin\Controller\CommonController.class.php 第 132 行.
SQL: SELECT * FROM `tbkl_mall_order_list` WHERE `ordercode` = '2019011211202987748401' ORDER BY id DESC  [ RunTime:0.0000s ]
NOTIC: [8] Undefined index: send_point E:\klwl_web\web_hqt\klshop.kailly.com.cn\App\Admin\Controller\MallController.class.php 第 586 行.
NOTIC: [2] Missing argument 5 for Admin\Controller\CommonController::selectdata(), called in E:\klwl_web\web_hqt\klshop.kailly.com.cn\App\Admin\Controller\MallController.class.php on line 570 and defined E:\klwl_web\web_hqt\klshop.kailly.com.cn\App\Admin\Controller\CommonController.class.php 第 131 行.
NOTIC: [8] Undefined variable: limit E:\klwl_web\web_hqt\klshop.kailly.com.cn\App\Admin\Controller\CommonController.class.php 第 132 行.
SQL: SELECT * FROM `tbkl_mall_order_list` WHERE `ordercode` = '2019011015494740281171' ORDER BY id DESC  [ RunTime:0.0000s ]
NOTIC: [8] Undefined index: send_point E:\klwl_web\web_hqt\klshop.kailly.com.cn\App\Admin\Controller\MallController.class.php 第 586 行.
NOTIC: [2] Missing argument 5 for Admin\Controller\CommonController::selectdata(), called in E:\klwl_web\web_hqt\klshop.kailly.com.cn\App\Admin\Controller\MallController.class.php on line 570 and defined E:\klwl_web\web_hqt\klshop.kailly.com.cn\App\Admin\Controller\CommonController.class.php 第 131 行.
NOTIC: [8] Undefined variable: limit E:\klwl_web\web_hqt\klshop.kailly.com.cn\App\Admin\Controller\CommonController.class.php 第 132 行.
SQL: SELECT * FROM `tbkl_mall_order_list` WHERE `ordercode` = '2019010917491082149924' ORDER BY id DESC  [ RunTime:0.0000s ]
NOTIC: [8] Undefined index: send_point E:\klwl_web\web_hqt\klshop.kailly.com.cn\App\Admin\Controller\MallController.class.php 第 586 行.
NOTIC: [2] Missing argument 5 for Admin\Controller\CommonController::selectdata(), called in E:\klwl_web\web_hqt\klshop.kailly.com.cn\App\Admin\Controller\MallController.class.php on line 570 and defined E:\klwl_web\web_hqt\klshop.kailly.com.cn\App\Admin\Controller\CommonController.class.php 第 131 行.
NOTIC: [8] Undefined variable: limit E:\klwl_web\web_hqt\klshop.kailly.com.cn\App\Admin\Controller\CommonController.class.php 第 132 行.
SQL: SELECT * FROM `tbkl_mall_order_list` WHERE `ordercode` = '2019010912411824131237' ORDER BY id DESC  [ RunTime:0.0000s ]
NOTIC: [8] Undefined index: send_point E:\klwl_web\web_hqt\klshop.kailly.com.cn\App\Admin\Controller\MallController.class.php 第 586 行.
NOTIC: [2] Missing argument 5 for Admin\Controller\CommonController::selectdata(), called in E:\klwl_web\web_hqt\klshop.kailly.com.cn\App\Admin\Controller\MallController.class.php on line 570 and defined E:\klwl_web\web_hqt\klshop.kailly.com.cn\App\Admin\Controller\CommonController.class.php 第 131 行.
NOTIC: [8] Undefined variable: limit E:\klwl_web\web_hqt\klshop.kailly.com.cn\App\Admin\Controller\CommonController.class.php 第 132 行.
SQL: SELECT * FROM `tbkl_mall_order_list` WHERE `ordercode` = '2019010815495330583381' ORDER BY id DESC  [ RunTime:0.0000s ]
NOTIC: [8] Undefined index: send_point E:\klwl_web\web_hqt\klshop.kailly.com.cn\App\Admin\Controller\MallController.class.php 第 586 行.
NOTIC: [2] Missing argument 5 for Admin\Controller\CommonController::selectdata(), called in E:\klwl_web\web_hqt\klshop.kailly.com.cn\App\Admin\Controller\MallController.class.php on line 570 and defined E:\klwl_web\web_hqt\klshop.kailly.com.cn\App\Admin\Controller\CommonController.class.php 第 131 行.
NOTIC: [8] Undefined variable: limit E:\klwl_web\web_hqt\klshop.kailly.com.cn\App\Admin\Controller\CommonController.class.php 第 132 行.
SQL: SELECT * FROM `tbkl_mall_order_list` WHERE `ordercode` = '2019010716471690871001' ORDER BY id DESC  [ RunTime:0.0000s ]
NOTIC: [8] Undefined index: send_point E:\klwl_web\web_hqt\klshop.kailly.com.cn\App\Admin\Controller\MallController.class.php 第 586 行.
NOTIC: [2] Missing argument 5 for Admin\Controller\CommonController::selectdata(), called in E:\klwl_web\web_hqt\klshop.kailly.com.cn\App\Admin\Controller\MallController.class.php on line 570 and defined E:\klwl_web\web_hqt\klshop.kailly.com.cn\App\Admin\Controller\CommonController.class.php 第 131 行.
NOTIC: [8] Undefined variable: limit E:\klwl_web\web_hqt\klshop.kailly.com.cn\App\Admin\Controller\CommonController.class.php 第 132 行.
SQL: SELECT * FROM `tbkl_mall_order_list` WHERE `ordercode` = '2019010714573938601369' ORDER BY id DESC  [ RunTime:0.0000s ]
NOTIC: [8] Undefined index: send_point E:\klwl_web\web_hqt\klshop.kailly.com.cn\App\Admin\Controller\MallController.class.php 第 586 行.
NOTIC: [2] Missing argument 5 for Admin\Controller\CommonController::selectdata(), called in E:\klwl_web\web_hqt\klshop.kailly.com.cn\App\Admin\Controller\MallController.class.php on line 570 and defined E:\klwl_web\web_hqt\klshop.kailly.com.cn\App\Admin\Controller\CommonController.class.php 第 131 行.
NOTIC: [8] Undefined variable: limit E:\klwl_web\web_hqt\klshop.kailly.com.cn\App\Admin\Controller\CommonController.class.php 第 132 行.
SQL: SELECT * FROM `tbkl_mall_order_list` WHERE `ordercode` = '2019010714500199848944' ORDER BY id DESC  [ RunTime:0.0000s ]
NOTIC: [8] Undefined index: send_point E:\klwl_web\web_hqt\klshop.kailly.com.cn\App\Admin\Controller\MallController.class.php 第 586 行.
NOTIC: [2] Missing argument 5 for Admin\Controller\CommonController::selectdata(), called in E:\klwl_web\web_hqt\klshop.kailly.com.cn\App\Admin\Controller\MallController.class.php on line 570 and defined E:\klwl_web\web_hqt\klshop.kailly.com.cn\App\Admin\Controller\CommonController.class.php 第 131 行.
NOTIC: [8] Undefined variable: limit E:\klwl_web\web_hqt\klshop.kailly.com.cn\App\Admin\Controller\CommonController.class.php 第 132 行.
SQL: SELECT * FROM `tbkl_mall_order_list` WHERE `ordercode` = '2019010516213423853066' ORDER BY id DESC  [ RunTime:0.0000s ]
NOTIC: [8] Undefined index: send_point E:\klwl_web\web_hqt\klshop.kailly.com.cn\App\Admin\Controller\MallController.class.php 第 586 行.
NOTIC: [2] Missing argument 5 for Admin\Controller\CommonController::selectdata(), called in E:\klwl_web\web_hqt\klshop.kailly.com.cn\App\Admin\Controller\MallController.class.php on line 570 and defined E:\klwl_web\web_hqt\klshop.kailly.com.cn\App\Admin\Controller\CommonController.class.php 第 131 行.
NOTIC: [8] Undefined variable: limit E:\klwl_web\web_hqt\klshop.kailly.com.cn\App\Admin\Controller\CommonController.class.php 第 132 行.
SQL: SELECT * FROM `tbkl_mall_order_list` WHERE `ordercode` = '2019010511125528467337' ORDER BY id DESC  [ RunTime:0.0000s ]
NOTIC: [8] Undefined index: send_point E:\klwl_web\web_hqt\klshop.kailly.com.cn\App\Admin\Controller\MallController.class.php 第 586 行.
NOTIC: [2] Missing argument 5 for Admin\Controller\CommonController::selectdata(), called in E:\klwl_web\web_hqt\klshop.kailly.com.cn\App\Admin\Controller\MallController.class.php on line 570 and defined E:\klwl_web\web_hqt\klshop.kailly.com.cn\App\Admin\Controller\CommonController.class.php 第 131 行.
NOTIC: [8] Undefined variable: limit E:\klwl_web\web_hqt\klshop.kailly.com.cn\App\Admin\Controller\CommonController.class.php 第 132 行.
SQL: SELECT * FROM `tbkl_mall_order_list` WHERE `ordercode` = '2018122210035560315711' ORDER BY id DESC  [ RunTime:0.0000s ]
NOTIC: [8] Undefined index: send_point E:\klwl_web\web_hqt\klshop.kailly.com.cn\App\Admin\Controller\MallController.class.php 第 586 行.
INFO: [ app_end ] --START--
INFO: Run Behavior\ShowPageTraceBehavior [ RunTime:0.000000s ]
INFO: [ app_end ] --END-- [ RunTime:0.000000s ]

[ 2019-01-16T19:51:12+08:00 ] 61.140.237.232 /Admin/Index
INFO: [ app_init ] --START--
INFO: Run Behavior\BuildLiteBehavior [ RunTime:0.000000s ]
INFO: [ app_init ] --END-- [ RunTime:0.000000s ]
INFO: [ app_begin ] --START--
INFO: Run Behavior\ReadHtmlCacheBehavior [ RunTime:0.000000s ]
INFO: [ app_begin ] --END-- [ RunTime:0.000000s ]
SQL: SHOW COLUMNS FROM `tbkl_base` [ RunTime:0.0000s ]
SQL: SELECT `nopay_valid_time` FROM `tbkl_base` WHERE `id` = 1 LIMIT 1   [ RunTime:0.0000s ]
SQL: SHOW COLUMNS FROM `tbkl_mall_order` [ RunTime:0.0000s ]
SQL: SELECT * FROM `tbkl_mall_order` WHERE `status` = 0  [ RunTime:0.0000s ]
SQL: SHOW COLUMNS FROM `tbkl_group_order` [ RunTime:0.0000s ]
SQL: SELECT * FROM `tbkl_group_order` WHERE ( status=0 or status=1 )  [ RunTime:0.0000s ]
SQL: SHOW COLUMNS FROM `tbkl_members` [ RunTime:0.0000s ]
SQL: SELECT * FROM `tbkl_base` WHERE `id` = 1 LIMIT 1   [ RunTime:0.0000s ]

[ 2019-01-16T19:51:12+08:00 ] 61.140.237.232 /Admin/Login/index.html
INFO: [ app_init ] --START--
INFO: Run Behavior\BuildLiteBehavior [ RunTime:0.000000s ]
INFO: [ app_init ] --END-- [ RunTime:0.000000s ]
INFO: [ app_begin ] --START--
INFO: Run Behavior\ReadHtmlCacheBehavior [ RunTime:0.000000s ]
INFO: [ app_begin ] --END-- [ RunTime:0.000000s ]
INFO: [ view_parse ] --START--
INFO: [ template_filter ] --START--
INFO: Run Behavior\ContentReplaceBehavior [ RunTime:0.000000s ]
INFO: [ template_filter ] --END-- [ RunTime:0.000000s ]
INFO: Run Behavior\ParseTemplateBehavior [ RunTime:0.015625s ]
INFO: [ view_parse ] --END-- [ RunTime:0.015625s ]
INFO: [ view_filter ] --START--
INFO: Run Behavior\WriteHtmlCacheBehavior [ RunTime:0.000000s ]
INFO: [ view_filter ] --END-- [ RunTime:0.000000s ]
INFO: [ app_end ] --START--
INFO: Run Behavior\ShowPageTraceBehavior [ RunTime:0.000000s ]
INFO: [ app_end ] --END-- [ RunTime:0.000000s ]

[ 2019-01-16T19:51:12+08:00 ] 61.140.237.232 /Admin/Login/code.html
INFO: [ app_init ] --START--
INFO: Run Behavior\BuildLiteBehavior [ RunTime:0.000000s ]
INFO: [ app_init ] --END-- [ RunTime:0.000000s ]
INFO: [ app_begin ] --START--
INFO: Run Behavior\ReadHtmlCacheBehavior [ RunTime:0.000000s ]
INFO: [ app_begin ] --END-- [ RunTime:0.000000s ]
NOTIC: [8] A session had already been started - ignoring session_start() E:\klwl_web\web_hqt\klshop.kailly.com.cn\App\Class\Vcode.php 第 181 行.
INFO: [ app_end ] --START--
INFO: Run Behavior\ShowPageTraceBehavior [ RunTime:0.000000s ]
INFO: [ app_end ] --END-- [ RunTime:0.000000s ]

[ 2019-01-16T19:52:02+08:00 ] 61.140.237.232 /Admin/Index
INFO: [ app_init ] --START--
INFO: Run Behavior\BuildLiteBehavior [ RunTime:0.000000s ]
INFO: [ app_init ] --END-- [ RunTime:0.000000s ]
INFO: [ app_begin ] --START--
INFO: Run Behavior\ReadHtmlCacheBehavior [ RunTime:0.000000s ]
INFO: [ app_begin ] --END-- [ RunTime:0.000000s ]
SQL: SHOW COLUMNS FROM `tbkl_base` [ RunTime:0.0000s ]
SQL: SELECT `nopay_valid_time` FROM `tbkl_base` WHERE `id` = 1 LIMIT 1   [ RunTime:0.0000s ]
SQL: SHOW COLUMNS FROM `tbkl_mall_order` [ RunTime:0.0000s ]
SQL: SELECT * FROM `tbkl_mall_order` WHERE `status` = 0  [ RunTime:0.0000s ]
SQL: SHOW COLUMNS FROM `tbkl_group_order` [ RunTime:0.0000s ]
SQL: SELECT * FROM `tbkl_group_order` WHERE ( status=0 or status=1 )  [ RunTime:0.0000s ]
SQL: SHOW COLUMNS FROM `tbkl_members` [ RunTime:0.0000s ]
SQL: SELECT * FROM `tbkl_base` WHERE `id` = 1 LIMIT 1   [ RunTime:0.0000s ]

[ 2019-01-16T19:52:02+08:00 ] 61.140.237.232 /Admin/Login/index.html
INFO: [ app_init ] --START--
INFO: Run Behavior\BuildLiteBehavior [ RunTime:0.000000s ]
INFO: [ app_init ] --END-- [ RunTime:0.000000s ]
INFO: [ app_begin ] --START--
INFO: Run Behavior\ReadHtmlCacheBehavior [ RunTime:0.000000s ]
INFO: [ app_begin ] --END-- [ RunTime:0.000000s ]
INFO: [ view_parse ] --START--
INFO: [ template_filter ] --START--
INFO: Run Behavior\ContentReplaceBehavior [ RunTime:0.000000s ]
INFO: [ template_filter ] --END-- [ RunTime:0.000000s ]
INFO: Run Behavior\ParseTemplateBehavior [ RunTime:0.015625s ]
INFO: [ view_parse ] --END-- [ RunTime:0.015625s ]
INFO: [ view_filter ] --START--
INFO: Run Behavior\WriteHtmlCacheBehavior [ RunTime:0.000000s ]
INFO: [ view_filter ] --END-- [ RunTime:0.000000s ]
INFO: [ app_end ] --START--
INFO: Run Behavior\ShowPageTraceBehavior [ RunTime:0.000000s ]
INFO: [ app_end ] --END-- [ RunTime:0.000000s ]

[ 2019-01-16T19:52:02+08:00 ] 61.140.237.232 /Admin/Login/code.html
INFO: [ app_init ] --START--
INFO: Run Behavior\BuildLiteBehavior [ RunTime:0.000000s ]
INFO: [ app_init ] --END-- [ RunTime:0.000000s ]
INFO: [ app_begin ] --START--
INFO: Run Behavior\ReadHtmlCacheBehavior [ RunTime:0.000000s ]
INFO: [ app_begin ] --END-- [ RunTime:0.000000s ]
NOTIC: [8] A session had already been started - ignoring session_start() E:\klwl_web\web_hqt\klshop.kailly.com.cn\App\Class\Vcode.php 第 181 行.
INFO: [ app_end ] --START--
INFO: Run Behavior\ShowPageTraceBehavior [ RunTime:0.000000s ]
INFO: [ app_end ] --END-- [ RunTime:0.000000s ]

[ 2019-01-16T19:52:16+08:00 ] 61.140.237.232 /Admin/Login/loginHandel
INFO: [ app_init ] --START--
INFO: Run Behavior\BuildLiteBehavior [ RunTime:0.000000s ]
INFO: [ app_init ] --END-- [ RunTime:0.000000s ]
INFO: [ app_begin ] --START--
INFO: Run Behavior\ReadHtmlCacheBehavior [ RunTime:0.000000s ]
INFO: [ app_begin ] --END-- [ RunTime:0.000000s ]
SQL: SHOW COLUMNS FROM `tbkl_admin` [ RunTime:0.0000s ]
SQL: SELECT * FROM `tbkl_admin` WHERE `name` = 'kaili' LIMIT 1   [ RunTime:0.0000s ]
NOTIC: [8] Undefined index: lock E:\klwl_web\web_hqt\klshop.kailly.com.cn\App\Admin\Controller\LoginController.class.php 第 33 行.

[ 2019-01-16T19:52:18+08:00 ] 61.140.237.232 /Admin/Index
INFO: [ app_init ] --START--
INFO: Run Behavior\BuildLiteBehavior [ RunTime:0.000000s ]
INFO: [ app_init ] --END-- [ RunTime:0.000000s ]
INFO: [ app_begin ] --START--
INFO: Run Behavior\ReadHtmlCacheBehavior [ RunTime:0.000000s ]
INFO: [ app_begin ] --END-- [ RunTime:0.000000s ]
SQL: SHOW COLUMNS FROM `tbkl_base` [ RunTime:0.0000s ]
SQL: SELECT `nopay_valid_time` FROM `tbkl_base` WHERE `id` = 1 LIMIT 1   [ RunTime:0.0000s ]
SQL: SHOW COLUMNS FROM `tbkl_mall_order` [ RunTime:0.0000s ]
SQL: SELECT * FROM `tbkl_mall_order` WHERE `status` = 0  [ RunTime:0.0000s ]
SQL: SHOW COLUMNS FROM `tbkl_group_order` [ RunTime:0.0000s ]
SQL: SELECT * FROM `tbkl_group_order` WHERE ( status=0 or status=1 )  [ RunTime:0.0000s ]
SQL: SHOW COLUMNS FROM `tbkl_members` [ RunTime:0.0000s ]
SQL: SELECT * FROM `tbkl_base` WHERE `id` = 1 LIMIT 1   [ RunTime:0.0000s ]
INFO: [ view_parse ] --START--
INFO: [ template_filter ] --START--
INFO: Run Behavior\ContentReplaceBehavior [ RunTime:0.000000s ]
INFO: [ template_filter ] --END-- [ RunTime:0.000000s ]
INFO: Run Behavior\ParseTemplateBehavior [ RunTime:0.015625s ]
INFO: [ view_parse ] --END-- [ RunTime:0.015625s ]
INFO: [ view_filter ] --START--
INFO: Run Behavior\WriteHtmlCacheBehavior [ RunTime:0.000000s ]
INFO: [ view_filter ] --END-- [ RunTime:0.000000s ]
INFO: [ app_end ] --START--
INFO: Run Behavior\ShowPageTraceBehavior [ RunTime:0.000000s ]
INFO: [ app_end ] --END-- [ RunTime:0.000000s ]

[ 2019-01-16T19:52:18+08:00 ] 61.140.237.232 /Admin/Index/welcome.html
INFO: [ app_init ] --START--
INFO: Run Behavior\BuildLiteBehavior [ RunTime:0.000000s ]
INFO: [ app_init ] --END-- [ RunTime:0.000000s ]
INFO: [ app_begin ] --START--
INFO: Run Behavior\ReadHtmlCacheBehavior [ RunTime:0.000000s ]
INFO: [ app_begin ] --END-- [ RunTime:0.000000s ]
SQL: SHOW COLUMNS FROM `tbkl_base` [ RunTime:0.0000s ]
SQL: SELECT `nopay_valid_time` FROM `tbkl_base` WHERE `id` = 1 LIMIT 1   [ RunTime:0.0000s ]
SQL: SHOW COLUMNS FROM `tbkl_mall_order` [ RunTime:0.0000s ]
SQL: SELECT * FROM `tbkl_mall_order` WHERE `status` = 0  [ RunTime:0.0000s ]
SQL: SHOW COLUMNS FROM `tbkl_group_order` [ RunTime:0.0156s ]
SQL: SELECT * FROM `tbkl_group_order` WHERE ( status=0 or status=1 )  [ RunTime:0.0000s ]
SQL: SHOW COLUMNS FROM `tbkl_members` [ RunTime:0.0000s ]
SQL: SELECT * FROM `tbkl_base` WHERE `id` = 1 LIMIT 1   [ RunTime:0.0000s ]
SQL: SELECT COUNT(*) AS tp_count FROM `tbkl_mall_order` WHERE `status` = 0 LIMIT 1   [ RunTime:0.0000s ]
SQL: SELECT COUNT(*) AS tp_count FROM `tbkl_mall_order` WHERE `status` = 1 LIMIT 1   [ RunTime:0.0000s ]
SQL: SELECT COUNT(*) AS tp_count FROM `tbkl_mall_order` WHERE `status` = 2 LIMIT 1   [ RunTime:0.0000s ]
SQL: SELECT COUNT(*) AS tp_count FROM `tbkl_mall_order` WHERE `status` = 3 LIMIT 1   [ RunTime:0.0000s ]
SQL: SELECT COUNT(*) AS tp_count FROM `tbkl_mall_order` WHERE `status` = 4 LIMIT 1   [ RunTime:0.0000s ]
SQL: SELECT COUNT(*) AS tp_count FROM `tbkl_mall_order` WHERE `status` = 5 LIMIT 1   [ RunTime:0.0000s ]
SQL: SELECT COUNT(*) AS tp_count FROM `tbkl_members` LIMIT 1   [ RunTime:0.0000s ]
SQL: select count(*) as num from tbkl_mall_order where status in(1,2,3,4) group by members_id [ RunTime:0.0000s ]
SQL: SELECT * FROM `tbkl_mall_order` WHERE `pay_time` BETWEEN '1547568000' AND '1547725938' AND `status` IN ('1','2','3','4') GROUP BY members_id  [ RunTime:0.0000s ]
SQL: SHOW COLUMNS FROM `tbkl_agent` [ RunTime:0.0000s ]
SQL: SELECT COUNT(*) AS tp_count FROM `tbkl_agent` WHERE `status` = 0 LIMIT 1   [ RunTime:0.0000s ]
SQL: SELECT COUNT(*) AS tp_count FROM `tbkl_agent` WHERE `status` = 1 LIMIT 1   [ RunTime:0.0000s ]
INFO: [ view_parse ] --START--
INFO: [ template_filter ] --START--
INFO: Run Behavior\ContentReplaceBehavior [ RunTime:0.000000s ]
INFO: [ template_filter ] --END-- [ RunTime:0.000000s ]
INFO: Run Behavior\ParseTemplateBehavior [ RunTime:0.015625s ]
INFO: [ view_parse ] --END-- [ RunTime:0.015625s ]
INFO: [ view_filter ] --START--
INFO: Run Behavior\WriteHtmlCacheBehavior [ RunTime:0.000000s ]
INFO: [ view_filter ] --END-- [ RunTime:0.000000s ]
INFO: [ app_end ] --START--
INFO: Run Behavior\ShowPageTraceBehavior [ RunTime:0.000000s ]
INFO: [ app_end ] --END-- [ RunTime:0.000000s ]

[ 2019-01-16T19:52:21+08:00 ] 61.140.237.232 /Admin/Base/index.html
INFO: [ app_init ] --START--
INFO: Run Behavior\BuildLiteBehavior [ RunTime:0.000000s ]
INFO: [ app_init ] --END-- [ RunTime:0.000000s ]
INFO: [ app_begin ] --START--
INFO: Run Behavior\ReadHtmlCacheBehavior [ RunTime:0.000000s ]
INFO: [ app_begin ] --END-- [ RunTime:0.000000s ]
SQL: SHOW COLUMNS FROM `tbkl_base` [ RunTime:0.0000s ]
SQL: SELECT `nopay_valid_time` FROM `tbkl_base` WHERE `id` = 1 LIMIT 1   [ RunTime:0.0000s ]
SQL: SHOW COLUMNS FROM `tbkl_mall_order` [ RunTime:0.0000s ]
SQL: SELECT * FROM `tbkl_mall_order` WHERE `status` = 0  [ RunTime:0.0000s ]
SQL: SHOW COLUMNS FROM `tbkl_group_order` [ RunTime:0.0000s ]
SQL: SELECT * FROM `tbkl_group_order` WHERE ( status=0 or status=1 )  [ RunTime:0.0000s ]
SQL: SHOW COLUMNS FROM `tbkl_members` [ RunTime:0.0000s ]
SQL: SELECT * FROM `tbkl_base` WHERE `id` = 1 LIMIT 1   [ RunTime:0.0000s ]
SQL: SELECT * FROM `tbkl_base` LIMIT 1   [ RunTime:0.0000s ]
INFO: [ view_parse ] --START--
INFO: [ template_filter ] --START--
INFO: Run Behavior\ContentReplaceBehavior [ RunTime:0.000000s ]
INFO: [ template_filter ] --END-- [ RunTime:0.000000s ]
NOTIC: [8] Use of undefined constant base - assumed 'base' E:\klwl_web\web_hqt\klshop.kailly.com.cn\App\Runtime\Cache\Admin\99c83e798043747f7816b95b9b5ec939.php 第 114 行.
NOTIC: [8] Use of undefined constant base - assumed 'base' E:\klwl_web\web_hqt\klshop.kailly.com.cn\App\Runtime\Cache\Admin\99c83e798043747f7816b95b9b5ec939.php 第 155 行.
INFO: Run Behavior\ParseTemplateBehavior [ RunTime:0.000000s ]
INFO: [ view_parse ] --END-- [ RunTime:0.000000s ]
INFO: [ view_filter ] --START--
INFO: Run Behavior\WriteHtmlCacheBehavior [ RunTime:0.000000s ]
INFO: [ view_filter ] --END-- [ RunTime:0.000000s ]
INFO: [ app_end ] --START--
INFO: Run Behavior\ShowPageTraceBehavior [ RunTime:0.000000s ]
INFO: [ app_end ] --END-- [ RunTime:0.000000s ]

