[ 2019-06-11T08:25:29+08:00 ] 127.0.0.1 /admin/
INFO: [ app_init ] --START--
INFO: Run Behavior\BuildLiteBehavior [ RunTime:0.000015s ]
INFO: [ app_init ] --END-- [ RunTime:0.009481s ]
INFO: [ app_begin ] --START--
INFO: Run Behavior\ReadHtmlCacheBehavior [ RunTime:0.009786s ]
INFO: [ app_begin ] --END-- [ RunTime:0.009831s ]

[ 2019-06-11T08:25:30+08:00 ] 127.0.0.1 /Admin/Login/index.html
INFO: [ app_init ] --START--
INFO: Run Behavior\BuildLiteBehavior [ RunTime:0.000007s ]
INFO: [ app_init ] --END-- [ RunTime:0.000249s ]
INFO: [ app_begin ] --START--
INFO: Run Behavior\ReadHtmlCacheBehavior [ RunTime:0.000351s ]
INFO: [ app_begin ] --END-- [ RunTime:0.000380s ]
INFO: [ view_parse ] --START--
INFO: [ template_filter ] --START--
INFO: Run Behavior\ContentReplaceBehavior [ RunTime:0.012945s ]
INFO: [ template_filter ] --END-- [ RunTime:0.012986s ]
INFO: Run Behavior\ParseTemplateBehavior [ RunTime:0.266405s ]
INFO: [ view_parse ] --END-- [ RunTime:0.266442s ]
INFO: [ view_filter ] --START--
INFO: Run Behavior\WriteHtmlCacheBehavior [ RunTime:0.019447s ]
INFO: [ view_filter ] --END-- [ RunTime:0.019474s ]
INFO: [ app_end ] --START--
INFO: Run Behavior\ShowPageTraceBehavior [ RunTime:0.005702s ]
INFO: [ app_end ] --END-- [ RunTime:0.005731s ]

[ 2019-06-11T08:25:30+08:00 ] 127.0.0.1 /Admin/Login/code.html
INFO: [ app_init ] --START--
INFO: Run Behavior\BuildLiteBehavior [ RunTime:0.000007s ]
INFO: [ app_init ] --END-- [ RunTime:0.000285s ]
INFO: [ app_begin ] --START--
INFO: Run Behavior\ReadHtmlCacheBehavior [ RunTime:0.000529s ]
INFO: [ app_begin ] --END-- [ RunTime:0.000557s ]
NOTIC: [8] A session had already been started - ignoring session_start() D:\phpStudy\PHPTutorial\WWW\lljy.kailly.com\App\Class\Vcode.php 第 181 行.
INFO: [ app_end ] --START--
INFO: Run Behavior\ShowPageTraceBehavior [ RunTime:0.000631s ]
INFO: [ app_end ] --END-- [ RunTime:0.000678s ]

