[ 2019-05-09T16:08:52+08:00 ] 127.0.0.1 /admin
INFO: [ app_init ] --START--
INFO: Run Behavior\BuildLiteBehavior [ RunTime:0.000009s ]
INFO: [ app_init ] --END-- [ RunTime:0.000307s ]
INFO: [ app_begin ] --START--
INFO: Run Behavior\ReadHtmlCacheBehavior [ RunTime:0.000432s ]
INFO: [ app_begin ] --END-- [ RunTime:0.000474s ]

[ 2019-05-09T16:08:52+08:00 ] 127.0.0.1 /Admin/Login/index.html
INFO: [ app_init ] --START--
INFO: Run Behavior\BuildLiteBehavior [ RunTime:0.000008s ]
INFO: [ app_init ] --END-- [ RunTime:0.000288s ]
INFO: [ app_begin ] --START--
INFO: Run Behavior\ReadHtmlCacheBehavior [ RunTime:0.000437s ]
INFO: [ app_begin ] --END-- [ RunTime:0.000481s ]
INFO: [ view_parse ] --START--
INFO: [ template_filter ] --START--
INFO: Run Behavior\ContentReplaceBehavior [ RunTime:0.000043s ]
INFO: [ template_filter ] --END-- [ RunTime:0.000082s ]
INFO: Run Behavior\ParseTemplateBehavior [ RunTime:0.032619s ]
INFO: [ view_parse ] --END-- [ RunTime:0.032670s ]
INFO: [ view_filter ] --START--
INFO: Run Behavior\WriteHtmlCacheBehavior [ RunTime:0.001973s ]
INFO: [ view_filter ] --END-- [ RunTime:0.002002s ]
INFO: [ app_end ] --START--
INFO: Run Behavior\ShowPageTraceBehavior [ RunTime:0.000529s ]
INFO: [ app_end ] --END-- [ RunTime:0.000561s ]

[ 2019-05-09T16:08:52+08:00 ] 127.0.0.1 /Admin/Login/code.html
INFO: [ app_init ] --START--
INFO: Run Behavior\BuildLiteBehavior [ RunTime:0.000008s ]
INFO: [ app_init ] --END-- [ RunTime:0.000245s ]
INFO: [ app_begin ] --START--
INFO: Run Behavior\ReadHtmlCacheBehavior [ RunTime:0.000383s ]
INFO: [ app_begin ] --END-- [ RunTime:0.000433s ]
NOTIC: [8] A session had already been started - ignoring session_start() D:\phpStudy\PHPTutorial\WWW\lljy.kailly.com\App\Class\Vcode.php 第 181 行.
INFO: [ app_end ] --START--
INFO: Run Behavior\ShowPageTraceBehavior [ RunTime:0.000468s ]
INFO: [ app_end ] --END-- [ RunTime:0.000529s ]

[ 2019-05-09T16:08:53+08:00 ] 127.0.0.1 /admin
INFO: [ app_init ] --START--
INFO: Run Behavior\BuildLiteBehavior [ RunTime:0.000009s ]
INFO: [ app_init ] --END-- [ RunTime:0.000268s ]
INFO: [ app_begin ] --START--
INFO: Run Behavior\ReadHtmlCacheBehavior [ RunTime:0.000383s ]
INFO: [ app_begin ] --END-- [ RunTime:0.000426s ]

[ 2019-05-09T16:08:53+08:00 ] 127.0.0.1 /Admin/Login/index.html
INFO: [ app_init ] --START--
INFO: Run Behavior\BuildLiteBehavior [ RunTime:0.000008s ]
INFO: [ app_init ] --END-- [ RunTime:0.000252s ]
INFO: [ app_begin ] --START--
INFO: Run Behavior\ReadHtmlCacheBehavior [ RunTime:0.000399s ]
INFO: [ app_begin ] --END-- [ RunTime:0.000446s ]
INFO: [ view_parse ] --START--
INFO: [ template_filter ] --START--
INFO: Run Behavior\ContentReplaceBehavior [ RunTime:0.000032s ]
INFO: [ template_filter ] --END-- [ RunTime:0.000060s ]
INFO: Run Behavior\ParseTemplateBehavior [ RunTime:0.003549s ]
INFO: [ view_parse ] --END-- [ RunTime:0.003588s ]
INFO: [ view_filter ] --START--
INFO: Run Behavior\WriteHtmlCacheBehavior [ RunTime:0.000270s ]
INFO: [ view_filter ] --END-- [ RunTime:0.000292s ]
INFO: [ app_end ] --START--
INFO: Run Behavior\ShowPageTraceBehavior [ RunTime:0.000387s ]
INFO: [ app_end ] --END-- [ RunTime:0.000411s ]

[ 2019-05-09T16:08:53+08:00 ] 127.0.0.1 /Admin/Login/code.html
INFO: [ app_init ] --START--
INFO: Run Behavior\BuildLiteBehavior [ RunTime:0.000010s ]
INFO: [ app_init ] --END-- [ RunTime:0.000312s ]
INFO: [ app_begin ] --START--
INFO: Run Behavior\ReadHtmlCacheBehavior [ RunTime:0.000464s ]
INFO: [ app_begin ] --END-- [ RunTime:0.000511s ]
NOTIC: [8] A session had already been started - ignoring session_start() D:\phpStudy\PHPTutorial\WWW\lljy.kailly.com\App\Class\Vcode.php 第 181 行.
INFO: [ app_end ] --START--
INFO: Run Behavior\ShowPageTraceBehavior [ RunTime:0.000466s ]
INFO: [ app_end ] --END-- [ RunTime:0.000505s ]

[ 2019-05-09T16:09:04+08:00 ] 127.0.0.1 /Admin/Login/loginHandel
INFO: [ app_init ] --START--
INFO: Run Behavior\BuildLiteBehavior [ RunTime:0.000008s ]
INFO: [ app_init ] --END-- [ RunTime:0.000252s ]
INFO: [ app_begin ] --START--
INFO: Run Behavior\ReadHtmlCacheBehavior [ RunTime:0.000387s ]
INFO: [ app_begin ] --END-- [ RunTime:0.000425s ]
SQL: SHOW COLUMNS FROM `tbkl_admin` [ RunTime:0.0265s ]
SQL: SELECT * FROM `tbkl_admin` WHERE `name` = 'kaili' LIMIT 1   [ RunTime:0.0002s ]
NOTIC: [8] Undefined index: lock D:\phpStudy\PHPTutorial\WWW\lljy.kailly.com\App\Admin\Controller\LoginController.class.php 第 33 行.

[ 2019-05-09T16:09:06+08:00 ] 127.0.0.1 /Admin/Index
INFO: [ app_init ] --START--
INFO: Run Behavior\BuildLiteBehavior [ RunTime:0.000011s ]
INFO: [ app_init ] --END-- [ RunTime:0.000286s ]
INFO: [ app_begin ] --START--
INFO: Run Behavior\ReadHtmlCacheBehavior [ RunTime:0.000431s ]
INFO: [ app_begin ] --END-- [ RunTime:0.000475s ]
INFO: [ view_parse ] --START--
INFO: [ template_filter ] --START--
INFO: Run Behavior\ContentReplaceBehavior [ RunTime:0.000079s ]
INFO: [ template_filter ] --END-- [ RunTime:0.000119s ]
INFO: Run Behavior\ParseTemplateBehavior [ RunTime:0.007176s ]
INFO: [ view_parse ] --END-- [ RunTime:0.007234s ]
INFO: [ view_filter ] --START--
INFO: Run Behavior\WriteHtmlCacheBehavior [ RunTime:0.000485s ]
INFO: [ view_filter ] --END-- [ RunTime:0.000523s ]
INFO: [ app_end ] --START--
INFO: Run Behavior\ShowPageTraceBehavior [ RunTime:0.000606s ]
INFO: [ app_end ] --END-- [ RunTime:0.000645s ]

[ 2019-05-09T16:09:06+08:00 ] 127.0.0.1 /Admin/Index/welcome.html
INFO: [ app_init ] --START--
INFO: Run Behavior\BuildLiteBehavior [ RunTime:0.000013s ]
INFO: [ app_init ] --END-- [ RunTime:0.000380s ]
INFO: [ app_begin ] --START--
INFO: Run Behavior\ReadHtmlCacheBehavior [ RunTime:0.000489s ]
INFO: [ app_begin ] --END-- [ RunTime:0.000547s ]
SQL: SHOW COLUMNS FROM `tbkl_order` [ RunTime:0.0086s ]
SQL: SELECT COUNT(id) AS tp_count FROM `tbkl_order` WHERE `status` = 0 LIMIT 1   [ RunTime:0.0015s ]
SQL: SELECT COUNT(id) AS tp_count FROM `tbkl_order` WHERE `status` = 1 LIMIT 1   [ RunTime:0.0004s ]
SQL: SELECT COUNT(id) AS tp_count FROM `tbkl_order` WHERE `pay_time` BETWEEN '1557331200' AND '1557417599' AND `status` = '1' GROUP BY members_id LIMIT 1   [ RunTime:0.0005s ]
SQL: SELECT COUNT(id) AS tp_count FROM `tbkl_order` WHERE `status` = 1 GROUP BY members_id LIMIT 1   [ RunTime:0.0003s ]
SQL: SHOW COLUMNS FROM `tbkl_members` [ RunTime:0.0332s ]
SQL: SELECT COUNT(id) AS tp_count FROM `tbkl_members` LIMIT 1   [ RunTime:0.0005s ]
INFO: [ view_parse ] --START--
INFO: [ template_filter ] --START--
INFO: Run Behavior\ContentReplaceBehavior [ RunTime:0.000068s ]
INFO: [ template_filter ] --END-- [ RunTime:0.000104s ]
NOTIC: [8] Undefined index: status3 D:\phpStudy\PHPTutorial\WWW\lljy.kailly.com\App\Runtime\Cache\Admin\d9e8c752db43d77c05cd2cf54a23d500.php 第 52 行.
NOTIC: [8] Undefined index: status4 D:\phpStudy\PHPTutorial\WWW\lljy.kailly.com\App\Runtime\Cache\Admin\d9e8c752db43d77c05cd2cf54a23d500.php 第 63 行.
NOTIC: [8] Undefined index: status5 D:\phpStudy\PHPTutorial\WWW\lljy.kailly.com\App\Runtime\Cache\Admin\d9e8c752db43d77c05cd2cf54a23d500.php 第 74 行.
NOTIC: [8] Undefined index: agent D:\phpStudy\PHPTutorial\WWW\lljy.kailly.com\App\Runtime\Cache\Admin\d9e8c752db43d77c05cd2cf54a23d500.php 第 131 行.
NOTIC: [8] Undefined index: agent D:\phpStudy\PHPTutorial\WWW\lljy.kailly.com\App\Runtime\Cache\Admin\d9e8c752db43d77c05cd2cf54a23d500.php 第 142 行.
INFO: Run Behavior\ParseTemplateBehavior [ RunTime:0.016325s ]
INFO: [ view_parse ] --END-- [ RunTime:0.016353s ]
INFO: [ view_filter ] --START--
INFO: Run Behavior\WriteHtmlCacheBehavior [ RunTime:0.000317s ]
INFO: [ view_filter ] --END-- [ RunTime:0.000341s ]
INFO: [ app_end ] --START--
INFO: Run Behavior\ShowPageTraceBehavior [ RunTime:0.000411s ]
INFO: [ app_end ] --END-- [ RunTime:0.000435s ]

[ 2019-05-09T16:09:07+08:00 ] 127.0.0.1 /Admin/Base/index.html
INFO: [ app_init ] --START--
INFO: Run Behavior\BuildLiteBehavior [ RunTime:0.000010s ]
INFO: [ app_init ] --END-- [ RunTime:0.000284s ]
INFO: [ app_begin ] --START--
INFO: Run Behavior\ReadHtmlCacheBehavior [ RunTime:0.000419s ]
INFO: [ app_begin ] --END-- [ RunTime:0.000464s ]
SQL: SHOW COLUMNS FROM `tbkl_base` [ RunTime:0.0276s ]
SQL: SELECT * FROM `tbkl_base` LIMIT 1   [ RunTime:0.0004s ]
INFO: [ view_parse ] --START--
INFO: [ template_filter ] --START--
INFO: Run Behavior\ContentReplaceBehavior [ RunTime:0.000081s ]
INFO: [ template_filter ] --END-- [ RunTime:0.000108s ]
NOTIC: [8] Use of undefined constant base - assumed 'base' D:\phpStudy\PHPTutorial\WWW\lljy.kailly.com\App\Runtime\Cache\Admin\99c83e798043747f7816b95b9b5ec939.php 第 114 行.
INFO: Run Behavior\ParseTemplateBehavior [ RunTime:0.015093s ]
INFO: [ view_parse ] --END-- [ RunTime:0.015121s ]
INFO: [ view_filter ] --START--
INFO: Run Behavior\WriteHtmlCacheBehavior [ RunTime:0.000281s ]
INFO: [ view_filter ] --END-- [ RunTime:0.000304s ]
INFO: [ app_end ] --START--
INFO: Run Behavior\ShowPageTraceBehavior [ RunTime:0.000408s ]
INFO: [ app_end ] --END-- [ RunTime:0.000434s ]

[ 2019-05-09T16:09:08+08:00 ] 127.0.0.1 /Admin/Logistics/logistics.html
INFO: [ app_init ] --START--
INFO: Run Behavior\BuildLiteBehavior [ RunTime:0.000008s ]
INFO: [ app_init ] --END-- [ RunTime:0.000248s ]
INFO: [ app_begin ] --START--
INFO: Run Behavior\ReadHtmlCacheBehavior [ RunTime:0.000372s ]
INFO: [ app_begin ] --END-- [ RunTime:0.000412s ]
NOTIC: [2] Missing argument 3 for Admin\Controller\CommonController::Page(), called in D:\phpStudy\PHPTutorial\WWW\lljy.kailly.com\App\Admin\Controller\LogisticsController.class.php on line 7 and defined D:\phpStudy\PHPTutorial\WWW\lljy.kailly.com\App\Admin\Controller\CommonController.class.php 第 180 行.
ERR: 1146:Table 'lljy.tbkl_logistics' doesn't exist
 [ SQL语句 ] : SHOW COLUMNS FROM `tbkl_logistics`
ERR: 1146:Table 'lljy.tbkl_logistics' doesn't exist
 [ SQL语句 ] : SHOW COLUMNS FROM `tbkl_logistics`

[ 2019-05-09T16:09:40+08:00 ] 127.0.0.1 /Admin/Logistics/logistics.html
INFO: [ app_init ] --START--
INFO: Run Behavior\BuildLiteBehavior [ RunTime:0.000008s ]
INFO: [ app_init ] --END-- [ RunTime:0.000247s ]
INFO: [ app_begin ] --START--
INFO: Run Behavior\ReadHtmlCacheBehavior [ RunTime:0.000371s ]
INFO: [ app_begin ] --END-- [ RunTime:0.000409s ]
NOTIC: [2] Missing argument 3 for Admin\Controller\CommonController::Page(), called in D:\phpStudy\PHPTutorial\WWW\lljy.kailly.com\App\Admin\Controller\LogisticsController.class.php on line 7 and defined D:\phpStudy\PHPTutorial\WWW\lljy.kailly.com\App\Admin\Controller\CommonController.class.php 第 180 行.
ERR: 1146:Table 'lljy.tbkl_logistics' doesn't exist
 [ SQL语句 ] : SHOW COLUMNS FROM `tbkl_logistics`
ERR: 1146:Table 'lljy.tbkl_logistics' doesn't exist
 [ SQL语句 ] : SHOW COLUMNS FROM `tbkl_logistics`

[ 2019-05-09T16:09:41+08:00 ] 127.0.0.1 /Admin/Logistics/logistics.html
INFO: [ app_init ] --START--
INFO: Run Behavior\BuildLiteBehavior [ RunTime:0.000008s ]
INFO: [ app_init ] --END-- [ RunTime:0.000242s ]
INFO: [ app_begin ] --START--
INFO: Run Behavior\ReadHtmlCacheBehavior [ RunTime:0.000364s ]
INFO: [ app_begin ] --END-- [ RunTime:0.000402s ]
NOTIC: [2] Missing argument 3 for Admin\Controller\CommonController::Page(), called in D:\phpStudy\PHPTutorial\WWW\lljy.kailly.com\App\Admin\Controller\LogisticsController.class.php on line 7 and defined D:\phpStudy\PHPTutorial\WWW\lljy.kailly.com\App\Admin\Controller\CommonController.class.php 第 180 行.
ERR: 1146:Table 'lljy.tbkl_logistics' doesn't exist
 [ SQL语句 ] : SHOW COLUMNS FROM `tbkl_logistics`
ERR: 1146:Table 'lljy.tbkl_logistics' doesn't exist
 [ SQL语句 ] : SHOW COLUMNS FROM `tbkl_logistics`

[ 2019-05-09T16:09:41+08:00 ] 127.0.0.1 /Admin/Logistics/logistics.html
INFO: [ app_init ] --START--
INFO: Run Behavior\BuildLiteBehavior [ RunTime:0.000011s ]
INFO: [ app_init ] --END-- [ RunTime:0.000345s ]
INFO: [ app_begin ] --START--
INFO: Run Behavior\ReadHtmlCacheBehavior [ RunTime:0.000520s ]
INFO: [ app_begin ] --END-- [ RunTime:0.000574s ]
NOTIC: [2] Missing argument 3 for Admin\Controller\CommonController::Page(), called in D:\phpStudy\PHPTutorial\WWW\lljy.kailly.com\App\Admin\Controller\LogisticsController.class.php on line 7 and defined D:\phpStudy\PHPTutorial\WWW\lljy.kailly.com\App\Admin\Controller\CommonController.class.php 第 180 行.
ERR: 1146:Table 'lljy.tbkl_logistics' doesn't exist
 [ SQL语句 ] : SHOW COLUMNS FROM `tbkl_logistics`
ERR: 1146:Table 'lljy.tbkl_logistics' doesn't exist
 [ SQL语句 ] : SHOW COLUMNS FROM `tbkl_logistics`

[ 2019-05-09T16:09:41+08:00 ] 127.0.0.1 /Admin/Logistics/logistics.html
INFO: [ app_init ] --START--
INFO: Run Behavior\BuildLiteBehavior [ RunTime:0.000007s ]
INFO: [ app_init ] --END-- [ RunTime:0.000246s ]
INFO: [ app_begin ] --START--
INFO: Run Behavior\ReadHtmlCacheBehavior [ RunTime:0.000371s ]
INFO: [ app_begin ] --END-- [ RunTime:0.000410s ]
NOTIC: [2] Missing argument 3 for Admin\Controller\CommonController::Page(), called in D:\phpStudy\PHPTutorial\WWW\lljy.kailly.com\App\Admin\Controller\LogisticsController.class.php on line 7 and defined D:\phpStudy\PHPTutorial\WWW\lljy.kailly.com\App\Admin\Controller\CommonController.class.php 第 180 行.
ERR: 1146:Table 'lljy.tbkl_logistics' doesn't exist
 [ SQL语句 ] : SHOW COLUMNS FROM `tbkl_logistics`
ERR: 1146:Table 'lljy.tbkl_logistics' doesn't exist
 [ SQL语句 ] : SHOW COLUMNS FROM `tbkl_logistics`

[ 2019-05-09T16:09:41+08:00 ] 127.0.0.1 /Admin/Logistics/logistics.html
INFO: [ app_init ] --START--
INFO: Run Behavior\BuildLiteBehavior [ RunTime:0.000008s ]
INFO: [ app_init ] --END-- [ RunTime:0.000248s ]
INFO: [ app_begin ] --START--
INFO: Run Behavior\ReadHtmlCacheBehavior [ RunTime:0.000373s ]
INFO: [ app_begin ] --END-- [ RunTime:0.000412s ]
NOTIC: [2] Missing argument 3 for Admin\Controller\CommonController::Page(), called in D:\phpStudy\PHPTutorial\WWW\lljy.kailly.com\App\Admin\Controller\LogisticsController.class.php on line 7 and defined D:\phpStudy\PHPTutorial\WWW\lljy.kailly.com\App\Admin\Controller\CommonController.class.php 第 180 行.
ERR: 1146:Table 'lljy.tbkl_logistics' doesn't exist
 [ SQL语句 ] : SHOW COLUMNS FROM `tbkl_logistics`
ERR: 1146:Table 'lljy.tbkl_logistics' doesn't exist
 [ SQL语句 ] : SHOW COLUMNS FROM `tbkl_logistics`

[ 2019-05-09T16:09:42+08:00 ] 127.0.0.1 /Admin/Logistics/logistics.html
INFO: [ app_init ] --START--
INFO: Run Behavior\BuildLiteBehavior [ RunTime:0.000007s ]
INFO: [ app_init ] --END-- [ RunTime:0.000243s ]
INFO: [ app_begin ] --START--
INFO: Run Behavior\ReadHtmlCacheBehavior [ RunTime:0.000371s ]
INFO: [ app_begin ] --END-- [ RunTime:0.000409s ]
NOTIC: [2] Missing argument 3 for Admin\Controller\CommonController::Page(), called in D:\phpStudy\PHPTutorial\WWW\lljy.kailly.com\App\Admin\Controller\LogisticsController.class.php on line 7 and defined D:\phpStudy\PHPTutorial\WWW\lljy.kailly.com\App\Admin\Controller\CommonController.class.php 第 180 行.
ERR: 1146:Table 'lljy.tbkl_logistics' doesn't exist
 [ SQL语句 ] : SHOW COLUMNS FROM `tbkl_logistics`
ERR: 1146:Table 'lljy.tbkl_logistics' doesn't exist
 [ SQL语句 ] : SHOW COLUMNS FROM `tbkl_logistics`

[ 2019-05-09T16:09:42+08:00 ] 127.0.0.1 /Admin/Logistics/logistics.html
INFO: [ app_init ] --START--
INFO: Run Behavior\BuildLiteBehavior [ RunTime:0.000011s ]
INFO: [ app_init ] --END-- [ RunTime:0.000342s ]
INFO: [ app_begin ] --START--
INFO: Run Behavior\ReadHtmlCacheBehavior [ RunTime:0.000528s ]
INFO: [ app_begin ] --END-- [ RunTime:0.000584s ]
NOTIC: [2] Missing argument 3 for Admin\Controller\CommonController::Page(), called in D:\phpStudy\PHPTutorial\WWW\lljy.kailly.com\App\Admin\Controller\LogisticsController.class.php on line 7 and defined D:\phpStudy\PHPTutorial\WWW\lljy.kailly.com\App\Admin\Controller\CommonController.class.php 第 180 行.
ERR: 1146:Table 'lljy.tbkl_logistics' doesn't exist
 [ SQL语句 ] : SHOW COLUMNS FROM `tbkl_logistics`
ERR: 1146:Table 'lljy.tbkl_logistics' doesn't exist
 [ SQL语句 ] : SHOW COLUMNS FROM `tbkl_logistics`

[ 2019-05-09T16:10:24+08:00 ] 127.0.0.1 /Admin/Other/other/type/0.html
INFO: [ app_init ] --START--
INFO: Run Behavior\BuildLiteBehavior [ RunTime:0.000008s ]
INFO: [ app_init ] --END-- [ RunTime:0.000249s ]
INFO: [ app_begin ] --START--
INFO: Run Behavior\ReadHtmlCacheBehavior [ RunTime:0.000374s ]
INFO: [ app_begin ] --END-- [ RunTime:0.000414s ]
SQL: SHOW COLUMNS FROM `tbkl_other` [ RunTime:0.0038s ]
SQL: SELECT * FROM `tbkl_other` WHERE `type` = 0 LIMIT 1   [ RunTime:0.0045s ]
INFO: [ view_parse ] --START--
INFO: [ template_filter ] --START--
INFO: Run Behavior\ContentReplaceBehavior [ RunTime:0.000045s ]
INFO: [ template_filter ] --END-- [ RunTime:0.000072s ]
INFO: Run Behavior\ParseTemplateBehavior [ RunTime:0.015430s ]
INFO: [ view_parse ] --END-- [ RunTime:0.015468s ]
INFO: [ view_filter ] --START--
INFO: Run Behavior\WriteHtmlCacheBehavior [ RunTime:0.000278s ]
INFO: [ view_filter ] --END-- [ RunTime:0.000299s ]
INFO: [ app_end ] --START--
INFO: Run Behavior\ShowPageTraceBehavior [ RunTime:0.000402s ]
INFO: [ app_end ] --END-- [ RunTime:0.000427s ]

[ 2019-05-09T16:10:25+08:00 ] 127.0.0.1 /Admin/Logistics/logistics.html
INFO: [ app_init ] --START--
INFO: Run Behavior\BuildLiteBehavior [ RunTime:0.000012s ]
INFO: [ app_init ] --END-- [ RunTime:0.000354s ]
INFO: [ app_begin ] --START--
INFO: Run Behavior\ReadHtmlCacheBehavior [ RunTime:0.000525s ]
INFO: [ app_begin ] --END-- [ RunTime:0.000582s ]
NOTIC: [2] Missing argument 3 for Admin\Controller\CommonController::Page(), called in D:\phpStudy\PHPTutorial\WWW\lljy.kailly.com\App\Admin\Controller\LogisticsController.class.php on line 7 and defined D:\phpStudy\PHPTutorial\WWW\lljy.kailly.com\App\Admin\Controller\CommonController.class.php 第 180 行.
ERR: 1146:Table 'lljy.tbkl_logistics' doesn't exist
 [ SQL语句 ] : SHOW COLUMNS FROM `tbkl_logistics`
ERR: 1146:Table 'lljy.tbkl_logistics' doesn't exist
 [ SQL语句 ] : SHOW COLUMNS FROM `tbkl_logistics`

[ 2019-05-09T16:10:28+08:00 ] 127.0.0.1 /Admin/Share/share.html
INFO: [ app_init ] --START--
INFO: Run Behavior\BuildLiteBehavior [ RunTime:0.000009s ]
INFO: [ app_init ] --END-- [ RunTime:0.000250s ]
INFO: [ app_begin ] --START--
INFO: Run Behavior\ReadHtmlCacheBehavior [ RunTime:0.000375s ]
INFO: [ app_begin ] --END-- [ RunTime:0.000415s ]
NOTIC: [2] Missing argument 3 for Admin\Controller\CommonController::Page(), called in D:\phpStudy\PHPTutorial\WWW\lljy.kailly.com\App\Admin\Controller\ShareController.class.php on line 7 and defined D:\phpStudy\PHPTutorial\WWW\lljy.kailly.com\App\Admin\Controller\CommonController.class.php 第 180 行.
SQL: SHOW COLUMNS FROM `tbkl_share` [ RunTime:0.0031s ]
NOTIC: [8] Undefined variable: where D:\phpStudy\PHPTutorial\WWW\lljy.kailly.com\App\Admin\Controller\CommonController.class.php 第 181 行.
SQL: SELECT COUNT(*) AS tp_count FROM `tbkl_share` LIMIT 1   [ RunTime:0.0001s ]
NOTIC: [8] Undefined variable: where D:\phpStudy\PHPTutorial\WWW\lljy.kailly.com\App\Admin\Controller\ShareController.class.php 第 8 行.
SQL: SELECT * FROM `tbkl_share` LIMIT 0,10   [ RunTime:0.0001s ]
INFO: [ view_parse ] --START--
INFO: [ template_filter ] --START--
INFO: Run Behavior\ContentReplaceBehavior [ RunTime:0.000042s ]
INFO: [ template_filter ] --END-- [ RunTime:0.000068s ]
INFO: Run Behavior\ParseTemplateBehavior [ RunTime:0.005059s ]
INFO: [ view_parse ] --END-- [ RunTime:0.005089s ]
INFO: [ view_filter ] --START--
INFO: Run Behavior\WriteHtmlCacheBehavior [ RunTime:0.000274s ]
INFO: [ view_filter ] --END-- [ RunTime:0.000295s ]
INFO: [ app_end ] --START--
INFO: Run Behavior\ShowPageTraceBehavior [ RunTime:0.000397s ]
INFO: [ app_end ] --END-- [ RunTime:0.000420s ]

[ 2019-05-09T16:10:29+08:00 ] 127.0.0.1 /Admin/Logistics/logistics.html
INFO: [ app_init ] --START--
INFO: Run Behavior\BuildLiteBehavior [ RunTime:0.000012s ]
INFO: [ app_init ] --END-- [ RunTime:0.000359s ]
INFO: [ app_begin ] --START--
INFO: Run Behavior\ReadHtmlCacheBehavior [ RunTime:0.000506s ]
INFO: [ app_begin ] --END-- [ RunTime:0.000552s ]
NOTIC: [2] Missing argument 3 for Admin\Controller\CommonController::Page(), called in D:\phpStudy\PHPTutorial\WWW\lljy.kailly.com\App\Admin\Controller\LogisticsController.class.php on line 7 and defined D:\phpStudy\PHPTutorial\WWW\lljy.kailly.com\App\Admin\Controller\CommonController.class.php 第 180 行.
ERR: 1146:Table 'lljy.tbkl_logistics' doesn't exist
 [ SQL语句 ] : SHOW COLUMNS FROM `tbkl_logistics`
ERR: 1146:Table 'lljy.tbkl_logistics' doesn't exist
 [ SQL语句 ] : SHOW COLUMNS FROM `tbkl_logistics`

[ 2019-05-09T16:10:36+08:00 ] 127.0.0.1 /Admin/Logistics/logistics.html
INFO: [ app_init ] --START--
INFO: Run Behavior\BuildLiteBehavior [ RunTime:0.000011s ]
INFO: [ app_init ] --END-- [ RunTime:0.000287s ]
INFO: [ app_begin ] --START--
INFO: Run Behavior\ReadHtmlCacheBehavior [ RunTime:0.000477s ]
INFO: [ app_begin ] --END-- [ RunTime:0.000523s ]
NOTIC: [2] Missing argument 3 for Admin\Controller\CommonController::Page(), called in D:\phpStudy\PHPTutorial\WWW\lljy.kailly.com\App\Admin\Controller\LogisticsController.class.php on line 7 and defined D:\phpStudy\PHPTutorial\WWW\lljy.kailly.com\App\Admin\Controller\CommonController.class.php 第 180 行.
ERR: 1146:Table 'lljy.tbkl_logistics' doesn't exist
 [ SQL语句 ] : SHOW COLUMNS FROM `tbkl_logistics`
ERR: 1146:Table 'lljy.tbkl_logistics' doesn't exist
 [ SQL语句 ] : SHOW COLUMNS FROM `tbkl_logistics`

[ 2019-05-09T16:13:37+08:00 ] 127.0.0.1 /Admin/Logistics/logistics.html
INFO: [ app_init ] --START--
INFO: Run Behavior\BuildLiteBehavior [ RunTime:0.000008s ]
INFO: [ app_init ] --END-- [ RunTime:0.000275s ]
INFO: [ app_begin ] --START--
INFO: Run Behavior\ReadHtmlCacheBehavior [ RunTime:0.000327s ]
INFO: [ app_begin ] --END-- [ RunTime:0.000379s ]
NOTIC: [2] Missing argument 3 for Admin\Controller\CommonController::Page(), called in D:\phpStudy\PHPTutorial\WWW\lljy.kailly.com\App\Admin\Controller\LogisticsController.class.php on line 7 and defined D:\phpStudy\PHPTutorial\WWW\lljy.kailly.com\App\Admin\Controller\CommonController.class.php 第 180 行.
ERR: 1146:Table 'lljy.tbkl_logistics' doesn't exist
 [ SQL语句 ] : SHOW COLUMNS FROM `tbkl_logistics`
ERR: 1146:Table 'lljy.tbkl_logistics' doesn't exist
 [ SQL语句 ] : SHOW COLUMNS FROM `tbkl_logistics`

[ 2019-05-09T16:13:38+08:00 ] 127.0.0.1 /Admin/Logistics/logistics.html
INFO: [ app_init ] --START--
INFO: Run Behavior\BuildLiteBehavior [ RunTime:0.000010s ]
INFO: [ app_init ] --END-- [ RunTime:0.000281s ]
INFO: [ app_begin ] --START--
INFO: Run Behavior\ReadHtmlCacheBehavior [ RunTime:0.000606s ]
INFO: [ app_begin ] --END-- [ RunTime:0.000653s ]
NOTIC: [2] Missing argument 3 for Admin\Controller\CommonController::Page(), called in D:\phpStudy\PHPTutorial\WWW\lljy.kailly.com\App\Admin\Controller\LogisticsController.class.php on line 7 and defined D:\phpStudy\PHPTutorial\WWW\lljy.kailly.com\App\Admin\Controller\CommonController.class.php 第 180 行.
ERR: 1146:Table 'lljy.tbkl_logistics' doesn't exist
 [ SQL语句 ] : SHOW COLUMNS FROM `tbkl_logistics`
ERR: 1146:Table 'lljy.tbkl_logistics' doesn't exist
 [ SQL语句 ] : SHOW COLUMNS FROM `tbkl_logistics`

[ 2019-05-09T16:14:32+08:00 ] 127.0.0.1 /Admin/Logistics/logistics.html
INFO: [ app_init ] --START--
INFO: Run Behavior\BuildLiteBehavior [ RunTime:0.000010s ]
INFO: [ app_init ] --END-- [ RunTime:0.000257s ]
INFO: [ app_begin ] --START--
INFO: Run Behavior\ReadHtmlCacheBehavior [ RunTime:0.000448s ]
INFO: [ app_begin ] --END-- [ RunTime:0.000518s ]
NOTIC: [2] Missing argument 3 for Admin\Controller\CommonController::Page(), called in D:\phpStudy\PHPTutorial\WWW\lljy.kailly.com\App\Admin\Controller\LogisticsController.class.php on line 7 and defined D:\phpStudy\PHPTutorial\WWW\lljy.kailly.com\App\Admin\Controller\CommonController.class.php 第 180 行.
ERR: 1146:Table 'lljy.tbkl_logistics' doesn't exist
 [ SQL语句 ] : SHOW COLUMNS FROM `tbkl_logistics`
ERR: 1146:Table 'lljy.tbkl_logistics' doesn't exist
 [ SQL语句 ] : SHOW COLUMNS FROM `tbkl_logistics`

[ 2019-05-09T16:26:54+08:00 ] 127.0.0.1 /Admin/Logistics/logistics.html
INFO: [ app_init ] --START--
INFO: Run Behavior\BuildLiteBehavior [ RunTime:0.000008s ]
INFO: [ app_init ] --END-- [ RunTime:0.000268s ]
INFO: [ app_begin ] --START--
INFO: Run Behavior\ReadHtmlCacheBehavior [ RunTime:0.000327s ]
INFO: [ app_begin ] --END-- [ RunTime:0.000368s ]
NOTIC: [2] Missing argument 3 for Admin\Controller\CommonController::Page(), called in D:\phpStudy\PHPTutorial\WWW\lljy.kailly.com\App\Admin\Controller\LogisticsController.class.php on line 7 and defined D:\phpStudy\PHPTutorial\WWW\lljy.kailly.com\App\Admin\Controller\CommonController.class.php 第 180 行.
ERR: 1146:Table 'lljy.tbkl_logistics' doesn't exist
 [ SQL语句 ] : SHOW COLUMNS FROM `tbkl_logistics`
ERR: 1146:Table 'lljy.tbkl_logistics' doesn't exist
 [ SQL语句 ] : SHOW COLUMNS FROM `tbkl_logistics`

[ 2019-05-09T16:26:55+08:00 ] 127.0.0.1 /Admin/Logistics/logistics.html
INFO: [ app_init ] --START--
INFO: Run Behavior\BuildLiteBehavior [ RunTime:0.000009s ]
INFO: [ app_init ] --END-- [ RunTime:0.000245s ]
INFO: [ app_begin ] --START--
INFO: Run Behavior\ReadHtmlCacheBehavior [ RunTime:0.000307s ]
INFO: [ app_begin ] --END-- [ RunTime:0.000346s ]
NOTIC: [2] Missing argument 3 for Admin\Controller\CommonController::Page(), called in D:\phpStudy\PHPTutorial\WWW\lljy.kailly.com\App\Admin\Controller\LogisticsController.class.php on line 7 and defined D:\phpStudy\PHPTutorial\WWW\lljy.kailly.com\App\Admin\Controller\CommonController.class.php 第 180 行.
ERR: 1146:Table 'lljy.tbkl_logistics' doesn't exist
 [ SQL语句 ] : SHOW COLUMNS FROM `tbkl_logistics`
ERR: 1146:Table 'lljy.tbkl_logistics' doesn't exist
 [ SQL语句 ] : SHOW COLUMNS FROM `tbkl_logistics`

[ 2019-05-09T16:26:55+08:00 ] 127.0.0.1 /Admin/Logistics/logistics.html
INFO: [ app_init ] --START--
INFO: Run Behavior\BuildLiteBehavior [ RunTime:0.000011s ]
INFO: [ app_init ] --END-- [ RunTime:0.000325s ]
INFO: [ app_begin ] --START--
INFO: Run Behavior\ReadHtmlCacheBehavior [ RunTime:0.000422s ]
INFO: [ app_begin ] --END-- [ RunTime:0.000478s ]
NOTIC: [2] Missing argument 3 for Admin\Controller\CommonController::Page(), called in D:\phpStudy\PHPTutorial\WWW\lljy.kailly.com\App\Admin\Controller\LogisticsController.class.php on line 7 and defined D:\phpStudy\PHPTutorial\WWW\lljy.kailly.com\App\Admin\Controller\CommonController.class.php 第 180 行.
ERR: 1146:Table 'lljy.tbkl_logistics' doesn't exist
 [ SQL语句 ] : SHOW COLUMNS FROM `tbkl_logistics`
ERR: 1146:Table 'lljy.tbkl_logistics' doesn't exist
 [ SQL语句 ] : SHOW COLUMNS FROM `tbkl_logistics`

[ 2019-05-09T16:26:55+08:00 ] 127.0.0.1 /Admin/Logistics/logistics.html
INFO: [ app_init ] --START--
INFO: Run Behavior\BuildLiteBehavior [ RunTime:0.000010s ]
INFO: [ app_init ] --END-- [ RunTime:0.000340s ]
INFO: [ app_begin ] --START--
INFO: Run Behavior\ReadHtmlCacheBehavior [ RunTime:0.000406s ]
INFO: [ app_begin ] --END-- [ RunTime:0.000480s ]
NOTIC: [2] Missing argument 3 for Admin\Controller\CommonController::Page(), called in D:\phpStudy\PHPTutorial\WWW\lljy.kailly.com\App\Admin\Controller\LogisticsController.class.php on line 7 and defined D:\phpStudy\PHPTutorial\WWW\lljy.kailly.com\App\Admin\Controller\CommonController.class.php 第 180 行.
ERR: 1146:Table 'lljy.tbkl_logistics' doesn't exist
 [ SQL语句 ] : SHOW COLUMNS FROM `tbkl_logistics`
ERR: 1146:Table 'lljy.tbkl_logistics' doesn't exist
 [ SQL语句 ] : SHOW COLUMNS FROM `tbkl_logistics`

[ 2019-05-09T16:26:55+08:00 ] 127.0.0.1 /Admin/Logistics/logistics.html
INFO: [ app_init ] --START--
INFO: Run Behavior\BuildLiteBehavior [ RunTime:0.000012s ]
INFO: [ app_init ] --END-- [ RunTime:0.000318s ]
INFO: [ app_begin ] --START--
INFO: Run Behavior\ReadHtmlCacheBehavior [ RunTime:0.000421s ]
INFO: [ app_begin ] --END-- [ RunTime:0.000479s ]
NOTIC: [2] Missing argument 3 for Admin\Controller\CommonController::Page(), called in D:\phpStudy\PHPTutorial\WWW\lljy.kailly.com\App\Admin\Controller\LogisticsController.class.php on line 7 and defined D:\phpStudy\PHPTutorial\WWW\lljy.kailly.com\App\Admin\Controller\CommonController.class.php 第 180 行.
ERR: 1146:Table 'lljy.tbkl_logistics' doesn't exist
 [ SQL语句 ] : SHOW COLUMNS FROM `tbkl_logistics`
ERR: 1146:Table 'lljy.tbkl_logistics' doesn't exist
 [ SQL语句 ] : SHOW COLUMNS FROM `tbkl_logistics`

[ 2019-05-09T16:26:56+08:00 ] 127.0.0.1 /Admin/Logistics/logistics.html
INFO: [ app_init ] --START--
INFO: Run Behavior\BuildLiteBehavior [ RunTime:0.000012s ]
INFO: [ app_init ] --END-- [ RunTime:0.000316s ]
INFO: [ app_begin ] --START--
INFO: Run Behavior\ReadHtmlCacheBehavior [ RunTime:0.000422s ]
INFO: [ app_begin ] --END-- [ RunTime:0.000477s ]
NOTIC: [2] Missing argument 3 for Admin\Controller\CommonController::Page(), called in D:\phpStudy\PHPTutorial\WWW\lljy.kailly.com\App\Admin\Controller\LogisticsController.class.php on line 7 and defined D:\phpStudy\PHPTutorial\WWW\lljy.kailly.com\App\Admin\Controller\CommonController.class.php 第 180 行.
ERR: 1146:Table 'lljy.tbkl_logistics' doesn't exist
 [ SQL语句 ] : SHOW COLUMNS FROM `tbkl_logistics`
ERR: 1146:Table 'lljy.tbkl_logistics' doesn't exist
 [ SQL语句 ] : SHOW COLUMNS FROM `tbkl_logistics`

[ 2019-05-09T16:26:56+08:00 ] 127.0.0.1 /Admin/Logistics/logistics.html
INFO: [ app_init ] --START--
INFO: Run Behavior\BuildLiteBehavior [ RunTime:0.000011s ]
INFO: [ app_init ] --END-- [ RunTime:0.000320s ]
INFO: [ app_begin ] --START--
INFO: Run Behavior\ReadHtmlCacheBehavior [ RunTime:0.000422s ]
INFO: [ app_begin ] --END-- [ RunTime:0.000476s ]
NOTIC: [2] Missing argument 3 for Admin\Controller\CommonController::Page(), called in D:\phpStudy\PHPTutorial\WWW\lljy.kailly.com\App\Admin\Controller\LogisticsController.class.php on line 7 and defined D:\phpStudy\PHPTutorial\WWW\lljy.kailly.com\App\Admin\Controller\CommonController.class.php 第 180 行.
ERR: 1146:Table 'lljy.tbkl_logistics' doesn't exist
 [ SQL语句 ] : SHOW COLUMNS FROM `tbkl_logistics`
ERR: 1146:Table 'lljy.tbkl_logistics' doesn't exist
 [ SQL语句 ] : SHOW COLUMNS FROM `tbkl_logistics`

[ 2019-05-09T16:26:56+08:00 ] 127.0.0.1 /Admin/Logistics/logistics.html
INFO: [ app_init ] --START--
INFO: Run Behavior\BuildLiteBehavior [ RunTime:0.000009s ]
INFO: [ app_init ] --END-- [ RunTime:0.000227s ]
INFO: [ app_begin ] --START--
INFO: Run Behavior\ReadHtmlCacheBehavior [ RunTime:0.000298s ]
INFO: [ app_begin ] --END-- [ RunTime:0.000336s ]
NOTIC: [2] Missing argument 3 for Admin\Controller\CommonController::Page(), called in D:\phpStudy\PHPTutorial\WWW\lljy.kailly.com\App\Admin\Controller\LogisticsController.class.php on line 7 and defined D:\phpStudy\PHPTutorial\WWW\lljy.kailly.com\App\Admin\Controller\CommonController.class.php 第 180 行.
ERR: 1146:Table 'lljy.tbkl_logistics' doesn't exist
 [ SQL语句 ] : SHOW COLUMNS FROM `tbkl_logistics`
ERR: 1146:Table 'lljy.tbkl_logistics' doesn't exist
 [ SQL语句 ] : SHOW COLUMNS FROM `tbkl_logistics`

[ 2019-05-09T16:26:57+08:00 ] 127.0.0.1 /Admin/Index
INFO: [ app_init ] --START--
INFO: Run Behavior\BuildLiteBehavior [ RunTime:0.000016s ]
INFO: [ app_init ] --END-- [ RunTime:0.000320s ]
INFO: [ app_begin ] --START--
INFO: Run Behavior\ReadHtmlCacheBehavior [ RunTime:0.000354s ]
INFO: [ app_begin ] --END-- [ RunTime:0.000406s ]
INFO: [ view_parse ] --START--
INFO: [ template_filter ] --START--
INFO: Run Behavior\ContentReplaceBehavior [ RunTime:0.000103s ]
INFO: [ template_filter ] --END-- [ RunTime:0.000152s ]
INFO: Run Behavior\ParseTemplateBehavior [ RunTime:0.011468s ]
INFO: [ view_parse ] --END-- [ RunTime:0.011513s ]
INFO: [ view_filter ] --START--
INFO: Run Behavior\WriteHtmlCacheBehavior [ RunTime:0.000646s ]
INFO: [ view_filter ] --END-- [ RunTime:0.000685s ]
INFO: [ app_end ] --START--
INFO: Run Behavior\ShowPageTraceBehavior [ RunTime:0.001430s ]
INFO: [ app_end ] --END-- [ RunTime:0.001473s ]

[ 2019-05-09T16:26:58+08:00 ] 127.0.0.1 /Admin/Index/welcome.html
INFO: [ app_init ] --START--
INFO: Run Behavior\BuildLiteBehavior [ RunTime:0.000012s ]
INFO: [ app_init ] --END-- [ RunTime:0.000295s ]
INFO: [ app_begin ] --START--
INFO: Run Behavior\ReadHtmlCacheBehavior [ RunTime:0.000379s ]
INFO: [ app_begin ] --END-- [ RunTime:0.000433s ]
SQL: SHOW COLUMNS FROM `tbkl_order` [ RunTime:0.0040s ]
SQL: SELECT COUNT(id) AS tp_count FROM `tbkl_order` WHERE `status` = 0 LIMIT 1   [ RunTime:0.0004s ]
SQL: SELECT COUNT(id) AS tp_count FROM `tbkl_order` WHERE `status` = 1 LIMIT 1   [ RunTime:0.0002s ]
SQL: SELECT COUNT(id) AS tp_count FROM `tbkl_order` WHERE `pay_time` BETWEEN '1557331200' AND '1557417599' AND `status` = '1' GROUP BY members_id LIMIT 1   [ RunTime:0.0021s ]
SQL: SELECT COUNT(id) AS tp_count FROM `tbkl_order` WHERE `status` = 1 GROUP BY members_id LIMIT 1   [ RunTime:0.0010s ]
SQL: SHOW COLUMNS FROM `tbkl_members` [ RunTime:0.0043s ]
SQL: SELECT COUNT(id) AS tp_count FROM `tbkl_members` LIMIT 1   [ RunTime:0.0006s ]
INFO: [ view_parse ] --START--
INFO: [ template_filter ] --START--
INFO: Run Behavior\ContentReplaceBehavior [ RunTime:0.000073s ]
INFO: [ template_filter ] --END-- [ RunTime:0.000113s ]
NOTIC: [8] Undefined index: status3 D:\phpStudy\PHPTutorial\WWW\lljy.kailly.com\App\Runtime\Cache\Admin\d9e8c752db43d77c05cd2cf54a23d500.php 第 52 行.
NOTIC: [8] Undefined index: status4 D:\phpStudy\PHPTutorial\WWW\lljy.kailly.com\App\Runtime\Cache\Admin\d9e8c752db43d77c05cd2cf54a23d500.php 第 63 行.
NOTIC: [8] Undefined index: status5 D:\phpStudy\PHPTutorial\WWW\lljy.kailly.com\App\Runtime\Cache\Admin\d9e8c752db43d77c05cd2cf54a23d500.php 第 74 行.
NOTIC: [8] Undefined index: agent D:\phpStudy\PHPTutorial\WWW\lljy.kailly.com\App\Runtime\Cache\Admin\d9e8c752db43d77c05cd2cf54a23d500.php 第 131 行.
NOTIC: [8] Undefined index: agent D:\phpStudy\PHPTutorial\WWW\lljy.kailly.com\App\Runtime\Cache\Admin\d9e8c752db43d77c05cd2cf54a23d500.php 第 142 行.
INFO: Run Behavior\ParseTemplateBehavior [ RunTime:0.007364s ]
INFO: [ view_parse ] --END-- [ RunTime:0.007399s ]
INFO: [ view_filter ] --START--
INFO: Run Behavior\WriteHtmlCacheBehavior [ RunTime:0.000213s ]
INFO: [ view_filter ] --END-- [ RunTime:0.000239s ]
INFO: [ app_end ] --START--
INFO: Run Behavior\ShowPageTraceBehavior [ RunTime:0.000327s ]
INFO: [ app_end ] --END-- [ RunTime:0.000352s ]

[ 2019-05-09T16:26:59+08:00 ] 127.0.0.1 /Admin/Base/index.html
INFO: [ app_init ] --START--
INFO: Run Behavior\BuildLiteBehavior [ RunTime:0.000010s ]
INFO: [ app_init ] --END-- [ RunTime:0.000270s ]
INFO: [ app_begin ] --START--
INFO: Run Behavior\ReadHtmlCacheBehavior [ RunTime:0.000348s ]
INFO: [ app_begin ] --END-- [ RunTime:0.000391s ]
SQL: SHOW COLUMNS FROM `tbkl_base` [ RunTime:0.0052s ]
SQL: SELECT * FROM `tbkl_base` LIMIT 1   [ RunTime:0.0003s ]
INFO: [ view_parse ] --START--
INFO: [ template_filter ] --START--
INFO: Run Behavior\ContentReplaceBehavior [ RunTime:0.000083s ]
INFO: [ template_filter ] --END-- [ RunTime:0.000115s ]
NOTIC: [8] Use of undefined constant base - assumed 'base' D:\phpStudy\PHPTutorial\WWW\lljy.kailly.com\App\Runtime\Cache\Admin\99c83e798043747f7816b95b9b5ec939.php 第 114 行.
INFO: Run Behavior\ParseTemplateBehavior [ RunTime:0.007685s ]
INFO: [ view_parse ] --END-- [ RunTime:0.007720s ]
INFO: [ view_filter ] --START--
INFO: Run Behavior\WriteHtmlCacheBehavior [ RunTime:0.000233s ]
INFO: [ view_filter ] --END-- [ RunTime:0.000256s ]
INFO: [ app_end ] --START--
INFO: Run Behavior\ShowPageTraceBehavior [ RunTime:0.000453s ]
INFO: [ app_end ] --END-- [ RunTime:0.000488s ]

[ 2019-05-09T16:27:00+08:00 ] 127.0.0.1 /Admin/Share/share.html
INFO: [ app_init ] --START--
INFO: Run Behavior\BuildLiteBehavior [ RunTime:0.000008s ]
INFO: [ app_init ] --END-- [ RunTime:0.000226s ]
INFO: [ app_begin ] --START--
INFO: Run Behavior\ReadHtmlCacheBehavior [ RunTime:0.000298s ]
INFO: [ app_begin ] --END-- [ RunTime:0.000337s ]
NOTIC: [2] Missing argument 3 for Admin\Controller\CommonController::Page(), called in D:\phpStudy\PHPTutorial\WWW\lljy.kailly.com\App\Admin\Controller\ShareController.class.php on line 7 and defined D:\phpStudy\PHPTutorial\WWW\lljy.kailly.com\App\Admin\Controller\CommonController.class.php 第 180 行.
SQL: SHOW COLUMNS FROM `tbkl_share` [ RunTime:0.0032s ]
NOTIC: [8] Undefined variable: where D:\phpStudy\PHPTutorial\WWW\lljy.kailly.com\App\Admin\Controller\CommonController.class.php 第 181 行.
SQL: SELECT COUNT(*) AS tp_count FROM `tbkl_share` LIMIT 1   [ RunTime:0.0002s ]
NOTIC: [8] Undefined variable: where D:\phpStudy\PHPTutorial\WWW\lljy.kailly.com\App\Admin\Controller\ShareController.class.php 第 8 行.
SQL: SELECT * FROM `tbkl_share` LIMIT 0,10   [ RunTime:0.0001s ]
INFO: [ view_parse ] --START--
INFO: [ template_filter ] --START--
INFO: Run Behavior\ContentReplaceBehavior [ RunTime:0.000044s ]
INFO: [ template_filter ] --END-- [ RunTime:0.000073s ]
INFO: Run Behavior\ParseTemplateBehavior [ RunTime:0.004697s ]
INFO: [ view_parse ] --END-- [ RunTime:0.004729s ]
INFO: [ view_filter ] --START--
INFO: Run Behavior\WriteHtmlCacheBehavior [ RunTime:0.000191s ]
INFO: [ view_filter ] --END-- [ RunTime:0.000212s ]
INFO: [ app_end ] --START--
INFO: Run Behavior\ShowPageTraceBehavior [ RunTime:0.000313s ]
INFO: [ app_end ] --END-- [ RunTime:0.000335s ]

[ 2019-05-09T16:27:00+08:00 ] 127.0.0.1 /Admin/Other/other/type/0.html
INFO: [ app_init ] --START--
INFO: Run Behavior\BuildLiteBehavior [ RunTime:0.000012s ]
INFO: [ app_init ] --END-- [ RunTime:0.000354s ]
INFO: [ app_begin ] --START--
INFO: Run Behavior\ReadHtmlCacheBehavior [ RunTime:0.000429s ]
INFO: [ app_begin ] --END-- [ RunTime:0.000483s ]
SQL: SHOW COLUMNS FROM `tbkl_other` [ RunTime:0.0035s ]
SQL: SELECT * FROM `tbkl_other` WHERE `type` = 0 LIMIT 1   [ RunTime:0.0002s ]
INFO: [ view_parse ] --START--
INFO: [ template_filter ] --START--
INFO: Run Behavior\ContentReplaceBehavior [ RunTime:0.000046s ]
INFO: [ template_filter ] --END-- [ RunTime:0.000078s ]
INFO: Run Behavior\ParseTemplateBehavior [ RunTime:0.003912s ]
INFO: [ view_parse ] --END-- [ RunTime:0.003945s ]
INFO: [ view_filter ] --START--
INFO: Run Behavior\WriteHtmlCacheBehavior [ RunTime:0.000193s ]
INFO: [ view_filter ] --END-- [ RunTime:0.000213s ]
INFO: [ app_end ] --START--
INFO: Run Behavior\ShowPageTraceBehavior [ RunTime:0.000313s ]
INFO: [ app_end ] --END-- [ RunTime:0.000336s ]

[ 2019-05-09T16:27:01+08:00 ] 127.0.0.1 /Admin/Other/other/type/1.html
INFO: [ app_init ] --START--
INFO: Run Behavior\BuildLiteBehavior [ RunTime:0.000011s ]
INFO: [ app_init ] --END-- [ RunTime:0.000735s ]
INFO: [ app_begin ] --START--
INFO: Run Behavior\ReadHtmlCacheBehavior [ RunTime:0.000315s ]
INFO: [ app_begin ] --END-- [ RunTime:0.000356s ]
SQL: SHOW COLUMNS FROM `tbkl_other` [ RunTime:0.0042s ]
SQL: SELECT * FROM `tbkl_other` WHERE `type` = 1 LIMIT 1   [ RunTime:0.0002s ]
INFO: [ view_parse ] --START--
INFO: [ template_filter ] --START--
INFO: Run Behavior\ContentReplaceBehavior [ RunTime:0.000115s ]
INFO: [ template_filter ] --END-- [ RunTime:0.000213s ]
INFO: Run Behavior\ParseTemplateBehavior [ RunTime:0.004417s ]
INFO: [ view_parse ] --END-- [ RunTime:0.004449s ]
INFO: [ view_filter ] --START--
INFO: Run Behavior\WriteHtmlCacheBehavior [ RunTime:0.000210s ]
INFO: [ view_filter ] --END-- [ RunTime:0.000235s ]
INFO: [ app_end ] --START--
INFO: Run Behavior\ShowPageTraceBehavior [ RunTime:0.007204s ]
INFO: [ app_end ] --END-- [ RunTime:0.007233s ]

[ 2019-05-09T16:27:01+08:00 ] 127.0.0.1 /Admin/Other/other/type/2.html
INFO: [ app_init ] --START--
INFO: Run Behavior\BuildLiteBehavior [ RunTime:0.000010s ]
INFO: [ app_init ] --END-- [ RunTime:0.000263s ]
INFO: [ app_begin ] --START--
INFO: Run Behavior\ReadHtmlCacheBehavior [ RunTime:0.000958s ]
INFO: [ app_begin ] --END-- [ RunTime:0.001020s ]
SQL: SHOW COLUMNS FROM `tbkl_other` [ RunTime:0.0036s ]
SQL: SELECT * FROM `tbkl_other` WHERE `type` = 2 LIMIT 1   [ RunTime:0.0002s ]
INFO: [ view_parse ] --START--
INFO: [ template_filter ] --START--
INFO: Run Behavior\ContentReplaceBehavior [ RunTime:0.000056s ]
INFO: [ template_filter ] --END-- [ RunTime:0.000099s ]
INFO: Run Behavior\ParseTemplateBehavior [ RunTime:0.005448s ]
INFO: [ view_parse ] --END-- [ RunTime:0.005484s ]
INFO: [ view_filter ] --START--
INFO: Run Behavior\WriteHtmlCacheBehavior [ RunTime:0.000216s ]
INFO: [ view_filter ] --END-- [ RunTime:0.000238s ]
INFO: [ app_end ] --START--
INFO: Run Behavior\ShowPageTraceBehavior [ RunTime:0.000435s ]
INFO: [ app_end ] --END-- [ RunTime:0.000490s ]

[ 2019-05-09T16:31:23+08:00 ] 127.0.0.1 /admin
INFO: [ app_init ] --START--
INFO: Run Behavior\BuildLiteBehavior [ RunTime:0.000015s ]
INFO: [ app_init ] --END-- [ RunTime:0.000236s ]
INFO: [ app_begin ] --START--
INFO: Run Behavior\ReadHtmlCacheBehavior [ RunTime:0.000342s ]
INFO: [ app_begin ] --END-- [ RunTime:0.000386s ]
INFO: [ view_parse ] --START--
INFO: [ template_filter ] --START--
INFO: Run Behavior\ContentReplaceBehavior [ RunTime:0.000082s ]
INFO: [ template_filter ] --END-- [ RunTime:0.000116s ]
INFO: Run Behavior\ParseTemplateBehavior [ RunTime:0.005325s ]
INFO: [ view_parse ] --END-- [ RunTime:0.005355s ]
INFO: [ view_filter ] --START--
INFO: Run Behavior\WriteHtmlCacheBehavior [ RunTime:0.000259s ]
INFO: [ view_filter ] --END-- [ RunTime:0.000281s ]
INFO: [ app_end ] --START--
INFO: Run Behavior\ShowPageTraceBehavior [ RunTime:0.000368s ]
INFO: [ app_end ] --END-- [ RunTime:0.000395s ]

[ 2019-05-09T16:31:23+08:00 ] 127.0.0.1 /Admin/Index/welcome.html
INFO: [ app_init ] --START--
INFO: Run Behavior\BuildLiteBehavior [ RunTime:0.000009s ]
INFO: [ app_init ] --END-- [ RunTime:0.000225s ]
INFO: [ app_begin ] --START--
INFO: Run Behavior\ReadHtmlCacheBehavior [ RunTime:0.000297s ]
INFO: [ app_begin ] --END-- [ RunTime:0.000336s ]
SQL: SHOW COLUMNS FROM `tbkl_order` [ RunTime:0.0034s ]
SQL: SELECT COUNT(id) AS tp_count FROM `tbkl_order` WHERE `status` = 0 LIMIT 1   [ RunTime:0.0002s ]
SQL: SELECT COUNT(id) AS tp_count FROM `tbkl_order` WHERE `status` = 1 LIMIT 1   [ RunTime:0.0001s ]
SQL: SELECT COUNT(id) AS tp_count FROM `tbkl_order` WHERE `pay_time` BETWEEN '1557331200' AND '1557417599' AND `status` = '1' GROUP BY members_id LIMIT 1   [ RunTime:0.0003s ]
SQL: SELECT COUNT(id) AS tp_count FROM `tbkl_order` WHERE `status` = 1 GROUP BY members_id LIMIT 1   [ RunTime:0.0002s ]
SQL: SHOW COLUMNS FROM `tbkl_members` [ RunTime:0.0036s ]
SQL: SELECT COUNT(id) AS tp_count FROM `tbkl_members` LIMIT 1   [ RunTime:0.0002s ]
INFO: [ view_parse ] --START--
INFO: [ template_filter ] --START--
INFO: Run Behavior\ContentReplaceBehavior [ RunTime:0.000062s ]
INFO: [ template_filter ] --END-- [ RunTime:0.000089s ]
NOTIC: [8] Undefined index: status3 D:\phpStudy\PHPTutorial\WWW\lljy.kailly.com\App\Runtime\Cache\Admin\d9e8c752db43d77c05cd2cf54a23d500.php 第 52 行.
NOTIC: [8] Undefined index: status4 D:\phpStudy\PHPTutorial\WWW\lljy.kailly.com\App\Runtime\Cache\Admin\d9e8c752db43d77c05cd2cf54a23d500.php 第 63 行.
NOTIC: [8] Undefined index: status5 D:\phpStudy\PHPTutorial\WWW\lljy.kailly.com\App\Runtime\Cache\Admin\d9e8c752db43d77c05cd2cf54a23d500.php 第 74 行.
NOTIC: [8] Undefined index: agent D:\phpStudy\PHPTutorial\WWW\lljy.kailly.com\App\Runtime\Cache\Admin\d9e8c752db43d77c05cd2cf54a23d500.php 第 131 行.
NOTIC: [8] Undefined index: agent D:\phpStudy\PHPTutorial\WWW\lljy.kailly.com\App\Runtime\Cache\Admin\d9e8c752db43d77c05cd2cf54a23d500.php 第 142 行.
INFO: Run Behavior\ParseTemplateBehavior [ RunTime:0.004715s ]
INFO: [ view_parse ] --END-- [ RunTime:0.004744s ]
INFO: [ view_filter ] --START--
INFO: Run Behavior\WriteHtmlCacheBehavior [ RunTime:0.000209s ]
INFO: [ view_filter ] --END-- [ RunTime:0.000229s ]
INFO: [ app_end ] --START--
INFO: Run Behavior\ShowPageTraceBehavior [ RunTime:0.000331s ]
INFO: [ app_end ] --END-- [ RunTime:0.000357s ]

[ 2019-05-09T16:31:25+08:00 ] 127.0.0.1 /Admin/Banner/banner.html
INFO: [ app_init ] --START--
INFO: Run Behavior\BuildLiteBehavior [ RunTime:0.000010s ]
INFO: [ app_init ] --END-- [ RunTime:0.000278s ]
INFO: [ app_begin ] --START--
INFO: Run Behavior\ReadHtmlCacheBehavior [ RunTime:0.000341s ]
INFO: [ app_begin ] --END-- [ RunTime:0.000385s ]
NOTIC: [8] Undefined variable: where D:\phpStudy\PHPTutorial\WWW\lljy.kailly.com\App\Admin\Controller\BannerController.class.php 第 12 行.
SQL: SHOW COLUMNS FROM `tbkl_banner` [ RunTime:0.0033s ]
SQL: SELECT COUNT(*) AS tp_count FROM `tbkl_banner` LIMIT 1   [ RunTime:0.0002s ]
NOTIC: [8] Undefined variable: where D:\phpStudy\PHPTutorial\WWW\lljy.kailly.com\App\Admin\Controller\BannerController.class.php 第 13 行.
SQL: SELECT * FROM `tbkl_banner` ORDER BY id desc LIMIT 0,10   [ RunTime:0.0002s ]
INFO: [ view_parse ] --START--
INFO: [ template_filter ] --START--
INFO: Run Behavior\ContentReplaceBehavior [ RunTime:0.000058s ]
INFO: [ template_filter ] --END-- [ RunTime:0.000096s ]
NOTIC: [8] Undefined index: keywords D:\phpStudy\PHPTutorial\WWW\lljy.kailly.com\App\Runtime\Cache\Admin\721b42c7281d7cb892c56b8f912e60b7.php 第 20 行.
INFO: Run Behavior\ParseTemplateBehavior [ RunTime:0.013996s ]
INFO: [ view_parse ] --END-- [ RunTime:0.014027s ]
INFO: [ view_filter ] --START--
INFO: Run Behavior\WriteHtmlCacheBehavior [ RunTime:0.000204s ]
INFO: [ view_filter ] --END-- [ RunTime:0.000225s ]
INFO: [ app_end ] --START--
INFO: Run Behavior\ShowPageTraceBehavior [ RunTime:0.000320s ]
INFO: [ app_end ] --END-- [ RunTime:0.000343s ]

[ 2019-05-09T16:31:26+08:00 ] 127.0.0.1 /Admin/Video/video_cate.html
INFO: [ app_init ] --START--
INFO: Run Behavior\BuildLiteBehavior [ RunTime:0.000009s ]
INFO: [ app_init ] --END-- [ RunTime:0.000232s ]
INFO: [ app_begin ] --START--
INFO: Run Behavior\ReadHtmlCacheBehavior [ RunTime:0.000308s ]
INFO: [ app_begin ] --END-- [ RunTime:0.000349s ]
NOTIC: [8] Undefined variable: where D:\phpStudy\PHPTutorial\WWW\lljy.kailly.com\App\Admin\Controller\VideoController.class.php 第 100 行.
SQL: SHOW COLUMNS FROM `tbkl_video_cate` [ RunTime:0.0031s ]
SQL: SELECT COUNT(*) AS tp_count FROM `tbkl_video_cate` LIMIT 1   [ RunTime:0.0001s ]
NOTIC: [8] Undefined variable: where D:\phpStudy\PHPTutorial\WWW\lljy.kailly.com\App\Admin\Controller\VideoController.class.php 第 101 行.
SQL: SELECT * FROM `tbkl_video_cate` ORDER BY id desc LIMIT 0,10   [ RunTime:0.0002s ]
INFO: [ view_parse ] --START--
INFO: [ template_filter ] --START--
INFO: Run Behavior\ContentReplaceBehavior [ RunTime:0.000051s ]
INFO: [ template_filter ] --END-- [ RunTime:0.000078s ]
NOTIC: [8] Undefined index: keywords D:\phpStudy\PHPTutorial\WWW\lljy.kailly.com\App\Runtime\Cache\Admin\190f24d424d0691a0ef8f892be3cae37.php 第 20 行.
INFO: Run Behavior\ParseTemplateBehavior [ RunTime:0.010481s ]
INFO: [ view_parse ] --END-- [ RunTime:0.010510s ]
INFO: [ view_filter ] --START--
INFO: Run Behavior\WriteHtmlCacheBehavior [ RunTime:0.000192s ]
INFO: [ view_filter ] --END-- [ RunTime:0.000213s ]
INFO: [ app_end ] --START--
INFO: Run Behavior\ShowPageTraceBehavior [ RunTime:0.000323s ]
INFO: [ app_end ] --END-- [ RunTime:0.000345s ]

[ 2019-05-09T16:31:26+08:00 ] 127.0.0.1 /Admin/Apply/apply.html
INFO: [ app_init ] --START--
INFO: Run Behavior\BuildLiteBehavior [ RunTime:0.000009s ]
INFO: [ app_init ] --END-- [ RunTime:0.000232s ]
INFO: [ app_begin ] --START--
INFO: Run Behavior\ReadHtmlCacheBehavior [ RunTime:0.000309s ]
INFO: [ app_begin ] --END-- [ RunTime:0.000351s ]
SQL: SHOW COLUMNS FROM `tbkl_apply` [ RunTime:0.0031s ]
SQL: SELECT COUNT(*) AS tp_count FROM `tbkl_apply` WHERE `flag` = '1' AND `status` = '1' LIMIT 1   [ RunTime:0.0009s ]
SQL: SELECT * FROM `tbkl_apply` WHERE `flag` = '1' AND `status` = '1' ORDER BY id desc LIMIT 0,10   [ RunTime:0.0003s ]
INFO: [ view_parse ] --START--
INFO: [ template_filter ] --START--
INFO: Run Behavior\ContentReplaceBehavior [ RunTime:0.000052s ]
INFO: [ template_filter ] --END-- [ RunTime:0.000080s ]
NOTIC: [8] Undefined index: keywords D:\phpStudy\PHPTutorial\WWW\lljy.kailly.com\App\Runtime\Cache\Admin\8b09a296dc70fc0069a981f051c7303d.php 第 20 行.
INFO: Run Behavior\ParseTemplateBehavior [ RunTime:0.016811s ]
INFO: [ view_parse ] --END-- [ RunTime:0.016838s ]
INFO: [ view_filter ] --START--
INFO: Run Behavior\WriteHtmlCacheBehavior [ RunTime:0.000193s ]
INFO: [ view_filter ] --END-- [ RunTime:0.000214s ]
INFO: [ app_end ] --START--
INFO: Run Behavior\ShowPageTraceBehavior [ RunTime:0.000314s ]
INFO: [ app_end ] --END-- [ RunTime:0.000337s ]

[ 2019-05-09T16:31:28+08:00 ] 127.0.0.1 /Admin/Members/index.html
INFO: [ app_init ] --START--
INFO: Run Behavior\BuildLiteBehavior [ RunTime:0.000009s ]
INFO: [ app_init ] --END-- [ RunTime:0.000283s ]
INFO: [ app_begin ] --START--
INFO: Run Behavior\ReadHtmlCacheBehavior [ RunTime:0.000316s ]
INFO: [ app_begin ] --END-- [ RunTime:0.000368s ]
NOTIC: [8] Undefined variable: where D:\phpStudy\PHPTutorial\WWW\lljy.kailly.com\App\Admin\Controller\MembersController.class.php 第 11 行.
SQL: SHOW COLUMNS FROM `tbkl_members` [ RunTime:0.0043s ]
SQL: SELECT COUNT(*) AS tp_count FROM `tbkl_members` LIMIT 1   [ RunTime:0.0002s ]
NOTIC: [8] Undefined variable: where D:\phpStudy\PHPTutorial\WWW\lljy.kailly.com\App\Admin\Controller\MembersController.class.php 第 12 行.
SQL: SELECT * FROM `tbkl_members` ORDER BY id desc LIMIT 0,10   [ RunTime:0.0004s ]
INFO: [ view_parse ] --START--
INFO: [ template_filter ] --START--
INFO: Run Behavior\ContentReplaceBehavior [ RunTime:0.000052s ]
INFO: [ template_filter ] --END-- [ RunTime:0.000084s ]
NOTIC: [8] Undefined index: keywords D:\phpStudy\PHPTutorial\WWW\lljy.kailly.com\App\Runtime\Cache\Admin\90bbd7c136d565cb7c9fc0d772ec5637.php 第 20 行.
INFO: Run Behavior\ParseTemplateBehavior [ RunTime:0.013930s ]
INFO: [ view_parse ] --END-- [ RunTime:0.013959s ]
INFO: [ view_filter ] --START--
INFO: Run Behavior\WriteHtmlCacheBehavior [ RunTime:0.000197s ]
INFO: [ view_filter ] --END-- [ RunTime:0.000218s ]
INFO: [ app_end ] --START--
INFO: Run Behavior\ShowPageTraceBehavior [ RunTime:0.000316s ]
INFO: [ app_end ] --END-- [ RunTime:0.000341s ]

[ 2019-05-09T16:31:29+08:00 ] 127.0.0.1 /Admin/Rbac/admin.html
INFO: [ app_init ] --START--
INFO: Run Behavior\BuildLiteBehavior [ RunTime:0.000010s ]
INFO: [ app_init ] --END-- [ RunTime:0.000256s ]
INFO: [ app_begin ] --START--
INFO: Run Behavior\ReadHtmlCacheBehavior [ RunTime:0.000349s ]
INFO: [ app_begin ] --END-- [ RunTime:0.000401s ]
SQL: SHOW COLUMNS FROM `tbkl_admin` [ RunTime:0.0030s ]
SQL: SELECT `id`,`name`,`status`,`create_time`,`phone`,`msg`,`role_id` FROM `tbkl_admin`  [ RunTime:0.0002s ]
SQL: SHOW COLUMNS FROM `tbkl_role` [ RunTime:0.0028s ]
NOTIC: [8] Undefined index: mapping_order D:\phpStudy\PHPTutorial\WWW\lljy.kailly.com\ThinkPHP\Library\Think\Model\RelationModel.class.php 第 186 行.
NOTIC: [8] Undefined index: mapping_limit D:\phpStudy\PHPTutorial\WWW\lljy.kailly.com\ThinkPHP\Library\Think\Model\RelationModel.class.php 第 187 行.
NOTIC: [8] Undefined index: relation_foreign_key D:\phpStudy\PHPTutorial\WWW\lljy.kailly.com\ThinkPHP\Library\Think\Model\RelationModel.class.php 第 188 行.
SQL: SELECT b.id,name,remark FROM tbkl_role_user AS a, tbkl_role AS b WHERE a.role_id = b.id AND a. user_id='1' [ RunTime:0.0002s ]
NOTIC: [8] Undefined index: mapping_order D:\phpStudy\PHPTutorial\WWW\lljy.kailly.com\ThinkPHP\Library\Think\Model\RelationModel.class.php 第 186 行.
NOTIC: [8] Undefined index: mapping_limit D:\phpStudy\PHPTutorial\WWW\lljy.kailly.com\ThinkPHP\Library\Think\Model\RelationModel.class.php 第 187 行.
NOTIC: [8] Undefined index: relation_foreign_key D:\phpStudy\PHPTutorial\WWW\lljy.kailly.com\ThinkPHP\Library\Think\Model\RelationModel.class.php 第 188 行.
SQL: SELECT b.id,name,remark FROM tbkl_role_user AS a, tbkl_role AS b WHERE a.role_id = b.id AND a. user_id='10' [ RunTime:0.0002s ]
NOTIC: [8] Undefined index: mapping_order D:\phpStudy\PHPTutorial\WWW\lljy.kailly.com\ThinkPHP\Library\Think\Model\RelationModel.class.php 第 186 行.
NOTIC: [8] Undefined index: mapping_limit D:\phpStudy\PHPTutorial\WWW\lljy.kailly.com\ThinkPHP\Library\Think\Model\RelationModel.class.php 第 187 行.
NOTIC: [8] Undefined index: relation_foreign_key D:\phpStudy\PHPTutorial\WWW\lljy.kailly.com\ThinkPHP\Library\Think\Model\RelationModel.class.php 第 188 行.
SQL: SELECT b.id,name,remark FROM tbkl_role_user AS a, tbkl_role AS b WHERE a.role_id = b.id AND a. user_id='9' [ RunTime:0.0001s ]
NOTIC: [8] Undefined index: mapping_order D:\phpStudy\PHPTutorial\WWW\lljy.kailly.com\ThinkPHP\Library\Think\Model\RelationModel.class.php 第 186 行.
NOTIC: [8] Undefined index: mapping_limit D:\phpStudy\PHPTutorial\WWW\lljy.kailly.com\ThinkPHP\Library\Think\Model\RelationModel.class.php 第 187 行.
NOTIC: [8] Undefined index: relation_foreign_key D:\phpStudy\PHPTutorial\WWW\lljy.kailly.com\ThinkPHP\Library\Think\Model\RelationModel.class.php 第 188 行.
SQL: SELECT b.id,name,remark FROM tbkl_role_user AS a, tbkl_role AS b WHERE a.role_id = b.id AND a. user_id='16' [ RunTime:0.0001s ]
INFO: [ view_parse ] --START--
INFO: [ template_filter ] --START--
INFO: Run Behavior\ContentReplaceBehavior [ RunTime:0.000073s ]
INFO: [ template_filter ] --END-- [ RunTime:0.000103s ]
NOTIC: [8] Use of undefined constant id - assumed 'id' D:\phpStudy\PHPTutorial\WWW\lljy.kailly.com\App\Runtime\Cache\Admin\1a22d5cabbebc65dd524936096e2f250.php 第 59 行.
NOTIC: [8] Undefined offset: 0 D:\phpStudy\PHPTutorial\WWW\lljy.kailly.com\App\Runtime\Cache\Admin\1a22d5cabbebc65dd524936096e2f250.php 第 59 行.
NOTIC: [8] Use of undefined constant id - assumed 'id' D:\phpStudy\PHPTutorial\WWW\lljy.kailly.com\App\Runtime\Cache\Admin\1a22d5cabbebc65dd524936096e2f250.php 第 59 行.
NOTIC: [8] Use of undefined constant id - assumed 'id' D:\phpStudy\PHPTutorial\WWW\lljy.kailly.com\App\Runtime\Cache\Admin\1a22d5cabbebc65dd524936096e2f250.php 第 59 行.
NOTIC: [8] Use of undefined constant id - assumed 'id' D:\phpStudy\PHPTutorial\WWW\lljy.kailly.com\App\Runtime\Cache\Admin\1a22d5cabbebc65dd524936096e2f250.php 第 59 行.
INFO: Run Behavior\ParseTemplateBehavior [ RunTime:0.011257s ]
INFO: [ view_parse ] --END-- [ RunTime:0.011280s ]
INFO: [ view_filter ] --START--
INFO: Run Behavior\WriteHtmlCacheBehavior [ RunTime:0.000194s ]
INFO: [ view_filter ] --END-- [ RunTime:0.000215s ]
INFO: [ app_end ] --START--
INFO: Run Behavior\ShowPageTraceBehavior [ RunTime:0.000339s ]
INFO: [ app_end ] --END-- [ RunTime:0.000365s ]

[ 2019-05-09T16:31:32+08:00 ] 127.0.0.1 /Admin/Base/index.html
INFO: [ app_init ] --START--
INFO: Run Behavior\BuildLiteBehavior [ RunTime:0.000009s ]
INFO: [ app_init ] --END-- [ RunTime:0.000238s ]
INFO: [ app_begin ] --START--
INFO: Run Behavior\ReadHtmlCacheBehavior [ RunTime:0.000414s ]
INFO: [ app_begin ] --END-- [ RunTime:0.000459s ]
SQL: SHOW COLUMNS FROM `tbkl_base` [ RunTime:0.0042s ]
SQL: SELECT * FROM `tbkl_base` LIMIT 1   [ RunTime:0.0003s ]
INFO: [ view_parse ] --START--
INFO: [ template_filter ] --START--
INFO: Run Behavior\ContentReplaceBehavior [ RunTime:0.000087s ]
INFO: [ template_filter ] --END-- [ RunTime:0.000121s ]
NOTIC: [8] Use of undefined constant base - assumed 'base' D:\phpStudy\PHPTutorial\WWW\lljy.kailly.com\App\Runtime\Cache\Admin\99c83e798043747f7816b95b9b5ec939.php 第 114 行.
INFO: Run Behavior\ParseTemplateBehavior [ RunTime:0.005621s ]
INFO: [ view_parse ] --END-- [ RunTime:0.005657s ]
INFO: [ view_filter ] --START--
INFO: Run Behavior\WriteHtmlCacheBehavior [ RunTime:0.000603s ]
INFO: [ view_filter ] --END-- [ RunTime:0.000699s ]
INFO: [ app_end ] --START--
INFO: Run Behavior\ShowPageTraceBehavior [ RunTime:0.001225s ]
INFO: [ app_end ] --END-- [ RunTime:0.001277s ]

[ 2019-05-09T16:31:33+08:00 ] 127.0.0.1 /Admin/Video/video_cate.html
INFO: [ app_init ] --START--
INFO: Run Behavior\BuildLiteBehavior [ RunTime:0.000008s ]
INFO: [ app_init ] --END-- [ RunTime:0.000235s ]
INFO: [ app_begin ] --START--
INFO: Run Behavior\ReadHtmlCacheBehavior [ RunTime:0.000602s ]
INFO: [ app_begin ] --END-- [ RunTime:0.000726s ]
NOTIC: [8] Undefined variable: where D:\phpStudy\PHPTutorial\WWW\lljy.kailly.com\App\Admin\Controller\VideoController.class.php 第 100 行.
SQL: SHOW COLUMNS FROM `tbkl_video_cate` [ RunTime:0.0030s ]
SQL: SELECT COUNT(*) AS tp_count FROM `tbkl_video_cate` LIMIT 1   [ RunTime:0.0001s ]
NOTIC: [8] Undefined variable: where D:\phpStudy\PHPTutorial\WWW\lljy.kailly.com\App\Admin\Controller\VideoController.class.php 第 101 行.
SQL: SELECT * FROM `tbkl_video_cate` ORDER BY id desc LIMIT 0,10   [ RunTime:0.0001s ]
INFO: [ view_parse ] --START--
INFO: [ template_filter ] --START--
INFO: Run Behavior\ContentReplaceBehavior [ RunTime:0.000051s ]
INFO: [ template_filter ] --END-- [ RunTime:0.000078s ]
NOTIC: [8] Undefined index: keywords D:\phpStudy\PHPTutorial\WWW\lljy.kailly.com\App\Runtime\Cache\Admin\190f24d424d0691a0ef8f892be3cae37.php 第 20 行.
INFO: Run Behavior\ParseTemplateBehavior [ RunTime:0.004688s ]
INFO: [ view_parse ] --END-- [ RunTime:0.004717s ]
INFO: [ view_filter ] --START--
INFO: Run Behavior\WriteHtmlCacheBehavior [ RunTime:0.000193s ]
INFO: [ view_filter ] --END-- [ RunTime:0.000214s ]
INFO: [ app_end ] --START--
INFO: Run Behavior\ShowPageTraceBehavior [ RunTime:0.000314s ]
INFO: [ app_end ] --END-- [ RunTime:0.000338s ]

[ 2019-05-09T16:31:35+08:00 ] 127.0.0.1 /Admin/Video/vip.html
INFO: [ app_init ] --START--
INFO: Run Behavior\BuildLiteBehavior [ RunTime:0.000013s ]
INFO: [ app_init ] --END-- [ RunTime:0.000286s ]
INFO: [ app_begin ] --START--
INFO: Run Behavior\ReadHtmlCacheBehavior [ RunTime:0.000429s ]
INFO: [ app_begin ] --END-- [ RunTime:0.000497s ]
NOTIC: [8] Undefined variable: where D:\phpStudy\PHPTutorial\WWW\lljy.kailly.com\App\Admin\Controller\VideoController.class.php 第 163 行.
SQL: SHOW COLUMNS FROM `tbkl_vip` [ RunTime:0.0031s ]
SQL: SELECT COUNT(*) AS tp_count FROM `tbkl_vip` LIMIT 1   [ RunTime:0.0001s ]
NOTIC: [8] Undefined variable: where D:\phpStudy\PHPTutorial\WWW\lljy.kailly.com\App\Admin\Controller\VideoController.class.php 第 164 行.
SQL: SELECT * FROM `tbkl_vip` ORDER BY id desc LIMIT 0,10   [ RunTime:0.0002s ]
INFO: [ view_parse ] --START--
INFO: [ template_filter ] --START--
INFO: Run Behavior\ContentReplaceBehavior [ RunTime:0.000053s ]
INFO: [ template_filter ] --END-- [ RunTime:0.000085s ]
NOTIC: [8] Undefined index: keywords D:\phpStudy\PHPTutorial\WWW\lljy.kailly.com\App\Runtime\Cache\Admin\16c80406e5dd4697158d17501255df85.php 第 20 行.
INFO: Run Behavior\ParseTemplateBehavior [ RunTime:0.017438s ]
INFO: [ view_parse ] --END-- [ RunTime:0.017467s ]
INFO: [ view_filter ] --START--
INFO: Run Behavior\WriteHtmlCacheBehavior [ RunTime:0.000191s ]
INFO: [ view_filter ] --END-- [ RunTime:0.000212s ]
INFO: [ app_end ] --START--
INFO: Run Behavior\ShowPageTraceBehavior [ RunTime:0.000310s ]
INFO: [ app_end ] --END-- [ RunTime:0.000332s ]

[ 2019-05-09T16:35:29+08:00 ] 127.0.0.1 /Admin/Base/index.html
INFO: [ app_init ] --START--
INFO: Run Behavior\BuildLiteBehavior [ RunTime:0.000009s ]
INFO: [ app_init ] --END-- [ RunTime:0.000270s ]
INFO: [ app_begin ] --START--
INFO: Run Behavior\ReadHtmlCacheBehavior [ RunTime:0.000338s ]
INFO: [ app_begin ] --END-- [ RunTime:0.000385s ]
SQL: SHOW COLUMNS FROM `tbkl_base` [ RunTime:0.0037s ]
SQL: SELECT * FROM `tbkl_base` LIMIT 1   [ RunTime:0.0006s ]
INFO: [ view_parse ] --START--
INFO: [ template_filter ] --START--
INFO: Run Behavior\ContentReplaceBehavior [ RunTime:0.000095s ]
INFO: [ template_filter ] --END-- [ RunTime:0.000126s ]
NOTIC: [8] Use of undefined constant base - assumed 'base' D:\phpStudy\PHPTutorial\WWW\lljy.kailly.com\App\Runtime\Cache\Admin\99c83e798043747f7816b95b9b5ec939.php 第 114 行.
INFO: Run Behavior\ParseTemplateBehavior [ RunTime:0.011345s ]
INFO: [ view_parse ] --END-- [ RunTime:0.011371s ]
INFO: [ view_filter ] --START--
INFO: Run Behavior\WriteHtmlCacheBehavior [ RunTime:0.000229s ]
INFO: [ view_filter ] --END-- [ RunTime:0.000250s ]
INFO: [ app_end ] --START--
INFO: Run Behavior\ShowPageTraceBehavior [ RunTime:0.000351s ]
INFO: [ app_end ] --END-- [ RunTime:0.000379s ]

