[ 2019-04-18T18:51:20+08:00 ] 127.0.0.1 /Admin/Banner/banner.html
INFO: [ app_init ] --START--
INFO: Run Behavior\BuildLiteBehavior [ RunTime:0.000008s ]
INFO: [ app_init ] --END-- [ RunTime:0.000319s ]
INFO: [ app_begin ] --START--
INFO: Run Behavior\ReadHtmlCacheBehavior [ RunTime:0.000815s ]
INFO: [ app_begin ] --END-- [ RunTime:0.000907s ]
SQL: SHOW COLUMNS FROM `tbkl_base` [ RunTime:0.0051s ]
SQL: SELECT `nopay_valid_time` FROM `tbkl_base` WHERE `id` = 1 LIMIT 1   [ RunTime:0.0002s ]
SQL: SHOW COLUMNS FROM `tbkl_mall_order` [ RunTime:0.0049s ]
SQL: SELECT * FROM `tbkl_mall_order` WHERE `status` = 0  [ RunTime:0.0002s ]
SQL: SHOW COLUMNS FROM `tbkl_group_order` [ RunTime:0.0047s ]
SQL: SELECT * FROM `tbkl_group_order` WHERE ( status=0 or status=1 )  [ RunTime:0.0001s ]
SQL: SHOW COLUMNS FROM `tbkl_members` [ RunTime:0.0047s ]
SQL: SELECT * FROM `tbkl_base` WHERE `id` = 1 LIMIT 1   [ RunTime:0.0002s ]
NOTIC: [8] Undefined variable: where D:\phpStudy\PHPTutorial\WWW\jyh.kailly.com\App\Admin\Controller\BannerController.class.php 第 12 行.
SQL: SHOW COLUMNS FROM `tbkl_banner` [ RunTime:0.0046s ]
SQL: SELECT COUNT(*) AS tp_count FROM `tbkl_banner` LIMIT 1   [ RunTime:0.0001s ]
NOTIC: [8] Undefined variable: where D:\phpStudy\PHPTutorial\WWW\jyh.kailly.com\App\Admin\Controller\BannerController.class.php 第 13 行.
SQL: SELECT * FROM `tbkl_banner` ORDER BY id desc LIMIT 0,10   [ RunTime:0.0001s ]
INFO: [ view_parse ] --START--
INFO: [ template_filter ] --START--
INFO: Run Behavior\ContentReplaceBehavior [ RunTime:0.000044s ]
INFO: [ template_filter ] --END-- [ RunTime:0.000072s ]
NOTIC: [8] Undefined index: keywords D:\phpStudy\PHPTutorial\WWW\jyh.kailly.com\App\Runtime\Cache\Admin\721b42c7281d7cb892c56b8f912e60b7.php 第 20 行.
INFO: Run Behavior\ParseTemplateBehavior [ RunTime:0.006491s ]
INFO: [ view_parse ] --END-- [ RunTime:0.006517s ]
INFO: [ view_filter ] --START--
INFO: Run Behavior\WriteHtmlCacheBehavior [ RunTime:0.000350s ]
INFO: [ view_filter ] --END-- [ RunTime:0.000372s ]
INFO: [ app_end ] --START--
INFO: Run Behavior\ShowPageTraceBehavior [ RunTime:0.000466s ]
INFO: [ app_end ] --END-- [ RunTime:0.000492s ]

[ 2019-04-18T18:51:21+08:00 ] 127.0.0.1 /Admin/Banner/banner.html
INFO: [ app_init ] --START--
INFO: Run Behavior\BuildLiteBehavior [ RunTime:0.000008s ]
INFO: [ app_init ] --END-- [ RunTime:0.000321s ]
INFO: [ app_begin ] --START--
INFO: Run Behavior\ReadHtmlCacheBehavior [ RunTime:0.000394s ]
INFO: [ app_begin ] --END-- [ RunTime:0.000436s ]
SQL: SHOW COLUMNS FROM `tbkl_base` [ RunTime:0.0052s ]
SQL: SELECT `nopay_valid_time` FROM `tbkl_base` WHERE `id` = 1 LIMIT 1   [ RunTime:0.0001s ]
SQL: SHOW COLUMNS FROM `tbkl_mall_order` [ RunTime:0.0049s ]
SQL: SELECT * FROM `tbkl_mall_order` WHERE `status` = 0  [ RunTime:0.0002s ]
SQL: SHOW COLUMNS FROM `tbkl_group_order` [ RunTime:0.0046s ]
SQL: SELECT * FROM `tbkl_group_order` WHERE ( status=0 or status=1 )  [ RunTime:0.0001s ]
SQL: SHOW COLUMNS FROM `tbkl_members` [ RunTime:0.0048s ]
SQL: SELECT * FROM `tbkl_base` WHERE `id` = 1 LIMIT 1   [ RunTime:0.0003s ]
NOTIC: [8] Undefined variable: where D:\phpStudy\PHPTutorial\WWW\jyh.kailly.com\App\Admin\Controller\BannerController.class.php 第 12 行.
SQL: SHOW COLUMNS FROM `tbkl_banner` [ RunTime:0.0047s ]
SQL: SELECT COUNT(*) AS tp_count FROM `tbkl_banner` LIMIT 1   [ RunTime:0.0001s ]
NOTIC: [8] Undefined variable: where D:\phpStudy\PHPTutorial\WWW\jyh.kailly.com\App\Admin\Controller\BannerController.class.php 第 13 行.
SQL: SELECT * FROM `tbkl_banner` ORDER BY id desc LIMIT 0,10   [ RunTime:0.0002s ]
INFO: [ view_parse ] --START--
INFO: [ template_filter ] --START--
INFO: Run Behavior\ContentReplaceBehavior [ RunTime:0.000047s ]
INFO: [ template_filter ] --END-- [ RunTime:0.000073s ]
NOTIC: [8] Undefined index: keywords D:\phpStudy\PHPTutorial\WWW\jyh.kailly.com\App\Runtime\Cache\Admin\721b42c7281d7cb892c56b8f912e60b7.php 第 20 行.
INFO: Run Behavior\ParseTemplateBehavior [ RunTime:0.005835s ]
INFO: [ view_parse ] --END-- [ RunTime:0.005861s ]
INFO: [ view_filter ] --START--
INFO: Run Behavior\WriteHtmlCacheBehavior [ RunTime:0.000305s ]
INFO: [ view_filter ] --END-- [ RunTime:0.000326s ]
INFO: [ app_end ] --START--
INFO: Run Behavior\ShowPageTraceBehavior [ RunTime:0.000404s ]
INFO: [ app_end ] --END-- [ RunTime:0.000430s ]

[ 2019-04-18T18:51:21+08:00 ] 127.0.0.1 /Admin/Notice/notice.html
INFO: [ app_init ] --START--
INFO: Run Behavior\BuildLiteBehavior [ RunTime:0.000009s ]
INFO: [ app_init ] --END-- [ RunTime:0.000359s ]
INFO: [ app_begin ] --START--
INFO: Run Behavior\ReadHtmlCacheBehavior [ RunTime:0.000340s ]
INFO: [ app_begin ] --END-- [ RunTime:0.000380s ]
SQL: SHOW COLUMNS FROM `tbkl_base` [ RunTime:0.0052s ]
SQL: SELECT `nopay_valid_time` FROM `tbkl_base` WHERE `id` = 1 LIMIT 1   [ RunTime:0.0002s ]
SQL: SHOW COLUMNS FROM `tbkl_mall_order` [ RunTime:0.0050s ]
SQL: SELECT * FROM `tbkl_mall_order` WHERE `status` = 0  [ RunTime:0.0002s ]
SQL: SHOW COLUMNS FROM `tbkl_group_order` [ RunTime:0.0046s ]
SQL: SELECT * FROM `tbkl_group_order` WHERE ( status=0 or status=1 )  [ RunTime:0.0001s ]
SQL: SHOW COLUMNS FROM `tbkl_members` [ RunTime:0.0047s ]
SQL: SELECT * FROM `tbkl_base` WHERE `id` = 1 LIMIT 1   [ RunTime:0.0003s ]
NOTIC: [8] Undefined variable: where D:\phpStudy\PHPTutorial\WWW\jyh.kailly.com\App\Admin\Controller\NoticeController.class.php 第 12 行.
SQL: SHOW COLUMNS FROM `tbkl_notice` [ RunTime:0.0048s ]
SQL: SELECT COUNT(*) AS tp_count FROM `tbkl_notice` LIMIT 1   [ RunTime:0.0001s ]
NOTIC: [8] Undefined variable: where D:\phpStudy\PHPTutorial\WWW\jyh.kailly.com\App\Admin\Controller\NoticeController.class.php 第 13 行.
SQL: SELECT * FROM `tbkl_notice` ORDER BY id desc LIMIT 0,10   [ RunTime:0.0001s ]
INFO: [ view_parse ] --START--
INFO: [ template_filter ] --START--
INFO: Run Behavior\ContentReplaceBehavior [ RunTime:0.000046s ]
INFO: [ template_filter ] --END-- [ RunTime:0.000073s ]
NOTIC: [8] Undefined index: keywords D:\phpStudy\PHPTutorial\WWW\jyh.kailly.com\App\Runtime\Cache\Admin\d5b1def8ed5639dc0f6998ae84ff0918.php 第 20 行.
INFO: Run Behavior\ParseTemplateBehavior [ RunTime:0.005272s ]
INFO: [ view_parse ] --END-- [ RunTime:0.005300s ]
INFO: [ view_filter ] --START--
INFO: Run Behavior\WriteHtmlCacheBehavior [ RunTime:0.000237s ]
INFO: [ view_filter ] --END-- [ RunTime:0.000258s ]
INFO: [ app_end ] --START--
INFO: Run Behavior\ShowPageTraceBehavior [ RunTime:0.000358s ]
INFO: [ app_end ] --END-- [ RunTime:0.000382s ]

[ 2019-04-18T18:51:22+08:00 ] 127.0.0.1 /Admin/Notice/notice.html
INFO: [ app_init ] --START--
INFO: Run Behavior\BuildLiteBehavior [ RunTime:0.000008s ]
INFO: [ app_init ] --END-- [ RunTime:0.000273s ]
INFO: [ app_begin ] --START--
INFO: Run Behavior\ReadHtmlCacheBehavior [ RunTime:0.000350s ]
INFO: [ app_begin ] --END-- [ RunTime:0.000391s ]
SQL: SHOW COLUMNS FROM `tbkl_base` [ RunTime:0.0052s ]
SQL: SELECT `nopay_valid_time` FROM `tbkl_base` WHERE `id` = 1 LIMIT 1   [ RunTime:0.0001s ]
SQL: SHOW COLUMNS FROM `tbkl_mall_order` [ RunTime:0.0048s ]
SQL: SELECT * FROM `tbkl_mall_order` WHERE `status` = 0  [ RunTime:0.0002s ]
SQL: SHOW COLUMNS FROM `tbkl_group_order` [ RunTime:0.0047s ]
SQL: SELECT * FROM `tbkl_group_order` WHERE ( status=0 or status=1 )  [ RunTime:0.0001s ]
SQL: SHOW COLUMNS FROM `tbkl_members` [ RunTime:0.0050s ]
SQL: SELECT * FROM `tbkl_base` WHERE `id` = 1 LIMIT 1   [ RunTime:0.0003s ]
NOTIC: [8] Undefined variable: where D:\phpStudy\PHPTutorial\WWW\jyh.kailly.com\App\Admin\Controller\NoticeController.class.php 第 12 行.
SQL: SHOW COLUMNS FROM `tbkl_notice` [ RunTime:0.0047s ]
SQL: SELECT COUNT(*) AS tp_count FROM `tbkl_notice` LIMIT 1   [ RunTime:0.0001s ]
NOTIC: [8] Undefined variable: where D:\phpStudy\PHPTutorial\WWW\jyh.kailly.com\App\Admin\Controller\NoticeController.class.php 第 13 行.
SQL: SELECT * FROM `tbkl_notice` ORDER BY id desc LIMIT 0,10   [ RunTime:0.0001s ]
INFO: [ view_parse ] --START--
INFO: [ template_filter ] --START--
INFO: Run Behavior\ContentReplaceBehavior [ RunTime:0.000044s ]
INFO: [ template_filter ] --END-- [ RunTime:0.000071s ]
NOTIC: [8] Undefined index: keywords D:\phpStudy\PHPTutorial\WWW\jyh.kailly.com\App\Runtime\Cache\Admin\d5b1def8ed5639dc0f6998ae84ff0918.php 第 20 行.
INFO: Run Behavior\ParseTemplateBehavior [ RunTime:0.005141s ]
INFO: [ view_parse ] --END-- [ RunTime:0.005168s ]
INFO: [ view_filter ] --START--
INFO: Run Behavior\WriteHtmlCacheBehavior [ RunTime:0.000230s ]
INFO: [ view_filter ] --END-- [ RunTime:0.000252s ]
INFO: [ app_end ] --START--
INFO: Run Behavior\ShowPageTraceBehavior [ RunTime:0.000359s ]
INFO: [ app_end ] --END-- [ RunTime:0.000382s ]

[ 2019-04-18T18:51:23+08:00 ] 127.0.0.1 /Admin/Product/product_cate.html
INFO: [ app_init ] --START--
INFO: Run Behavior\BuildLiteBehavior [ RunTime:0.000009s ]
INFO: [ app_init ] --END-- [ RunTime:0.000288s ]
INFO: [ app_begin ] --START--
INFO: Run Behavior\ReadHtmlCacheBehavior [ RunTime:0.000361s ]
INFO: [ app_begin ] --END-- [ RunTime:0.000403s ]
SQL: SHOW COLUMNS FROM `tbkl_base` [ RunTime:0.0053s ]
SQL: SELECT `nopay_valid_time` FROM `tbkl_base` WHERE `id` = 1 LIMIT 1   [ RunTime:0.0002s ]
SQL: SHOW COLUMNS FROM `tbkl_mall_order` [ RunTime:0.0054s ]
SQL: SELECT * FROM `tbkl_mall_order` WHERE `status` = 0  [ RunTime:0.0002s ]
SQL: SHOW COLUMNS FROM `tbkl_group_order` [ RunTime:0.0047s ]
SQL: SELECT * FROM `tbkl_group_order` WHERE ( status=0 or status=1 )  [ RunTime:0.0002s ]
SQL: SHOW COLUMNS FROM `tbkl_members` [ RunTime:0.0048s ]
SQL: SELECT * FROM `tbkl_base` WHERE `id` = 1 LIMIT 1   [ RunTime:0.0002s ]
SQL: SHOW COLUMNS FROM `tbkl_product_cate` [ RunTime:0.0048s ]
SQL: SELECT * FROM `tbkl_product_cate` ORDER BY sort ASC  [ RunTime:0.0002s ]
INFO: [ view_parse ] --START--
INFO: [ template_filter ] --START--
INFO: Run Behavior\ContentReplaceBehavior [ RunTime:0.000085s ]
INFO: [ template_filter ] --END-- [ RunTime:0.000113s ]
NOTIC: [8] Undefined index: html D:\phpStudy\PHPTutorial\WWW\jyh.kailly.com\App\Runtime\Cache\Admin\e0b052fcdc98ee055b6e45253f74ea4b.php 第 47 行.
NOTIC: [8] Undefined index: level D:\phpStudy\PHPTutorial\WWW\jyh.kailly.com\App\Runtime\Cache\Admin\e0b052fcdc98ee055b6e45253f74ea4b.php 第 63 行.
NOTIC: [8] Undefined index: html D:\phpStudy\PHPTutorial\WWW\jyh.kailly.com\App\Runtime\Cache\Admin\e0b052fcdc98ee055b6e45253f74ea4b.php 第 47 行.
NOTIC: [8] Undefined index: level D:\phpStudy\PHPTutorial\WWW\jyh.kailly.com\App\Runtime\Cache\Admin\e0b052fcdc98ee055b6e45253f74ea4b.php 第 63 行.
INFO: Run Behavior\ParseTemplateBehavior [ RunTime:0.009535s ]
INFO: [ view_parse ] --END-- [ RunTime:0.009564s ]
INFO: [ view_filter ] --START--
INFO: Run Behavior\WriteHtmlCacheBehavior [ RunTime:0.000245s ]
INFO: [ view_filter ] --END-- [ RunTime:0.000266s ]
INFO: [ app_end ] --START--
INFO: Run Behavior\ShowPageTraceBehavior [ RunTime:0.000356s ]
INFO: [ app_end ] --END-- [ RunTime:0.000379s ]

[ 2019-04-18T18:51:23+08:00 ] 127.0.0.1 /Admin/Product/number.html
INFO: [ app_init ] --START--
INFO: Run Behavior\BuildLiteBehavior [ RunTime:0.000010s ]
INFO: [ app_init ] --END-- [ RunTime:0.000333s ]
INFO: [ app_begin ] --START--
INFO: Run Behavior\ReadHtmlCacheBehavior [ RunTime:0.000419s ]
INFO: [ app_begin ] --END-- [ RunTime:0.000467s ]
SQL: SHOW COLUMNS FROM `tbkl_base` [ RunTime:0.0054s ]
SQL: SELECT `nopay_valid_time` FROM `tbkl_base` WHERE `id` = 1 LIMIT 1   [ RunTime:0.0001s ]
SQL: SHOW COLUMNS FROM `tbkl_mall_order` [ RunTime:0.0049s ]
SQL: SELECT * FROM `tbkl_mall_order` WHERE `status` = 0  [ RunTime:0.0002s ]
SQL: SHOW COLUMNS FROM `tbkl_group_order` [ RunTime:0.0047s ]
SQL: SELECT * FROM `tbkl_group_order` WHERE ( status=0 or status=1 )  [ RunTime:0.0001s ]
SQL: SHOW COLUMNS FROM `tbkl_members` [ RunTime:0.0047s ]
SQL: SELECT * FROM `tbkl_base` WHERE `id` = 1 LIMIT 1   [ RunTime:0.0002s ]
SQL: SHOW COLUMNS FROM `tbkl_number` [ RunTime:0.0054s ]
SQL: SELECT * FROM `tbkl_number` ORDER BY id desc  [ RunTime:0.0002s ]
NOTIC: [8] Undefined index: pid D:\phpStudy\PHPTutorial\WWW\jyh.kailly.com\App\Common\Common\function.php 第 106 行.
NOTIC: [8] Undefined index: pid D:\phpStudy\PHPTutorial\WWW\jyh.kailly.com\App\Common\Common\function.php 第 106 行.
NOTIC: [8] Undefined index: pid D:\phpStudy\PHPTutorial\WWW\jyh.kailly.com\App\Common\Common\function.php 第 106 行.
NOTIC: [8] Undefined index: pid D:\phpStudy\PHPTutorial\WWW\jyh.kailly.com\App\Common\Common\function.php 第 106 行.
NOTIC: [8] Undefined index: pid D:\phpStudy\PHPTutorial\WWW\jyh.kailly.com\App\Common\Common\function.php 第 106 行.
NOTIC: [8] Undefined index: pid D:\phpStudy\PHPTutorial\WWW\jyh.kailly.com\App\Common\Common\function.php 第 106 行.
INFO: [ view_parse ] --START--
INFO: [ template_filter ] --START--
INFO: Run Behavior\ContentReplaceBehavior [ RunTime:0.000052s ]
INFO: [ template_filter ] --END-- [ RunTime:0.000079s ]
INFO: Run Behavior\ParseTemplateBehavior [ RunTime:0.012243s ]
INFO: [ view_parse ] --END-- [ RunTime:0.012271s ]
INFO: [ view_filter ] --START--
INFO: Run Behavior\WriteHtmlCacheBehavior [ RunTime:0.000230s ]
INFO: [ view_filter ] --END-- [ RunTime:0.000253s ]
INFO: [ app_end ] --START--
INFO: Run Behavior\ShowPageTraceBehavior [ RunTime:0.000347s ]
INFO: [ app_end ] --END-- [ RunTime:0.000372s ]

[ 2019-04-18T18:51:24+08:00 ] 127.0.0.1 /Admin/Product/product.html
INFO: [ app_init ] --START--
INFO: Run Behavior\BuildLiteBehavior [ RunTime:0.000008s ]
INFO: [ app_init ] --END-- [ RunTime:0.000274s ]
INFO: [ app_begin ] --START--
INFO: Run Behavior\ReadHtmlCacheBehavior [ RunTime:0.000356s ]
INFO: [ app_begin ] --END-- [ RunTime:0.000397s ]
SQL: SHOW COLUMNS FROM `tbkl_base` [ RunTime:0.0052s ]
SQL: SELECT `nopay_valid_time` FROM `tbkl_base` WHERE `id` = 1 LIMIT 1   [ RunTime:0.0001s ]
SQL: SHOW COLUMNS FROM `tbkl_mall_order` [ RunTime:0.0049s ]
SQL: SELECT * FROM `tbkl_mall_order` WHERE `status` = 0  [ RunTime:0.0002s ]
SQL: SHOW COLUMNS FROM `tbkl_group_order` [ RunTime:0.0048s ]
SQL: SELECT * FROM `tbkl_group_order` WHERE ( status=0 or status=1 )  [ RunTime:0.0002s ]
SQL: SHOW COLUMNS FROM `tbkl_members` [ RunTime:0.0048s ]
SQL: SELECT * FROM `tbkl_base` WHERE `id` = 1 LIMIT 1   [ RunTime:0.0002s ]
SQL: SHOW COLUMNS FROM `tbkl_product_cate` [ RunTime:0.0047s ]
SQL: SELECT * FROM `tbkl_product_cate` WHERE `status` = 1  [ RunTime:0.0001s ]
SQL: SHOW COLUMNS FROM `tbkl_number` [ RunTime:0.0046s ]
SQL: SELECT * FROM `tbkl_number` WHERE `status` = 1  [ RunTime:0.0001s ]
NOTIC: [8] Undefined index: pid D:\phpStudy\PHPTutorial\WWW\jyh.kailly.com\App\Common\Common\function.php 第 90 行.
NOTIC: [8] Undefined index: pid D:\phpStudy\PHPTutorial\WWW\jyh.kailly.com\App\Common\Common\function.php 第 90 行.
NOTIC: [8] Undefined index: pid D:\phpStudy\PHPTutorial\WWW\jyh.kailly.com\App\Common\Common\function.php 第 90 行.
NOTIC: [8] Undefined index: pid D:\phpStudy\PHPTutorial\WWW\jyh.kailly.com\App\Common\Common\function.php 第 90 行.
NOTIC: [8] Undefined index: pid D:\phpStudy\PHPTutorial\WWW\jyh.kailly.com\App\Common\Common\function.php 第 90 行.
NOTIC: [8] Undefined index: pid D:\phpStudy\PHPTutorial\WWW\jyh.kailly.com\App\Common\Common\function.php 第 90 行.
NOTIC: [8] Undefined variable: where D:\phpStudy\PHPTutorial\WWW\jyh.kailly.com\App\Admin\Controller\ProductController.class.php 第 31 行.
SQL: SHOW COLUMNS FROM `tbkl_product` [ RunTime:0.0052s ]
SQL: SELECT COUNT(*) AS tp_count FROM `tbkl_product` LIMIT 1   [ RunTime:0.0001s ]
NOTIC: [8] Undefined variable: where D:\phpStudy\PHPTutorial\WWW\jyh.kailly.com\App\Admin\Controller\ProductController.class.php 第 32 行.
SQL: SELECT * FROM `tbkl_product` ORDER BY id desc LIMIT 0,10   [ RunTime:0.0002s ]
SQL: SELECT `id`,`name` FROM `tbkl_product_cate` WHERE `status` = 1  [ RunTime:0.0001s ]
SQL: SELECT `id`,`num` FROM `tbkl_number` WHERE `status` = 1  [ RunTime:0.0001s ]
NOTIC: [8] Undefined offset: 3 D:\phpStudy\PHPTutorial\WWW\jyh.kailly.com\App\Admin\Controller\ProductController.class.php 第 40 行.
INFO: [ view_parse ] --START--
INFO: [ template_filter ] --START--
INFO: Run Behavior\ContentReplaceBehavior [ RunTime:0.000066s ]
INFO: [ template_filter ] --END-- [ RunTime:0.000093s ]
NOTIC: [8] Undefined index: cate_id D:\phpStudy\PHPTutorial\WWW\jyh.kailly.com\App\Runtime\Cache\Admin\6ecefd51259769aaff3cbc9f60bca4e0.php 第 28 行.
NOTIC: [8] Undefined index: cate_id D:\phpStudy\PHPTutorial\WWW\jyh.kailly.com\App\Runtime\Cache\Admin\6ecefd51259769aaff3cbc9f60bca4e0.php 第 28 行.
NOTIC: [8] Undefined index: cate_id D:\phpStudy\PHPTutorial\WWW\jyh.kailly.com\App\Runtime\Cache\Admin\6ecefd51259769aaff3cbc9f60bca4e0.php 第 32 行.
NOTIC: [8] Undefined index: cate_id D:\phpStudy\PHPTutorial\WWW\jyh.kailly.com\App\Runtime\Cache\Admin\6ecefd51259769aaff3cbc9f60bca4e0.php 第 32 行.
NOTIC: [8] Undefined index: name D:\phpStudy\PHPTutorial\WWW\jyh.kailly.com\App\Runtime\Cache\Admin\6ecefd51259769aaff3cbc9f60bca4e0.php 第 39 行.
INFO: Run Behavior\ParseTemplateBehavior [ RunTime:0.012690s ]
INFO: [ view_parse ] --END-- [ RunTime:0.012718s ]
INFO: [ view_filter ] --START--
INFO: Run Behavior\WriteHtmlCacheBehavior [ RunTime:0.000241s ]
INFO: [ view_filter ] --END-- [ RunTime:0.000262s ]
INFO: [ app_end ] --START--
INFO: Run Behavior\ShowPageTraceBehavior [ RunTime:0.000367s ]
INFO: [ app_end ] --END-- [ RunTime:0.000394s ]

[ 2019-04-18T18:51:25+08:00 ] 127.0.0.1 /Admin/Product/code.html
INFO: [ app_init ] --START--
INFO: Run Behavior\BuildLiteBehavior [ RunTime:0.000017s ]
INFO: [ app_init ] --END-- [ RunTime:0.000792s ]
INFO: [ app_begin ] --START--
INFO: Run Behavior\ReadHtmlCacheBehavior [ RunTime:0.000434s ]
INFO: [ app_begin ] --END-- [ RunTime:0.000489s ]
SQL: SHOW COLUMNS FROM `tbkl_base` [ RunTime:0.0053s ]
SQL: SELECT `nopay_valid_time` FROM `tbkl_base` WHERE `id` = 1 LIMIT 1   [ RunTime:0.0001s ]
SQL: SHOW COLUMNS FROM `tbkl_mall_order` [ RunTime:0.0049s ]
SQL: SELECT * FROM `tbkl_mall_order` WHERE `status` = 0  [ RunTime:0.0002s ]
SQL: SHOW COLUMNS FROM `tbkl_group_order` [ RunTime:0.0048s ]
SQL: SELECT * FROM `tbkl_group_order` WHERE ( status=0 or status=1 )  [ RunTime:0.0002s ]
SQL: SHOW COLUMNS FROM `tbkl_members` [ RunTime:0.0048s ]
SQL: SELECT * FROM `tbkl_base` WHERE `id` = 1 LIMIT 1   [ RunTime:0.0002s ]
SQL: SHOW COLUMNS FROM `tbkl_number` [ RunTime:0.0046s ]
SQL: SELECT * FROM `tbkl_number` WHERE `status` = 1  [ RunTime:0.0002s ]
NOTIC: [8] Undefined index: pid D:\phpStudy\PHPTutorial\WWW\jyh.kailly.com\App\Common\Common\function.php 第 90 行.
NOTIC: [8] Undefined index: pid D:\phpStudy\PHPTutorial\WWW\jyh.kailly.com\App\Common\Common\function.php 第 90 行.
NOTIC: [8] Undefined index: pid D:\phpStudy\PHPTutorial\WWW\jyh.kailly.com\App\Common\Common\function.php 第 90 行.
NOTIC: [8] Undefined index: pid D:\phpStudy\PHPTutorial\WWW\jyh.kailly.com\App\Common\Common\function.php 第 90 行.
NOTIC: [8] Undefined index: pid D:\phpStudy\PHPTutorial\WWW\jyh.kailly.com\App\Common\Common\function.php 第 90 行.
NOTIC: [8] Undefined index: pid D:\phpStudy\PHPTutorial\WWW\jyh.kailly.com\App\Common\Common\function.php 第 90 行.
NOTIC: [8] Undefined variable: where D:\phpStudy\PHPTutorial\WWW\jyh.kailly.com\App\Admin\Controller\ProductController.class.php 第 202 行.
SQL: SHOW COLUMNS FROM `tbkl_code` [ RunTime:0.0052s ]
SQL: SELECT COUNT(*) AS tp_count FROM `tbkl_code` LIMIT 1   [ RunTime:0.0001s ]
NOTIC: [8] Undefined variable: where D:\phpStudy\PHPTutorial\WWW\jyh.kailly.com\App\Admin\Controller\ProductController.class.php 第 203 行.
SQL: SELECT * FROM `tbkl_code` ORDER BY id desc LIMIT 0,10   [ RunTime:0.0003s ]
INFO: [ view_parse ] --START--
INFO: [ template_filter ] --START--
INFO: Run Behavior\ContentReplaceBehavior [ RunTime:0.000053s ]
INFO: [ template_filter ] --END-- [ RunTime:0.000084s ]
NOTIC: [8] Undefined index: keywords D:\phpStudy\PHPTutorial\WWW\jyh.kailly.com\App\Runtime\Cache\Admin\07632b8c91588a447e76d6808685bcdc.php 第 24 行.
INFO: Run Behavior\ParseTemplateBehavior [ RunTime:0.017990s ]
INFO: [ view_parse ] --END-- [ RunTime:0.018019s ]
INFO: [ view_filter ] --START--
INFO: Run Behavior\WriteHtmlCacheBehavior [ RunTime:0.000242s ]
INFO: [ view_filter ] --END-- [ RunTime:0.000263s ]
INFO: [ app_end ] --START--
INFO: Run Behavior\ShowPageTraceBehavior [ RunTime:0.000368s ]
INFO: [ app_end ] --END-- [ RunTime:0.000392s ]

[ 2019-04-18T18:51:26+08:00 ] 127.0.0.1 /Admin/Product/tips.html
INFO: [ app_init ] --START--
INFO: Run Behavior\BuildLiteBehavior [ RunTime:0.000008s ]
INFO: [ app_init ] --END-- [ RunTime:0.000278s ]
INFO: [ app_begin ] --START--
INFO: Run Behavior\ReadHtmlCacheBehavior [ RunTime:0.000352s ]
INFO: [ app_begin ] --END-- [ RunTime:0.000393s ]
SQL: SHOW COLUMNS FROM `tbkl_base` [ RunTime:0.0051s ]
SQL: SELECT `nopay_valid_time` FROM `tbkl_base` WHERE `id` = 1 LIMIT 1   [ RunTime:0.0001s ]
SQL: SHOW COLUMNS FROM `tbkl_mall_order` [ RunTime:0.0048s ]
SQL: SELECT * FROM `tbkl_mall_order` WHERE `status` = 0  [ RunTime:0.0002s ]
SQL: SHOW COLUMNS FROM `tbkl_group_order` [ RunTime:0.0048s ]
SQL: SELECT * FROM `tbkl_group_order` WHERE ( status=0 or status=1 )  [ RunTime:0.0002s ]
SQL: SHOW COLUMNS FROM `tbkl_members` [ RunTime:0.0050s ]
SQL: SELECT * FROM `tbkl_base` WHERE `id` = 1 LIMIT 1   [ RunTime:0.0002s ]
SQL: SHOW COLUMNS FROM `tbkl_tips` [ RunTime:0.0051s ]
SQL: SELECT * FROM `tbkl_tips` WHERE `id` = 1 LIMIT 1   [ RunTime:0.0107s ]
INFO: [ view_parse ] --START--
INFO: [ template_filter ] --START--
INFO: Run Behavior\ContentReplaceBehavior [ RunTime:0.000055s ]
INFO: [ template_filter ] --END-- [ RunTime:0.000082s ]
INFO: Run Behavior\ParseTemplateBehavior [ RunTime:0.009702s ]
INFO: [ view_parse ] --END-- [ RunTime:0.009733s ]
INFO: [ view_filter ] --START--
INFO: Run Behavior\WriteHtmlCacheBehavior [ RunTime:0.000234s ]
INFO: [ view_filter ] --END-- [ RunTime:0.000254s ]
INFO: [ app_end ] --START--
INFO: Run Behavior\ShowPageTraceBehavior [ RunTime:0.000364s ]
INFO: [ app_end ] --END-- [ RunTime:0.000387s ]

[ 2019-04-18T18:51:27+08:00 ] 127.0.0.1 /Admin/Product/code.html
INFO: [ app_init ] --START--
INFO: Run Behavior\BuildLiteBehavior [ RunTime:0.000008s ]
INFO: [ app_init ] --END-- [ RunTime:0.000283s ]
INFO: [ app_begin ] --START--
INFO: Run Behavior\ReadHtmlCacheBehavior [ RunTime:0.000340s ]
INFO: [ app_begin ] --END-- [ RunTime:0.000379s ]
SQL: SHOW COLUMNS FROM `tbkl_base` [ RunTime:0.0062s ]
SQL: SELECT `nopay_valid_time` FROM `tbkl_base` WHERE `id` = 1 LIMIT 1   [ RunTime:0.0002s ]
SQL: SHOW COLUMNS FROM `tbkl_mall_order` [ RunTime:0.0049s ]
SQL: SELECT * FROM `tbkl_mall_order` WHERE `status` = 0  [ RunTime:0.0002s ]
SQL: SHOW COLUMNS FROM `tbkl_group_order` [ RunTime:0.0050s ]
SQL: SELECT * FROM `tbkl_group_order` WHERE ( status=0 or status=1 )  [ RunTime:0.0002s ]
SQL: SHOW COLUMNS FROM `tbkl_members` [ RunTime:0.0052s ]
SQL: SELECT * FROM `tbkl_base` WHERE `id` = 1 LIMIT 1   [ RunTime:0.0002s ]
SQL: SHOW COLUMNS FROM `tbkl_number` [ RunTime:0.0048s ]
SQL: SELECT * FROM `tbkl_number` WHERE `status` = 1  [ RunTime:0.0001s ]
NOTIC: [8] Undefined index: pid D:\phpStudy\PHPTutorial\WWW\jyh.kailly.com\App\Common\Common\function.php 第 90 行.
NOTIC: [8] Undefined index: pid D:\phpStudy\PHPTutorial\WWW\jyh.kailly.com\App\Common\Common\function.php 第 90 行.
NOTIC: [8] Undefined index: pid D:\phpStudy\PHPTutorial\WWW\jyh.kailly.com\App\Common\Common\function.php 第 90 行.
NOTIC: [8] Undefined index: pid D:\phpStudy\PHPTutorial\WWW\jyh.kailly.com\App\Common\Common\function.php 第 90 行.
NOTIC: [8] Undefined index: pid D:\phpStudy\PHPTutorial\WWW\jyh.kailly.com\App\Common\Common\function.php 第 90 行.
NOTIC: [8] Undefined index: pid D:\phpStudy\PHPTutorial\WWW\jyh.kailly.com\App\Common\Common\function.php 第 90 行.
NOTIC: [8] Undefined variable: where D:\phpStudy\PHPTutorial\WWW\jyh.kailly.com\App\Admin\Controller\ProductController.class.php 第 202 行.
SQL: SHOW COLUMNS FROM `tbkl_code` [ RunTime:0.0048s ]
SQL: SELECT COUNT(*) AS tp_count FROM `tbkl_code` LIMIT 1   [ RunTime:0.0001s ]
NOTIC: [8] Undefined variable: where D:\phpStudy\PHPTutorial\WWW\jyh.kailly.com\App\Admin\Controller\ProductController.class.php 第 203 行.
SQL: SELECT * FROM `tbkl_code` ORDER BY id desc LIMIT 0,10   [ RunTime:0.0002s ]
INFO: [ view_parse ] --START--
INFO: [ template_filter ] --START--
INFO: Run Behavior\ContentReplaceBehavior [ RunTime:0.000052s ]
INFO: [ template_filter ] --END-- [ RunTime:0.000080s ]
NOTIC: [8] Undefined index: keywords D:\phpStudy\PHPTutorial\WWW\jyh.kailly.com\App\Runtime\Cache\Admin\07632b8c91588a447e76d6808685bcdc.php 第 24 行.
INFO: Run Behavior\ParseTemplateBehavior [ RunTime:0.006572s ]
INFO: [ view_parse ] --END-- [ RunTime:0.006601s ]
INFO: [ view_filter ] --START--
INFO: Run Behavior\WriteHtmlCacheBehavior [ RunTime:0.000243s ]
INFO: [ view_filter ] --END-- [ RunTime:0.000264s ]
INFO: [ app_end ] --START--
INFO: Run Behavior\ShowPageTraceBehavior [ RunTime:0.000350s ]
INFO: [ app_end ] --END-- [ RunTime:0.000375s ]

[ 2019-04-18T18:51:29+08:00 ] 127.0.0.1 /Admin/Product/product.html
INFO: [ app_init ] --START--
INFO: Run Behavior\BuildLiteBehavior [ RunTime:0.000010s ]
INFO: [ app_init ] --END-- [ RunTime:0.000281s ]
INFO: [ app_begin ] --START--
INFO: Run Behavior\ReadHtmlCacheBehavior [ RunTime:0.000350s ]
INFO: [ app_begin ] --END-- [ RunTime:0.000399s ]
SQL: SHOW COLUMNS FROM `tbkl_base` [ RunTime:0.0069s ]
SQL: SELECT `nopay_valid_time` FROM `tbkl_base` WHERE `id` = 1 LIMIT 1   [ RunTime:0.0002s ]
SQL: SHOW COLUMNS FROM `tbkl_mall_order` [ RunTime:0.0053s ]
SQL: SELECT * FROM `tbkl_mall_order` WHERE `status` = 0  [ RunTime:0.0002s ]
SQL: SHOW COLUMNS FROM `tbkl_group_order` [ RunTime:0.0054s ]
SQL: SELECT * FROM `tbkl_group_order` WHERE ( status=0 or status=1 )  [ RunTime:0.0002s ]
SQL: SHOW COLUMNS FROM `tbkl_members` [ RunTime:0.0053s ]
SQL: SELECT * FROM `tbkl_base` WHERE `id` = 1 LIMIT 1   [ RunTime:0.0003s ]
SQL: SHOW COLUMNS FROM `tbkl_product_cate` [ RunTime:0.0052s ]
SQL: SELECT * FROM `tbkl_product_cate` WHERE `status` = 1  [ RunTime:0.0002s ]
SQL: SHOW COLUMNS FROM `tbkl_number` [ RunTime:0.0052s ]
SQL: SELECT * FROM `tbkl_number` WHERE `status` = 1  [ RunTime:0.0002s ]
NOTIC: [8] Undefined index: pid D:\phpStudy\PHPTutorial\WWW\jyh.kailly.com\App\Common\Common\function.php 第 90 行.
NOTIC: [8] Undefined index: pid D:\phpStudy\PHPTutorial\WWW\jyh.kailly.com\App\Common\Common\function.php 第 90 行.
NOTIC: [8] Undefined index: pid D:\phpStudy\PHPTutorial\WWW\jyh.kailly.com\App\Common\Common\function.php 第 90 行.
NOTIC: [8] Undefined index: pid D:\phpStudy\PHPTutorial\WWW\jyh.kailly.com\App\Common\Common\function.php 第 90 行.
NOTIC: [8] Undefined index: pid D:\phpStudy\PHPTutorial\WWW\jyh.kailly.com\App\Common\Common\function.php 第 90 行.
NOTIC: [8] Undefined index: pid D:\phpStudy\PHPTutorial\WWW\jyh.kailly.com\App\Common\Common\function.php 第 90 行.
NOTIC: [8] Undefined variable: where D:\phpStudy\PHPTutorial\WWW\jyh.kailly.com\App\Admin\Controller\ProductController.class.php 第 31 行.
SQL: SHOW COLUMNS FROM `tbkl_product` [ RunTime:0.0052s ]
SQL: SELECT COUNT(*) AS tp_count FROM `tbkl_product` LIMIT 1   [ RunTime:0.0001s ]
NOTIC: [8] Undefined variable: where D:\phpStudy\PHPTutorial\WWW\jyh.kailly.com\App\Admin\Controller\ProductController.class.php 第 32 行.
SQL: SELECT * FROM `tbkl_product` ORDER BY id desc LIMIT 0,10   [ RunTime:0.0002s ]
SQL: SELECT `id`,`name` FROM `tbkl_product_cate` WHERE `status` = 1  [ RunTime:0.0001s ]
SQL: SELECT `id`,`num` FROM `tbkl_number` WHERE `status` = 1  [ RunTime:0.0001s ]
NOTIC: [8] Undefined offset: 3 D:\phpStudy\PHPTutorial\WWW\jyh.kailly.com\App\Admin\Controller\ProductController.class.php 第 40 行.
INFO: [ view_parse ] --START--
INFO: [ template_filter ] --START--
INFO: Run Behavior\ContentReplaceBehavior [ RunTime:0.000064s ]
INFO: [ template_filter ] --END-- [ RunTime:0.000090s ]
NOTIC: [8] Undefined index: cate_id D:\phpStudy\PHPTutorial\WWW\jyh.kailly.com\App\Runtime\Cache\Admin\6ecefd51259769aaff3cbc9f60bca4e0.php 第 28 行.
NOTIC: [8] Undefined index: cate_id D:\phpStudy\PHPTutorial\WWW\jyh.kailly.com\App\Runtime\Cache\Admin\6ecefd51259769aaff3cbc9f60bca4e0.php 第 28 行.
NOTIC: [8] Undefined index: cate_id D:\phpStudy\PHPTutorial\WWW\jyh.kailly.com\App\Runtime\Cache\Admin\6ecefd51259769aaff3cbc9f60bca4e0.php 第 32 行.
NOTIC: [8] Undefined index: cate_id D:\phpStudy\PHPTutorial\WWW\jyh.kailly.com\App\Runtime\Cache\Admin\6ecefd51259769aaff3cbc9f60bca4e0.php 第 32 行.
NOTIC: [8] Undefined index: name D:\phpStudy\PHPTutorial\WWW\jyh.kailly.com\App\Runtime\Cache\Admin\6ecefd51259769aaff3cbc9f60bca4e0.php 第 39 行.
INFO: Run Behavior\ParseTemplateBehavior [ RunTime:0.007037s ]
INFO: [ view_parse ] --END-- [ RunTime:0.007066s ]
INFO: [ view_filter ] --START--
INFO: Run Behavior\WriteHtmlCacheBehavior [ RunTime:0.000254s ]
INFO: [ view_filter ] --END-- [ RunTime:0.000274s ]
INFO: [ app_end ] --START--
INFO: Run Behavior\ShowPageTraceBehavior [ RunTime:0.000359s ]
INFO: [ app_end ] --END-- [ RunTime:0.000381s ]

[ 2019-04-18T18:51:29+08:00 ] 127.0.0.1 /Admin/Product/number.html
INFO: [ app_init ] --START--
INFO: Run Behavior\BuildLiteBehavior [ RunTime:0.000012s ]
INFO: [ app_init ] --END-- [ RunTime:0.000388s ]
INFO: [ app_begin ] --START--
INFO: Run Behavior\ReadHtmlCacheBehavior [ RunTime:0.000469s ]
INFO: [ app_begin ] --END-- [ RunTime:0.000520s ]
SQL: SHOW COLUMNS FROM `tbkl_base` [ RunTime:0.0054s ]
SQL: SELECT `nopay_valid_time` FROM `tbkl_base` WHERE `id` = 1 LIMIT 1   [ RunTime:0.0001s ]
SQL: SHOW COLUMNS FROM `tbkl_mall_order` [ RunTime:0.0048s ]
SQL: SELECT * FROM `tbkl_mall_order` WHERE `status` = 0  [ RunTime:0.0002s ]
SQL: SHOW COLUMNS FROM `tbkl_group_order` [ RunTime:0.0046s ]
SQL: SELECT * FROM `tbkl_group_order` WHERE ( status=0 or status=1 )  [ RunTime:0.0001s ]
SQL: SHOW COLUMNS FROM `tbkl_members` [ RunTime:0.0047s ]
SQL: SELECT * FROM `tbkl_base` WHERE `id` = 1 LIMIT 1   [ RunTime:0.0002s ]
SQL: SHOW COLUMNS FROM `tbkl_number` [ RunTime:0.0046s ]
SQL: SELECT * FROM `tbkl_number` ORDER BY id desc  [ RunTime:0.0001s ]
NOTIC: [8] Undefined index: pid D:\phpStudy\PHPTutorial\WWW\jyh.kailly.com\App\Common\Common\function.php 第 106 行.
NOTIC: [8] Undefined index: pid D:\phpStudy\PHPTutorial\WWW\jyh.kailly.com\App\Common\Common\function.php 第 106 行.
NOTIC: [8] Undefined index: pid D:\phpStudy\PHPTutorial\WWW\jyh.kailly.com\App\Common\Common\function.php 第 106 行.
NOTIC: [8] Undefined index: pid D:\phpStudy\PHPTutorial\WWW\jyh.kailly.com\App\Common\Common\function.php 第 106 行.
NOTIC: [8] Undefined index: pid D:\phpStudy\PHPTutorial\WWW\jyh.kailly.com\App\Common\Common\function.php 第 106 行.
NOTIC: [8] Undefined index: pid D:\phpStudy\PHPTutorial\WWW\jyh.kailly.com\App\Common\Common\function.php 第 106 行.
INFO: [ view_parse ] --START--
INFO: [ template_filter ] --START--
INFO: Run Behavior\ContentReplaceBehavior [ RunTime:0.000051s ]
INFO: [ template_filter ] --END-- [ RunTime:0.000076s ]
INFO: Run Behavior\ParseTemplateBehavior [ RunTime:0.005181s ]
INFO: [ view_parse ] --END-- [ RunTime:0.005212s ]
INFO: [ view_filter ] --START--
INFO: Run Behavior\WriteHtmlCacheBehavior [ RunTime:0.000256s ]
INFO: [ view_filter ] --END-- [ RunTime:0.000278s ]
INFO: [ app_end ] --START--
INFO: Run Behavior\ShowPageTraceBehavior [ RunTime:0.000373s ]
INFO: [ app_end ] --END-- [ RunTime:0.000400s ]

[ 2019-04-18T18:51:30+08:00 ] 127.0.0.1 /Admin/Product/product_cate.html
INFO: [ app_init ] --START--
INFO: Run Behavior\BuildLiteBehavior [ RunTime:0.000008s ]
INFO: [ app_init ] --END-- [ RunTime:0.000285s ]
INFO: [ app_begin ] --START--
INFO: Run Behavior\ReadHtmlCacheBehavior [ RunTime:0.000462s ]
INFO: [ app_begin ] --END-- [ RunTime:0.000544s ]
SQL: SHOW COLUMNS FROM `tbkl_base` [ RunTime:0.0052s ]
SQL: SELECT `nopay_valid_time` FROM `tbkl_base` WHERE `id` = 1 LIMIT 1   [ RunTime:0.0001s ]
SQL: SHOW COLUMNS FROM `tbkl_mall_order` [ RunTime:0.0048s ]
SQL: SELECT * FROM `tbkl_mall_order` WHERE `status` = 0  [ RunTime:0.0002s ]
SQL: SHOW COLUMNS FROM `tbkl_group_order` [ RunTime:0.0046s ]
SQL: SELECT * FROM `tbkl_group_order` WHERE ( status=0 or status=1 )  [ RunTime:0.0001s ]
SQL: SHOW COLUMNS FROM `tbkl_members` [ RunTime:0.0050s ]
SQL: SELECT * FROM `tbkl_base` WHERE `id` = 1 LIMIT 1   [ RunTime:0.0002s ]
SQL: SHOW COLUMNS FROM `tbkl_product_cate` [ RunTime:0.0047s ]
SQL: SELECT * FROM `tbkl_product_cate` ORDER BY sort ASC  [ RunTime:0.0001s ]
INFO: [ view_parse ] --START--
INFO: [ template_filter ] --START--
INFO: Run Behavior\ContentReplaceBehavior [ RunTime:0.000086s ]
INFO: [ template_filter ] --END-- [ RunTime:0.000111s ]
NOTIC: [8] Undefined index: html D:\phpStudy\PHPTutorial\WWW\jyh.kailly.com\App\Runtime\Cache\Admin\e0b052fcdc98ee055b6e45253f74ea4b.php 第 47 行.
NOTIC: [8] Undefined index: level D:\phpStudy\PHPTutorial\WWW\jyh.kailly.com\App\Runtime\Cache\Admin\e0b052fcdc98ee055b6e45253f74ea4b.php 第 63 行.
NOTIC: [8] Undefined index: html D:\phpStudy\PHPTutorial\WWW\jyh.kailly.com\App\Runtime\Cache\Admin\e0b052fcdc98ee055b6e45253f74ea4b.php 第 47 行.
NOTIC: [8] Undefined index: level D:\phpStudy\PHPTutorial\WWW\jyh.kailly.com\App\Runtime\Cache\Admin\e0b052fcdc98ee055b6e45253f74ea4b.php 第 63 行.
INFO: Run Behavior\ParseTemplateBehavior [ RunTime:0.009407s ]
INFO: [ view_parse ] --END-- [ RunTime:0.009434s ]
INFO: [ view_filter ] --START--
INFO: Run Behavior\WriteHtmlCacheBehavior [ RunTime:0.000257s ]
INFO: [ view_filter ] --END-- [ RunTime:0.000278s ]
INFO: [ app_end ] --START--
INFO: Run Behavior\ShowPageTraceBehavior [ RunTime:0.000346s ]
INFO: [ app_end ] --END-- [ RunTime:0.000369s ]

