[ 2019-02-26T03:23:15+08:00 ] 140.205.205.25 /
INFO: [ app_init ] --START--
INFO: Run Behavior\BuildLiteBehavior [ RunTime:0.000000s ]
INFO: [ app_init ] --END-- [ RunTime:0.000000s ]
INFO: [ app_begin ] --START--
INFO: Run Behavior\ReadHtmlCacheBehavior [ RunTime:0.000000s ]
INFO: [ app_begin ] --END-- [ RunTime:0.000000s ]
SQL: SHOW COLUMNS FROM `tbkl_members` [ RunTime:0.0000s ]
SQL: SHOW COLUMNS FROM `tbkl_base` [ RunTime:0.0000s ]
SQL: SELECT * FROM `tbkl_base` WHERE `id` = 1 LIMIT 1   [ RunTime:0.0000s ]
NOTIC: [8] Undefined index: code E:\klwl_web\web_hqt\klshop.kailly.com.cn\App\Index\Controller\WechatApiController.class.php 第 83 行.

[ 2019-02-26T09:22:55+08:00 ] 36.104.34.35 /
INFO: [ app_init ] --START--
INFO: Run Behavior\BuildLiteBehavior [ RunTime:0.000000s ]
INFO: [ app_init ] --END-- [ RunTime:0.000000s ]
INFO: [ app_begin ] --START--
INFO: Run Behavior\ReadHtmlCacheBehavior [ RunTime:0.000000s ]
INFO: [ app_begin ] --END-- [ RunTime:0.000000s ]
SQL: SHOW COLUMNS FROM `tbkl_members` [ RunTime:0.0000s ]
SQL: SHOW COLUMNS FROM `tbkl_base` [ RunTime:0.0000s ]
SQL: SELECT * FROM `tbkl_base` WHERE `id` = 1 LIMIT 1   [ RunTime:0.0000s ]
NOTIC: [8] Undefined index: code E:\klwl_web\web_hqt\klshop.kailly.com.cn\App\Index\Controller\WechatApiController.class.php 第 83 行.

[ 2019-02-26T14:58:01+08:00 ] 61.140.234.76 /
INFO: [ app_init ] --START--
INFO: Run Behavior\BuildLiteBehavior [ RunTime:0.000000s ]
INFO: [ app_init ] --END-- [ RunTime:0.000000s ]
INFO: [ app_begin ] --START--
INFO: Run Behavior\ReadHtmlCacheBehavior [ RunTime:0.000000s ]
INFO: [ app_begin ] --END-- [ RunTime:0.000000s ]
SQL: SHOW COLUMNS FROM `tbkl_members` [ RunTime:0.0000s ]
SQL: SHOW COLUMNS FROM `tbkl_base` [ RunTime:0.0000s ]
SQL: SELECT * FROM `tbkl_base` WHERE `id` = 1 LIMIT 1   [ RunTime:0.0000s ]
NOTIC: [8] Undefined index: code E:\klwl_web\web_hqt\klshop.kailly.com.cn\App\Index\Controller\WechatApiController.class.php 第 83 行.

[ 2019-02-26T14:58:04+08:00 ] 61.140.234.76 /
INFO: [ app_init ] --START--
INFO: Run Behavior\BuildLiteBehavior [ RunTime:0.000000s ]
INFO: [ app_init ] --END-- [ RunTime:0.000000s ]
INFO: [ app_begin ] --START--
INFO: Run Behavior\ReadHtmlCacheBehavior [ RunTime:0.000000s ]
INFO: [ app_begin ] --END-- [ RunTime:0.000000s ]
SQL: SHOW COLUMNS FROM `tbkl_members` [ RunTime:0.0000s ]
SQL: SHOW COLUMNS FROM `tbkl_base` [ RunTime:0.0000s ]
SQL: SELECT * FROM `tbkl_base` WHERE `id` = 1 LIMIT 1   [ RunTime:0.0000s ]
NOTIC: [8] Undefined index: code E:\klwl_web\web_hqt\klshop.kailly.com.cn\App\Index\Controller\WechatApiController.class.php 第 83 行.

[ 2019-02-26T14:58:35+08:00 ] 61.140.234.76 /
INFO: [ app_init ] --START--
INFO: Run Behavior\BuildLiteBehavior [ RunTime:0.000000s ]
INFO: [ app_init ] --END-- [ RunTime:0.000000s ]
INFO: [ app_begin ] --START--
INFO: Run Behavior\ReadHtmlCacheBehavior [ RunTime:0.000000s ]
INFO: [ app_begin ] --END-- [ RunTime:0.000000s ]
SQL: SHOW COLUMNS FROM `tbkl_members` [ RunTime:0.0000s ]
SQL: SHOW COLUMNS FROM `tbkl_base` [ RunTime:0.0000s ]
SQL: SELECT * FROM `tbkl_base` WHERE `id` = 1 LIMIT 1   [ RunTime:0.0000s ]
NOTIC: [8] Undefined index: code E:\klwl_web\web_hqt\klshop.kailly.com.cn\App\Index\Controller\WechatApiController.class.php 第 83 行.

[ 2019-02-26T15:11:53+08:00 ] 61.140.234.76 /
INFO: [ app_init ] --START--
INFO: Run Behavior\BuildLiteBehavior [ RunTime:0.000000s ]
INFO: [ app_init ] --END-- [ RunTime:0.000000s ]
INFO: [ app_begin ] --START--
INFO: Run Behavior\ReadHtmlCacheBehavior [ RunTime:0.000000s ]
INFO: [ app_begin ] --END-- [ RunTime:0.000000s ]
SQL: SHOW COLUMNS FROM `tbkl_members` [ RunTime:0.0000s ]
SQL: SHOW COLUMNS FROM `tbkl_base` [ RunTime:0.0000s ]
SQL: SELECT * FROM `tbkl_base` WHERE `id` = 1 LIMIT 1   [ RunTime:0.0000s ]
NOTIC: [8] Undefined index: code E:\klwl_web\web_hqt\klshop.kailly.com.cn\App\Index\Controller\WechatApiController.class.php 第 83 行.

[ 2019-02-26T19:58:41+08:00 ] 209.17.96.58 /
INFO: [ app_init ] --START--
INFO: Run Behavior\BuildLiteBehavior [ RunTime:0.000000s ]
INFO: [ app_init ] --END-- [ RunTime:0.000000s ]
INFO: [ app_begin ] --START--
INFO: Run Behavior\ReadHtmlCacheBehavior [ RunTime:0.000000s ]
INFO: [ app_begin ] --END-- [ RunTime:0.000000s ]
SQL: SHOW COLUMNS FROM `tbkl_members` [ RunTime:0.0156s ]
SQL: SHOW COLUMNS FROM `tbkl_base` [ RunTime:0.0000s ]
SQL: SELECT * FROM `tbkl_base` WHERE `id` = 1 LIMIT 1   [ RunTime:0.0000s ]
NOTIC: [8] Undefined index: code E:\klwl_web\web_hqt\klshop.kailly.com.cn\App\Index\Controller\WechatApiController.class.php 第 83 行.

[ 2019-02-26T22:38:02+08:00 ] 106.14.190.222 /
INFO: [ app_init ] --START--
INFO: Run Behavior\BuildLiteBehavior [ RunTime:0.000000s ]
INFO: [ app_init ] --END-- [ RunTime:0.000000s ]
INFO: [ app_begin ] --START--
INFO: Run Behavior\ReadHtmlCacheBehavior [ RunTime:0.000000s ]
INFO: [ app_begin ] --END-- [ RunTime:0.000000s ]
SQL: SHOW COLUMNS FROM `tbkl_members` [ RunTime:0.0000s ]
SQL: SHOW COLUMNS FROM `tbkl_base` [ RunTime:0.0000s ]
SQL: SELECT * FROM `tbkl_base` WHERE `id` = 1 LIMIT 1   [ RunTime:0.0000s ]
NOTIC: [8] Undefined index: code E:\klwl_web\web_hqt\klshop.kailly.com.cn\App\Index\Controller\WechatApiController.class.php 第 83 行.

[ 2019-02-26T22:39:28+08:00 ] 101.132.69.5 /
INFO: [ app_init ] --START--
INFO: Run Behavior\BuildLiteBehavior [ RunTime:0.000000s ]
INFO: [ app_init ] --END-- [ RunTime:0.000000s ]
INFO: [ app_begin ] --START--
INFO: Run Behavior\ReadHtmlCacheBehavior [ RunTime:0.000000s ]
INFO: [ app_begin ] --END-- [ RunTime:0.000000s ]
SQL: SHOW COLUMNS FROM `tbkl_members` [ RunTime:0.0000s ]
SQL: SHOW COLUMNS FROM `tbkl_base` [ RunTime:0.0156s ]
SQL: SELECT * FROM `tbkl_base` WHERE `id` = 1 LIMIT 1   [ RunTime:0.0000s ]
NOTIC: [8] Undefined index: code E:\klwl_web\web_hqt\klshop.kailly.com.cn\App\Index\Controller\WechatApiController.class.php 第 83 行.

