[ 2019-01-23T03:09:37+08:00 ] 140.205.205.25 /
INFO: [ app_init ] --START--
INFO: Run Behavior\BuildLiteBehavior [ RunTime:0.000000s ]
INFO: [ app_init ] --END-- [ RunTime:0.000000s ]
INFO: [ app_begin ] --START--
INFO: Run Behavior\ReadHtmlCacheBehavior [ RunTime:0.000000s ]
INFO: [ app_begin ] --END-- [ RunTime:0.000000s ]
SQL: SHOW COLUMNS FROM `tbkl_members` [ RunTime:0.0000s ]
SQL: SHOW COLUMNS FROM `tbkl_base` [ RunTime:0.0000s ]
SQL: SELECT * FROM `tbkl_base` WHERE `id` = 1 LIMIT 1   [ RunTime:0.0000s ]
NOTIC: [8] Undefined index: code E:\klwl_web\web_hqt\klshop.kailly.com.cn\App\Index\Controller\WechatApiController.class.php 第 83 行.

[ 2019-01-23T07:26:26+08:00 ] 113.65.209.12 /
INFO: [ app_init ] --START--
INFO: Run Behavior\BuildLiteBehavior [ RunTime:0.000000s ]
INFO: [ app_init ] --END-- [ RunTime:0.000000s ]
INFO: [ app_begin ] --START--
INFO: Run Behavior\ReadHtmlCacheBehavior [ RunTime:0.000000s ]
INFO: [ app_begin ] --END-- [ RunTime:0.000000s ]
SQL: SHOW COLUMNS FROM `tbkl_members` [ RunTime:0.0000s ]
SQL: SHOW COLUMNS FROM `tbkl_base` [ RunTime:0.0156s ]
SQL: SELECT * FROM `tbkl_base` WHERE `id` = 1 LIMIT 1   [ RunTime:0.0000s ]
NOTIC: [8] Undefined index: code E:\klwl_web\web_hqt\klshop.kailly.com.cn\App\Index\Controller\WechatApiController.class.php 第 83 行.

[ 2019-01-23T07:26:33+08:00 ] 113.65.209.12 /
INFO: [ app_init ] --START--
INFO: Run Behavior\BuildLiteBehavior [ RunTime:0.000000s ]
INFO: [ app_init ] --END-- [ RunTime:0.000000s ]
INFO: [ app_begin ] --START--
INFO: Run Behavior\ReadHtmlCacheBehavior [ RunTime:0.000000s ]
INFO: [ app_begin ] --END-- [ RunTime:0.000000s ]
SQL: SHOW COLUMNS FROM `tbkl_members` [ RunTime:0.0000s ]
SQL: SHOW COLUMNS FROM `tbkl_base` [ RunTime:0.0000s ]
SQL: SELECT * FROM `tbkl_base` WHERE `id` = 1 LIMIT 1   [ RunTime:0.0000s ]
NOTIC: [8] Undefined index: code E:\klwl_web\web_hqt\klshop.kailly.com.cn\App\Index\Controller\WechatApiController.class.php 第 83 行.

[ 2019-01-23T07:26:35+08:00 ] 113.65.209.12 /
INFO: [ app_init ] --START--
INFO: Run Behavior\BuildLiteBehavior [ RunTime:0.000000s ]
INFO: [ app_init ] --END-- [ RunTime:0.000000s ]
INFO: [ app_begin ] --START--
INFO: Run Behavior\ReadHtmlCacheBehavior [ RunTime:0.000000s ]
INFO: [ app_begin ] --END-- [ RunTime:0.000000s ]
SQL: SHOW COLUMNS FROM `tbkl_members` [ RunTime:0.0000s ]
SQL: SHOW COLUMNS FROM `tbkl_base` [ RunTime:0.0000s ]
SQL: SELECT * FROM `tbkl_base` WHERE `id` = 1 LIMIT 1   [ RunTime:0.0000s ]
NOTIC: [8] Undefined index: code E:\klwl_web\web_hqt\klshop.kailly.com.cn\App\Index\Controller\WechatApiController.class.php 第 83 行.

[ 2019-01-23T07:27:39+08:00 ] 113.65.209.12 /
INFO: [ app_init ] --START--
INFO: Run Behavior\BuildLiteBehavior [ RunTime:0.000000s ]
INFO: [ app_init ] --END-- [ RunTime:0.000000s ]
INFO: [ app_begin ] --START--
INFO: Run Behavior\ReadHtmlCacheBehavior [ RunTime:0.000000s ]
INFO: [ app_begin ] --END-- [ RunTime:0.000000s ]
SQL: SHOW COLUMNS FROM `tbkl_members` [ RunTime:0.0000s ]
SQL: SHOW COLUMNS FROM `tbkl_base` [ RunTime:0.0156s ]
SQL: SELECT * FROM `tbkl_base` WHERE `id` = 1 LIMIT 1   [ RunTime:0.0000s ]
NOTIC: [8] Undefined index: code E:\klwl_web\web_hqt\klshop.kailly.com.cn\App\Index\Controller\WechatApiController.class.php 第 83 行.

[ 2019-01-23T07:27:41+08:00 ] 113.65.209.12 /
INFO: [ app_init ] --START--
INFO: Run Behavior\BuildLiteBehavior [ RunTime:0.000000s ]
INFO: [ app_init ] --END-- [ RunTime:0.000000s ]
INFO: [ app_begin ] --START--
INFO: Run Behavior\ReadHtmlCacheBehavior [ RunTime:0.000000s ]
INFO: [ app_begin ] --END-- [ RunTime:0.000000s ]
SQL: SHOW COLUMNS FROM `tbkl_members` [ RunTime:0.0000s ]
SQL: SHOW COLUMNS FROM `tbkl_base` [ RunTime:0.0156s ]
SQL: SELECT * FROM `tbkl_base` WHERE `id` = 1 LIMIT 1   [ RunTime:0.0000s ]
NOTIC: [8] Undefined index: code E:\klwl_web\web_hqt\klshop.kailly.com.cn\App\Index\Controller\WechatApiController.class.php 第 83 行.

[ 2019-01-23T07:28:56+08:00 ] 113.65.209.12 /
INFO: [ app_init ] --START--
INFO: Run Behavior\BuildLiteBehavior [ RunTime:0.000000s ]
INFO: [ app_init ] --END-- [ RunTime:0.000000s ]
INFO: [ app_begin ] --START--
INFO: Run Behavior\ReadHtmlCacheBehavior [ RunTime:0.000000s ]
INFO: [ app_begin ] --END-- [ RunTime:0.000000s ]
SQL: SHOW COLUMNS FROM `tbkl_members` [ RunTime:0.0000s ]
SQL: SHOW COLUMNS FROM `tbkl_base` [ RunTime:0.0000s ]
SQL: SELECT * FROM `tbkl_base` WHERE `id` = 1 LIMIT 1   [ RunTime:0.0000s ]
NOTIC: [8] Undefined index: code E:\klwl_web\web_hqt\klshop.kailly.com.cn\App\Index\Controller\WechatApiController.class.php 第 83 行.

[ 2019-01-23T11:01:33+08:00 ] 42.90.60.128 /
INFO: [ app_init ] --START--
INFO: Run Behavior\BuildLiteBehavior [ RunTime:0.000000s ]
INFO: [ app_init ] --END-- [ RunTime:0.000000s ]
INFO: [ app_begin ] --START--
INFO: Run Behavior\ReadHtmlCacheBehavior [ RunTime:0.000000s ]
INFO: [ app_begin ] --END-- [ RunTime:0.000000s ]
SQL: SHOW COLUMNS FROM `tbkl_members` [ RunTime:0.0000s ]
SQL: SHOW COLUMNS FROM `tbkl_base` [ RunTime:0.0000s ]
SQL: SELECT * FROM `tbkl_base` WHERE `id` = 1 LIMIT 1   [ RunTime:0.0000s ]
NOTIC: [8] Undefined index: code E:\klwl_web\web_hqt\klshop.kailly.com.cn\App\Index\Controller\WechatApiController.class.php 第 83 行.

[ 2019-01-23T11:01:34+08:00 ] 42.90.60.128 /
INFO: [ app_init ] --START--
INFO: Run Behavior\BuildLiteBehavior [ RunTime:0.000000s ]
INFO: [ app_init ] --END-- [ RunTime:0.000000s ]
INFO: [ app_begin ] --START--
INFO: Run Behavior\ReadHtmlCacheBehavior [ RunTime:0.000000s ]
INFO: [ app_begin ] --END-- [ RunTime:0.000000s ]
SQL: SHOW COLUMNS FROM `tbkl_members` [ RunTime:0.0000s ]
SQL: SHOW COLUMNS FROM `tbkl_base` [ RunTime:0.0000s ]
SQL: SELECT * FROM `tbkl_base` WHERE `id` = 1 LIMIT 1   [ RunTime:0.0000s ]
NOTIC: [8] Undefined index: code E:\klwl_web\web_hqt\klshop.kailly.com.cn\App\Index\Controller\WechatApiController.class.php 第 83 行.

[ 2019-01-23T11:01:38+08:00 ] 42.90.60.128 /?code=021xXYQr1cEc1m0Re7Sr1P2QQr1xXYQZ&state=STATE
INFO: [ app_init ] --START--
INFO: Run Behavior\BuildLiteBehavior [ RunTime:0.000000s ]
INFO: [ app_init ] --END-- [ RunTime:0.000000s ]
INFO: [ app_begin ] --START--
INFO: Run Behavior\ReadHtmlCacheBehavior [ RunTime:0.000000s ]
INFO: [ app_begin ] --END-- [ RunTime:0.000000s ]
SQL: SHOW COLUMNS FROM `tbkl_members` [ RunTime:0.0000s ]
SQL: SHOW COLUMNS FROM `tbkl_base` [ RunTime:0.0000s ]
SQL: SELECT * FROM `tbkl_base` WHERE `id` = 1 LIMIT 1   [ RunTime:0.0000s ]
SQL: SELECT * FROM `tbkl_members` WHERE `openid` = 'oSuTSslAjDj0zcV18HIb11qAEtQY' LIMIT 1   [ RunTime:0.0156s ]
SQL: UPDATE `tbkl_members` SET `openid`='oSuTSslAjDj0zcV18HIb11qAEtQY',`nickname`='6I+g6JCd6I+g6JCdTWU=',`sex`='1',`city`='广州',`province`='广东',`headimgurl`='http://thirdwx.qlogo.cn/mmopen/vi_32/RdcLe3hDBz53VT7fvGpseRkLoiczfVIHpjnQbDic6kKLtAB2XOibMjJaSNr6GzWKUm9JdRqUCBpUgFheXhxExd8SQ/132',`type`='1' WHERE `id` = 4 [ RunTime:0.0000s ]
SQL: SELECT * FROM `tbkl_members` WHERE `id` = 4 LIMIT 1   [ RunTime:0.0000s ]
SQL: SHOW COLUMNS FROM `tbkl_group_order` [ RunTime:0.0000s ]
SQL: SELECT * FROM `tbkl_group_order` WHERE ( status=0 or status=1 )  [ RunTime:0.0000s ]
SQL: SELECT * FROM `tbkl_base` WHERE `id` = 1 LIMIT 1   [ RunTime:0.0000s ]
SQL: SHOW COLUMNS FROM `tbkl_get_coupon` [ RunTime:0.0000s ]
SQL: UPDATE `tbkl_get_coupon` SET `status`='2' WHERE `status` = 0 AND `end_time` < 1548212497 [ RunTime:0.0000s ]
SQL: SHOW COLUMNS FROM `tbkl_banner` [ RunTime:0.0000s ]
SQL: SELECT * FROM `tbkl_banner` WHERE `status` = 0 AND `place` = 1 ORDER BY sort DESC  [ RunTime:0.0000s ]
SQL: SHOW COLUMNS FROM `tbkl_top_nav` [ RunTime:0.0000s ]
SQL: SELECT * FROM `tbkl_top_nav` WHERE `status` = 0 AND `place` = 1 ORDER BY sort DESC  [ RunTime:0.0000s ]
SQL: SHOW COLUMNS FROM `tbkl_mall_index_column` [ RunTime:0.0000s ]
SQL: SELECT * FROM `tbkl_mall_index_column` WHERE `status` = 0 ORDER BY id DESC  [ RunTime:0.0000s ]
SQL: SHOW COLUMNS FROM `tbkl_mall_index_adv` [ RunTime:0.0156s ]
SQL: SELECT * FROM `tbkl_mall_index_adv` WHERE `status` = 0 ORDER BY id DESC  [ RunTime:0.0000s ]
SQL: SELECT `is_index_product` FROM `tbkl_base` WHERE `id` = 1 LIMIT 1   [ RunTime:0.0000s ]
SQL: SHOW COLUMNS FROM `tbkl_goods` [ RunTime:0.0000s ]
SQL: SELECT * FROM `tbkl_goods` WHERE `status` = 0 AND `is_red` = 1 ORDER BY id DESC  [ RunTime:0.0000s ]
SQL: SHOW COLUMNS FROM `tbkl_share` [ RunTime:0.0000s ]
SQL: SELECT * FROM `tbkl_share` WHERE `place` = 1 LIMIT 1   [ RunTime:0.0000s ]
SQL: SELECT * FROM `tbkl_base` WHERE `id` = 1 LIMIT 1   [ RunTime:0.0000s ]
NOTIC: [2048] mktime(): You should be using the time() function instead E:\klwl_web\web_hqt\klshop.kailly.com.cn\App\Index\Controller\WechatApiController.class.php 第 65 行.
SQL: SELECT * FROM `tbkl_base` WHERE `id` = 1 LIMIT 1   [ RunTime:0.0000s ]
SQL: SELECT `welfare_status` FROM `tbkl_base` WHERE `id` = 1 LIMIT 1   [ RunTime:0.0000s ]
INFO: [ view_parse ] --START--
INFO: [ template_filter ] --START--
INFO: Run Behavior\ContentReplaceBehavior [ RunTime:0.000000s ]
INFO: [ template_filter ] --END-- [ RunTime:0.000000s ]
SQL: SELECT `name` FROM `tbkl_base` WHERE `id` = 1 LIMIT 1   [ RunTime:0.0000s ]
NOTIC: [8] Undefined variable: base E:\klwl_web\web_hqt\klshop.kailly.com.cn\App\Runtime\Cache\Index\26b56d210010e7f91b3261113c9c2df0.php 第 28 行.
NOTIC: [8] Undefined variable: base E:\klwl_web\web_hqt\klshop.kailly.com.cn\App\Runtime\Cache\Index\26b56d210010e7f91b3261113c9c2df0.php 第 29 行.
NOTIC: [8] Undefined index: title E:\klwl_web\web_hqt\klshop.kailly.com.cn\App\Runtime\Cache\Index\26b56d210010e7f91b3261113c9c2df0.php 第 53 行.
NOTIC: [8] Undefined index: title E:\klwl_web\web_hqt\klshop.kailly.com.cn\App\Runtime\Cache\Index\26b56d210010e7f91b3261113c9c2df0.php 第 53 行.
NOTIC: [8] Undefined index: title E:\klwl_web\web_hqt\klshop.kailly.com.cn\App\Runtime\Cache\Index\26b56d210010e7f91b3261113c9c2df0.php 第 53 行.
NOTIC: [8] Undefined index: title E:\klwl_web\web_hqt\klshop.kailly.com.cn\App\Runtime\Cache\Index\26b56d210010e7f91b3261113c9c2df0.php 第 53 行.
NOTIC: [8] Undefined variable: index_product E:\klwl_web\web_hqt\klshop.kailly.com.cn\App\Runtime\Cache\Index\26b56d210010e7f91b3261113c9c2df0.php 第 78 行.
NOTIC: [8] Undefined index: savenum E:\klwl_web\web_hqt\klshop.kailly.com.cn\App\Runtime\Cache\Index\26b56d210010e7f91b3261113c9c2df0.php 第 110 行.
NOTIC: [8] Undefined index: savenum E:\klwl_web\web_hqt\klshop.kailly.com.cn\App\Runtime\Cache\Index\26b56d210010e7f91b3261113c9c2df0.php 第 110 行.
NOTIC: [8] Undefined index: savenum E:\klwl_web\web_hqt\klshop.kailly.com.cn\App\Runtime\Cache\Index\26b56d210010e7f91b3261113c9c2df0.php 第 110 行.
NOTIC: [8] Undefined index: savenum E:\klwl_web\web_hqt\klshop.kailly.com.cn\App\Runtime\Cache\Index\26b56d210010e7f91b3261113c9c2df0.php 第 110 行.
NOTIC: [8] Undefined index: savenum E:\klwl_web\web_hqt\klshop.kailly.com.cn\App\Runtime\Cache\Index\26b56d210010e7f91b3261113c9c2df0.php 第 110 行.
NOTIC: [8] Undefined index: savenum E:\klwl_web\web_hqt\klshop.kailly.com.cn\App\Runtime\Cache\Index\26b56d210010e7f91b3261113c9c2df0.php 第 110 行.
NOTIC: [8] Undefined index: savenum E:\klwl_web\web_hqt\klshop.kailly.com.cn\App\Runtime\Cache\Index\26b56d210010e7f91b3261113c9c2df0.php 第 110 行.
NOTIC: [8] Use of undefined constant Index - assumed 'Index' E:\klwl_web\web_hqt\klshop.kailly.com.cn\App\Runtime\Cache\Index\26b56d210010e7f91b3261113c9c2df0.php 第 184 行.
NOTIC: [8] Use of undefined constant index - assumed 'index' E:\klwl_web\web_hqt\klshop.kailly.com.cn\App\Runtime\Cache\Index\26b56d210010e7f91b3261113c9c2df0.php 第 184 行.
NOTIC: [8] Use of undefined constant Mall - assumed 'Mall' E:\klwl_web\web_hqt\klshop.kailly.com.cn\App\Runtime\Cache\Index\26b56d210010e7f91b3261113c9c2df0.php 第 195 行.
NOTIC: [8] Use of undefined constant Mall - assumed 'Mall' E:\klwl_web\web_hqt\klshop.kailly.com.cn\App\Runtime\Cache\Index\26b56d210010e7f91b3261113c9c2df0.php 第 206 行.
NOTIC: [8] Use of undefined constant Members - assumed 'Members' E:\klwl_web\web_hqt\klshop.kailly.com.cn\App\Runtime\Cache\Index\26b56d210010e7f91b3261113c9c2df0.php 第 217 行.
INFO: Run Behavior\ParseTemplateBehavior [ RunTime:0.031250s ]
INFO: [ view_parse ] --END-- [ RunTime:0.031250s ]
INFO: [ view_filter ] --START--
INFO: Run Behavior\WriteHtmlCacheBehavior [ RunTime:0.000000s ]
INFO: [ view_filter ] --END-- [ RunTime:0.000000s ]
INFO: [ app_end ] --START--
INFO: Run Behavior\ShowPageTraceBehavior [ RunTime:0.000000s ]
INFO: [ app_end ] --END-- [ RunTime:0.000000s ]

[ 2019-01-23T13:07:34+08:00 ] 42.90.126.222 /
INFO: [ app_init ] --START--
INFO: Run Behavior\BuildLiteBehavior [ RunTime:0.000000s ]
INFO: [ app_init ] --END-- [ RunTime:0.000000s ]
INFO: [ app_begin ] --START--
INFO: Run Behavior\ReadHtmlCacheBehavior [ RunTime:0.000000s ]
INFO: [ app_begin ] --END-- [ RunTime:0.000000s ]
SQL: SHOW COLUMNS FROM `tbkl_members` [ RunTime:0.0000s ]
SQL: SHOW COLUMNS FROM `tbkl_base` [ RunTime:0.0000s ]
SQL: SELECT * FROM `tbkl_base` WHERE `id` = 1 LIMIT 1   [ RunTime:0.0000s ]
NOTIC: [8] Undefined index: code E:\klwl_web\web_hqt\klshop.kailly.com.cn\App\Index\Controller\WechatApiController.class.php 第 83 行.

[ 2019-01-23T13:07:37+08:00 ] 42.90.126.222 /?code=0116uKvd1HToWy0d2uwd1oiwvd16uKv9&state=STATE
INFO: [ app_init ] --START--
INFO: Run Behavior\BuildLiteBehavior [ RunTime:0.000000s ]
INFO: [ app_init ] --END-- [ RunTime:0.000000s ]
INFO: [ app_begin ] --START--
INFO: Run Behavior\ReadHtmlCacheBehavior [ RunTime:0.000000s ]
INFO: [ app_begin ] --END-- [ RunTime:0.000000s ]
SQL: SHOW COLUMNS FROM `tbkl_members` [ RunTime:0.0000s ]
SQL: SHOW COLUMNS FROM `tbkl_base` [ RunTime:0.0000s ]
SQL: SELECT * FROM `tbkl_base` WHERE `id` = 1 LIMIT 1   [ RunTime:0.0000s ]
SQL: SELECT * FROM `tbkl_members` WHERE `openid` = 'oSuTSslAjDj0zcV18HIb11qAEtQY' LIMIT 1   [ RunTime:0.0000s ]
SQL: UPDATE `tbkl_members` SET `openid`='oSuTSslAjDj0zcV18HIb11qAEtQY',`nickname`='6I+g6JCd6I+g6JCdTWU=',`sex`='1',`city`='广州',`province`='广东',`headimgurl`='http://thirdwx.qlogo.cn/mmopen/vi_32/RdcLe3hDBz53VT7fvGpseRkLoiczfVIHpjnQbDic6kKLtAB2XOibMjJaSNr6GzWKUm9JdRqUCBpUgFheXhxExd8SQ/132',`type`='1' WHERE `id` = 4 [ RunTime:0.0000s ]
SQL: SELECT * FROM `tbkl_members` WHERE `id` = 4 LIMIT 1   [ RunTime:0.0000s ]
SQL: SHOW COLUMNS FROM `tbkl_group_order` [ RunTime:0.0000s ]
SQL: SELECT * FROM `tbkl_group_order` WHERE ( status=0 or status=1 )  [ RunTime:0.0000s ]
SQL: SELECT * FROM `tbkl_base` WHERE `id` = 1 LIMIT 1   [ RunTime:0.0000s ]
SQL: SHOW COLUMNS FROM `tbkl_get_coupon` [ RunTime:0.0000s ]
SQL: UPDATE `tbkl_get_coupon` SET `status`='2' WHERE `status` = 0 AND `end_time` < 1548220056 [ RunTime:0.0000s ]
SQL: SHOW COLUMNS FROM `tbkl_banner` [ RunTime:0.0000s ]
SQL: SELECT * FROM `tbkl_banner` WHERE `status` = 0 AND `place` = 1 ORDER BY sort DESC  [ RunTime:0.0000s ]
SQL: SHOW COLUMNS FROM `tbkl_top_nav` [ RunTime:0.0000s ]
SQL: SELECT * FROM `tbkl_top_nav` WHERE `status` = 0 AND `place` = 1 ORDER BY sort DESC  [ RunTime:0.0000s ]
SQL: SHOW COLUMNS FROM `tbkl_mall_index_column` [ RunTime:0.0000s ]
SQL: SELECT * FROM `tbkl_mall_index_column` WHERE `status` = 0 ORDER BY id DESC  [ RunTime:0.0000s ]
SQL: SHOW COLUMNS FROM `tbkl_mall_index_adv` [ RunTime:0.0156s ]
SQL: SELECT * FROM `tbkl_mall_index_adv` WHERE `status` = 0 ORDER BY id DESC  [ RunTime:0.0000s ]
SQL: SELECT `is_index_product` FROM `tbkl_base` WHERE `id` = 1 LIMIT 1   [ RunTime:0.0000s ]
SQL: SHOW COLUMNS FROM `tbkl_goods` [ RunTime:0.0000s ]
SQL: SELECT * FROM `tbkl_goods` WHERE `status` = 0 AND `is_red` = 1 ORDER BY id DESC  [ RunTime:0.0000s ]
SQL: SHOW COLUMNS FROM `tbkl_share` [ RunTime:0.0000s ]
SQL: SELECT * FROM `tbkl_share` WHERE `place` = 1 LIMIT 1   [ RunTime:0.0000s ]
SQL: SELECT * FROM `tbkl_base` WHERE `id` = 1 LIMIT 1   [ RunTime:0.0000s ]
NOTIC: [2048] mktime(): You should be using the time() function instead E:\klwl_web\web_hqt\klshop.kailly.com.cn\App\Index\Controller\WechatApiController.class.php 第 65 行.
SQL: SELECT * FROM `tbkl_base` WHERE `id` = 1 LIMIT 1   [ RunTime:0.0000s ]
SQL: SELECT `welfare_status` FROM `tbkl_base` WHERE `id` = 1 LIMIT 1   [ RunTime:0.0000s ]
INFO: [ view_parse ] --START--
INFO: [ template_filter ] --START--
INFO: Run Behavior\ContentReplaceBehavior [ RunTime:0.000000s ]
INFO: [ template_filter ] --END-- [ RunTime:0.000000s ]
SQL: SELECT `name` FROM `tbkl_base` WHERE `id` = 1 LIMIT 1   [ RunTime:0.0156s ]
NOTIC: [8] Undefined variable: base E:\klwl_web\web_hqt\klshop.kailly.com.cn\App\Runtime\Cache\Index\26b56d210010e7f91b3261113c9c2df0.php 第 28 行.
NOTIC: [8] Undefined variable: base E:\klwl_web\web_hqt\klshop.kailly.com.cn\App\Runtime\Cache\Index\26b56d210010e7f91b3261113c9c2df0.php 第 29 行.
NOTIC: [8] Undefined index: title E:\klwl_web\web_hqt\klshop.kailly.com.cn\App\Runtime\Cache\Index\26b56d210010e7f91b3261113c9c2df0.php 第 53 行.
NOTIC: [8] Undefined index: title E:\klwl_web\web_hqt\klshop.kailly.com.cn\App\Runtime\Cache\Index\26b56d210010e7f91b3261113c9c2df0.php 第 53 行.
NOTIC: [8] Undefined index: title E:\klwl_web\web_hqt\klshop.kailly.com.cn\App\Runtime\Cache\Index\26b56d210010e7f91b3261113c9c2df0.php 第 53 行.
NOTIC: [8] Undefined index: title E:\klwl_web\web_hqt\klshop.kailly.com.cn\App\Runtime\Cache\Index\26b56d210010e7f91b3261113c9c2df0.php 第 53 行.
NOTIC: [8] Undefined variable: index_product E:\klwl_web\web_hqt\klshop.kailly.com.cn\App\Runtime\Cache\Index\26b56d210010e7f91b3261113c9c2df0.php 第 78 行.
NOTIC: [8] Undefined index: savenum E:\klwl_web\web_hqt\klshop.kailly.com.cn\App\Runtime\Cache\Index\26b56d210010e7f91b3261113c9c2df0.php 第 110 行.
NOTIC: [8] Undefined index: savenum E:\klwl_web\web_hqt\klshop.kailly.com.cn\App\Runtime\Cache\Index\26b56d210010e7f91b3261113c9c2df0.php 第 110 行.
NOTIC: [8] Undefined index: savenum E:\klwl_web\web_hqt\klshop.kailly.com.cn\App\Runtime\Cache\Index\26b56d210010e7f91b3261113c9c2df0.php 第 110 行.
NOTIC: [8] Undefined index: savenum E:\klwl_web\web_hqt\klshop.kailly.com.cn\App\Runtime\Cache\Index\26b56d210010e7f91b3261113c9c2df0.php 第 110 行.
NOTIC: [8] Undefined index: savenum E:\klwl_web\web_hqt\klshop.kailly.com.cn\App\Runtime\Cache\Index\26b56d210010e7f91b3261113c9c2df0.php 第 110 行.
NOTIC: [8] Undefined index: savenum E:\klwl_web\web_hqt\klshop.kailly.com.cn\App\Runtime\Cache\Index\26b56d210010e7f91b3261113c9c2df0.php 第 110 行.
NOTIC: [8] Undefined index: savenum E:\klwl_web\web_hqt\klshop.kailly.com.cn\App\Runtime\Cache\Index\26b56d210010e7f91b3261113c9c2df0.php 第 110 行.
NOTIC: [8] Use of undefined constant Index - assumed 'Index' E:\klwl_web\web_hqt\klshop.kailly.com.cn\App\Runtime\Cache\Index\26b56d210010e7f91b3261113c9c2df0.php 第 184 行.
NOTIC: [8] Use of undefined constant index - assumed 'index' E:\klwl_web\web_hqt\klshop.kailly.com.cn\App\Runtime\Cache\Index\26b56d210010e7f91b3261113c9c2df0.php 第 184 行.
NOTIC: [8] Use of undefined constant Mall - assumed 'Mall' E:\klwl_web\web_hqt\klshop.kailly.com.cn\App\Runtime\Cache\Index\26b56d210010e7f91b3261113c9c2df0.php 第 195 行.
NOTIC: [8] Use of undefined constant Mall - assumed 'Mall' E:\klwl_web\web_hqt\klshop.kailly.com.cn\App\Runtime\Cache\Index\26b56d210010e7f91b3261113c9c2df0.php 第 206 行.
NOTIC: [8] Use of undefined constant Members - assumed 'Members' E:\klwl_web\web_hqt\klshop.kailly.com.cn\App\Runtime\Cache\Index\26b56d210010e7f91b3261113c9c2df0.php 第 217 行.
INFO: Run Behavior\ParseTemplateBehavior [ RunTime:0.015625s ]
INFO: [ view_parse ] --END-- [ RunTime:0.015625s ]
INFO: [ view_filter ] --START--
INFO: Run Behavior\WriteHtmlCacheBehavior [ RunTime:0.000000s ]
INFO: [ view_filter ] --END-- [ RunTime:0.000000s ]
INFO: [ app_end ] --START--
INFO: Run Behavior\ShowPageTraceBehavior [ RunTime:0.000000s ]
INFO: [ app_end ] --END-- [ RunTime:0.000000s ]

[ 2019-01-23T13:07:49+08:00 ] 42.90.126.222 /Index/Mall/details/id/1.html
INFO: [ app_init ] --START--
INFO: Run Behavior\BuildLiteBehavior [ RunTime:0.000000s ]
INFO: [ app_init ] --END-- [ RunTime:0.000000s ]
INFO: [ app_begin ] --START--
INFO: Run Behavior\ReadHtmlCacheBehavior [ RunTime:0.000000s ]
INFO: [ app_begin ] --END-- [ RunTime:0.000000s ]
SQL: SHOW COLUMNS FROM `tbkl_group_order` [ RunTime:0.0000s ]
SQL: SELECT * FROM `tbkl_group_order` WHERE ( status=0 or status=1 )  [ RunTime:0.0000s ]
SQL: SHOW COLUMNS FROM `tbkl_members` [ RunTime:0.0000s ]
SQL: SHOW COLUMNS FROM `tbkl_base` [ RunTime:0.0000s ]
SQL: SELECT * FROM `tbkl_base` WHERE `id` = 1 LIMIT 1   [ RunTime:0.0000s ]
SQL: SHOW COLUMNS FROM `tbkl_get_coupon` [ RunTime:0.0000s ]
SQL: UPDATE `tbkl_get_coupon` SET `status`='2' WHERE `status` = 0 AND `end_time` < 1548220069 [ RunTime:0.0000s ]
SQL: SHOW COLUMNS FROM `tbkl_goods` [ RunTime:0.0000s ]
SQL: SELECT * FROM `tbkl_goods` WHERE `id` = 1 LIMIT 1   [ RunTime:0.0000s ]
SQL: SHOW COLUMNS FROM `tbkl_goods_cate` [ RunTime:0.0156s ]
SQL: SELECT * FROM `tbkl_goods_cate` WHERE ( 1=1 AND id='24' ) LIMIT 1   [ RunTime:0.0000s ]
SQL: SHOW COLUMNS FROM `tbkl_label` [ RunTime:0.0000s ]
NOTIC: [8] Undefined index: mapping_order E:\klwl_web\web_hqt\klshop.kailly.com.cn\ThinkPHP\Library\Think\Model\RelationModel.class.php 第 186 行.
NOTIC: [8] Undefined index: mapping_limit E:\klwl_web\web_hqt\klshop.kailly.com.cn\ThinkPHP\Library\Think\Model\RelationModel.class.php 第 187 行.
SQL: SELECT b.* FROM tbkl_goods_label AS a, tbkl_label AS b WHERE a.label_id = b.id AND a. goods_id='1' [ RunTime:0.0000s ]
SQL: SHOW COLUMNS FROM `tbkl_collect` [ RunTime:0.0000s ]
SQL: SELECT COUNT(*) AS tp_count FROM `tbkl_collect` WHERE `goods_id` = 1 AND `members_id` = 4 LIMIT 1   [ RunTime:0.0000s ]
SQL: SELECT `hospital_tel` FROM `tbkl_base` WHERE `id` = 1 LIMIT 1   [ RunTime:0.0000s ]
SQL: SELECT * FROM `tbkl_base` WHERE `id` = 1 LIMIT 1   [ RunTime:0.0000s ]
NOTIC: [2048] mktime(): You should be using the time() function instead E:\klwl_web\web_hqt\klshop.kailly.com.cn\App\Index\Controller\WechatApiController.class.php 第 65 行.
SQL: SHOW COLUMNS FROM `tbkl_order_evaluate` [ RunTime:0.0000s ]
SQL: SELECT COUNT(*) AS tp_count FROM `tbkl_order_evaluate` WHERE ( goods_id ='1' and status = 0  ) LIMIT 1   [ RunTime:0.0000s ]
SQL: SHOW COLUMNS FROM `tbkl_order_evaluate` [ RunTime:0.0000s ]
SQL: SELECT * FROM `tbkl_order_evaluate` WHERE ( goods_id ='1' and status = 0 and star >=4 ) ORDER BY id desc LIMIT 3   [ RunTime:0.0000s ]
INFO: [ view_parse ] --START--
INFO: [ template_filter ] --START--
INFO: Run Behavior\ContentReplaceBehavior [ RunTime:0.000000s ]
INFO: [ template_filter ] --END-- [ RunTime:0.000000s ]
SQL: SELECT `name` FROM `tbkl_base` WHERE `id` = 1 LIMIT 1   [ RunTime:0.0000s ]
SQL: SELECT `subscribe_url` FROM `tbkl_base` WHERE `id` = 1 LIMIT 1   [ RunTime:0.0000s ]
NOTIC: [8] Undefined index: savenum E:\klwl_web\web_hqt\klshop.kailly.com.cn\App\Runtime\Cache\Index\fd1c5bb2656085fd74daacdef31e469f.php 第 101 行.
NOTIC: [8] Undefined index: savenum E:\klwl_web\web_hqt\klshop.kailly.com.cn\App\Runtime\Cache\Index\fd1c5bb2656085fd74daacdef31e469f.php 第 102 行.
SQL: SELECT `service_phone` FROM `tbkl_base` WHERE `id` = 1 LIMIT 1   [ RunTime:0.0000s ]
INFO: Run Behavior\ParseTemplateBehavior [ RunTime:0.015625s ]
INFO: [ view_parse ] --END-- [ RunTime:0.015625s ]
INFO: [ view_filter ] --START--
INFO: Run Behavior\WriteHtmlCacheBehavior [ RunTime:0.000000s ]
INFO: [ view_filter ] --END-- [ RunTime:0.000000s ]
INFO: [ app_end ] --START--
INFO: Run Behavior\ShowPageTraceBehavior [ RunTime:0.000000s ]
INFO: [ app_end ] --END-- [ RunTime:0.000000s ]

[ 2019-01-23T13:07:50+08:00 ] 42.90.126.222 /Index/Ajax/getCartNum.html
INFO: [ app_init ] --START--
INFO: Run Behavior\BuildLiteBehavior [ RunTime:0.000000s ]
INFO: [ app_init ] --END-- [ RunTime:0.000000s ]
INFO: [ app_begin ] --START--
INFO: Run Behavior\ReadHtmlCacheBehavior [ RunTime:0.000000s ]
INFO: [ app_begin ] --END-- [ RunTime:0.000000s ]
SQL: SHOW COLUMNS FROM `tbkl_group_order` [ RunTime:0.0000s ]
SQL: SELECT * FROM `tbkl_group_order` WHERE ( status=0 or status=1 )  [ RunTime:0.0000s ]
SQL: SHOW COLUMNS FROM `tbkl_members` [ RunTime:0.0000s ]
SQL: SHOW COLUMNS FROM `tbkl_base` [ RunTime:0.0000s ]
SQL: SELECT * FROM `tbkl_base` WHERE `id` = 1 LIMIT 1   [ RunTime:0.0000s ]
SQL: SHOW COLUMNS FROM `tbkl_get_coupon` [ RunTime:0.0000s ]
SQL: UPDATE `tbkl_get_coupon` SET `status`='2' WHERE `status` = 0 AND `end_time` < 1548220070 [ RunTime:0.0000s ]
NOTIC: [8] Undefined index: cart E:\klwl_web\web_hqt\klshop.kailly.com.cn\App\Class\Cart.class.php 第 113 行.

[ 2019-01-23T13:07:51+08:00 ] 42.90.126.222 /Index/Ajax/getAttr.html
INFO: [ app_init ] --START--
INFO: Run Behavior\BuildLiteBehavior [ RunTime:0.000000s ]
INFO: [ app_init ] --END-- [ RunTime:0.000000s ]
INFO: [ app_begin ] --START--
INFO: Run Behavior\ReadHtmlCacheBehavior [ RunTime:0.000000s ]
INFO: [ app_begin ] --END-- [ RunTime:0.000000s ]
SQL: SHOW COLUMNS FROM `tbkl_group_order` [ RunTime:0.0000s ]
SQL: SELECT * FROM `tbkl_group_order` WHERE ( status=0 or status=1 )  [ RunTime:0.0000s ]
SQL: SHOW COLUMNS FROM `tbkl_members` [ RunTime:0.0000s ]
SQL: SHOW COLUMNS FROM `tbkl_base` [ RunTime:0.0000s ]
SQL: SELECT * FROM `tbkl_base` WHERE `id` = 1 LIMIT 1   [ RunTime:0.0000s ]
SQL: SHOW COLUMNS FROM `tbkl_get_coupon` [ RunTime:0.0156s ]
SQL: UPDATE `tbkl_get_coupon` SET `status`='2' WHERE `status` = 0 AND `end_time` < 1548220071 [ RunTime:0.0000s ]
SQL: SHOW COLUMNS FROM `tbkl_attr_cate` [ RunTime:0.0000s ]
SQL: SELECT * FROM `tbkl_attr_cate` WHERE `goods_id` = 1 ORDER BY id ASC  [ RunTime:0.0000s ]
SQL: SHOW COLUMNS FROM `tbkl_attr_option` [ RunTime:0.0000s ]
SQL: SELECT * FROM `tbkl_attr_option` WHERE ( 1=1 AND attr_cate_id='11' )  [ RunTime:0.0000s ]
SQL: SELECT * FROM `tbkl_attr_option` WHERE ( 1=1 AND attr_cate_id='12' )  [ RunTime:0.0000s ]

[ 2019-01-23T13:07:55+08:00 ] 42.90.126.222 /Index/Ajax/getAttrval.html
INFO: [ app_init ] --START--
INFO: Run Behavior\BuildLiteBehavior [ RunTime:0.000000s ]
INFO: [ app_init ] --END-- [ RunTime:0.000000s ]
INFO: [ app_begin ] --START--
INFO: Run Behavior\ReadHtmlCacheBehavior [ RunTime:0.000000s ]
INFO: [ app_begin ] --END-- [ RunTime:0.000000s ]
SQL: SHOW COLUMNS FROM `tbkl_group_order` [ RunTime:0.0156s ]
SQL: SELECT * FROM `tbkl_group_order` WHERE ( status=0 or status=1 )  [ RunTime:0.0000s ]
SQL: SHOW COLUMNS FROM `tbkl_members` [ RunTime:0.0000s ]
SQL: SHOW COLUMNS FROM `tbkl_base` [ RunTime:0.0000s ]
SQL: SELECT * FROM `tbkl_base` WHERE `id` = 1 LIMIT 1   [ RunTime:0.0000s ]
SQL: SHOW COLUMNS FROM `tbkl_get_coupon` [ RunTime:0.0000s ]
SQL: UPDATE `tbkl_get_coupon` SET `status`='2' WHERE `status` = 0 AND `end_time` < 1548220075 [ RunTime:0.0000s ]
SQL: SHOW COLUMNS FROM `tbkl_goods_attr_list` [ RunTime:0.0000s ]
SQL: SELECT * FROM `tbkl_goods_attr_list` WHERE `goods_id` = 1 AND `attr_val` = '26_29' LIMIT 1   [ RunTime:0.0000s ]

[ 2019-01-23T13:07:56+08:00 ] 42.90.126.222 /Index/Ajax/getAttrval.html
INFO: [ app_init ] --START--
INFO: Run Behavior\BuildLiteBehavior [ RunTime:0.000000s ]
INFO: [ app_init ] --END-- [ RunTime:0.000000s ]
INFO: [ app_begin ] --START--
INFO: Run Behavior\ReadHtmlCacheBehavior [ RunTime:0.000000s ]
INFO: [ app_begin ] --END-- [ RunTime:0.000000s ]
SQL: SHOW COLUMNS FROM `tbkl_group_order` [ RunTime:0.0000s ]
SQL: SELECT * FROM `tbkl_group_order` WHERE ( status=0 or status=1 )  [ RunTime:0.0000s ]
SQL: SHOW COLUMNS FROM `tbkl_members` [ RunTime:0.0000s ]
SQL: SHOW COLUMNS FROM `tbkl_base` [ RunTime:0.0000s ]
SQL: SELECT * FROM `tbkl_base` WHERE `id` = 1 LIMIT 1   [ RunTime:0.0000s ]
SQL: SHOW COLUMNS FROM `tbkl_get_coupon` [ RunTime:0.0000s ]
SQL: UPDATE `tbkl_get_coupon` SET `status`='2' WHERE `status` = 0 AND `end_time` < 1548220076 [ RunTime:0.0000s ]
SQL: SHOW COLUMNS FROM `tbkl_goods_attr_list` [ RunTime:0.0000s ]
SQL: SELECT * FROM `tbkl_goods_attr_list` WHERE `goods_id` = 1 AND `attr_val` = '26_28' LIMIT 1   [ RunTime:0.0000s ]

[ 2019-01-23T13:07:57+08:00 ] 42.90.126.222 /Index/Ajax/getAttrval.html
INFO: [ app_init ] --START--
INFO: Run Behavior\BuildLiteBehavior [ RunTime:0.000000s ]
INFO: [ app_init ] --END-- [ RunTime:0.000000s ]
INFO: [ app_begin ] --START--
INFO: Run Behavior\ReadHtmlCacheBehavior [ RunTime:0.000000s ]
INFO: [ app_begin ] --END-- [ RunTime:0.000000s ]
SQL: SHOW COLUMNS FROM `tbkl_group_order` [ RunTime:0.0000s ]
SQL: SELECT * FROM `tbkl_group_order` WHERE ( status=0 or status=1 )  [ RunTime:0.0000s ]
SQL: SHOW COLUMNS FROM `tbkl_members` [ RunTime:0.0000s ]
SQL: SHOW COLUMNS FROM `tbkl_base` [ RunTime:0.0000s ]
SQL: SELECT * FROM `tbkl_base` WHERE `id` = 1 LIMIT 1   [ RunTime:0.0000s ]
SQL: SHOW COLUMNS FROM `tbkl_get_coupon` [ RunTime:0.0000s ]
SQL: UPDATE `tbkl_get_coupon` SET `status`='2' WHERE `status` = 0 AND `end_time` < 1548220077 [ RunTime:0.0000s ]
SQL: SHOW COLUMNS FROM `tbkl_goods_attr_list` [ RunTime:0.0000s ]
SQL: SELECT * FROM `tbkl_goods_attr_list` WHERE `goods_id` = 1 AND `attr_val` = '26_29' LIMIT 1   [ RunTime:0.0000s ]

[ 2019-01-23T13:07:58+08:00 ] 42.90.126.222 /Index/Ajax/getAttrval.html
INFO: [ app_init ] --START--
INFO: Run Behavior\BuildLiteBehavior [ RunTime:0.000000s ]
INFO: [ app_init ] --END-- [ RunTime:0.000000s ]
INFO: [ app_begin ] --START--
INFO: Run Behavior\ReadHtmlCacheBehavior [ RunTime:0.000000s ]
INFO: [ app_begin ] --END-- [ RunTime:0.000000s ]
SQL: SHOW COLUMNS FROM `tbkl_group_order` [ RunTime:0.0000s ]
SQL: SELECT * FROM `tbkl_group_order` WHERE ( status=0 or status=1 )  [ RunTime:0.0000s ]
SQL: SHOW COLUMNS FROM `tbkl_members` [ RunTime:0.0000s ]
SQL: SHOW COLUMNS FROM `tbkl_base` [ RunTime:0.0000s ]
SQL: SELECT * FROM `tbkl_base` WHERE `id` = 1 LIMIT 1   [ RunTime:0.0000s ]
SQL: SHOW COLUMNS FROM `tbkl_get_coupon` [ RunTime:0.0000s ]
SQL: UPDATE `tbkl_get_coupon` SET `status`='2' WHERE `status` = 0 AND `end_time` < 1548220078 [ RunTime:0.0000s ]
SQL: SHOW COLUMNS FROM `tbkl_goods_attr_list` [ RunTime:0.0000s ]
SQL: SELECT * FROM `tbkl_goods_attr_list` WHERE `goods_id` = 1 AND `attr_val` = '26_30' LIMIT 1   [ RunTime:0.0000s ]

[ 2019-01-23T13:08:02+08:00 ] 42.90.126.222 /Index/Mall/evaluate/goods_id/1/type/6.html
INFO: [ app_init ] --START--
INFO: Run Behavior\BuildLiteBehavior [ RunTime:0.000000s ]
INFO: [ app_init ] --END-- [ RunTime:0.000000s ]
INFO: [ app_begin ] --START--
INFO: Run Behavior\ReadHtmlCacheBehavior [ RunTime:0.000000s ]
INFO: [ app_begin ] --END-- [ RunTime:0.000000s ]
SQL: SHOW COLUMNS FROM `tbkl_group_order` [ RunTime:0.0000s ]
SQL: SELECT * FROM `tbkl_group_order` WHERE ( status=0 or status=1 )  [ RunTime:0.0000s ]
SQL: SHOW COLUMNS FROM `tbkl_members` [ RunTime:0.0000s ]
SQL: SHOW COLUMNS FROM `tbkl_base` [ RunTime:0.0000s ]
SQL: SELECT * FROM `tbkl_base` WHERE `id` = 1 LIMIT 1   [ RunTime:0.0000s ]
SQL: SHOW COLUMNS FROM `tbkl_get_coupon` [ RunTime:0.0000s ]
SQL: UPDATE `tbkl_get_coupon` SET `status`='2' WHERE `status` = 0 AND `end_time` < 1548220082 [ RunTime:0.0000s ]
SQL: SHOW COLUMNS FROM `tbkl_order_evaluate` [ RunTime:0.0000s ]
SQL: SELECT * FROM `tbkl_order_evaluate` WHERE ( goods_id ='1' and status = 0  ) ORDER BY id desc  [ RunTime:0.0000s ]
SQL: SELECT COUNT(*) AS tp_count FROM `tbkl_order_evaluate` WHERE ( goods_id ='1' and status = 0 and star=1 ) LIMIT 1   [ RunTime:0.0000s ]
SQL: SELECT COUNT(*) AS tp_count FROM `tbkl_order_evaluate` WHERE ( goods_id ='1' and status = 0 and (star = 3 or star = 2) ) LIMIT 1   [ RunTime:0.0000s ]
SQL: SELECT COUNT(*) AS tp_count FROM `tbkl_order_evaluate` WHERE ( goods_id ='1' and status = 0 and star >=4 ) LIMIT 1   [ RunTime:0.0000s ]
SQL: SELECT COUNT(*) AS tp_count FROM `tbkl_order_evaluate` WHERE ( goods_id ='1' and status = 0  ) LIMIT 1   [ RunTime:0.0000s ]
INFO: [ view_parse ] --START--
INFO: [ template_filter ] --START--
INFO: Run Behavior\ContentReplaceBehavior [ RunTime:0.000000s ]
INFO: [ template_filter ] --END-- [ RunTime:0.000000s ]
SQL: SELECT `name` FROM `tbkl_base` WHERE `id` = 1 LIMIT 1   [ RunTime:0.0000s ]
INFO: Run Behavior\ParseTemplateBehavior [ RunTime:0.000000s ]
INFO: [ view_parse ] --END-- [ RunTime:0.000000s ]
INFO: [ view_filter ] --START--
INFO: Run Behavior\WriteHtmlCacheBehavior [ RunTime:0.000000s ]
INFO: [ view_filter ] --END-- [ RunTime:0.000000s ]
INFO: [ app_end ] --START--
INFO: Run Behavior\ShowPageTraceBehavior [ RunTime:0.000000s ]
INFO: [ app_end ] --END-- [ RunTime:0.000000s ]

[ 2019-01-23T13:08:04+08:00 ] 42.90.126.222 /Index/Mall/evaluate/goods_id/1/type/2.html
INFO: [ app_init ] --START--
INFO: Run Behavior\BuildLiteBehavior [ RunTime:0.000000s ]
INFO: [ app_init ] --END-- [ RunTime:0.000000s ]
INFO: [ app_begin ] --START--
INFO: Run Behavior\ReadHtmlCacheBehavior [ RunTime:0.000000s ]
INFO: [ app_begin ] --END-- [ RunTime:0.000000s ]
SQL: SHOW COLUMNS FROM `tbkl_group_order` [ RunTime:0.0000s ]
SQL: SELECT * FROM `tbkl_group_order` WHERE ( status=0 or status=1 )  [ RunTime:0.0000s ]
SQL: SHOW COLUMNS FROM `tbkl_members` [ RunTime:0.0000s ]
SQL: SHOW COLUMNS FROM `tbkl_base` [ RunTime:0.0000s ]
SQL: SELECT * FROM `tbkl_base` WHERE `id` = 1 LIMIT 1   [ RunTime:0.0000s ]
SQL: SHOW COLUMNS FROM `tbkl_get_coupon` [ RunTime:0.0000s ]
SQL: UPDATE `tbkl_get_coupon` SET `status`='2' WHERE `status` = 0 AND `end_time` < 1548220084 [ RunTime:0.0000s ]
SQL: SHOW COLUMNS FROM `tbkl_order_evaluate` [ RunTime:0.0000s ]
SQL: SELECT * FROM `tbkl_order_evaluate` WHERE ( goods_id ='1' and status = 0 and (star = 3 or star = 2) ) ORDER BY id desc  [ RunTime:0.0000s ]
SQL: SELECT COUNT(*) AS tp_count FROM `tbkl_order_evaluate` WHERE ( goods_id ='1' and status = 0 and star=1 ) LIMIT 1   [ RunTime:0.0000s ]
SQL: SELECT COUNT(*) AS tp_count FROM `tbkl_order_evaluate` WHERE ( goods_id ='1' and status = 0 and (star = 3 or star = 2) ) LIMIT 1   [ RunTime:0.0000s ]
SQL: SELECT COUNT(*) AS tp_count FROM `tbkl_order_evaluate` WHERE ( goods_id ='1' and status = 0 and star >=4 ) LIMIT 1   [ RunTime:0.0000s ]
SQL: SELECT COUNT(*) AS tp_count FROM `tbkl_order_evaluate` WHERE ( goods_id ='1' and status = 0  ) LIMIT 1   [ RunTime:0.0000s ]
INFO: [ view_parse ] --START--
INFO: [ template_filter ] --START--
INFO: Run Behavior\ContentReplaceBehavior [ RunTime:0.000000s ]
INFO: [ template_filter ] --END-- [ RunTime:0.000000s ]
SQL: SELECT `name` FROM `tbkl_base` WHERE `id` = 1 LIMIT 1   [ RunTime:0.0000s ]
INFO: Run Behavior\ParseTemplateBehavior [ RunTime:0.015625s ]
INFO: [ view_parse ] --END-- [ RunTime:0.015625s ]
INFO: [ view_filter ] --START--
INFO: Run Behavior\WriteHtmlCacheBehavior [ RunTime:0.000000s ]
INFO: [ view_filter ] --END-- [ RunTime:0.000000s ]
INFO: [ app_end ] --START--
INFO: Run Behavior\ShowPageTraceBehavior [ RunTime:0.000000s ]
INFO: [ app_end ] --END-- [ RunTime:0.000000s ]

[ 2019-01-23T13:08:05+08:00 ] 42.90.126.222 /Index/Mall/evaluate/goods_id/1/type/3.html
INFO: [ app_init ] --START--
INFO: Run Behavior\BuildLiteBehavior [ RunTime:0.000000s ]
INFO: [ app_init ] --END-- [ RunTime:0.000000s ]
INFO: [ app_begin ] --START--
INFO: Run Behavior\ReadHtmlCacheBehavior [ RunTime:0.000000s ]
INFO: [ app_begin ] --END-- [ RunTime:0.000000s ]
SQL: SHOW COLUMNS FROM `tbkl_group_order` [ RunTime:0.0000s ]
SQL: SELECT * FROM `tbkl_group_order` WHERE ( status=0 or status=1 )  [ RunTime:0.0000s ]
SQL: SHOW COLUMNS FROM `tbkl_members` [ RunTime:0.0000s ]
SQL: SHOW COLUMNS FROM `tbkl_base` [ RunTime:0.0000s ]
SQL: SELECT * FROM `tbkl_base` WHERE `id` = 1 LIMIT 1   [ RunTime:0.0000s ]
SQL: SHOW COLUMNS FROM `tbkl_get_coupon` [ RunTime:0.0000s ]
SQL: UPDATE `tbkl_get_coupon` SET `status`='2' WHERE `status` = 0 AND `end_time` < 1548220085 [ RunTime:0.0000s ]
SQL: SHOW COLUMNS FROM `tbkl_order_evaluate` [ RunTime:0.0000s ]
SQL: SELECT * FROM `tbkl_order_evaluate` WHERE ( goods_id ='1' and status = 0 and star=1 ) ORDER BY id desc  [ RunTime:0.0000s ]
SQL: SELECT COUNT(*) AS tp_count FROM `tbkl_order_evaluate` WHERE ( goods_id ='1' and status = 0 and star=1 ) LIMIT 1   [ RunTime:0.0000s ]
SQL: SELECT COUNT(*) AS tp_count FROM `tbkl_order_evaluate` WHERE ( goods_id ='1' and status = 0 and (star = 3 or star = 2) ) LIMIT 1   [ RunTime:0.0000s ]
SQL: SELECT COUNT(*) AS tp_count FROM `tbkl_order_evaluate` WHERE ( goods_id ='1' and status = 0 and star >=4 ) LIMIT 1   [ RunTime:0.0000s ]
SQL: SELECT COUNT(*) AS tp_count FROM `tbkl_order_evaluate` WHERE ( goods_id ='1' and status = 0  ) LIMIT 1   [ RunTime:0.0000s ]
INFO: [ view_parse ] --START--
INFO: [ template_filter ] --START--
INFO: Run Behavior\ContentReplaceBehavior [ RunTime:0.000000s ]
INFO: [ template_filter ] --END-- [ RunTime:0.000000s ]
SQL: SELECT `name` FROM `tbkl_base` WHERE `id` = 1 LIMIT 1   [ RunTime:0.0000s ]
INFO: Run Behavior\ParseTemplateBehavior [ RunTime:0.000000s ]
INFO: [ view_parse ] --END-- [ RunTime:0.000000s ]
INFO: [ view_filter ] --START--
INFO: Run Behavior\WriteHtmlCacheBehavior [ RunTime:0.000000s ]
INFO: [ view_filter ] --END-- [ RunTime:0.000000s ]
INFO: [ app_end ] --START--
INFO: Run Behavior\ShowPageTraceBehavior [ RunTime:0.000000s ]
INFO: [ app_end ] --END-- [ RunTime:0.000000s ]

[ 2019-01-23T15:38:46+08:00 ] 106.14.204.78 /
INFO: [ app_init ] --START--
INFO: Run Behavior\BuildLiteBehavior [ RunTime:0.000000s ]
INFO: [ app_init ] --END-- [ RunTime:0.000000s ]
INFO: [ app_begin ] --START--
INFO: Run Behavior\ReadHtmlCacheBehavior [ RunTime:0.000000s ]
INFO: [ app_begin ] --END-- [ RunTime:0.000000s ]
SQL: SHOW COLUMNS FROM `tbkl_members` [ RunTime:0.0000s ]
SQL: SHOW COLUMNS FROM `tbkl_base` [ RunTime:0.0156s ]
SQL: SELECT * FROM `tbkl_base` WHERE `id` = 1 LIMIT 1   [ RunTime:0.0000s ]
NOTIC: [8] Undefined index: code E:\klwl_web\web_hqt\klshop.kailly.com.cn\App\Index\Controller\WechatApiController.class.php 第 83 行.

[ 2019-01-23T15:39:27+08:00 ] 61.140.233.4 /Index/GroupMall/index
INFO: [ app_init ] --START--
INFO: Run Behavior\BuildLiteBehavior [ RunTime:0.000000s ]
INFO: [ app_init ] --END-- [ RunTime:0.000000s ]
INFO: [ app_begin ] --START--
INFO: Run Behavior\ReadHtmlCacheBehavior [ RunTime:0.000000s ]
INFO: [ app_begin ] --END-- [ RunTime:0.000000s ]
NOTIC: [2048] Declaration of Index\Controller\GroupMallController::share() should be compatible with Index\Controller\CommonController::share($place) E:\klwl_web\web_hqt\klshop.kailly.com.cn\App\Index\Controller\GroupMallController.class.php 第 5 行.
SQL: SHOW COLUMNS FROM `tbkl_members` [ RunTime:0.0000s ]
SQL: SHOW COLUMNS FROM `tbkl_base` [ RunTime:0.0156s ]
SQL: SELECT * FROM `tbkl_base` WHERE `id` = 1 LIMIT 1   [ RunTime:0.0000s ]
NOTIC: [8] Undefined index: code E:\klwl_web\web_hqt\klshop.kailly.com.cn\App\Index\Controller\WechatApiController.class.php 第 83 行.

[ 2019-01-23T15:39:30+08:00 ] 61.140.233.4 /Index/GroupMall/index?code=001WhOsD1zNOL50UJCsD12tWsD1WhOsC&state=STATE
INFO: [ app_init ] --START--
INFO: Run Behavior\BuildLiteBehavior [ RunTime:0.000000s ]
INFO: [ app_init ] --END-- [ RunTime:0.000000s ]
INFO: [ app_begin ] --START--
INFO: Run Behavior\ReadHtmlCacheBehavior [ RunTime:0.000000s ]
INFO: [ app_begin ] --END-- [ RunTime:0.000000s ]
NOTIC: [2048] Declaration of Index\Controller\GroupMallController::share() should be compatible with Index\Controller\CommonController::share($place) E:\klwl_web\web_hqt\klshop.kailly.com.cn\App\Index\Controller\GroupMallController.class.php 第 5 行.
SQL: SHOW COLUMNS FROM `tbkl_members` [ RunTime:0.0000s ]
SQL: SHOW COLUMNS FROM `tbkl_base` [ RunTime:0.0000s ]
SQL: SELECT * FROM `tbkl_base` WHERE `id` = 1 LIMIT 1   [ RunTime:0.0000s ]
SQL: SELECT * FROM `tbkl_members` WHERE `openid` = 'oSuTSsoTEvoU0U1cAsb-Kffr3GYs' LIMIT 1   [ RunTime:0.0000s ]
SQL: UPDATE `tbkl_members` SET `openid`='oSuTSsoTEvoU0U1cAsb-Kffr3GYs',`nickname`='a2FvcmnorJvlkaJE',`sex`='2',`city`='广州',`province`='广东',`headimgurl`='http://thirdwx.qlogo.cn/mmopen/vi_32/icZkpcQSIbAzPibDLdu9lxKBxib2HxEuoYwwkV3IHIUFP8iaePM4xuTDgpiboM0hzdicn4CGB5NHpmorfqxPLiazJVFeQ/132',`type`='1' WHERE `id` = 40 [ RunTime:0.0156s ]
SQL: SELECT * FROM `tbkl_members` WHERE `id` = 40 LIMIT 1   [ RunTime:0.0000s ]
SQL: SHOW COLUMNS FROM `tbkl_group_order` [ RunTime:0.0000s ]
SQL: SELECT * FROM `tbkl_group_order` WHERE ( status=0 or status=1 )  [ RunTime:0.0000s ]
SQL: SELECT * FROM `tbkl_base` WHERE `id` = 1 LIMIT 1   [ RunTime:0.0000s ]
SQL: SHOW COLUMNS FROM `tbkl_get_coupon` [ RunTime:0.0000s ]
SQL: UPDATE `tbkl_get_coupon` SET `status`='2' WHERE `status` = 0 AND `end_time` < 1548229170 [ RunTime:0.0000s ]
SQL: SHOW COLUMNS FROM `tbkl_banner` [ RunTime:0.0000s ]
SQL: SELECT * FROM `tbkl_banner` WHERE `status` = 0 AND `place` = 3 ORDER BY sort DESC  [ RunTime:0.0000s ]
SQL: SHOW COLUMNS FROM `tbkl_top_nav` [ RunTime:0.0000s ]
SQL: SELECT * FROM `tbkl_top_nav` WHERE `status` = 0 AND `place` = 3 ORDER BY sort ASC  [ RunTime:0.0000s ]
SQL: SHOW COLUMNS FROM `tbkl_group_goods` [ RunTime:0.0156s ]
SQL: SELECT * FROM `tbkl_group_goods` WHERE `status` = 0 AND `is_red` = 1 ORDER BY id DESC  [ RunTime:0.0000s ]
SQL: SELECT * FROM `tbkl_base` WHERE `id` = 1 LIMIT 1   [ RunTime:0.0000s ]
NOTIC: [8] Undefined variable: share E:\klwl_web\web_hqt\klshop.kailly.com.cn\App\Index\Controller\GroupMallController.class.php 第 367 行.
NOTIC: [8] Undefined variable: share E:\klwl_web\web_hqt\klshop.kailly.com.cn\App\Index\Controller\GroupMallController.class.php 第 369 行.
NOTIC: [8] Undefined variable: share E:\klwl_web\web_hqt\klshop.kailly.com.cn\App\Index\Controller\GroupMallController.class.php 第 370 行.
NOTIC: [8] Undefined variable: share E:\klwl_web\web_hqt\klshop.kailly.com.cn\App\Index\Controller\GroupMallController.class.php 第 371 行.
NOTIC: [2048] mktime(): You should be using the time() function instead E:\klwl_web\web_hqt\klshop.kailly.com.cn\App\Index\Controller\WechatApiController.class.php 第 65 行.
INFO: [ view_parse ] --START--
INFO: [ template_filter ] --START--
INFO: Run Behavior\ContentReplaceBehavior [ RunTime:0.000000s ]
INFO: [ template_filter ] --END-- [ RunTime:0.000000s ]
NOTIC: [8] Undefined index: title E:\klwl_web\web_hqt\klshop.kailly.com.cn\App\Runtime\Cache\Index\f625d5637f243be2f5166641e5fca10b.php 第 43 行.
NOTIC: [8] Undefined index: savenum E:\klwl_web\web_hqt\klshop.kailly.com.cn\App\Runtime\Cache\Index\f625d5637f243be2f5166641e5fca10b.php 第 80 行.
NOTIC: [8] Undefined index: savenum E:\klwl_web\web_hqt\klshop.kailly.com.cn\App\Runtime\Cache\Index\f625d5637f243be2f5166641e5fca10b.php 第 80 行.
NOTIC: [8] Undefined index: savenum E:\klwl_web\web_hqt\klshop.kailly.com.cn\App\Runtime\Cache\Index\f625d5637f243be2f5166641e5fca10b.php 第 80 行.
NOTIC: [8] Undefined index: savenum E:\klwl_web\web_hqt\klshop.kailly.com.cn\App\Runtime\Cache\Index\f625d5637f243be2f5166641e5fca10b.php 第 80 行.
NOTIC: [8] Undefined index: savenum E:\klwl_web\web_hqt\klshop.kailly.com.cn\App\Runtime\Cache\Index\f625d5637f243be2f5166641e5fca10b.php 第 80 行.
NOTIC: [8] Use of undefined constant Index - assumed 'Index' E:\klwl_web\web_hqt\klshop.kailly.com.cn\App\Runtime\Cache\Index\f625d5637f243be2f5166641e5fca10b.php 第 94 行.
NOTIC: [8] Use of undefined constant Mall - assumed 'Mall' E:\klwl_web\web_hqt\klshop.kailly.com.cn\App\Runtime\Cache\Index\f625d5637f243be2f5166641e5fca10b.php 第 105 行.
NOTIC: [8] Use of undefined constant Mall - assumed 'Mall' E:\klwl_web\web_hqt\klshop.kailly.com.cn\App\Runtime\Cache\Index\f625d5637f243be2f5166641e5fca10b.php 第 116 行.
NOTIC: [8] Use of undefined constant Members - assumed 'Members' E:\klwl_web\web_hqt\klshop.kailly.com.cn\App\Runtime\Cache\Index\f625d5637f243be2f5166641e5fca10b.php 第 127 行.
INFO: Run Behavior\ParseTemplateBehavior [ RunTime:0.031250s ]
INFO: [ view_parse ] --END-- [ RunTime:0.031250s ]
INFO: [ view_filter ] --START--
INFO: Run Behavior\WriteHtmlCacheBehavior [ RunTime:0.000000s ]
INFO: [ view_filter ] --END-- [ RunTime:0.000000s ]
INFO: [ app_end ] --START--
INFO: Run Behavior\ShowPageTraceBehavior [ RunTime:0.000000s ]
INFO: [ app_end ] --END-- [ RunTime:0.000000s ]

[ 2019-01-23T15:40:11+08:00 ] 61.140.233.4 /Index/GroupMall/index
INFO: [ app_init ] --START--
INFO: Run Behavior\BuildLiteBehavior [ RunTime:0.000000s ]
INFO: [ app_init ] --END-- [ RunTime:0.000000s ]
INFO: [ app_begin ] --START--
INFO: Run Behavior\ReadHtmlCacheBehavior [ RunTime:0.000000s ]
INFO: [ app_begin ] --END-- [ RunTime:0.000000s ]
NOTIC: [2048] Declaration of Index\Controller\GroupMallController::share() should be compatible with Index\Controller\CommonController::share($place) E:\klwl_web\web_hqt\klshop.kailly.com.cn\App\Index\Controller\GroupMallController.class.php 第 5 行.
SQL: SHOW COLUMNS FROM `tbkl_group_order` [ RunTime:0.0000s ]
SQL: SELECT * FROM `tbkl_group_order` WHERE ( status=0 or status=1 )  [ RunTime:0.0000s ]
SQL: SHOW COLUMNS FROM `tbkl_members` [ RunTime:0.0156s ]
SQL: SHOW COLUMNS FROM `tbkl_base` [ RunTime:0.0000s ]
SQL: SELECT * FROM `tbkl_base` WHERE `id` = 1 LIMIT 1   [ RunTime:0.0000s ]
SQL: SHOW COLUMNS FROM `tbkl_get_coupon` [ RunTime:0.0000s ]
SQL: UPDATE `tbkl_get_coupon` SET `status`='2' WHERE `status` = 0 AND `end_time` < 1548229211 [ RunTime:0.0000s ]
SQL: SHOW COLUMNS FROM `tbkl_banner` [ RunTime:0.0000s ]
SQL: SELECT * FROM `tbkl_banner` WHERE `status` = 0 AND `place` = 3 ORDER BY sort DESC  [ RunTime:0.0000s ]
SQL: SHOW COLUMNS FROM `tbkl_top_nav` [ RunTime:0.0000s ]
SQL: SELECT * FROM `tbkl_top_nav` WHERE `status` = 0 AND `place` = 3 ORDER BY sort ASC  [ RunTime:0.0000s ]
SQL: SHOW COLUMNS FROM `tbkl_group_goods` [ RunTime:0.0000s ]
SQL: SELECT * FROM `tbkl_group_goods` WHERE `status` = 0 AND `is_red` = 1 ORDER BY id DESC  [ RunTime:0.0000s ]
SQL: SELECT * FROM `tbkl_base` WHERE `id` = 1 LIMIT 1   [ RunTime:0.0000s ]
NOTIC: [8] Undefined variable: share E:\klwl_web\web_hqt\klshop.kailly.com.cn\App\Index\Controller\GroupMallController.class.php 第 367 行.
NOTIC: [8] Undefined variable: share E:\klwl_web\web_hqt\klshop.kailly.com.cn\App\Index\Controller\GroupMallController.class.php 第 369 行.
NOTIC: [8] Undefined variable: share E:\klwl_web\web_hqt\klshop.kailly.com.cn\App\Index\Controller\GroupMallController.class.php 第 370 行.
NOTIC: [8] Undefined variable: share E:\klwl_web\web_hqt\klshop.kailly.com.cn\App\Index\Controller\GroupMallController.class.php 第 371 行.
NOTIC: [2048] mktime(): You should be using the time() function instead E:\klwl_web\web_hqt\klshop.kailly.com.cn\App\Index\Controller\WechatApiController.class.php 第 65 行.
INFO: [ view_parse ] --START--
INFO: [ template_filter ] --START--
INFO: Run Behavior\ContentReplaceBehavior [ RunTime:0.000000s ]
INFO: [ template_filter ] --END-- [ RunTime:0.000000s ]
NOTIC: [8] Undefined index: title E:\klwl_web\web_hqt\klshop.kailly.com.cn\App\Runtime\Cache\Index\f625d5637f243be2f5166641e5fca10b.php 第 43 行.
NOTIC: [8] Undefined index: savenum E:\klwl_web\web_hqt\klshop.kailly.com.cn\App\Runtime\Cache\Index\f625d5637f243be2f5166641e5fca10b.php 第 80 行.
NOTIC: [8] Undefined index: savenum E:\klwl_web\web_hqt\klshop.kailly.com.cn\App\Runtime\Cache\Index\f625d5637f243be2f5166641e5fca10b.php 第 80 行.
NOTIC: [8] Undefined index: savenum E:\klwl_web\web_hqt\klshop.kailly.com.cn\App\Runtime\Cache\Index\f625d5637f243be2f5166641e5fca10b.php 第 80 行.
NOTIC: [8] Undefined index: savenum E:\klwl_web\web_hqt\klshop.kailly.com.cn\App\Runtime\Cache\Index\f625d5637f243be2f5166641e5fca10b.php 第 80 行.
NOTIC: [8] Undefined index: savenum E:\klwl_web\web_hqt\klshop.kailly.com.cn\App\Runtime\Cache\Index\f625d5637f243be2f5166641e5fca10b.php 第 80 行.
NOTIC: [8] Use of undefined constant Index - assumed 'Index' E:\klwl_web\web_hqt\klshop.kailly.com.cn\App\Runtime\Cache\Index\f625d5637f243be2f5166641e5fca10b.php 第 94 行.
NOTIC: [8] Use of undefined constant Mall - assumed 'Mall' E:\klwl_web\web_hqt\klshop.kailly.com.cn\App\Runtime\Cache\Index\f625d5637f243be2f5166641e5fca10b.php 第 105 行.
NOTIC: [8] Use of undefined constant Mall - assumed 'Mall' E:\klwl_web\web_hqt\klshop.kailly.com.cn\App\Runtime\Cache\Index\f625d5637f243be2f5166641e5fca10b.php 第 116 行.
NOTIC: [8] Use of undefined constant Members - assumed 'Members' E:\klwl_web\web_hqt\klshop.kailly.com.cn\App\Runtime\Cache\Index\f625d5637f243be2f5166641e5fca10b.php 第 127 行.
INFO: Run Behavior\ParseTemplateBehavior [ RunTime:0.015625s ]
INFO: [ view_parse ] --END-- [ RunTime:0.015625s ]
INFO: [ view_filter ] --START--
INFO: Run Behavior\WriteHtmlCacheBehavior [ RunTime:0.000000s ]
INFO: [ view_filter ] --END-- [ RunTime:0.000000s ]
INFO: [ app_end ] --START--
INFO: Run Behavior\ShowPageTraceBehavior [ RunTime:0.000000s ]
INFO: [ app_end ] --END-- [ RunTime:0.000000s ]

[ 2019-01-23T15:54:10+08:00 ] 61.140.233.4 /Index/Mall/coupon.html
INFO: [ app_init ] --START--
INFO: Run Behavior\BuildLiteBehavior [ RunTime:0.000000s ]
INFO: [ app_init ] --END-- [ RunTime:0.000000s ]
INFO: [ app_begin ] --START--
INFO: Run Behavior\ReadHtmlCacheBehavior [ RunTime:0.000000s ]
INFO: [ app_begin ] --END-- [ RunTime:0.000000s ]
SQL: SHOW COLUMNS FROM `tbkl_group_order` [ RunTime:0.0000s ]
SQL: SELECT * FROM `tbkl_group_order` WHERE ( status=0 or status=1 )  [ RunTime:0.0000s ]
SQL: SHOW COLUMNS FROM `tbkl_members` [ RunTime:0.0000s ]
SQL: SHOW COLUMNS FROM `tbkl_base` [ RunTime:0.0000s ]
SQL: SELECT * FROM `tbkl_base` WHERE `id` = 1 LIMIT 1   [ RunTime:0.0000s ]
SQL: SHOW COLUMNS FROM `tbkl_get_coupon` [ RunTime:0.0000s ]
SQL: UPDATE `tbkl_get_coupon` SET `status`='2' WHERE `status` = 0 AND `end_time` < 1548230050 [ RunTime:0.0000s ]
SQL: SHOW COLUMNS FROM `tbkl_coupon` [ RunTime:0.0000s ]
SQL: SELECT * FROM `tbkl_coupon` WHERE `status` = 0 ORDER BY id DESC  [ RunTime:0.0000s ]
SQL: SELECT COUNT(*) AS tp_count FROM `tbkl_get_coupon` WHERE `members_id` = 40 AND `status` = 0 AND `coupon_id` = 5 LIMIT 1   [ RunTime:0.0000s ]
SQL: SELECT COUNT(*) AS tp_count FROM `tbkl_get_coupon` WHERE `members_id` = 40 AND `status` = 0 AND `coupon_id` = 4 LIMIT 1   [ RunTime:0.0000s ]
SQL: SELECT COUNT(*) AS tp_count FROM `tbkl_get_coupon` WHERE `members_id` = 40 AND `status` = 0 AND `coupon_id` = 3 LIMIT 1   [ RunTime:0.0000s ]
SQL: SELECT COUNT(*) AS tp_count FROM `tbkl_get_coupon` WHERE `members_id` = 40 AND `status` = 0 AND `coupon_id` = 2 LIMIT 1   [ RunTime:0.0000s ]
SQL: SELECT COUNT(*) AS tp_count FROM `tbkl_get_coupon` WHERE `members_id` = 40 AND `status` = 0 AND `coupon_id` = 1 LIMIT 1   [ RunTime:0.0000s ]
INFO: [ view_parse ] --START--
INFO: [ template_filter ] --START--
INFO: Run Behavior\ContentReplaceBehavior [ RunTime:0.000000s ]
INFO: [ template_filter ] --END-- [ RunTime:0.000000s ]
NOTIC: [8] Use of undefined constant Index - assumed 'Index' E:\klwl_web\web_hqt\klshop.kailly.com.cn\App\Runtime\Cache\Index\a27b7e201c72e1c60ad161e2bb74a140.php 第 50 行.
NOTIC: [8] Use of undefined constant Mall - assumed 'Mall' E:\klwl_web\web_hqt\klshop.kailly.com.cn\App\Runtime\Cache\Index\a27b7e201c72e1c60ad161e2bb74a140.php 第 61 行.
NOTIC: [8] Use of undefined constant cate - assumed 'cate' E:\klwl_web\web_hqt\klshop.kailly.com.cn\App\Runtime\Cache\Index\a27b7e201c72e1c60ad161e2bb74a140.php 第 61 行.
NOTIC: [8] Use of undefined constant Mall - assumed 'Mall' E:\klwl_web\web_hqt\klshop.kailly.com.cn\App\Runtime\Cache\Index\a27b7e201c72e1c60ad161e2bb74a140.php 第 72 行.
NOTIC: [8] Use of undefined constant shopcart - assumed 'shopcart' E:\klwl_web\web_hqt\klshop.kailly.com.cn\App\Runtime\Cache\Index\a27b7e201c72e1c60ad161e2bb74a140.php 第 72 行.
NOTIC: [8] Use of undefined constant Members - assumed 'Members' E:\klwl_web\web_hqt\klshop.kailly.com.cn\App\Runtime\Cache\Index\a27b7e201c72e1c60ad161e2bb74a140.php 第 83 行.
INFO: Run Behavior\ParseTemplateBehavior [ RunTime:0.000000s ]
INFO: [ view_parse ] --END-- [ RunTime:0.000000s ]
INFO: [ view_filter ] --START--
INFO: Run Behavior\WriteHtmlCacheBehavior [ RunTime:0.000000s ]
INFO: [ view_filter ] --END-- [ RunTime:0.000000s ]
INFO: [ app_end ] --START--
INFO: Run Behavior\ShowPageTraceBehavior [ RunTime:0.000000s ]
INFO: [ app_end ] --END-- [ RunTime:0.000000s ]

[ 2019-01-23T15:54:13+08:00 ] 61.140.233.4 /Index/pointMall
INFO: [ app_init ] --START--
INFO: Run Behavior\BuildLiteBehavior [ RunTime:0.000000s ]
INFO: [ app_init ] --END-- [ RunTime:0.000000s ]
INFO: [ app_begin ] --START--
INFO: Run Behavior\ReadHtmlCacheBehavior [ RunTime:0.000000s ]
INFO: [ app_begin ] --END-- [ RunTime:0.000000s ]
SQL: SHOW COLUMNS FROM `tbkl_group_order` [ RunTime:0.0000s ]
SQL: SELECT * FROM `tbkl_group_order` WHERE ( status=0 or status=1 )  [ RunTime:0.0000s ]
SQL: SHOW COLUMNS FROM `tbkl_members` [ RunTime:0.0000s ]
SQL: SHOW COLUMNS FROM `tbkl_base` [ RunTime:0.0000s ]
SQL: SELECT * FROM `tbkl_base` WHERE `id` = 1 LIMIT 1   [ RunTime:0.0000s ]
SQL: SHOW COLUMNS FROM `tbkl_get_coupon` [ RunTime:0.0000s ]
SQL: UPDATE `tbkl_get_coupon` SET `status`='2' WHERE `status` = 0 AND `end_time` < 1548230053 [ RunTime:0.0000s ]
SQL: SHOW COLUMNS FROM `tbkl_banner` [ RunTime:0.0000s ]
SQL: SELECT * FROM `tbkl_banner` WHERE `status` = 0 AND `place` = 2 ORDER BY sort DESC  [ RunTime:0.0000s ]
SQL: SHOW COLUMNS FROM `tbkl_top_nav` [ RunTime:0.0000s ]
SQL: SELECT * FROM `tbkl_top_nav` WHERE `status` = 0 AND `place` = 2 ORDER BY sort ASC  [ RunTime:0.0000s ]
SQL: SHOW COLUMNS FROM `tbkl_point_goods` [ RunTime:0.0000s ]
SQL: SELECT * FROM `tbkl_point_goods` WHERE `status` = 0  [ RunTime:0.0000s ]
INFO: [ view_parse ] --START--
INFO: [ template_filter ] --START--
INFO: Run Behavior\ContentReplaceBehavior [ RunTime:0.000000s ]
INFO: [ template_filter ] --END-- [ RunTime:0.000000s ]
SQL: SELECT `logo` FROM `tbkl_base` WHERE `id` = 1 LIMIT 1   [ RunTime:0.0000s ]
NOTIC: [8] Undefined index: name E:\klwl_web\web_hqt\klshop.kailly.com.cn\App\Runtime\Cache\Index\c54f10e0d2791b5468ec2a7f2101338d.php 第 27 行.
SQL: SELECT `service_phone` FROM `tbkl_base` WHERE `id` = 1 LIMIT 1   [ RunTime:0.0000s ]
NOTIC: [8] Undefined index: title E:\klwl_web\web_hqt\klshop.kailly.com.cn\App\Runtime\Cache\Index\c54f10e0d2791b5468ec2a7f2101338d.php 第 49 行.
NOTIC: [8] Undefined index: savenum E:\klwl_web\web_hqt\klshop.kailly.com.cn\App\Runtime\Cache\Index\c54f10e0d2791b5468ec2a7f2101338d.php 第 81 行.
NOTIC: [8] Undefined index: savenum E:\klwl_web\web_hqt\klshop.kailly.com.cn\App\Runtime\Cache\Index\c54f10e0d2791b5468ec2a7f2101338d.php 第 81 行.
NOTIC: [8] Undefined index: savenum E:\klwl_web\web_hqt\klshop.kailly.com.cn\App\Runtime\Cache\Index\c54f10e0d2791b5468ec2a7f2101338d.php 第 81 行.
NOTIC: [8] Undefined index: savenum E:\klwl_web\web_hqt\klshop.kailly.com.cn\App\Runtime\Cache\Index\c54f10e0d2791b5468ec2a7f2101338d.php 第 81 行.
NOTIC: [8] Use of undefined constant Index - assumed 'Index' E:\klwl_web\web_hqt\klshop.kailly.com.cn\App\Runtime\Cache\Index\c54f10e0d2791b5468ec2a7f2101338d.php 第 135 行.
NOTIC: [8] Use of undefined constant Mall - assumed 'Mall' E:\klwl_web\web_hqt\klshop.kailly.com.cn\App\Runtime\Cache\Index\c54f10e0d2791b5468ec2a7f2101338d.php 第 146 行.
NOTIC: [8] Use of undefined constant Mall - assumed 'Mall' E:\klwl_web\web_hqt\klshop.kailly.com.cn\App\Runtime\Cache\Index\c54f10e0d2791b5468ec2a7f2101338d.php 第 157 行.
NOTIC: [8] Use of undefined constant Members - assumed 'Members' E:\klwl_web\web_hqt\klshop.kailly.com.cn\App\Runtime\Cache\Index\c54f10e0d2791b5468ec2a7f2101338d.php 第 168 行.
INFO: Run Behavior\ParseTemplateBehavior [ RunTime:0.000000s ]
INFO: [ view_parse ] --END-- [ RunTime:0.000000s ]
INFO: [ view_filter ] --START--
INFO: Run Behavior\WriteHtmlCacheBehavior [ RunTime:0.000000s ]
INFO: [ view_filter ] --END-- [ RunTime:0.000000s ]
INFO: [ app_end ] --START--
INFO: Run Behavior\ShowPageTraceBehavior [ RunTime:0.000000s ]
INFO: [ app_end ] --END-- [ RunTime:0.000000s ]

[ 2019-01-23T15:54:22+08:00 ] 61.140.233.4 /Index/Mall/goodslist/type/is_red
INFO: [ app_init ] --START--
INFO: Run Behavior\BuildLiteBehavior [ RunTime:0.000000s ]
INFO: [ app_init ] --END-- [ RunTime:0.000000s ]
INFO: [ app_begin ] --START--
INFO: Run Behavior\ReadHtmlCacheBehavior [ RunTime:0.000000s ]
INFO: [ app_begin ] --END-- [ RunTime:0.000000s ]
SQL: SHOW COLUMNS FROM `tbkl_group_order` [ RunTime:0.0000s ]
SQL: SELECT * FROM `tbkl_group_order` WHERE ( status=0 or status=1 )  [ RunTime:0.0000s ]
SQL: SHOW COLUMNS FROM `tbkl_members` [ RunTime:0.0000s ]
SQL: SHOW COLUMNS FROM `tbkl_base` [ RunTime:0.0000s ]
SQL: SELECT * FROM `tbkl_base` WHERE `id` = 1 LIMIT 1   [ RunTime:0.0000s ]
SQL: SHOW COLUMNS FROM `tbkl_get_coupon` [ RunTime:0.0156s ]
SQL: UPDATE `tbkl_get_coupon` SET `status`='2' WHERE `status` = 0 AND `end_time` < 1548230062 [ RunTime:0.0000s ]
SQL: SHOW COLUMNS FROM `tbkl_goods` [ RunTime:0.0000s ]
SQL: SELECT * FROM `tbkl_goods` WHERE `is_red` = 1 AND `status` = 0 ORDER BY id DESC  [ RunTime:0.0000s ]
SQL: SELECT `logo` FROM `tbkl_base` WHERE `id` = 1 LIMIT 1   [ RunTime:0.0000s ]
SQL: SELECT * FROM `tbkl_base` WHERE `id` = 1 LIMIT 1   [ RunTime:0.0000s ]
INFO: [ view_parse ] --START--
INFO: [ template_filter ] --START--
INFO: Run Behavior\ContentReplaceBehavior [ RunTime:0.000000s ]
INFO: [ template_filter ] --END-- [ RunTime:0.000000s ]
NOTIC: [8] Undefined index: name E:\klwl_web\web_hqt\klshop.kailly.com.cn\App\Runtime\Cache\Index\de8b8e24312e189796a4be317f027c93.php 第 27 行.
NOTIC: [8] Undefined index: savenum E:\klwl_web\web_hqt\klshop.kailly.com.cn\App\Runtime\Cache\Index\de8b8e24312e189796a4be317f027c93.php 第 48 行.
NOTIC: [8] Undefined index: savenum E:\klwl_web\web_hqt\klshop.kailly.com.cn\App\Runtime\Cache\Index\de8b8e24312e189796a4be317f027c93.php 第 48 行.
NOTIC: [8] Undefined index: savenum E:\klwl_web\web_hqt\klshop.kailly.com.cn\App\Runtime\Cache\Index\de8b8e24312e189796a4be317f027c93.php 第 48 行.
NOTIC: [8] Undefined index: savenum E:\klwl_web\web_hqt\klshop.kailly.com.cn\App\Runtime\Cache\Index\de8b8e24312e189796a4be317f027c93.php 第 48 行.
NOTIC: [8] Undefined index: savenum E:\klwl_web\web_hqt\klshop.kailly.com.cn\App\Runtime\Cache\Index\de8b8e24312e189796a4be317f027c93.php 第 48 行.
NOTIC: [8] Undefined index: savenum E:\klwl_web\web_hqt\klshop.kailly.com.cn\App\Runtime\Cache\Index\de8b8e24312e189796a4be317f027c93.php 第 48 行.
NOTIC: [8] Undefined index: savenum E:\klwl_web\web_hqt\klshop.kailly.com.cn\App\Runtime\Cache\Index\de8b8e24312e189796a4be317f027c93.php 第 48 行.
NOTIC: [8] Use of undefined constant Index - assumed 'Index' E:\klwl_web\web_hqt\klshop.kailly.com.cn\App\Runtime\Cache\Index\de8b8e24312e189796a4be317f027c93.php 第 102 行.
NOTIC: [8] Use of undefined constant Mall - assumed 'Mall' E:\klwl_web\web_hqt\klshop.kailly.com.cn\App\Runtime\Cache\Index\de8b8e24312e189796a4be317f027c93.php 第 113 行.
NOTIC: [8] Use of undefined constant cate - assumed 'cate' E:\klwl_web\web_hqt\klshop.kailly.com.cn\App\Runtime\Cache\Index\de8b8e24312e189796a4be317f027c93.php 第 113 行.
NOTIC: [8] Use of undefined constant Mall - assumed 'Mall' E:\klwl_web\web_hqt\klshop.kailly.com.cn\App\Runtime\Cache\Index\de8b8e24312e189796a4be317f027c93.php 第 124 行.
NOTIC: [8] Use of undefined constant shopcart - assumed 'shopcart' E:\klwl_web\web_hqt\klshop.kailly.com.cn\App\Runtime\Cache\Index\de8b8e24312e189796a4be317f027c93.php 第 124 行.
NOTIC: [8] Use of undefined constant Members - assumed 'Members' E:\klwl_web\web_hqt\klshop.kailly.com.cn\App\Runtime\Cache\Index\de8b8e24312e189796a4be317f027c93.php 第 135 行.
INFO: Run Behavior\ParseTemplateBehavior [ RunTime:0.000000s ]
INFO: [ view_parse ] --END-- [ RunTime:0.000000s ]
INFO: [ view_filter ] --START--
INFO: Run Behavior\WriteHtmlCacheBehavior [ RunTime:0.000000s ]
INFO: [ view_filter ] --END-- [ RunTime:0.000000s ]
INFO: [ app_end ] --START--
INFO: Run Behavior\ShowPageTraceBehavior [ RunTime:0.000000s ]
INFO: [ app_end ] --END-- [ RunTime:0.000000s ]

[ 2019-01-23T15:54:28+08:00 ] 61.140.233.4 /Index/Mall/goodslist/type/is_red
INFO: [ app_init ] --START--
INFO: Run Behavior\BuildLiteBehavior [ RunTime:0.000000s ]
INFO: [ app_init ] --END-- [ RunTime:0.000000s ]
INFO: [ app_begin ] --START--
INFO: Run Behavior\ReadHtmlCacheBehavior [ RunTime:0.000000s ]
INFO: [ app_begin ] --END-- [ RunTime:0.000000s ]
SQL: SHOW COLUMNS FROM `tbkl_group_order` [ RunTime:0.0000s ]
SQL: SELECT * FROM `tbkl_group_order` WHERE ( status=0 or status=1 )  [ RunTime:0.0000s ]
SQL: SHOW COLUMNS FROM `tbkl_members` [ RunTime:0.0000s ]
SQL: SHOW COLUMNS FROM `tbkl_base` [ RunTime:0.0000s ]
SQL: SELECT * FROM `tbkl_base` WHERE `id` = 1 LIMIT 1   [ RunTime:0.0000s ]
SQL: SHOW COLUMNS FROM `tbkl_get_coupon` [ RunTime:0.0000s ]
SQL: UPDATE `tbkl_get_coupon` SET `status`='2' WHERE `status` = 0 AND `end_time` < 1548230068 [ RunTime:0.0000s ]
SQL: SHOW COLUMNS FROM `tbkl_goods` [ RunTime:0.0000s ]
SQL: SELECT * FROM `tbkl_goods` WHERE `is_red` = 1 AND `status` = 0 ORDER BY id DESC  [ RunTime:0.0000s ]
SQL: SELECT `logo` FROM `tbkl_base` WHERE `id` = 1 LIMIT 1   [ RunTime:0.0000s ]
SQL: SELECT * FROM `tbkl_base` WHERE `id` = 1 LIMIT 1   [ RunTime:0.0000s ]
INFO: [ view_parse ] --START--
INFO: [ template_filter ] --START--
INFO: Run Behavior\ContentReplaceBehavior [ RunTime:0.000000s ]
INFO: [ template_filter ] --END-- [ RunTime:0.000000s ]
NOTIC: [8] Undefined index: name E:\klwl_web\web_hqt\klshop.kailly.com.cn\App\Runtime\Cache\Index\de8b8e24312e189796a4be317f027c93.php 第 27 行.
NOTIC: [8] Undefined index: savenum E:\klwl_web\web_hqt\klshop.kailly.com.cn\App\Runtime\Cache\Index\de8b8e24312e189796a4be317f027c93.php 第 48 行.
NOTIC: [8] Undefined index: savenum E:\klwl_web\web_hqt\klshop.kailly.com.cn\App\Runtime\Cache\Index\de8b8e24312e189796a4be317f027c93.php 第 48 行.
NOTIC: [8] Undefined index: savenum E:\klwl_web\web_hqt\klshop.kailly.com.cn\App\Runtime\Cache\Index\de8b8e24312e189796a4be317f027c93.php 第 48 行.
NOTIC: [8] Undefined index: savenum E:\klwl_web\web_hqt\klshop.kailly.com.cn\App\Runtime\Cache\Index\de8b8e24312e189796a4be317f027c93.php 第 48 行.
NOTIC: [8] Undefined index: savenum E:\klwl_web\web_hqt\klshop.kailly.com.cn\App\Runtime\Cache\Index\de8b8e24312e189796a4be317f027c93.php 第 48 行.
NOTIC: [8] Undefined index: savenum E:\klwl_web\web_hqt\klshop.kailly.com.cn\App\Runtime\Cache\Index\de8b8e24312e189796a4be317f027c93.php 第 48 行.
NOTIC: [8] Undefined index: savenum E:\klwl_web\web_hqt\klshop.kailly.com.cn\App\Runtime\Cache\Index\de8b8e24312e189796a4be317f027c93.php 第 48 行.
NOTIC: [8] Use of undefined constant Index - assumed 'Index' E:\klwl_web\web_hqt\klshop.kailly.com.cn\App\Runtime\Cache\Index\de8b8e24312e189796a4be317f027c93.php 第 102 行.
NOTIC: [8] Use of undefined constant Mall - assumed 'Mall' E:\klwl_web\web_hqt\klshop.kailly.com.cn\App\Runtime\Cache\Index\de8b8e24312e189796a4be317f027c93.php 第 113 行.
NOTIC: [8] Use of undefined constant cate - assumed 'cate' E:\klwl_web\web_hqt\klshop.kailly.com.cn\App\Runtime\Cache\Index\de8b8e24312e189796a4be317f027c93.php 第 113 行.
NOTIC: [8] Use of undefined constant Mall - assumed 'Mall' E:\klwl_web\web_hqt\klshop.kailly.com.cn\App\Runtime\Cache\Index\de8b8e24312e189796a4be317f027c93.php 第 124 行.
NOTIC: [8] Use of undefined constant shopcart - assumed 'shopcart' E:\klwl_web\web_hqt\klshop.kailly.com.cn\App\Runtime\Cache\Index\de8b8e24312e189796a4be317f027c93.php 第 124 行.
NOTIC: [8] Use of undefined constant Members - assumed 'Members' E:\klwl_web\web_hqt\klshop.kailly.com.cn\App\Runtime\Cache\Index\de8b8e24312e189796a4be317f027c93.php 第 135 行.
INFO: Run Behavior\ParseTemplateBehavior [ RunTime:0.015625s ]
INFO: [ view_parse ] --END-- [ RunTime:0.015625s ]
INFO: [ view_filter ] --START--
INFO: Run Behavior\WriteHtmlCacheBehavior [ RunTime:0.000000s ]
INFO: [ view_filter ] --END-- [ RunTime:0.000000s ]
INFO: [ app_end ] --START--
INFO: Run Behavior\ShowPageTraceBehavior [ RunTime:0.000000s ]
INFO: [ app_end ] --END-- [ RunTime:0.000000s ]

[ 2019-01-23T16:05:13+08:00 ] 61.140.233.4 /Index/Mall/details/id/7
INFO: [ app_init ] --START--
INFO: Run Behavior\BuildLiteBehavior [ RunTime:0.000000s ]
INFO: [ app_init ] --END-- [ RunTime:0.000000s ]
INFO: [ app_begin ] --START--
INFO: Run Behavior\ReadHtmlCacheBehavior [ RunTime:0.000000s ]
INFO: [ app_begin ] --END-- [ RunTime:0.000000s ]
SQL: SHOW COLUMNS FROM `tbkl_group_order` [ RunTime:0.0000s ]
SQL: SELECT * FROM `tbkl_group_order` WHERE ( status=0 or status=1 )  [ RunTime:0.0000s ]
SQL: SHOW COLUMNS FROM `tbkl_members` [ RunTime:0.0000s ]
SQL: SHOW COLUMNS FROM `tbkl_base` [ RunTime:0.0000s ]
SQL: SELECT * FROM `tbkl_base` WHERE `id` = 1 LIMIT 1   [ RunTime:0.0000s ]
SQL: SHOW COLUMNS FROM `tbkl_get_coupon` [ RunTime:0.0000s ]
SQL: UPDATE `tbkl_get_coupon` SET `status`='2' WHERE `status` = 0 AND `end_time` < 1548230713 [ RunTime:0.0156s ]
SQL: SHOW COLUMNS FROM `tbkl_goods` [ RunTime:0.0000s ]
SQL: SELECT * FROM `tbkl_goods` WHERE `id` = 7 LIMIT 1   [ RunTime:0.0000s ]
SQL: SHOW COLUMNS FROM `tbkl_goods_cate` [ RunTime:0.0000s ]
SQL: SELECT * FROM `tbkl_goods_cate` WHERE ( 1=1 AND id='91' ) LIMIT 1   [ RunTime:0.0000s ]
SQL: SHOW COLUMNS FROM `tbkl_label` [ RunTime:0.0000s ]
NOTIC: [8] Undefined index: mapping_order E:\klwl_web\web_hqt\klshop.kailly.com.cn\ThinkPHP\Library\Think\Model\RelationModel.class.php 第 186 行.
NOTIC: [8] Undefined index: mapping_limit E:\klwl_web\web_hqt\klshop.kailly.com.cn\ThinkPHP\Library\Think\Model\RelationModel.class.php 第 187 行.
SQL: SELECT b.* FROM tbkl_goods_label AS a, tbkl_label AS b WHERE a.label_id = b.id AND a. goods_id='7' [ RunTime:0.0000s ]
SQL: SHOW COLUMNS FROM `tbkl_collect` [ RunTime:0.0000s ]
SQL: SELECT COUNT(*) AS tp_count FROM `tbkl_collect` WHERE `goods_id` = 7 AND `members_id` = 40 LIMIT 1   [ RunTime:0.0000s ]
SQL: SELECT `hospital_tel` FROM `tbkl_base` WHERE `id` = 1 LIMIT 1   [ RunTime:0.0000s ]
SQL: SELECT * FROM `tbkl_base` WHERE `id` = 1 LIMIT 1   [ RunTime:0.0000s ]
NOTIC: [2048] mktime(): You should be using the time() function instead E:\klwl_web\web_hqt\klshop.kailly.com.cn\App\Index\Controller\WechatApiController.class.php 第 65 行.
SQL: SHOW COLUMNS FROM `tbkl_order_evaluate` [ RunTime:0.0000s ]
SQL: SELECT COUNT(*) AS tp_count FROM `tbkl_order_evaluate` WHERE ( goods_id ='7' and status = 0  ) LIMIT 1   [ RunTime:0.0000s ]
SQL: SHOW COLUMNS FROM `tbkl_order_evaluate` [ RunTime:0.0000s ]
SQL: SELECT * FROM `tbkl_order_evaluate` WHERE ( goods_id ='7' and status = 0 and star >=4 ) ORDER BY id desc LIMIT 3   [ RunTime:0.0000s ]
INFO: [ view_parse ] --START--
INFO: [ template_filter ] --START--
INFO: Run Behavior\ContentReplaceBehavior [ RunTime:0.000000s ]
INFO: [ template_filter ] --END-- [ RunTime:0.000000s ]
SQL: SELECT `name` FROM `tbkl_base` WHERE `id` = 1 LIMIT 1   [ RunTime:0.0000s ]
SQL: SELECT `subscribe_url` FROM `tbkl_base` WHERE `id` = 1 LIMIT 1   [ RunTime:0.0000s ]
NOTIC: [8] Undefined index: savenum E:\klwl_web\web_hqt\klshop.kailly.com.cn\App\Runtime\Cache\Index\fd1c5bb2656085fd74daacdef31e469f.php 第 101 行.
NOTIC: [8] Undefined index: savenum E:\klwl_web\web_hqt\klshop.kailly.com.cn\App\Runtime\Cache\Index\fd1c5bb2656085fd74daacdef31e469f.php 第 102 行.
SQL: SELECT `service_phone` FROM `tbkl_base` WHERE `id` = 1 LIMIT 1   [ RunTime:0.0000s ]
INFO: Run Behavior\ParseTemplateBehavior [ RunTime:0.000000s ]
INFO: [ view_parse ] --END-- [ RunTime:0.000000s ]
INFO: [ view_filter ] --START--
INFO: Run Behavior\WriteHtmlCacheBehavior [ RunTime:0.000000s ]
INFO: [ view_filter ] --END-- [ RunTime:0.000000s ]
INFO: [ app_end ] --START--
INFO: Run Behavior\ShowPageTraceBehavior [ RunTime:0.000000s ]
INFO: [ app_end ] --END-- [ RunTime:0.000000s ]

[ 2019-01-23T16:05:14+08:00 ] 61.140.233.4 /Index/Ajax/getCartNum.html
INFO: [ app_init ] --START--
INFO: Run Behavior\BuildLiteBehavior [ RunTime:0.000000s ]
INFO: [ app_init ] --END-- [ RunTime:0.000000s ]
INFO: [ app_begin ] --START--
INFO: Run Behavior\ReadHtmlCacheBehavior [ RunTime:0.000000s ]
INFO: [ app_begin ] --END-- [ RunTime:0.000000s ]
SQL: SHOW COLUMNS FROM `tbkl_group_order` [ RunTime:0.0000s ]
SQL: SELECT * FROM `tbkl_group_order` WHERE ( status=0 or status=1 )  [ RunTime:0.0000s ]
SQL: SHOW COLUMNS FROM `tbkl_members` [ RunTime:0.0000s ]
SQL: SHOW COLUMNS FROM `tbkl_base` [ RunTime:0.0000s ]
SQL: SELECT * FROM `tbkl_base` WHERE `id` = 1 LIMIT 1   [ RunTime:0.0000s ]
SQL: SHOW COLUMNS FROM `tbkl_get_coupon` [ RunTime:0.0000s ]
SQL: UPDATE `tbkl_get_coupon` SET `status`='2' WHERE `status` = 0 AND `end_time` < 1548230714 [ RunTime:0.0000s ]
NOTIC: [8] Undefined index: cart E:\klwl_web\web_hqt\klshop.kailly.com.cn\App\Class\Cart.class.php 第 113 行.

[ 2019-01-23T16:53:28+08:00 ] 14.25.167.201 /Index/Mall/details/id/7
INFO: [ app_init ] --START--
INFO: Run Behavior\BuildLiteBehavior [ RunTime:0.000000s ]
INFO: [ app_init ] --END-- [ RunTime:0.000000s ]
INFO: [ app_begin ] --START--
INFO: Run Behavior\ReadHtmlCacheBehavior [ RunTime:0.000000s ]
INFO: [ app_begin ] --END-- [ RunTime:0.000000s ]
SQL: SHOW COLUMNS FROM `tbkl_members` [ RunTime:0.0000s ]
SQL: SHOW COLUMNS FROM `tbkl_base` [ RunTime:0.0000s ]
SQL: SELECT * FROM `tbkl_base` WHERE `id` = 1 LIMIT 1   [ RunTime:0.0000s ]
NOTIC: [8] Undefined index: code E:\klwl_web\web_hqt\klshop.kailly.com.cn\App\Index\Controller\WechatApiController.class.php 第 83 行.

[ 2019-01-23T16:53:36+08:00 ] 14.25.167.201 /Index/Mall/details/id/7?code=021Nca5D18oI160Ns55D1SyY4D1Nca5f&state=STATE
INFO: [ app_init ] --START--
INFO: Run Behavior\BuildLiteBehavior [ RunTime:0.000000s ]
INFO: [ app_init ] --END-- [ RunTime:0.000000s ]
INFO: [ app_begin ] --START--
INFO: Run Behavior\ReadHtmlCacheBehavior [ RunTime:0.000000s ]
INFO: [ app_begin ] --END-- [ RunTime:0.000000s ]
SQL: SHOW COLUMNS FROM `tbkl_members` [ RunTime:0.0000s ]
SQL: SHOW COLUMNS FROM `tbkl_base` [ RunTime:0.0000s ]
SQL: SELECT * FROM `tbkl_base` WHERE `id` = 1 LIMIT 1   [ RunTime:0.0000s ]
SQL: SELECT * FROM `tbkl_members` WHERE `openid` = 'oSuTSspS9w47BgIUrCmuT_k4hFo4' LIMIT 1   [ RunTime:0.0000s ]
SQL: INSERT INTO `tbkl_members` (`openid`,`nickname`,`sex`,`city`,`province`,`headimgurl`,`top_id`,`create_time`,`type`) VALUES ('oSuTSspS9w47BgIUrCmuT_k4hFo4','QUNFX+mZiOaXpeS4sCBb5Lit5Zu955S15L+hIF0=','1','广州','广东','http://thirdwx.qlogo.cn/mmopen/vi_32/8Hhgy5FwcPYolvkJ3cibcRpmgYXmCZCjKAGUVJicJyzVAIRfqfzdxYgribFiaeYna2tsqcG2iavmibgjpTp6HnleicwHg/132','0','1548233616','1') [ RunTime:0.0156s ]
SQL: SELECT * FROM `tbkl_members` WHERE `id` = 56 LIMIT 1   [ RunTime:0.0000s ]
SQL: SHOW COLUMNS FROM `tbkl_group_order` [ RunTime:0.0000s ]
SQL: SELECT * FROM `tbkl_group_order` WHERE ( status=0 or status=1 )  [ RunTime:0.0000s ]
SQL: SELECT * FROM `tbkl_base` WHERE `id` = 1 LIMIT 1   [ RunTime:0.0000s ]
SQL: SHOW COLUMNS FROM `tbkl_get_coupon` [ RunTime:0.0000s ]
SQL: UPDATE `tbkl_get_coupon` SET `status`='2' WHERE `status` = 0 AND `end_time` < 1548233616 [ RunTime:0.0000s ]
SQL: SHOW COLUMNS FROM `tbkl_goods` [ RunTime:0.0000s ]
SQL: SELECT * FROM `tbkl_goods` WHERE `id` = 7 LIMIT 1   [ RunTime:0.0000s ]
SQL: SHOW COLUMNS FROM `tbkl_goods_cate` [ RunTime:0.0000s ]
SQL: SELECT * FROM `tbkl_goods_cate` WHERE ( 1=1 AND id='91' ) LIMIT 1   [ RunTime:0.0000s ]
SQL: SHOW COLUMNS FROM `tbkl_label` [ RunTime:0.0000s ]
NOTIC: [8] Undefined index: mapping_order E:\klwl_web\web_hqt\klshop.kailly.com.cn\ThinkPHP\Library\Think\Model\RelationModel.class.php 第 186 行.
NOTIC: [8] Undefined index: mapping_limit E:\klwl_web\web_hqt\klshop.kailly.com.cn\ThinkPHP\Library\Think\Model\RelationModel.class.php 第 187 行.
SQL: SELECT b.* FROM tbkl_goods_label AS a, tbkl_label AS b WHERE a.label_id = b.id AND a. goods_id='7' [ RunTime:0.0000s ]
SQL: SHOW COLUMNS FROM `tbkl_collect` [ RunTime:0.0000s ]
SQL: SELECT COUNT(*) AS tp_count FROM `tbkl_collect` WHERE `goods_id` = 7 AND `members_id` = 56 LIMIT 1   [ RunTime:0.0000s ]
SQL: SELECT `hospital_tel` FROM `tbkl_base` WHERE `id` = 1 LIMIT 1   [ RunTime:0.0000s ]
SQL: SELECT * FROM `tbkl_base` WHERE `id` = 1 LIMIT 1   [ RunTime:0.0000s ]
NOTIC: [2048] mktime(): You should be using the time() function instead E:\klwl_web\web_hqt\klshop.kailly.com.cn\App\Index\Controller\WechatApiController.class.php 第 65 行.
SQL: SHOW COLUMNS FROM `tbkl_order_evaluate` [ RunTime:0.0000s ]
SQL: SELECT COUNT(*) AS tp_count FROM `tbkl_order_evaluate` WHERE ( goods_id ='7' and status = 0  ) LIMIT 1   [ RunTime:0.0000s ]
SQL: SHOW COLUMNS FROM `tbkl_order_evaluate` [ RunTime:0.0000s ]
SQL: SELECT * FROM `tbkl_order_evaluate` WHERE ( goods_id ='7' and status = 0 and star >=4 ) ORDER BY id desc LIMIT 3   [ RunTime:0.0000s ]
INFO: [ view_parse ] --START--
INFO: [ template_filter ] --START--
INFO: Run Behavior\ContentReplaceBehavior [ RunTime:0.000000s ]
INFO: [ template_filter ] --END-- [ RunTime:0.000000s ]
SQL: SELECT `name` FROM `tbkl_base` WHERE `id` = 1 LIMIT 1   [ RunTime:0.0000s ]
SQL: SELECT `subscribe_url` FROM `tbkl_base` WHERE `id` = 1 LIMIT 1   [ RunTime:0.0000s ]
NOTIC: [8] Undefined index: savenum E:\klwl_web\web_hqt\klshop.kailly.com.cn\App\Runtime\Cache\Index\fd1c5bb2656085fd74daacdef31e469f.php 第 101 行.
NOTIC: [8] Undefined index: savenum E:\klwl_web\web_hqt\klshop.kailly.com.cn\App\Runtime\Cache\Index\fd1c5bb2656085fd74daacdef31e469f.php 第 102 行.
SQL: SELECT `service_phone` FROM `tbkl_base` WHERE `id` = 1 LIMIT 1   [ RunTime:0.0000s ]
INFO: Run Behavior\ParseTemplateBehavior [ RunTime:0.015625s ]
INFO: [ view_parse ] --END-- [ RunTime:0.015625s ]
INFO: [ view_filter ] --START--
INFO: Run Behavior\WriteHtmlCacheBehavior [ RunTime:0.000000s ]
INFO: [ view_filter ] --END-- [ RunTime:0.000000s ]
INFO: [ app_end ] --START--
INFO: Run Behavior\ShowPageTraceBehavior [ RunTime:0.000000s ]
INFO: [ app_end ] --END-- [ RunTime:0.000000s ]

[ 2019-01-23T16:53:37+08:00 ] 14.25.167.201 /Index/Ajax/getCartNum.html
INFO: [ app_init ] --START--
INFO: Run Behavior\BuildLiteBehavior [ RunTime:0.000000s ]
INFO: [ app_init ] --END-- [ RunTime:0.000000s ]
INFO: [ app_begin ] --START--
INFO: Run Behavior\ReadHtmlCacheBehavior [ RunTime:0.000000s ]
INFO: [ app_begin ] --END-- [ RunTime:0.000000s ]
SQL: SHOW COLUMNS FROM `tbkl_group_order` [ RunTime:0.0000s ]
SQL: SELECT * FROM `tbkl_group_order` WHERE ( status=0 or status=1 )  [ RunTime:0.0000s ]
SQL: SHOW COLUMNS FROM `tbkl_members` [ RunTime:0.0000s ]
SQL: SHOW COLUMNS FROM `tbkl_base` [ RunTime:0.0000s ]
SQL: SELECT * FROM `tbkl_base` WHERE `id` = 1 LIMIT 1   [ RunTime:0.0000s ]
SQL: SHOW COLUMNS FROM `tbkl_get_coupon` [ RunTime:0.0000s ]
SQL: UPDATE `tbkl_get_coupon` SET `status`='2' WHERE `status` = 0 AND `end_time` < 1548233617 [ RunTime:0.0000s ]
NOTIC: [8] Undefined index: cart E:\klwl_web\web_hqt\klshop.kailly.com.cn\App\Class\Cart.class.php 第 113 行.

[ 2019-01-23T16:53:47+08:00 ] 14.25.167.201 /Index/Mall/details/id/7
INFO: [ app_init ] --START--
INFO: Run Behavior\BuildLiteBehavior [ RunTime:0.000000s ]
INFO: [ app_init ] --END-- [ RunTime:0.000000s ]
INFO: [ app_begin ] --START--
INFO: Run Behavior\ReadHtmlCacheBehavior [ RunTime:0.000000s ]
INFO: [ app_begin ] --END-- [ RunTime:0.000000s ]
SQL: SHOW COLUMNS FROM `tbkl_group_order` [ RunTime:0.0000s ]
SQL: SELECT * FROM `tbkl_group_order` WHERE ( status=0 or status=1 )  [ RunTime:0.0000s ]
SQL: SHOW COLUMNS FROM `tbkl_members` [ RunTime:0.0156s ]
SQL: SHOW COLUMNS FROM `tbkl_base` [ RunTime:0.0000s ]
SQL: SELECT * FROM `tbkl_base` WHERE `id` = 1 LIMIT 1   [ RunTime:0.0000s ]
SQL: SHOW COLUMNS FROM `tbkl_get_coupon` [ RunTime:0.0000s ]
SQL: UPDATE `tbkl_get_coupon` SET `status`='2' WHERE `status` = 0 AND `end_time` < 1548233627 [ RunTime:0.0000s ]
SQL: SHOW COLUMNS FROM `tbkl_goods` [ RunTime:0.0000s ]
SQL: SELECT * FROM `tbkl_goods` WHERE `id` = 7 LIMIT 1   [ RunTime:0.0000s ]
SQL: SHOW COLUMNS FROM `tbkl_goods_cate` [ RunTime:0.0000s ]
SQL: SELECT * FROM `tbkl_goods_cate` WHERE ( 1=1 AND id='91' ) LIMIT 1   [ RunTime:0.0000s ]
SQL: SHOW COLUMNS FROM `tbkl_label` [ RunTime:0.0000s ]
NOTIC: [8] Undefined index: mapping_order E:\klwl_web\web_hqt\klshop.kailly.com.cn\ThinkPHP\Library\Think\Model\RelationModel.class.php 第 186 行.
NOTIC: [8] Undefined index: mapping_limit E:\klwl_web\web_hqt\klshop.kailly.com.cn\ThinkPHP\Library\Think\Model\RelationModel.class.php 第 187 行.
SQL: SELECT b.* FROM tbkl_goods_label AS a, tbkl_label AS b WHERE a.label_id = b.id AND a. goods_id='7' [ RunTime:0.0000s ]
SQL: SHOW COLUMNS FROM `tbkl_collect` [ RunTime:0.0156s ]
SQL: SELECT COUNT(*) AS tp_count FROM `tbkl_collect` WHERE `goods_id` = 7 AND `members_id` = 56 LIMIT 1   [ RunTime:0.0000s ]
SQL: SELECT `hospital_tel` FROM `tbkl_base` WHERE `id` = 1 LIMIT 1   [ RunTime:0.0000s ]
SQL: SELECT * FROM `tbkl_base` WHERE `id` = 1 LIMIT 1   [ RunTime:0.0000s ]
NOTIC: [2048] mktime(): You should be using the time() function instead E:\klwl_web\web_hqt\klshop.kailly.com.cn\App\Index\Controller\WechatApiController.class.php 第 65 行.
SQL: SHOW COLUMNS FROM `tbkl_order_evaluate` [ RunTime:0.0000s ]
SQL: SELECT COUNT(*) AS tp_count FROM `tbkl_order_evaluate` WHERE ( goods_id ='7' and status = 0  ) LIMIT 1   [ RunTime:0.0000s ]
SQL: SHOW COLUMNS FROM `tbkl_order_evaluate` [ RunTime:0.0000s ]
SQL: SELECT * FROM `tbkl_order_evaluate` WHERE ( goods_id ='7' and status = 0 and star >=4 ) ORDER BY id desc LIMIT 3   [ RunTime:0.0000s ]
INFO: [ view_parse ] --START--
INFO: [ template_filter ] --START--
INFO: Run Behavior\ContentReplaceBehavior [ RunTime:0.000000s ]
INFO: [ template_filter ] --END-- [ RunTime:0.000000s ]
SQL: SELECT `name` FROM `tbkl_base` WHERE `id` = 1 LIMIT 1   [ RunTime:0.0000s ]
SQL: SELECT `subscribe_url` FROM `tbkl_base` WHERE `id` = 1 LIMIT 1   [ RunTime:0.0000s ]
NOTIC: [8] Undefined index: savenum E:\klwl_web\web_hqt\klshop.kailly.com.cn\App\Runtime\Cache\Index\fd1c5bb2656085fd74daacdef31e469f.php 第 101 行.
NOTIC: [8] Undefined index: savenum E:\klwl_web\web_hqt\klshop.kailly.com.cn\App\Runtime\Cache\Index\fd1c5bb2656085fd74daacdef31e469f.php 第 102 行.
SQL: SELECT `service_phone` FROM `tbkl_base` WHERE `id` = 1 LIMIT 1   [ RunTime:0.0000s ]
INFO: Run Behavior\ParseTemplateBehavior [ RunTime:0.015625s ]
INFO: [ view_parse ] --END-- [ RunTime:0.015625s ]
INFO: [ view_filter ] --START--
INFO: Run Behavior\WriteHtmlCacheBehavior [ RunTime:0.000000s ]
INFO: [ view_filter ] --END-- [ RunTime:0.000000s ]
INFO: [ app_end ] --START--
INFO: Run Behavior\ShowPageTraceBehavior [ RunTime:0.000000s ]
INFO: [ app_end ] --END-- [ RunTime:0.000000s ]

[ 2019-01-23T16:53:48+08:00 ] 14.25.167.201 /Index/Ajax/getCartNum.html
INFO: [ app_init ] --START--
INFO: Run Behavior\BuildLiteBehavior [ RunTime:0.000000s ]
INFO: [ app_init ] --END-- [ RunTime:0.000000s ]
INFO: [ app_begin ] --START--
INFO: Run Behavior\ReadHtmlCacheBehavior [ RunTime:0.000000s ]
INFO: [ app_begin ] --END-- [ RunTime:0.000000s ]
SQL: SHOW COLUMNS FROM `tbkl_group_order` [ RunTime:0.0000s ]
SQL: SELECT * FROM `tbkl_group_order` WHERE ( status=0 or status=1 )  [ RunTime:0.0000s ]
SQL: SHOW COLUMNS FROM `tbkl_members` [ RunTime:0.0000s ]
SQL: SHOW COLUMNS FROM `tbkl_base` [ RunTime:0.0156s ]
SQL: SELECT * FROM `tbkl_base` WHERE `id` = 1 LIMIT 1   [ RunTime:0.0000s ]
SQL: SHOW COLUMNS FROM `tbkl_get_coupon` [ RunTime:0.0000s ]
SQL: UPDATE `tbkl_get_coupon` SET `status`='2' WHERE `status` = 0 AND `end_time` < 1548233628 [ RunTime:0.0000s ]
NOTIC: [8] Undefined index: cart E:\klwl_web\web_hqt\klshop.kailly.com.cn\App\Class\Cart.class.php 第 113 行.

