[ 2019-03-02T10:56:17+08:00 ] 209.17.96.42 /
INFO: [ app_init ] --START--
INFO: Run Behavior\BuildLiteBehavior [ RunTime:0.000000s ]
INFO: [ app_init ] --END-- [ RunTime:0.000000s ]
INFO: [ app_begin ] --START--
INFO: Run Behavior\ReadHtmlCacheBehavior [ RunTime:0.000000s ]
INFO: [ app_begin ] --END-- [ RunTime:0.000000s ]
SQL: SHOW COLUMNS FROM `tbkl_members` [ RunTime:0.0000s ]
SQL: SHOW COLUMNS FROM `tbkl_base` [ RunTime:0.0000s ]
SQL: SELECT * FROM `tbkl_base` WHERE `id` = 1 LIMIT 1   [ RunTime:0.0000s ]
NOTIC: [8] Undefined index: code E:\klwl_web\web_hqt\klshop.kailly.com.cn\App\Index\Controller\WechatApiController.class.php 第 83 行.

[ 2019-03-02T11:28:20+08:00 ] 61.140.234.188 /
INFO: [ app_init ] --START--
INFO: Run Behavior\BuildLiteBehavior [ RunTime:0.000000s ]
INFO: [ app_init ] --END-- [ RunTime:0.000000s ]
INFO: [ app_begin ] --START--
INFO: Run Behavior\ReadHtmlCacheBehavior [ RunTime:0.000000s ]
INFO: [ app_begin ] --END-- [ RunTime:0.000000s ]
SQL: SHOW COLUMNS FROM `tbkl_members` [ RunTime:0.0000s ]
SQL: SHOW COLUMNS FROM `tbkl_base` [ RunTime:0.0000s ]
SQL: SELECT * FROM `tbkl_base` WHERE `id` = 1 LIMIT 1   [ RunTime:0.0000s ]
NOTIC: [8] Undefined index: code E:\klwl_web\web_hqt\klshop.kailly.com.cn\App\Index\Controller\WechatApiController.class.php 第 83 行.

[ 2019-03-02T18:36:40+08:00 ] 134.209.34.218 /
INFO: [ app_init ] --START--
INFO: Run Behavior\BuildLiteBehavior [ RunTime:0.000000s ]
INFO: [ app_init ] --END-- [ RunTime:0.000000s ]
INFO: [ app_begin ] --START--
INFO: Run Behavior\ReadHtmlCacheBehavior [ RunTime:0.000000s ]
INFO: [ app_begin ] --END-- [ RunTime:0.000000s ]
SQL: SHOW COLUMNS FROM `tbkl_members` [ RunTime:0.0000s ]
SQL: SHOW COLUMNS FROM `tbkl_base` [ RunTime:0.0156s ]
SQL: SELECT * FROM `tbkl_base` WHERE `id` = 1 LIMIT 1   [ RunTime:0.0000s ]
NOTIC: [8] Undefined index: code E:\klwl_web\web_hqt\klshop.kailly.com.cn\App\Index\Controller\WechatApiController.class.php 第 83 行.

[ 2019-03-02T18:54:24+08:00 ] 61.140.234.188 /
INFO: [ app_init ] --START--
INFO: Run Behavior\BuildLiteBehavior [ RunTime:0.000000s ]
INFO: [ app_init ] --END-- [ RunTime:0.000000s ]
INFO: [ app_begin ] --START--
INFO: Run Behavior\ReadHtmlCacheBehavior [ RunTime:0.000000s ]
INFO: [ app_begin ] --END-- [ RunTime:0.000000s ]
SQL: SHOW COLUMNS FROM `tbkl_members` [ RunTime:0.0000s ]
SQL: SHOW COLUMNS FROM `tbkl_base` [ RunTime:0.0000s ]
SQL: SELECT * FROM `tbkl_base` WHERE `id` = 1 LIMIT 1   [ RunTime:0.0156s ]
NOTIC: [8] Undefined index: code E:\klwl_web\web_hqt\klshop.kailly.com.cn\App\Index\Controller\WechatApiController.class.php 第 83 行.

[ 2019-03-02T21:09:01+08:00 ] 106.14.215.243 /
INFO: [ app_init ] --START--
INFO: Run Behavior\BuildLiteBehavior [ RunTime:0.000000s ]
INFO: [ app_init ] --END-- [ RunTime:0.000000s ]
INFO: [ app_begin ] --START--
INFO: Run Behavior\ReadHtmlCacheBehavior [ RunTime:0.000000s ]
INFO: [ app_begin ] --END-- [ RunTime:0.000000s ]
SQL: SHOW COLUMNS FROM `tbkl_members` [ RunTime:0.0000s ]
SQL: SHOW COLUMNS FROM `tbkl_base` [ RunTime:0.0000s ]
SQL: SELECT * FROM `tbkl_base` WHERE `id` = 1 LIMIT 1   [ RunTime:0.0000s ]
NOTIC: [8] Undefined index: code E:\klwl_web\web_hqt\klshop.kailly.com.cn\App\Index\Controller\WechatApiController.class.php 第 83 行.

