[ 2019-04-24T09:28:12+08:00 ] 127.0.0.1 /index/autotask/changecode
INFO: [ app_init ] --START--
INFO: Run Behavior\BuildLiteBehavior [ RunTime:0.000008s ]
INFO: [ app_init ] --END-- [ RunTime:0.000507s ]
INFO: [ app_begin ] --START--
INFO: Run Behavior\ReadHtmlCacheBehavior [ RunTime:0.000765s ]
INFO: [ app_begin ] --END-- [ RunTime:0.000809s ]
SQL: SHOW COLUMNS FROM `tbkl_members` [ RunTime:0.0057s ]
SQL: SHOW COLUMNS FROM `tbkl_base` [ RunTime:0.0061s ]
SQL: SELECT * FROM `tbkl_base` WHERE `id` = 1 LIMIT 1   [ RunTime:0.0003s ]
NOTIC: [8] Undefined index: code D:\phpStudy\PHPTutorial\WWW\jyh.kailly.com\App\Index\Controller\WechatApiController.class.php 第 83 行.

[ 2019-04-24T09:28:59+08:00 ] 127.0.0.1 /index/autotask/changecode
INFO: [ app_init ] --START--
INFO: Run Behavior\BuildLiteBehavior [ RunTime:0.000009s ]
INFO: [ app_init ] --END-- [ RunTime:0.000486s ]
INFO: [ app_begin ] --START--
INFO: Run Behavior\ReadHtmlCacheBehavior [ RunTime:0.000748s ]
INFO: [ app_begin ] --END-- [ RunTime:0.000787s ]
NOTIC: [8] Undefined index: wechat D:\phpStudy\PHPTutorial\WWW\jyh.kailly.com\App\Index\Controller\CommonController.class.php 第 13 行.
SQL: SHOW COLUMNS FROM `tbkl_code` [ RunTime:0.0056s ]
SQL: SELECT `id`,`first_time` FROM `tbkl_code` WHERE `mid` = 2  [ RunTime:0.0173s ]
INFO: [ app_end ] --START--
INFO: Run Behavior\ShowPageTraceBehavior [ RunTime:0.000923s ]
INFO: [ app_end ] --END-- [ RunTime:0.000950s ]

[ 2019-04-24T09:29:26+08:00 ] 127.0.0.1 /index/autotask/changecode
INFO: [ app_init ] --START--
INFO: Run Behavior\BuildLiteBehavior [ RunTime:0.000009s ]
INFO: [ app_init ] --END-- [ RunTime:0.000519s ]
INFO: [ app_begin ] --START--
INFO: Run Behavior\ReadHtmlCacheBehavior [ RunTime:0.000772s ]
INFO: [ app_begin ] --END-- [ RunTime:0.000804s ]
NOTIC: [8] Undefined index: wechat D:\phpStudy\PHPTutorial\WWW\jyh.kailly.com\App\Index\Controller\CommonController.class.php 第 13 行.
SQL: SHOW COLUMNS FROM `tbkl_code` [ RunTime:0.0047s ]
SQL: SELECT `id`,`first_time` FROM `tbkl_code` WHERE `mid` = 2  [ RunTime:0.0168s ]
INFO: [ app_end ] --START--
INFO: Run Behavior\ShowPageTraceBehavior [ RunTime:0.001109s ]
INFO: [ app_end ] --END-- [ RunTime:0.001139s ]

[ 2019-04-24T09:37:32+08:00 ] 127.0.0.1 /index/autotask/changecode
INFO: [ app_init ] --START--
INFO: Run Behavior\BuildLiteBehavior [ RunTime:0.000008s ]
INFO: [ app_init ] --END-- [ RunTime:0.000334s ]
INFO: [ app_begin ] --START--
INFO: Run Behavior\ReadHtmlCacheBehavior [ RunTime:0.000420s ]
INFO: [ app_begin ] --END-- [ RunTime:0.000465s ]
NOTIC: [8] Undefined index: wechat D:\phpStudy\PHPTutorial\WWW\jyh.kailly.com\App\Index\Controller\CommonController.class.php 第 13 行.
SQL: SHOW COLUMNS FROM `tbkl_code` [ RunTime:0.0056s ]
SQL: SELECT `id`,`first_time` FROM `tbkl_code` WHERE `mid` = 2  [ RunTime:0.0166s ]
INFO: [ app_end ] --START--
INFO: Run Behavior\ShowPageTraceBehavior [ RunTime:0.000577s ]
INFO: [ app_end ] --END-- [ RunTime:0.000605s ]

[ 2019-04-24T09:38:25+08:00 ] 127.0.0.1 /index/autotask/changecode
INFO: [ app_init ] --START--
INFO: Run Behavior\BuildLiteBehavior [ RunTime:0.000009s ]
INFO: [ app_init ] --END-- [ RunTime:0.000281s ]
INFO: [ app_begin ] --START--
INFO: Run Behavior\ReadHtmlCacheBehavior [ RunTime:0.000364s ]
INFO: [ app_begin ] --END-- [ RunTime:0.000394s ]
NOTIC: [8] Undefined index: wechat D:\phpStudy\PHPTutorial\WWW\jyh.kailly.com\App\Index\Controller\CommonController.class.php 第 13 行.
SQL: SHOW COLUMNS FROM `tbkl_code` [ RunTime:0.0051s ]
SQL: SELECT `id`,`first_time` FROM `tbkl_code` WHERE `mid` = 2  [ RunTime:0.0165s ]
NOTIC: [2] explode() expects parameter 2 to be string, array given D:\phpStudy\PHPTutorial\WWW\jyh.kailly.com\App\Index\Controller\AutotaskController.class.php 第 27 行.
INFO: [ app_end ] --START--
INFO: Run Behavior\ShowPageTraceBehavior [ RunTime:0.000467s ]
INFO: [ app_end ] --END-- [ RunTime:0.000506s ]

[ 2019-04-24T09:38:33+08:00 ] 127.0.0.1 /index/autotask/changecode
INFO: [ app_init ] --START--
INFO: Run Behavior\BuildLiteBehavior [ RunTime:0.000011s ]
INFO: [ app_init ] --END-- [ RunTime:0.000325s ]
INFO: [ app_begin ] --START--
INFO: Run Behavior\ReadHtmlCacheBehavior [ RunTime:0.000350s ]
INFO: [ app_begin ] --END-- [ RunTime:0.000380s ]
NOTIC: [8] Undefined index: wechat D:\phpStudy\PHPTutorial\WWW\jyh.kailly.com\App\Index\Controller\CommonController.class.php 第 13 行.
SQL: SHOW COLUMNS FROM `tbkl_code` [ RunTime:0.0052s ]
SQL: SELECT `id`,`first_time` FROM `tbkl_code` WHERE `mid` = 2  [ RunTime:0.0168s ]
INFO: [ app_end ] --START--
INFO: Run Behavior\ShowPageTraceBehavior [ RunTime:0.000814s ]
INFO: [ app_end ] --END-- [ RunTime:0.000861s ]

[ 2019-04-24T09:42:45+08:00 ] 127.0.0.1 /index/autotask/changecode
INFO: [ app_init ] --START--
INFO: Run Behavior\BuildLiteBehavior [ RunTime:0.000010s ]
INFO: [ app_init ] --END-- [ RunTime:0.000391s ]
INFO: [ app_begin ] --START--
INFO: Run Behavior\ReadHtmlCacheBehavior [ RunTime:0.000420s ]
INFO: [ app_begin ] --END-- [ RunTime:0.000454s ]
NOTIC: [8] Undefined index: wechat D:\phpStudy\PHPTutorial\WWW\jyh.kailly.com\App\Index\Controller\CommonController.class.php 第 13 行.
SQL: SHOW COLUMNS FROM `tbkl_code` [ RunTime:0.0053s ]
SQL: SELECT `id`,`first_time` FROM `tbkl_code` WHERE `mid` = 2  [ RunTime:0.0177s ]
ERR: Think\Model:update方法不存在！

[ 2019-04-24T09:42:54+08:00 ] 127.0.0.1 /index/autotask/changecode
INFO: [ app_init ] --START--
INFO: Run Behavior\BuildLiteBehavior [ RunTime:0.000009s ]
INFO: [ app_init ] --END-- [ RunTime:0.000292s ]
INFO: [ app_begin ] --START--
INFO: Run Behavior\ReadHtmlCacheBehavior [ RunTime:0.000465s ]
INFO: [ app_begin ] --END-- [ RunTime:0.000511s ]
NOTIC: [8] Undefined index: wechat D:\phpStudy\PHPTutorial\WWW\jyh.kailly.com\App\Index\Controller\CommonController.class.php 第 13 行.
SQL: SHOW COLUMNS FROM `tbkl_code` [ RunTime:0.0048s ]
SQL: SELECT `id`,`first_time` FROM `tbkl_code` WHERE `mid` = 2  [ RunTime:0.0168s ]
SQL: UPDATE `tbkl_code` SET `state`='3' WHERE `id` IN ('58254','58261','58262') [ RunTime:0.0335s ]
INFO: [ app_end ] --START--
INFO: Run Behavior\ShowPageTraceBehavior [ RunTime:0.000594s ]
INFO: [ app_end ] --END-- [ RunTime:0.000625s ]

[ 2019-04-24T09:47:34+08:00 ] 127.0.0.1 /index/autotask/changecode
INFO: [ app_init ] --START--
INFO: Run Behavior\BuildLiteBehavior [ RunTime:0.000008s ]
INFO: [ app_init ] --END-- [ RunTime:0.000344s ]
INFO: [ app_begin ] --START--
INFO: Run Behavior\ReadHtmlCacheBehavior [ RunTime:0.000397s ]
INFO: [ app_begin ] --END-- [ RunTime:0.000439s ]
NOTIC: [8] Undefined index: wechat D:\phpStudy\PHPTutorial\WWW\jyh.kailly.com\App\Index\Controller\CommonController.class.php 第 13 行.
NOTIC: [8] Undefined variable: now D:\phpStudy\PHPTutorial\WWW\jyh.kailly.com\App\Index\Controller\AutotaskController.class.php 第 15 行.

[ 2019-04-24T09:47:54+08:00 ] 127.0.0.1 /index/autotask/changecode
INFO: [ app_init ] --START--
INFO: Run Behavior\BuildLiteBehavior [ RunTime:0.000008s ]
INFO: [ app_init ] --END-- [ RunTime:0.000275s ]
INFO: [ app_begin ] --START--
INFO: Run Behavior\ReadHtmlCacheBehavior [ RunTime:0.000370s ]
INFO: [ app_begin ] --END-- [ RunTime:0.000407s ]
NOTIC: [8] Undefined index: wechat D:\phpStudy\PHPTutorial\WWW\jyh.kailly.com\App\Index\Controller\CommonController.class.php 第 13 行.

[ 2019-04-24T09:47:55+08:00 ] 127.0.0.1 /index/autotask/changecode
INFO: [ app_init ] --START--
INFO: Run Behavior\BuildLiteBehavior [ RunTime:0.000010s ]
INFO: [ app_init ] --END-- [ RunTime:0.000359s ]
INFO: [ app_begin ] --START--
INFO: Run Behavior\ReadHtmlCacheBehavior [ RunTime:0.000386s ]
INFO: [ app_begin ] --END-- [ RunTime:0.000423s ]
NOTIC: [8] Undefined index: wechat D:\phpStudy\PHPTutorial\WWW\jyh.kailly.com\App\Index\Controller\CommonController.class.php 第 13 行.

[ 2019-04-24T09:47:56+08:00 ] 127.0.0.1 /index/autotask/changecode
INFO: [ app_init ] --START--
INFO: Run Behavior\BuildLiteBehavior [ RunTime:0.000015s ]
INFO: [ app_init ] --END-- [ RunTime:0.000451s ]
INFO: [ app_begin ] --START--
INFO: Run Behavior\ReadHtmlCacheBehavior [ RunTime:0.000484s ]
INFO: [ app_begin ] --END-- [ RunTime:0.000526s ]
NOTIC: [8] Undefined index: wechat D:\phpStudy\PHPTutorial\WWW\jyh.kailly.com\App\Index\Controller\CommonController.class.php 第 13 行.

[ 2019-04-24T09:54:22+08:00 ] 127.0.0.1 /index/autotask/changecode
INFO: [ app_init ] --START--
INFO: Run Behavior\BuildLiteBehavior [ RunTime:0.000009s ]
INFO: [ app_init ] --END-- [ RunTime:0.000356s ]
INFO: [ app_begin ] --START--
INFO: Run Behavior\ReadHtmlCacheBehavior [ RunTime:0.000434s ]
INFO: [ app_begin ] --END-- [ RunTime:0.000467s ]
NOTIC: [8] Undefined index: wechat D:\phpStudy\PHPTutorial\WWW\jyh.kailly.com\App\Index\Controller\CommonController.class.php 第 13 行.

[ 2019-04-24T09:54:22+08:00 ] 127.0.0.1 /index/autotask/changecode
INFO: [ app_init ] --START--
INFO: Run Behavior\BuildLiteBehavior [ RunTime:0.000009s ]
INFO: [ app_init ] --END-- [ RunTime:0.000301s ]
INFO: [ app_begin ] --START--
INFO: Run Behavior\ReadHtmlCacheBehavior [ RunTime:0.000350s ]
INFO: [ app_begin ] --END-- [ RunTime:0.000380s ]
NOTIC: [8] Undefined index: wechat D:\phpStudy\PHPTutorial\WWW\jyh.kailly.com\App\Index\Controller\CommonController.class.php 第 13 行.

[ 2019-04-24T09:54:23+08:00 ] 127.0.0.1 /index/autotask/changecode
INFO: [ app_init ] --START--
INFO: Run Behavior\BuildLiteBehavior [ RunTime:0.000011s ]
INFO: [ app_init ] --END-- [ RunTime:0.000327s ]
INFO: [ app_begin ] --START--
INFO: Run Behavior\ReadHtmlCacheBehavior [ RunTime:0.000366s ]
INFO: [ app_begin ] --END-- [ RunTime:0.000400s ]
NOTIC: [8] Undefined index: wechat D:\phpStudy\PHPTutorial\WWW\jyh.kailly.com\App\Index\Controller\CommonController.class.php 第 13 行.

[ 2019-04-24T09:54:23+08:00 ] 127.0.0.1 /index/autotask/changecode
INFO: [ app_init ] --START--
INFO: Run Behavior\BuildLiteBehavior [ RunTime:0.000010s ]
INFO: [ app_init ] --END-- [ RunTime:0.000289s ]
INFO: [ app_begin ] --START--
INFO: Run Behavior\ReadHtmlCacheBehavior [ RunTime:0.000413s ]
INFO: [ app_begin ] --END-- [ RunTime:0.000449s ]
NOTIC: [8] Undefined index: wechat D:\phpStudy\PHPTutorial\WWW\jyh.kailly.com\App\Index\Controller\CommonController.class.php 第 13 行.

[ 2019-04-24T09:54:23+08:00 ] 127.0.0.1 /index/autotask/changecode
INFO: [ app_init ] --START--
INFO: Run Behavior\BuildLiteBehavior [ RunTime:0.000010s ]
INFO: [ app_init ] --END-- [ RunTime:0.000305s ]
INFO: [ app_begin ] --START--
INFO: Run Behavior\ReadHtmlCacheBehavior [ RunTime:0.000387s ]
INFO: [ app_begin ] --END-- [ RunTime:0.000424s ]
NOTIC: [8] Undefined index: wechat D:\phpStudy\PHPTutorial\WWW\jyh.kailly.com\App\Index\Controller\CommonController.class.php 第 13 行.

[ 2019-04-24T10:03:01+08:00 ] 127.0.0.1 /index/autotask/changecode
INFO: [ app_init ] --START--
INFO: Run Behavior\BuildLiteBehavior [ RunTime:0.000009s ]
INFO: [ app_init ] --END-- [ RunTime:0.000361s ]
INFO: [ app_begin ] --START--
INFO: Run Behavior\ReadHtmlCacheBehavior [ RunTime:0.000445s ]
INFO: [ app_begin ] --END-- [ RunTime:0.000485s ]
NOTIC: [8] Undefined index: wechat D:\phpStudy\PHPTutorial\WWW\jyh.kailly.com\App\Index\Controller\CommonController.class.php 第 13 行.
SQL: SHOW COLUMNS FROM `tbkl_code` [ RunTime:0.0055s ]
SQL: SELECT `id`,`first_time` FROM `tbkl_code` WHERE `mid` = 1  [ RunTime:0.0168s ]

[ 2019-04-24T10:03:24+08:00 ] 127.0.0.1 /index/autotask/changecode
INFO: [ app_init ] --START--
INFO: Run Behavior\BuildLiteBehavior [ RunTime:0.000009s ]
INFO: [ app_init ] --END-- [ RunTime:0.000290s ]
INFO: [ app_begin ] --START--
INFO: Run Behavior\ReadHtmlCacheBehavior [ RunTime:0.000356s ]
INFO: [ app_begin ] --END-- [ RunTime:0.000388s ]
NOTIC: [8] Undefined index: wechat D:\phpStudy\PHPTutorial\WWW\jyh.kailly.com\App\Index\Controller\CommonController.class.php 第 13 行.
SQL: SHOW COLUMNS FROM `tbkl_code` [ RunTime:0.0050s ]
SQL: SELECT `id`,`first_time` FROM `tbkl_code` WHERE `mid` = 1  [ RunTime:0.0171s ]

