[ 2019-01-29T01:00:13+08:00 ] 47.101.50.252 /
INFO: [ app_init ] --START--
INFO: Run Behavior\BuildLiteBehavior [ RunTime:0.000000s ]
INFO: [ app_init ] --END-- [ RunTime:0.000000s ]
INFO: [ app_begin ] --START--
INFO: Run Behavior\ReadHtmlCacheBehavior [ RunTime:0.000000s ]
INFO: [ app_begin ] --END-- [ RunTime:0.000000s ]
SQL: SHOW COLUMNS FROM `tbkl_members` [ RunTime:0.0000s ]
SQL: SHOW COLUMNS FROM `tbkl_base` [ RunTime:0.0000s ]
SQL: SELECT * FROM `tbkl_base` WHERE `id` = 1 LIMIT 1   [ RunTime:0.0000s ]
NOTIC: [8] Undefined index: code E:\klwl_web\web_hqt\klshop.kailly.com.cn\App\Index\Controller\WechatApiController.class.php 第 83 行.

[ 2019-01-29T01:00:13+08:00 ] 47.101.50.252 /index.php
INFO: [ app_init ] --START--
INFO: Run Behavior\BuildLiteBehavior [ RunTime:0.000000s ]
INFO: [ app_init ] --END-- [ RunTime:0.000000s ]
INFO: [ app_begin ] --START--
INFO: Run Behavior\ReadHtmlCacheBehavior [ RunTime:0.000000s ]
INFO: [ app_begin ] --END-- [ RunTime:0.000000s ]
SQL: SHOW COLUMNS FROM `tbkl_members` [ RunTime:0.0000s ]
SQL: SHOW COLUMNS FROM `tbkl_base` [ RunTime:0.0000s ]
SQL: SELECT * FROM `tbkl_base` WHERE `id` = 1 LIMIT 1   [ RunTime:0.0000s ]
NOTIC: [8] Undefined index: code E:\klwl_web\web_hqt\klshop.kailly.com.cn\App\Index\Controller\WechatApiController.class.php 第 83 行.

[ 2019-01-29T01:00:14+08:00 ] 47.101.50.252 /index.jsp
INFO: [ app_init ] --START--
INFO: Run Behavior\BuildLiteBehavior [ RunTime:0.000000s ]
INFO: [ app_init ] --END-- [ RunTime:0.000000s ]
INFO: [ app_begin ] --START--
INFO: Run Behavior\ReadHtmlCacheBehavior [ RunTime:0.000000s ]
INFO: [ app_begin ] --END-- [ RunTime:0.000000s ]
SQL: SHOW COLUMNS FROM `tbkl_members` [ RunTime:0.0000s ]
SQL: SHOW COLUMNS FROM `tbkl_base` [ RunTime:0.0000s ]
SQL: SELECT * FROM `tbkl_base` WHERE `id` = 1 LIMIT 1   [ RunTime:0.0000s ]
NOTIC: [8] Undefined index: code E:\klwl_web\web_hqt\klshop.kailly.com.cn\App\Index\Controller\WechatApiController.class.php 第 83 行.

[ 2019-01-29T01:00:14+08:00 ] 47.101.50.252 /?c=4e5e5d7364f443e28fbf0d3ae744a59a
INFO: [ app_init ] --START--
INFO: Run Behavior\BuildLiteBehavior [ RunTime:0.000000s ]
INFO: [ app_init ] --END-- [ RunTime:0.000000s ]
INFO: [ app_begin ] --START--
INFO: Run Behavior\ReadHtmlCacheBehavior [ RunTime:0.000000s ]
INFO: [ app_begin ] --END-- [ RunTime:0.000000s ]

[ 2019-01-29T05:47:17+08:00 ] 140.205.205.25 /
INFO: [ app_init ] --START--
INFO: Run Behavior\BuildLiteBehavior [ RunTime:0.000000s ]
INFO: [ app_init ] --END-- [ RunTime:0.000000s ]
INFO: [ app_begin ] --START--
INFO: Run Behavior\ReadHtmlCacheBehavior [ RunTime:0.000000s ]
INFO: [ app_begin ] --END-- [ RunTime:0.000000s ]
SQL: SHOW COLUMNS FROM `tbkl_members` [ RunTime:0.0000s ]
SQL: SHOW COLUMNS FROM `tbkl_base` [ RunTime:0.0156s ]
SQL: SELECT * FROM `tbkl_base` WHERE `id` = 1 LIMIT 1   [ RunTime:0.0000s ]
NOTIC: [8] Undefined index: code E:\klwl_web\web_hqt\klshop.kailly.com.cn\App\Index\Controller\WechatApiController.class.php 第 83 行.

[ 2019-01-29T06:20:11+08:00 ] 47.101.50.252 /
INFO: [ app_init ] --START--
INFO: Run Behavior\BuildLiteBehavior [ RunTime:0.000000s ]
INFO: [ app_init ] --END-- [ RunTime:0.000000s ]
INFO: [ app_begin ] --START--
INFO: Run Behavior\ReadHtmlCacheBehavior [ RunTime:0.000000s ]
INFO: [ app_begin ] --END-- [ RunTime:0.000000s ]
SQL: SHOW COLUMNS FROM `tbkl_members` [ RunTime:0.0000s ]
SQL: SHOW COLUMNS FROM `tbkl_base` [ RunTime:0.0000s ]
SQL: SELECT * FROM `tbkl_base` WHERE `id` = 1 LIMIT 1   [ RunTime:0.0000s ]
NOTIC: [8] Undefined index: code E:\klwl_web\web_hqt\klshop.kailly.com.cn\App\Index\Controller\WechatApiController.class.php 第 83 行.

[ 2019-01-29T06:20:11+08:00 ] 47.101.50.252 /index.php
INFO: [ app_init ] --START--
INFO: Run Behavior\BuildLiteBehavior [ RunTime:0.000000s ]
INFO: [ app_init ] --END-- [ RunTime:0.000000s ]
INFO: [ app_begin ] --START--
INFO: Run Behavior\ReadHtmlCacheBehavior [ RunTime:0.000000s ]
INFO: [ app_begin ] --END-- [ RunTime:0.000000s ]
SQL: SHOW COLUMNS FROM `tbkl_members` [ RunTime:0.0000s ]
SQL: SHOW COLUMNS FROM `tbkl_base` [ RunTime:0.0000s ]
SQL: SELECT * FROM `tbkl_base` WHERE `id` = 1 LIMIT 1   [ RunTime:0.0000s ]
NOTIC: [8] Undefined index: code E:\klwl_web\web_hqt\klshop.kailly.com.cn\App\Index\Controller\WechatApiController.class.php 第 83 行.

[ 2019-01-29T06:20:12+08:00 ] 47.101.50.252 /index.jsp
INFO: [ app_init ] --START--
INFO: Run Behavior\BuildLiteBehavior [ RunTime:0.000000s ]
INFO: [ app_init ] --END-- [ RunTime:0.000000s ]
INFO: [ app_begin ] --START--
INFO: Run Behavior\ReadHtmlCacheBehavior [ RunTime:0.000000s ]
INFO: [ app_begin ] --END-- [ RunTime:0.000000s ]
SQL: SHOW COLUMNS FROM `tbkl_members` [ RunTime:0.0000s ]
SQL: SHOW COLUMNS FROM `tbkl_base` [ RunTime:0.0156s ]
SQL: SELECT * FROM `tbkl_base` WHERE `id` = 1 LIMIT 1   [ RunTime:0.0000s ]
NOTIC: [8] Undefined index: code E:\klwl_web\web_hqt\klshop.kailly.com.cn\App\Index\Controller\WechatApiController.class.php 第 83 行.

[ 2019-01-29T06:20:13+08:00 ] 47.101.50.252 /?c=4e5e5d7364f443e28fbf0d3ae744a59a
INFO: [ app_init ] --START--
INFO: Run Behavior\BuildLiteBehavior [ RunTime:0.000000s ]
INFO: [ app_init ] --END-- [ RunTime:0.000000s ]
INFO: [ app_begin ] --START--
INFO: Run Behavior\ReadHtmlCacheBehavior [ RunTime:0.000000s ]
INFO: [ app_begin ] --END-- [ RunTime:0.000000s ]

[ 2019-01-29T11:12:12+08:00 ] 60.191.38.77 /
INFO: [ app_init ] --START--
INFO: Run Behavior\BuildLiteBehavior [ RunTime:0.000000s ]
INFO: [ app_init ] --END-- [ RunTime:0.000000s ]
INFO: [ app_begin ] --START--
INFO: Run Behavior\ReadHtmlCacheBehavior [ RunTime:0.000000s ]
INFO: [ app_begin ] --END-- [ RunTime:0.000000s ]
SQL: SHOW COLUMNS FROM `tbkl_members` [ RunTime:0.0156s ]
SQL: SHOW COLUMNS FROM `tbkl_base` [ RunTime:0.0000s ]
SQL: SELECT * FROM `tbkl_base` WHERE `id` = 1 LIMIT 1   [ RunTime:0.0000s ]
NOTIC: [8] Undefined index: code E:\klwl_web\web_hqt\klshop.kailly.com.cn\App\Index\Controller\WechatApiController.class.php 第 83 行.

[ 2019-01-29T11:38:04+08:00 ] 60.191.38.77 /
INFO: [ app_init ] --START--
INFO: Run Behavior\BuildLiteBehavior [ RunTime:0.000000s ]
INFO: [ app_init ] --END-- [ RunTime:0.000000s ]
INFO: [ app_begin ] --START--
INFO: Run Behavior\ReadHtmlCacheBehavior [ RunTime:0.000000s ]
INFO: [ app_begin ] --END-- [ RunTime:0.000000s ]
SQL: SHOW COLUMNS FROM `tbkl_members` [ RunTime:0.0000s ]
SQL: SHOW COLUMNS FROM `tbkl_base` [ RunTime:0.0000s ]
SQL: SELECT * FROM `tbkl_base` WHERE `id` = 1 LIMIT 1   [ RunTime:0.0000s ]
NOTIC: [8] Undefined index: code E:\klwl_web\web_hqt\klshop.kailly.com.cn\App\Index\Controller\WechatApiController.class.php 第 83 行.

[ 2019-01-29T20:22:43+08:00 ] 113.115.68.178 /
INFO: [ app_init ] --START--
INFO: Run Behavior\BuildLiteBehavior [ RunTime:0.000000s ]
INFO: [ app_init ] --END-- [ RunTime:0.000000s ]
INFO: [ app_begin ] --START--
INFO: Run Behavior\ReadHtmlCacheBehavior [ RunTime:0.000000s ]
INFO: [ app_begin ] --END-- [ RunTime:0.000000s ]
SQL: SHOW COLUMNS FROM `tbkl_members` [ RunTime:0.0000s ]
SQL: SHOW COLUMNS FROM `tbkl_base` [ RunTime:0.0000s ]
SQL: SELECT * FROM `tbkl_base` WHERE `id` = 1 LIMIT 1   [ RunTime:0.0000s ]
NOTIC: [8] Undefined index: code E:\klwl_web\web_hqt\klshop.kailly.com.cn\App\Index\Controller\WechatApiController.class.php 第 83 行.

[ 2019-01-29T20:23:07+08:00 ] 113.115.68.178 /
INFO: [ app_init ] --START--
INFO: Run Behavior\BuildLiteBehavior [ RunTime:0.000000s ]
INFO: [ app_init ] --END-- [ RunTime:0.000000s ]
INFO: [ app_begin ] --START--
INFO: Run Behavior\ReadHtmlCacheBehavior [ RunTime:0.000000s ]
INFO: [ app_begin ] --END-- [ RunTime:0.000000s ]
SQL: SHOW COLUMNS FROM `tbkl_members` [ RunTime:0.0000s ]
SQL: SHOW COLUMNS FROM `tbkl_base` [ RunTime:0.0000s ]
SQL: SELECT * FROM `tbkl_base` WHERE `id` = 1 LIMIT 1   [ RunTime:0.0000s ]
NOTIC: [8] Undefined index: code E:\klwl_web\web_hqt\klshop.kailly.com.cn\App\Index\Controller\WechatApiController.class.php 第 83 行.

