[ 2019-03-09T05:39:14+08:00 ] 140.205.205.25 /
INFO: [ app_init ] --START--
INFO: Run Behavior\BuildLiteBehavior [ RunTime:0.000000s ]
INFO: [ app_init ] --END-- [ RunTime:0.000000s ]
INFO: [ app_begin ] --START--
INFO: Run Behavior\ReadHtmlCacheBehavior [ RunTime:0.000000s ]
INFO: [ app_begin ] --END-- [ RunTime:0.000000s ]
SQL: SHOW COLUMNS FROM `tbkl_members` [ RunTime:0.0000s ]
SQL: SHOW COLUMNS FROM `tbkl_base` [ RunTime:0.0000s ]
SQL: SELECT * FROM `tbkl_base` WHERE `id` = 1 LIMIT 1   [ RunTime:0.0000s ]
NOTIC: [8] Undefined index: code E:\klwl_web\web_hqt\klshop.kailly.com.cn\App\Index\Controller\WechatApiController.class.php 第 83 行.

[ 2019-03-09T10:03:57+08:00 ] 61.140.234.230 /
INFO: [ app_init ] --START--
INFO: Run Behavior\BuildLiteBehavior [ RunTime:0.000000s ]
INFO: [ app_init ] --END-- [ RunTime:0.000000s ]
INFO: [ app_begin ] --START--
INFO: Run Behavior\ReadHtmlCacheBehavior [ RunTime:0.000000s ]
INFO: [ app_begin ] --END-- [ RunTime:0.000000s ]
SQL: SHOW COLUMNS FROM `tbkl_members` [ RunTime:0.0000s ]
SQL: SHOW COLUMNS FROM `tbkl_base` [ RunTime:0.0000s ]
SQL: SELECT * FROM `tbkl_base` WHERE `id` = 1 LIMIT 1   [ RunTime:0.0000s ]
NOTIC: [8] Undefined index: code E:\klwl_web\web_hqt\klshop.kailly.com.cn\App\Index\Controller\WechatApiController.class.php 第 83 行.

[ 2019-03-09T11:35:46+08:00 ] 61.140.234.230 /
INFO: [ app_init ] --START--
INFO: Run Behavior\BuildLiteBehavior [ RunTime:0.000000s ]
INFO: [ app_init ] --END-- [ RunTime:0.000000s ]
INFO: [ app_begin ] --START--
INFO: Run Behavior\ReadHtmlCacheBehavior [ RunTime:0.000000s ]
INFO: [ app_begin ] --END-- [ RunTime:0.000000s ]
SQL: SHOW COLUMNS FROM `tbkl_members` [ RunTime:0.0000s ]
SQL: SHOW COLUMNS FROM `tbkl_base` [ RunTime:0.0000s ]
SQL: SELECT * FROM `tbkl_base` WHERE `id` = 1 LIMIT 1   [ RunTime:0.0000s ]
NOTIC: [8] Undefined index: code E:\klwl_web\web_hqt\klshop.kailly.com.cn\App\Index\Controller\WechatApiController.class.php 第 83 行.

[ 2019-03-09T11:37:26+08:00 ] 61.140.234.230 /
INFO: [ app_init ] --START--
INFO: Run Behavior\BuildLiteBehavior [ RunTime:0.000000s ]
INFO: [ app_init ] --END-- [ RunTime:0.000000s ]
INFO: [ app_begin ] --START--
INFO: Run Behavior\ReadHtmlCacheBehavior [ RunTime:0.000000s ]
INFO: [ app_begin ] --END-- [ RunTime:0.000000s ]
SQL: SHOW COLUMNS FROM `tbkl_members` [ RunTime:0.0000s ]
SQL: SHOW COLUMNS FROM `tbkl_base` [ RunTime:0.0156s ]
SQL: SELECT * FROM `tbkl_base` WHERE `id` = 1 LIMIT 1   [ RunTime:0.0000s ]
NOTIC: [8] Undefined index: code E:\klwl_web\web_hqt\klshop.kailly.com.cn\App\Index\Controller\WechatApiController.class.php 第 83 行.

[ 2019-03-09T11:37:35+08:00 ] 61.140.234.230 /
INFO: [ app_init ] --START--
INFO: Run Behavior\BuildLiteBehavior [ RunTime:0.000000s ]
INFO: [ app_init ] --END-- [ RunTime:0.000000s ]
INFO: [ app_begin ] --START--
INFO: Run Behavior\ReadHtmlCacheBehavior [ RunTime:0.000000s ]
INFO: [ app_begin ] --END-- [ RunTime:0.000000s ]
SQL: SHOW COLUMNS FROM `tbkl_members` [ RunTime:0.0000s ]
SQL: SHOW COLUMNS FROM `tbkl_base` [ RunTime:0.0000s ]
SQL: SELECT * FROM `tbkl_base` WHERE `id` = 1 LIMIT 1   [ RunTime:0.0000s ]
NOTIC: [8] Undefined index: code E:\klwl_web\web_hqt\klshop.kailly.com.cn\App\Index\Controller\WechatApiController.class.php 第 83 行.

[ 2019-03-09T11:40:42+08:00 ] 114.87.20.243 /
INFO: [ app_init ] --START--
INFO: Run Behavior\BuildLiteBehavior [ RunTime:0.000000s ]
INFO: [ app_init ] --END-- [ RunTime:0.000000s ]
INFO: [ app_begin ] --START--
INFO: Run Behavior\ReadHtmlCacheBehavior [ RunTime:0.000000s ]
INFO: [ app_begin ] --END-- [ RunTime:0.000000s ]
SQL: SHOW COLUMNS FROM `tbkl_members` [ RunTime:0.0000s ]
SQL: SHOW COLUMNS FROM `tbkl_base` [ RunTime:0.0000s ]
SQL: SELECT * FROM `tbkl_base` WHERE `id` = 1 LIMIT 1   [ RunTime:0.0000s ]
NOTIC: [8] Undefined index: code E:\klwl_web\web_hqt\klshop.kailly.com.cn\App\Index\Controller\WechatApiController.class.php 第 83 行.

[ 2019-03-09T13:40:35+08:00 ] 47.101.204.188 /
INFO: [ app_init ] --START--
INFO: Run Behavior\BuildLiteBehavior [ RunTime:0.000000s ]
INFO: [ app_init ] --END-- [ RunTime:0.000000s ]
INFO: [ app_begin ] --START--
INFO: Run Behavior\ReadHtmlCacheBehavior [ RunTime:0.000000s ]
INFO: [ app_begin ] --END-- [ RunTime:0.000000s ]
SQL: SHOW COLUMNS FROM `tbkl_members` [ RunTime:0.0000s ]
SQL: SHOW COLUMNS FROM `tbkl_base` [ RunTime:0.0000s ]
SQL: SELECT * FROM `tbkl_base` WHERE `id` = 1 LIMIT 1   [ RunTime:0.0000s ]
NOTIC: [8] Undefined index: code E:\klwl_web\web_hqt\klshop.kailly.com.cn\App\Index\Controller\WechatApiController.class.php 第 83 行.

