[ 2019-02-11T05:02:23+08:00 ] 58.247.206.149 /Api/Common/getConfig
INFO: [ app_init ] --START--
INFO: Run Behavior\BuildLiteBehavior [ RunTime:0.000000s ]
INFO: [ app_init ] --END-- [ RunTime:0.000000s ]
INFO: [ app_begin ] --START--
INFO: Run Behavior\ReadHtmlCacheBehavior [ RunTime:0.000000s ]
INFO: [ app_begin ] --END-- [ RunTime:0.000000s ]
SQL: SHOW COLUMNS FROM `tbkl_formid` [ RunTime:0.0000s ]
SQL: DELETE FROM `tbkl_formid` WHERE ( (create_time+518400)<1549832543 ) [ RunTime:0.0000s ]
SQL: SHOW COLUMNS FROM `tbkl_base` [ RunTime:0.0000s ]
SQL: SELECT `nopay_valid_time` FROM `tbkl_base` WHERE `id` = 1 LIMIT 1   [ RunTime:0.0000s ]
SQL: SHOW COLUMNS FROM `tbkl_mall_order` [ RunTime:0.0000s ]
SQL: SELECT * FROM `tbkl_mall_order` WHERE `status` = 0  [ RunTime:0.0156s ]
SQL: SHOW COLUMNS FROM `tbkl_group_order` [ RunTime:0.0000s ]
SQL: SELECT * FROM `tbkl_group_order` WHERE ( status=0 or status=1 )  [ RunTime:0.0000s ]
SQL: SHOW COLUMNS FROM `tbkl_members` [ RunTime:0.0000s ]
SQL: SELECT * FROM `tbkl_base` WHERE `id` = 1 LIMIT 1   [ RunTime:0.0000s ]
NOTIC: [8] Undefined offset: 1 E:\klwl_web\web_hqt\klshop.kailly.com.cn\App\Api\Controller\CommonController.class.php 第 341 行.
SQL: SELECT `name` FROM `tbkl_base` WHERE `id` = 1 LIMIT 1   [ RunTime:0.0000s ]
INFO: [ app_end ] --START--
INFO: Run Behavior\ShowPageTraceBehavior [ RunTime:0.000000s ]
INFO: [ app_end ] --END-- [ RunTime:0.000000s ]

[ 2019-02-11T05:02:23+08:00 ] 58.247.206.139 /Api/Common/getBanner
INFO: [ app_init ] --START--
INFO: Run Behavior\BuildLiteBehavior [ RunTime:0.000000s ]
INFO: [ app_init ] --END-- [ RunTime:0.000000s ]
INFO: [ app_begin ] --START--
INFO: Run Behavior\ReadHtmlCacheBehavior [ RunTime:0.000000s ]
INFO: [ app_begin ] --END-- [ RunTime:0.000000s ]
SQL: SHOW COLUMNS FROM `tbkl_formid` [ RunTime:0.0000s ]
SQL: DELETE FROM `tbkl_formid` WHERE ( (create_time+518400)<1549832543 ) [ RunTime:0.0000s ]
SQL: SHOW COLUMNS FROM `tbkl_base` [ RunTime:0.0000s ]
SQL: SELECT `nopay_valid_time` FROM `tbkl_base` WHERE `id` = 1 LIMIT 1   [ RunTime:0.0000s ]
SQL: SHOW COLUMNS FROM `tbkl_mall_order` [ RunTime:0.0000s ]
SQL: SELECT * FROM `tbkl_mall_order` WHERE `status` = 0  [ RunTime:0.0156s ]
SQL: SHOW COLUMNS FROM `tbkl_group_order` [ RunTime:0.0000s ]
SQL: SELECT * FROM `tbkl_group_order` WHERE ( status=0 or status=1 )  [ RunTime:0.0000s ]
SQL: SHOW COLUMNS FROM `tbkl_members` [ RunTime:0.0000s ]
SQL: SELECT * FROM `tbkl_base` WHERE `id` = 1 LIMIT 1   [ RunTime:0.0000s ]
SQL: SHOW COLUMNS FROM `tbkl_banner` [ RunTime:0.0000s ]
SQL: SELECT * FROM `tbkl_banner` WHERE `status` = 0 AND `place` = 1 ORDER BY sort ASC  [ RunTime:0.0000s ]
INFO: [ app_end ] --START--
INFO: Run Behavior\ShowPageTraceBehavior [ RunTime:0.000000s ]
INFO: [ app_end ] --END-- [ RunTime:0.000000s ]

[ 2019-02-11T05:02:23+08:00 ] 58.247.206.154 /Api/Index/getBrand
INFO: [ app_init ] --START--
INFO: Run Behavior\BuildLiteBehavior [ RunTime:0.000000s ]
INFO: [ app_init ] --END-- [ RunTime:0.000000s ]
INFO: [ app_begin ] --START--
INFO: Run Behavior\ReadHtmlCacheBehavior [ RunTime:0.000000s ]
INFO: [ app_begin ] --END-- [ RunTime:0.000000s ]
SQL: SHOW COLUMNS FROM `tbkl_formid` [ RunTime:0.0000s ]
SQL: DELETE FROM `tbkl_formid` WHERE ( (create_time+518400)<1549832543 ) [ RunTime:0.0000s ]
SQL: SHOW COLUMNS FROM `tbkl_base` [ RunTime:0.0000s ]
SQL: SELECT `nopay_valid_time` FROM `tbkl_base` WHERE `id` = 1 LIMIT 1   [ RunTime:0.0000s ]
SQL: SHOW COLUMNS FROM `tbkl_mall_order` [ RunTime:0.0000s ]
SQL: SELECT * FROM `tbkl_mall_order` WHERE `status` = 0  [ RunTime:0.0000s ]
SQL: SHOW COLUMNS FROM `tbkl_group_order` [ RunTime:0.0000s ]
SQL: SELECT * FROM `tbkl_group_order` WHERE ( status=0 or status=1 )  [ RunTime:0.0000s ]
SQL: SHOW COLUMNS FROM `tbkl_members` [ RunTime:0.0000s ]
SQL: SELECT * FROM `tbkl_base` WHERE `id` = 1 LIMIT 1   [ RunTime:0.0000s ]
SQL: SHOW COLUMNS FROM `tbkl_brand` [ RunTime:0.0000s ]
SQL: SELECT * FROM `tbkl_brand` WHERE `status` = 0 AND `is_red` = 1 ORDER BY sort ASC  [ RunTime:0.0000s ]
INFO: [ app_end ] --START--
INFO: Run Behavior\ShowPageTraceBehavior [ RunTime:0.000000s ]
INFO: [ app_end ] --END-- [ RunTime:0.000000s ]

[ 2019-02-11T05:02:23+08:00 ] 58.247.206.149 /Api/Index/getIndexColumn
INFO: [ app_init ] --START--
INFO: Run Behavior\BuildLiteBehavior [ RunTime:0.000000s ]
INFO: [ app_init ] --END-- [ RunTime:0.000000s ]
INFO: [ app_begin ] --START--
INFO: Run Behavior\ReadHtmlCacheBehavior [ RunTime:0.000000s ]
INFO: [ app_begin ] --END-- [ RunTime:0.000000s ]
SQL: SHOW COLUMNS FROM `tbkl_formid` [ RunTime:0.0000s ]
SQL: DELETE FROM `tbkl_formid` WHERE ( (create_time+518400)<1549832543 ) [ RunTime:0.0000s ]
SQL: SHOW COLUMNS FROM `tbkl_base` [ RunTime:0.0000s ]
SQL: SELECT `nopay_valid_time` FROM `tbkl_base` WHERE `id` = 1 LIMIT 1   [ RunTime:0.0000s ]
SQL: SHOW COLUMNS FROM `tbkl_mall_order` [ RunTime:0.0000s ]
SQL: SELECT * FROM `tbkl_mall_order` WHERE `status` = 0  [ RunTime:0.0000s ]
SQL: SHOW COLUMNS FROM `tbkl_group_order` [ RunTime:0.0000s ]
SQL: SELECT * FROM `tbkl_group_order` WHERE ( status=0 or status=1 )  [ RunTime:0.0000s ]
SQL: SHOW COLUMNS FROM `tbkl_members` [ RunTime:0.0000s ]
SQL: SELECT * FROM `tbkl_base` WHERE `id` = 1 LIMIT 1   [ RunTime:0.0000s ]
SQL: SHOW COLUMNS FROM `tbkl_mall_index_column` [ RunTime:0.0000s ]
SQL: SELECT * FROM `tbkl_mall_index_column` WHERE `status` = 0 ORDER BY id DESC  [ RunTime:0.0000s ]
INFO: [ app_end ] --START--
INFO: Run Behavior\ShowPageTraceBehavior [ RunTime:0.000000s ]
INFO: [ app_end ] --END-- [ RunTime:0.000000s ]

[ 2019-02-11T05:02:23+08:00 ] 58.247.206.139 /Api/Index/isMembersGetCoupon
INFO: [ app_init ] --START--
INFO: Run Behavior\BuildLiteBehavior [ RunTime:0.000000s ]
INFO: [ app_init ] --END-- [ RunTime:0.000000s ]
INFO: [ app_begin ] --START--
INFO: Run Behavior\ReadHtmlCacheBehavior [ RunTime:0.000000s ]
INFO: [ app_begin ] --END-- [ RunTime:0.000000s ]
SQL: SHOW COLUMNS FROM `tbkl_formid` [ RunTime:0.0000s ]
SQL: DELETE FROM `tbkl_formid` WHERE ( (create_time+518400)<1549832543 ) [ RunTime:0.0000s ]
SQL: SHOW COLUMNS FROM `tbkl_base` [ RunTime:0.0000s ]
SQL: SELECT `nopay_valid_time` FROM `tbkl_base` WHERE `id` = 1 LIMIT 1   [ RunTime:0.0000s ]
SQL: SHOW COLUMNS FROM `tbkl_mall_order` [ RunTime:0.0000s ]
SQL: SELECT * FROM `tbkl_mall_order` WHERE `status` = 0  [ RunTime:0.0000s ]
SQL: SHOW COLUMNS FROM `tbkl_group_order` [ RunTime:0.0000s ]
SQL: SELECT * FROM `tbkl_group_order` WHERE ( status=0 or status=1 )  [ RunTime:0.0000s ]
SQL: SHOW COLUMNS FROM `tbkl_members` [ RunTime:0.0000s ]
SQL: SELECT * FROM `tbkl_base` WHERE `id` = 1 LIMIT 1   [ RunTime:0.0000s ]
NOTIC: [8] Undefined index: members_id E:\klwl_web\web_hqt\klshop.kailly.com.cn\App\Api\Controller\IndexController.class.php 第 65 行.
INFO: [ app_end ] --START--
INFO: Run Behavior\ShowPageTraceBehavior [ RunTime:0.000000s ]
INFO: [ app_end ] --END-- [ RunTime:0.000000s ]

[ 2019-02-11T05:02:24+08:00 ] 58.247.206.154 /Api/Index/getIndexProduct
INFO: [ app_init ] --START--
INFO: Run Behavior\BuildLiteBehavior [ RunTime:0.000000s ]
INFO: [ app_init ] --END-- [ RunTime:0.000000s ]
INFO: [ app_begin ] --START--
INFO: Run Behavior\ReadHtmlCacheBehavior [ RunTime:0.000000s ]
INFO: [ app_begin ] --END-- [ RunTime:0.000000s ]
SQL: SHOW COLUMNS FROM `tbkl_formid` [ RunTime:0.0000s ]
SQL: DELETE FROM `tbkl_formid` WHERE ( (create_time+518400)<1549832544 ) [ RunTime:0.0000s ]
SQL: SHOW COLUMNS FROM `tbkl_base` [ RunTime:0.0000s ]
SQL: SELECT `nopay_valid_time` FROM `tbkl_base` WHERE `id` = 1 LIMIT 1   [ RunTime:0.0000s ]
SQL: SHOW COLUMNS FROM `tbkl_mall_order` [ RunTime:0.0000s ]
SQL: SELECT * FROM `tbkl_mall_order` WHERE `status` = 0  [ RunTime:0.0000s ]
SQL: SHOW COLUMNS FROM `tbkl_group_order` [ RunTime:0.0000s ]
SQL: SELECT * FROM `tbkl_group_order` WHERE ( status=0 or status=1 )  [ RunTime:0.0000s ]
SQL: SHOW COLUMNS FROM `tbkl_members` [ RunTime:0.0000s ]
SQL: SELECT * FROM `tbkl_base` WHERE `id` = 1 LIMIT 1   [ RunTime:0.0000s ]
SQL: SELECT `is_index_product` FROM `tbkl_base` WHERE `id` = 1 LIMIT 1   [ RunTime:0.0000s ]
INFO: [ app_end ] --START--
INFO: Run Behavior\ShowPageTraceBehavior [ RunTime:0.000000s ]
INFO: [ app_end ] --END-- [ RunTime:0.000000s ]

[ 2019-02-11T05:02:24+08:00 ] 58.247.206.144 /Api/Index/getIndexAdv
INFO: [ app_init ] --START--
INFO: Run Behavior\BuildLiteBehavior [ RunTime:0.000000s ]
INFO: [ app_init ] --END-- [ RunTime:0.000000s ]
INFO: [ app_begin ] --START--
INFO: Run Behavior\ReadHtmlCacheBehavior [ RunTime:0.000000s ]
INFO: [ app_begin ] --END-- [ RunTime:0.000000s ]
SQL: SHOW COLUMNS FROM `tbkl_formid` [ RunTime:0.0000s ]
SQL: DELETE FROM `tbkl_formid` WHERE ( (create_time+518400)<1549832544 ) [ RunTime:0.0000s ]
SQL: SHOW COLUMNS FROM `tbkl_base` [ RunTime:0.0000s ]
SQL: SELECT `nopay_valid_time` FROM `tbkl_base` WHERE `id` = 1 LIMIT 1   [ RunTime:0.0000s ]
SQL: SHOW COLUMNS FROM `tbkl_mall_order` [ RunTime:0.0000s ]
SQL: SELECT * FROM `tbkl_mall_order` WHERE `status` = 0  [ RunTime:0.0000s ]
SQL: SHOW COLUMNS FROM `tbkl_group_order` [ RunTime:0.0000s ]
SQL: SELECT * FROM `tbkl_group_order` WHERE ( status=0 or status=1 )  [ RunTime:0.0000s ]
SQL: SHOW COLUMNS FROM `tbkl_members` [ RunTime:0.0000s ]
SQL: SELECT * FROM `tbkl_base` WHERE `id` = 1 LIMIT 1   [ RunTime:0.0000s ]
SQL: SHOW COLUMNS FROM `tbkl_mall_index_adv` [ RunTime:0.0000s ]
SQL: SELECT * FROM `tbkl_mall_index_adv` WHERE `status` = 0 ORDER BY id DESC  [ RunTime:0.0000s ]
INFO: [ app_end ] --START--
INFO: Run Behavior\ShowPageTraceBehavior [ RunTime:0.000000s ]
INFO: [ app_end ] --END-- [ RunTime:0.000000s ]

[ 2019-02-11T05:02:24+08:00 ] 58.247.206.144 /Api/Mall/goodsList
INFO: [ app_init ] --START--
INFO: Run Behavior\BuildLiteBehavior [ RunTime:0.000000s ]
INFO: [ app_init ] --END-- [ RunTime:0.000000s ]
INFO: [ app_begin ] --START--
INFO: Run Behavior\ReadHtmlCacheBehavior [ RunTime:0.000000s ]
INFO: [ app_begin ] --END-- [ RunTime:0.000000s ]
SQL: SHOW COLUMNS FROM `tbkl_formid` [ RunTime:0.0000s ]
SQL: DELETE FROM `tbkl_formid` WHERE ( (create_time+518400)<1549832544 ) [ RunTime:0.0000s ]
SQL: SHOW COLUMNS FROM `tbkl_base` [ RunTime:0.0000s ]
SQL: SELECT `nopay_valid_time` FROM `tbkl_base` WHERE `id` = 1 LIMIT 1   [ RunTime:0.0000s ]
SQL: SHOW COLUMNS FROM `tbkl_mall_order` [ RunTime:0.0000s ]
SQL: SELECT * FROM `tbkl_mall_order` WHERE `status` = 0  [ RunTime:0.0000s ]
SQL: SHOW COLUMNS FROM `tbkl_group_order` [ RunTime:0.0000s ]
SQL: SELECT * FROM `tbkl_group_order` WHERE ( status=0 or status=1 )  [ RunTime:0.0000s ]
SQL: SHOW COLUMNS FROM `tbkl_members` [ RunTime:0.0000s ]
SQL: SELECT * FROM `tbkl_base` WHERE `id` = 1 LIMIT 1   [ RunTime:0.0000s ]
NOTIC: [8] Undefined index: page E:\klwl_web\web_hqt\klshop.kailly.com.cn\App\Api\Controller\MallController.class.php 第 25 行.
NOTIC: [8] Undefined index: brand_id E:\klwl_web\web_hqt\klshop.kailly.com.cn\App\Api\Controller\MallController.class.php 第 40 行.
NOTIC: [8] Undefined index: keywords E:\klwl_web\web_hqt\klshop.kailly.com.cn\App\Api\Controller\MallController.class.php 第 45 行.
NOTIC: [8] Undefined index: goods_cate_id E:\klwl_web\web_hqt\klshop.kailly.com.cn\App\Api\Controller\MallController.class.php 第 50 行.
NOTIC: [8] Undefined index: sort E:\klwl_web\web_hqt\klshop.kailly.com.cn\App\Api\Controller\MallController.class.php 第 57 行.
SQL: SHOW COLUMNS FROM `tbkl_goods` [ RunTime:0.0000s ]
NOTIC: [8] Undefined variable: order E:\klwl_web\web_hqt\klshop.kailly.com.cn\App\Api\Controller\MallController.class.php 第 60 行.
SQL: SELECT `id`,`name`,`title`,`pic`,`many_pic`,`create_time`,`status`,`sort`,`goods_cate_id`,`is_red`,`price`,`old_price`,`save_num`,`brand_id`,`sale`,`goods_code`,`month_sale_num`,`update_time`,`wx_code`,`freight_type`,`freight_value` FROM `tbkl_goods` WHERE `status` = 0 AND `is_red` = 1 LIMIT 0,8   [ RunTime:0.0000s ]
INFO: [ app_end ] --START--
INFO: Run Behavior\ShowPageTraceBehavior [ RunTime:0.000000s ]
INFO: [ app_end ] --END-- [ RunTime:0.000000s ]

[ 2019-02-11T05:02:24+08:00 ] 58.247.206.144 /Api/Index/getTopNav
INFO: [ app_init ] --START--
INFO: Run Behavior\BuildLiteBehavior [ RunTime:0.000000s ]
INFO: [ app_init ] --END-- [ RunTime:0.000000s ]
INFO: [ app_begin ] --START--
INFO: Run Behavior\ReadHtmlCacheBehavior [ RunTime:0.000000s ]
INFO: [ app_begin ] --END-- [ RunTime:0.000000s ]
SQL: SHOW COLUMNS FROM `tbkl_formid` [ RunTime:0.0000s ]
SQL: DELETE FROM `tbkl_formid` WHERE ( (create_time+518400)<1549832544 ) [ RunTime:0.0000s ]
SQL: SHOW COLUMNS FROM `tbkl_base` [ RunTime:0.0000s ]
SQL: SELECT `nopay_valid_time` FROM `tbkl_base` WHERE `id` = 1 LIMIT 1   [ RunTime:0.0000s ]
SQL: SHOW COLUMNS FROM `tbkl_mall_order` [ RunTime:0.0000s ]
SQL: SELECT * FROM `tbkl_mall_order` WHERE `status` = 0  [ RunTime:0.0000s ]
SQL: SHOW COLUMNS FROM `tbkl_group_order` [ RunTime:0.0000s ]
SQL: SELECT * FROM `tbkl_group_order` WHERE ( status=0 or status=1 )  [ RunTime:0.0000s ]
SQL: SHOW COLUMNS FROM `tbkl_members` [ RunTime:0.0000s ]
SQL: SELECT * FROM `tbkl_base` WHERE `id` = 1 LIMIT 1   [ RunTime:0.0000s ]
SQL: SHOW COLUMNS FROM `tbkl_top_nav` [ RunTime:0.0000s ]
SQL: SELECT * FROM `tbkl_top_nav` WHERE `status` = 0 AND `place` = 1 ORDER BY id DESC  [ RunTime:0.0000s ]
INFO: [ app_end ] --START--
INFO: Run Behavior\ShowPageTraceBehavior [ RunTime:0.000000s ]
INFO: [ app_end ] --END-- [ RunTime:0.000000s ]

[ 2019-02-11T05:02:24+08:00 ] 58.247.206.149 /Api/News/newsList
INFO: [ app_init ] --START--
INFO: Run Behavior\BuildLiteBehavior [ RunTime:0.000000s ]
INFO: [ app_init ] --END-- [ RunTime:0.000000s ]
INFO: [ app_begin ] --START--
INFO: Run Behavior\ReadHtmlCacheBehavior [ RunTime:0.000000s ]
INFO: [ app_begin ] --END-- [ RunTime:0.000000s ]
SQL: SHOW COLUMNS FROM `tbkl_formid` [ RunTime:0.0000s ]
SQL: DELETE FROM `tbkl_formid` WHERE ( (create_time+518400)<1549832544 ) [ RunTime:0.0000s ]
SQL: SHOW COLUMNS FROM `tbkl_base` [ RunTime:0.0000s ]
SQL: SELECT `nopay_valid_time` FROM `tbkl_base` WHERE `id` = 1 LIMIT 1   [ RunTime:0.0000s ]
SQL: SHOW COLUMNS FROM `tbkl_mall_order` [ RunTime:0.0000s ]
SQL: SELECT * FROM `tbkl_mall_order` WHERE `status` = 0  [ RunTime:0.0000s ]
SQL: SHOW COLUMNS FROM `tbkl_group_order` [ RunTime:0.0000s ]
SQL: SELECT * FROM `tbkl_group_order` WHERE ( status=0 or status=1 )  [ RunTime:0.0000s ]
SQL: SHOW COLUMNS FROM `tbkl_members` [ RunTime:0.0000s ]
SQL: SELECT * FROM `tbkl_base` WHERE `id` = 1 LIMIT 1   [ RunTime:0.0000s ]
SQL: SHOW COLUMNS FROM `tbkl_news` [ RunTime:0.0000s ]
SQL: SELECT * FROM `tbkl_news` WHERE `status` = 0 AND `is_red` = 1 ORDER BY id desc  [ RunTime:0.0000s ]
INFO: [ app_end ] --START--
INFO: Run Behavior\ShowPageTraceBehavior [ RunTime:0.000000s ]
INFO: [ app_end ] --END-- [ RunTime:0.000000s ]

[ 2019-02-11T05:02:25+08:00 ] 58.247.206.144 /Api/WechatApi/getOpenid
INFO: [ app_init ] --START--
INFO: Run Behavior\BuildLiteBehavior [ RunTime:0.000000s ]
INFO: [ app_init ] --END-- [ RunTime:0.000000s ]
INFO: [ app_begin ] --START--
INFO: Run Behavior\ReadHtmlCacheBehavior [ RunTime:0.000000s ]
INFO: [ app_begin ] --END-- [ RunTime:0.000000s ]
SQL: SHOW COLUMNS FROM `tbkl_formid` [ RunTime:0.0000s ]
SQL: DELETE FROM `tbkl_formid` WHERE ( (create_time+518400)<1549832544 ) [ RunTime:0.0000s ]
SQL: SHOW COLUMNS FROM `tbkl_base` [ RunTime:0.0000s ]
SQL: SELECT `nopay_valid_time` FROM `tbkl_base` WHERE `id` = 1 LIMIT 1   [ RunTime:0.0000s ]
SQL: SHOW COLUMNS FROM `tbkl_mall_order` [ RunTime:0.0000s ]
SQL: SELECT * FROM `tbkl_mall_order` WHERE `status` = 0  [ RunTime:0.0000s ]
SQL: SHOW COLUMNS FROM `tbkl_group_order` [ RunTime:0.0000s ]
SQL: SELECT * FROM `tbkl_group_order` WHERE ( status=0 or status=1 )  [ RunTime:0.0000s ]
SQL: SHOW COLUMNS FROM `tbkl_members` [ RunTime:0.0000s ]
SQL: SELECT * FROM `tbkl_base` WHERE `id` = 1 LIMIT 1   [ RunTime:0.0000s ]
NOTIC: [8] Undefined index: key E:\klwl_web\web_hqt\klshop.kailly.com.cn\App\Api\Controller\WechatApiController.class.php 第 8 行.
NOTIC: [8] Undefined offset: 1 E:\klwl_web\web_hqt\klshop.kailly.com.cn\App\Api\Controller\CommonController.class.php 第 19 行.
SQL: SELECT * FROM `tbkl_base` WHERE `id` = 1 LIMIT 1   [ RunTime:0.0000s ]
NOTIC: [8] Undefined variable: s E:\klwl_web\web_hqt\klshop.kailly.com.cn\App\Common\Common\function.php 第 132 行.
INFO: [ app_end ] --START--
INFO: Run Behavior\ShowPageTraceBehavior [ RunTime:0.000000s ]
INFO: [ app_end ] --END-- [ RunTime:0.000000s ]

[ 2019-02-11T05:02:25+08:00 ] 58.247.206.154 /Api/Members/addMembers
INFO: [ app_init ] --START--
INFO: Run Behavior\BuildLiteBehavior [ RunTime:0.000000s ]
INFO: [ app_init ] --END-- [ RunTime:0.000000s ]
INFO: [ app_begin ] --START--
INFO: Run Behavior\ReadHtmlCacheBehavior [ RunTime:0.000000s ]
INFO: [ app_begin ] --END-- [ RunTime:0.000000s ]
SQL: SHOW COLUMNS FROM `tbkl_formid` [ RunTime:0.0000s ]
SQL: DELETE FROM `tbkl_formid` WHERE ( (create_time+518400)<1549832545 ) [ RunTime:0.0000s ]
SQL: SHOW COLUMNS FROM `tbkl_base` [ RunTime:0.0000s ]
SQL: SELECT `nopay_valid_time` FROM `tbkl_base` WHERE `id` = 1 LIMIT 1   [ RunTime:0.0156s ]
SQL: SHOW COLUMNS FROM `tbkl_mall_order` [ RunTime:0.0000s ]
SQL: SELECT * FROM `tbkl_mall_order` WHERE `status` = 0  [ RunTime:0.0000s ]
SQL: SHOW COLUMNS FROM `tbkl_group_order` [ RunTime:0.0000s ]
SQL: SELECT * FROM `tbkl_group_order` WHERE ( status=0 or status=1 )  [ RunTime:0.0000s ]
SQL: SHOW COLUMNS FROM `tbkl_members` [ RunTime:0.0000s ]
SQL: SELECT * FROM `tbkl_base` WHERE `id` = 1 LIMIT 1   [ RunTime:0.0000s ]
SQL: SELECT * FROM `tbkl_members` WHERE `openid` = 'oKuqO4uE4t0_UoOq0Gt5poRX7yXc' LIMIT 1   [ RunTime:0.0000s ]
SQL: SELECT * FROM `tbkl_base` WHERE `id` = 1 LIMIT 1   [ RunTime:0.0000s ]
NOTIC: [8] Undefined index: userphone E:\klwl_web\web_hqt\klshop.kailly.com.cn\App\Api\Controller\MembersController.class.php 第 31 行.
NOTIC: [8] Undefined index: username E:\klwl_web\web_hqt\klshop.kailly.com.cn\App\Api\Controller\MembersController.class.php 第 32 行.
INFO: [ app_end ] --START--
INFO: Run Behavior\ShowPageTraceBehavior [ RunTime:0.000000s ]
INFO: [ app_end ] --END-- [ RunTime:0.000000s ]

[ 2019-02-11T05:02:27+08:00 ] 58.247.206.149 /Api/Index/getBuyList
INFO: [ app_init ] --START--
INFO: Run Behavior\BuildLiteBehavior [ RunTime:0.000000s ]
INFO: [ app_init ] --END-- [ RunTime:0.000000s ]
INFO: [ app_begin ] --START--
INFO: Run Behavior\ReadHtmlCacheBehavior [ RunTime:0.000000s ]
INFO: [ app_begin ] --END-- [ RunTime:0.000000s ]
SQL: SHOW COLUMNS FROM `tbkl_formid` [ RunTime:0.0000s ]
SQL: DELETE FROM `tbkl_formid` WHERE ( (create_time+518400)<1549832547 ) [ RunTime:0.0000s ]
SQL: SHOW COLUMNS FROM `tbkl_base` [ RunTime:0.0000s ]
SQL: SELECT `nopay_valid_time` FROM `tbkl_base` WHERE `id` = 1 LIMIT 1   [ RunTime:0.0000s ]
SQL: SHOW COLUMNS FROM `tbkl_mall_order` [ RunTime:0.0156s ]
SQL: SELECT * FROM `tbkl_mall_order` WHERE `status` = 0  [ RunTime:0.0000s ]
SQL: SHOW COLUMNS FROM `tbkl_group_order` [ RunTime:0.0000s ]
SQL: SELECT * FROM `tbkl_group_order` WHERE ( status=0 or status=1 )  [ RunTime:0.0000s ]
SQL: SHOW COLUMNS FROM `tbkl_members` [ RunTime:0.0000s ]
SQL: SELECT * FROM `tbkl_base` WHERE `id` = 1 LIMIT 1   [ RunTime:0.0000s ]
SQL: SELECT `id`,`members_id`,`ordercode`,`status` FROM `tbkl_mall_order` WHERE ( status!=0 and status!=5 ) ORDER BY id desc LIMIT 50   [ RunTime:0.0000s ]
SQL: SELECT `nickname`,`headimgurl` FROM `tbkl_members` WHERE `id` = 42 LIMIT 1   [ RunTime:0.0000s ]
INFO: [ app_end ] --START--
INFO: Run Behavior\ShowPageTraceBehavior [ RunTime:0.000000s ]
INFO: [ app_end ] --END-- [ RunTime:0.000000s ]

[ 2019-02-11T18:28:35+08:00 ] 101.227.139.173 /Api/Index/getTopNav
INFO: [ app_init ] --START--
INFO: Run Behavior\BuildLiteBehavior [ RunTime:0.000000s ]
INFO: [ app_init ] --END-- [ RunTime:0.000000s ]
INFO: [ app_begin ] --START--
INFO: Run Behavior\ReadHtmlCacheBehavior [ RunTime:0.000000s ]
INFO: [ app_begin ] --END-- [ RunTime:0.000000s ]
SQL: SHOW COLUMNS FROM `tbkl_formid` [ RunTime:0.0000s ]
SQL: DELETE FROM `tbkl_formid` WHERE ( (create_time+518400)<1549880915 ) [ RunTime:0.0000s ]
SQL: SHOW COLUMNS FROM `tbkl_base` [ RunTime:0.0000s ]
SQL: SELECT `nopay_valid_time` FROM `tbkl_base` WHERE `id` = 1 LIMIT 1   [ RunTime:0.0000s ]
SQL: SHOW COLUMNS FROM `tbkl_mall_order` [ RunTime:0.0000s ]
SQL: SELECT * FROM `tbkl_mall_order` WHERE `status` = 0  [ RunTime:0.0000s ]
SQL: SHOW COLUMNS FROM `tbkl_group_order` [ RunTime:0.0000s ]
SQL: SELECT * FROM `tbkl_group_order` WHERE ( status=0 or status=1 )  [ RunTime:0.0000s ]
SQL: SHOW COLUMNS FROM `tbkl_members` [ RunTime:0.0000s ]
SQL: SELECT * FROM `tbkl_base` WHERE `id` = 1 LIMIT 1   [ RunTime:0.0000s ]
SQL: SHOW COLUMNS FROM `tbkl_top_nav` [ RunTime:0.0156s ]
SQL: SELECT * FROM `tbkl_top_nav` WHERE `status` = 0 AND `place` = 1 ORDER BY id DESC  [ RunTime:0.0000s ]
INFO: [ app_end ] --START--
INFO: Run Behavior\ShowPageTraceBehavior [ RunTime:0.000000s ]
INFO: [ app_end ] --END-- [ RunTime:0.000000s ]

[ 2019-02-11T18:28:35+08:00 ] 101.227.139.173 /Api/Common/getConfig
INFO: [ app_init ] --START--
INFO: Run Behavior\BuildLiteBehavior [ RunTime:0.000000s ]
INFO: [ app_init ] --END-- [ RunTime:0.000000s ]
INFO: [ app_begin ] --START--
INFO: Run Behavior\ReadHtmlCacheBehavior [ RunTime:0.000000s ]
INFO: [ app_begin ] --END-- [ RunTime:0.000000s ]
SQL: SHOW COLUMNS FROM `tbkl_formid` [ RunTime:0.0000s ]
SQL: DELETE FROM `tbkl_formid` WHERE ( (create_time+518400)<1549880915 ) [ RunTime:0.0000s ]
SQL: SHOW COLUMNS FROM `tbkl_base` [ RunTime:0.0000s ]
SQL: SELECT `nopay_valid_time` FROM `tbkl_base` WHERE `id` = 1 LIMIT 1   [ RunTime:0.0000s ]
SQL: SHOW COLUMNS FROM `tbkl_mall_order` [ RunTime:0.0000s ]
SQL: SELECT * FROM `tbkl_mall_order` WHERE `status` = 0  [ RunTime:0.0000s ]
SQL: SHOW COLUMNS FROM `tbkl_group_order` [ RunTime:0.0000s ]
SQL: SELECT * FROM `tbkl_group_order` WHERE ( status=0 or status=1 )  [ RunTime:0.0000s ]
SQL: SHOW COLUMNS FROM `tbkl_members` [ RunTime:0.0000s ]
SQL: SELECT * FROM `tbkl_base` WHERE `id` = 1 LIMIT 1   [ RunTime:0.0000s ]
NOTIC: [8] Undefined offset: 1 E:\klwl_web\web_hqt\klshop.kailly.com.cn\App\Api\Controller\CommonController.class.php 第 341 行.
SQL: SELECT `name` FROM `tbkl_base` WHERE `id` = 1 LIMIT 1   [ RunTime:0.0000s ]
INFO: [ app_end ] --START--
INFO: Run Behavior\ShowPageTraceBehavior [ RunTime:0.000000s ]
INFO: [ app_end ] --END-- [ RunTime:0.000000s ]

[ 2019-02-11T18:28:35+08:00 ] 101.227.139.173 /Api/Index/getIndexAdv
INFO: [ app_init ] --START--
INFO: Run Behavior\BuildLiteBehavior [ RunTime:0.000000s ]
INFO: [ app_init ] --END-- [ RunTime:0.000000s ]
INFO: [ app_begin ] --START--
INFO: Run Behavior\ReadHtmlCacheBehavior [ RunTime:0.000000s ]
INFO: [ app_begin ] --END-- [ RunTime:0.000000s ]
SQL: SHOW COLUMNS FROM `tbkl_formid` [ RunTime:0.0000s ]
SQL: DELETE FROM `tbkl_formid` WHERE ( (create_time+518400)<1549880915 ) [ RunTime:0.0000s ]
SQL: SHOW COLUMNS FROM `tbkl_base` [ RunTime:0.0000s ]
SQL: SELECT `nopay_valid_time` FROM `tbkl_base` WHERE `id` = 1 LIMIT 1   [ RunTime:0.0000s ]
SQL: SHOW COLUMNS FROM `tbkl_mall_order` [ RunTime:0.0000s ]
SQL: SELECT * FROM `tbkl_mall_order` WHERE `status` = 0  [ RunTime:0.0000s ]
SQL: SHOW COLUMNS FROM `tbkl_group_order` [ RunTime:0.0000s ]
SQL: SELECT * FROM `tbkl_group_order` WHERE ( status=0 or status=1 )  [ RunTime:0.0000s ]
SQL: SHOW COLUMNS FROM `tbkl_members` [ RunTime:0.0000s ]
SQL: SELECT * FROM `tbkl_base` WHERE `id` = 1 LIMIT 1   [ RunTime:0.0000s ]
SQL: SHOW COLUMNS FROM `tbkl_mall_index_adv` [ RunTime:0.0000s ]
SQL: SELECT * FROM `tbkl_mall_index_adv` WHERE `status` = 0 ORDER BY id DESC  [ RunTime:0.0000s ]
INFO: [ app_end ] --START--
INFO: Run Behavior\ShowPageTraceBehavior [ RunTime:0.000000s ]
INFO: [ app_end ] --END-- [ RunTime:0.000000s ]

[ 2019-02-11T18:28:35+08:00 ] 101.227.139.173 /Api/Index/getIndexProduct
INFO: [ app_init ] --START--
INFO: Run Behavior\BuildLiteBehavior [ RunTime:0.000000s ]
INFO: [ app_init ] --END-- [ RunTime:0.000000s ]
INFO: [ app_begin ] --START--
INFO: Run Behavior\ReadHtmlCacheBehavior [ RunTime:0.000000s ]
INFO: [ app_begin ] --END-- [ RunTime:0.000000s ]
SQL: SHOW COLUMNS FROM `tbkl_formid` [ RunTime:0.0000s ]
SQL: DELETE FROM `tbkl_formid` WHERE ( (create_time+518400)<1549880915 ) [ RunTime:0.0000s ]
SQL: SHOW COLUMNS FROM `tbkl_base` [ RunTime:0.0000s ]
SQL: SELECT `nopay_valid_time` FROM `tbkl_base` WHERE `id` = 1 LIMIT 1   [ RunTime:0.0000s ]
SQL: SHOW COLUMNS FROM `tbkl_mall_order` [ RunTime:0.0000s ]
SQL: SELECT * FROM `tbkl_mall_order` WHERE `status` = 0  [ RunTime:0.0000s ]
SQL: SHOW COLUMNS FROM `tbkl_group_order` [ RunTime:0.0000s ]
SQL: SELECT * FROM `tbkl_group_order` WHERE ( status=0 or status=1 )  [ RunTime:0.0000s ]
SQL: SHOW COLUMNS FROM `tbkl_members` [ RunTime:0.0156s ]
SQL: SELECT * FROM `tbkl_base` WHERE `id` = 1 LIMIT 1   [ RunTime:0.0000s ]
SQL: SELECT `is_index_product` FROM `tbkl_base` WHERE `id` = 1 LIMIT 1   [ RunTime:0.0000s ]
INFO: [ app_end ] --START--
INFO: Run Behavior\ShowPageTraceBehavior [ RunTime:0.000000s ]
INFO: [ app_end ] --END-- [ RunTime:0.000000s ]

[ 2019-02-11T18:28:35+08:00 ] 101.227.139.173 /Api/News/newsList
INFO: [ app_init ] --START--
INFO: Run Behavior\BuildLiteBehavior [ RunTime:0.000000s ]
INFO: [ app_init ] --END-- [ RunTime:0.000000s ]
INFO: [ app_begin ] --START--
INFO: Run Behavior\ReadHtmlCacheBehavior [ RunTime:0.000000s ]
INFO: [ app_begin ] --END-- [ RunTime:0.000000s ]
SQL: SHOW COLUMNS FROM `tbkl_formid` [ RunTime:0.0000s ]
SQL: DELETE FROM `tbkl_formid` WHERE ( (create_time+518400)<1549880915 ) [ RunTime:0.0000s ]
SQL: SHOW COLUMNS FROM `tbkl_base` [ RunTime:0.0000s ]
SQL: SELECT `nopay_valid_time` FROM `tbkl_base` WHERE `id` = 1 LIMIT 1   [ RunTime:0.0000s ]
SQL: SHOW COLUMNS FROM `tbkl_mall_order` [ RunTime:0.0000s ]
SQL: SELECT * FROM `tbkl_mall_order` WHERE `status` = 0  [ RunTime:0.0000s ]
SQL: SHOW COLUMNS FROM `tbkl_group_order` [ RunTime:0.0000s ]
SQL: SELECT * FROM `tbkl_group_order` WHERE ( status=0 or status=1 )  [ RunTime:0.0000s ]
SQL: SHOW COLUMNS FROM `tbkl_members` [ RunTime:0.0000s ]
SQL: SELECT * FROM `tbkl_base` WHERE `id` = 1 LIMIT 1   [ RunTime:0.0000s ]
SQL: SHOW COLUMNS FROM `tbkl_news` [ RunTime:0.0000s ]
SQL: SELECT * FROM `tbkl_news` WHERE `status` = 0 AND `is_red` = 1 ORDER BY id desc  [ RunTime:0.0000s ]
INFO: [ app_end ] --START--
INFO: Run Behavior\ShowPageTraceBehavior [ RunTime:0.000000s ]
INFO: [ app_end ] --END-- [ RunTime:0.000000s ]

[ 2019-02-11T18:28:35+08:00 ] 101.227.139.173 /Api/Index/getIndexColumn
INFO: [ app_init ] --START--
INFO: Run Behavior\BuildLiteBehavior [ RunTime:0.000000s ]
INFO: [ app_init ] --END-- [ RunTime:0.000000s ]
INFO: [ app_begin ] --START--
INFO: Run Behavior\ReadHtmlCacheBehavior [ RunTime:0.000000s ]
INFO: [ app_begin ] --END-- [ RunTime:0.000000s ]
SQL: SHOW COLUMNS FROM `tbkl_formid` [ RunTime:0.0000s ]
SQL: DELETE FROM `tbkl_formid` WHERE ( (create_time+518400)<1549880915 ) [ RunTime:0.0000s ]
SQL: SHOW COLUMNS FROM `tbkl_base` [ RunTime:0.0000s ]
SQL: SELECT `nopay_valid_time` FROM `tbkl_base` WHERE `id` = 1 LIMIT 1   [ RunTime:0.0000s ]
SQL: SHOW COLUMNS FROM `tbkl_mall_order` [ RunTime:0.0000s ]
SQL: SELECT * FROM `tbkl_mall_order` WHERE `status` = 0  [ RunTime:0.0000s ]
SQL: SHOW COLUMNS FROM `tbkl_group_order` [ RunTime:0.0000s ]
SQL: SELECT * FROM `tbkl_group_order` WHERE ( status=0 or status=1 )  [ RunTime:0.0000s ]
SQL: SHOW COLUMNS FROM `tbkl_members` [ RunTime:0.0000s ]
SQL: SELECT * FROM `tbkl_base` WHERE `id` = 1 LIMIT 1   [ RunTime:0.0000s ]
SQL: SHOW COLUMNS FROM `tbkl_mall_index_column` [ RunTime:0.0000s ]
SQL: SELECT * FROM `tbkl_mall_index_column` WHERE `status` = 0 ORDER BY id DESC  [ RunTime:0.0000s ]
INFO: [ app_end ] --START--
INFO: Run Behavior\ShowPageTraceBehavior [ RunTime:0.000000s ]
INFO: [ app_end ] --END-- [ RunTime:0.000000s ]

[ 2019-02-11T18:28:36+08:00 ] 101.227.139.173 /Api/Mall/goodsList
INFO: [ app_init ] --START--
INFO: Run Behavior\BuildLiteBehavior [ RunTime:0.000000s ]
INFO: [ app_init ] --END-- [ RunTime:0.000000s ]
INFO: [ app_begin ] --START--
INFO: Run Behavior\ReadHtmlCacheBehavior [ RunTime:0.000000s ]
INFO: [ app_begin ] --END-- [ RunTime:0.000000s ]
SQL: SHOW COLUMNS FROM `tbkl_formid` [ RunTime:0.0000s ]
SQL: DELETE FROM `tbkl_formid` WHERE ( (create_time+518400)<1549880916 ) [ RunTime:0.0000s ]
SQL: SHOW COLUMNS FROM `tbkl_base` [ RunTime:0.0000s ]
SQL: SELECT `nopay_valid_time` FROM `tbkl_base` WHERE `id` = 1 LIMIT 1   [ RunTime:0.0000s ]
SQL: SHOW COLUMNS FROM `tbkl_mall_order` [ RunTime:0.0000s ]
SQL: SELECT * FROM `tbkl_mall_order` WHERE `status` = 0  [ RunTime:0.0000s ]
SQL: SHOW COLUMNS FROM `tbkl_group_order` [ RunTime:0.0000s ]
SQL: SELECT * FROM `tbkl_group_order` WHERE ( status=0 or status=1 )  [ RunTime:0.0000s ]
SQL: SHOW COLUMNS FROM `tbkl_members` [ RunTime:0.0000s ]
SQL: SELECT * FROM `tbkl_base` WHERE `id` = 1 LIMIT 1   [ RunTime:0.0000s ]
NOTIC: [8] Undefined index: page E:\klwl_web\web_hqt\klshop.kailly.com.cn\App\Api\Controller\MallController.class.php 第 25 行.
NOTIC: [8] Undefined index: brand_id E:\klwl_web\web_hqt\klshop.kailly.com.cn\App\Api\Controller\MallController.class.php 第 40 行.
NOTIC: [8] Undefined index: keywords E:\klwl_web\web_hqt\klshop.kailly.com.cn\App\Api\Controller\MallController.class.php 第 45 行.
NOTIC: [8] Undefined index: goods_cate_id E:\klwl_web\web_hqt\klshop.kailly.com.cn\App\Api\Controller\MallController.class.php 第 50 行.
NOTIC: [8] Undefined index: sort E:\klwl_web\web_hqt\klshop.kailly.com.cn\App\Api\Controller\MallController.class.php 第 57 行.
SQL: SHOW COLUMNS FROM `tbkl_goods` [ RunTime:0.0156s ]
NOTIC: [8] Undefined variable: order E:\klwl_web\web_hqt\klshop.kailly.com.cn\App\Api\Controller\MallController.class.php 第 60 行.
SQL: SELECT `id`,`name`,`title`,`pic`,`many_pic`,`create_time`,`status`,`sort`,`goods_cate_id`,`is_red`,`price`,`old_price`,`save_num`,`brand_id`,`sale`,`goods_code`,`month_sale_num`,`update_time`,`wx_code`,`freight_type`,`freight_value` FROM `tbkl_goods` WHERE `status` = 0 AND `is_red` = 1 LIMIT 0,8   [ RunTime:0.0000s ]
INFO: [ app_end ] --START--
INFO: Run Behavior\ShowPageTraceBehavior [ RunTime:0.000000s ]
INFO: [ app_end ] --END-- [ RunTime:0.000000s ]

[ 2019-02-11T18:28:36+08:00 ] 101.227.139.173 /Api/Common/getBanner
INFO: [ app_init ] --START--
INFO: Run Behavior\BuildLiteBehavior [ RunTime:0.000000s ]
INFO: [ app_init ] --END-- [ RunTime:0.000000s ]
INFO: [ app_begin ] --START--
INFO: Run Behavior\ReadHtmlCacheBehavior [ RunTime:0.000000s ]
INFO: [ app_begin ] --END-- [ RunTime:0.000000s ]
SQL: SHOW COLUMNS FROM `tbkl_formid` [ RunTime:0.0000s ]
SQL: DELETE FROM `tbkl_formid` WHERE ( (create_time+518400)<1549880916 ) [ RunTime:0.0000s ]
SQL: SHOW COLUMNS FROM `tbkl_base` [ RunTime:0.0000s ]
SQL: SELECT `nopay_valid_time` FROM `tbkl_base` WHERE `id` = 1 LIMIT 1   [ RunTime:0.0000s ]
SQL: SHOW COLUMNS FROM `tbkl_mall_order` [ RunTime:0.0000s ]
SQL: SELECT * FROM `tbkl_mall_order` WHERE `status` = 0  [ RunTime:0.0000s ]
SQL: SHOW COLUMNS FROM `tbkl_group_order` [ RunTime:0.0156s ]
SQL: SELECT * FROM `tbkl_group_order` WHERE ( status=0 or status=1 )  [ RunTime:0.0000s ]
SQL: SHOW COLUMNS FROM `tbkl_members` [ RunTime:0.0000s ]
SQL: SELECT * FROM `tbkl_base` WHERE `id` = 1 LIMIT 1   [ RunTime:0.0000s ]
SQL: SHOW COLUMNS FROM `tbkl_banner` [ RunTime:0.0000s ]
SQL: SELECT * FROM `tbkl_banner` WHERE `status` = 0 AND `place` = 1 ORDER BY sort ASC  [ RunTime:0.0000s ]
INFO: [ app_end ] --START--
INFO: Run Behavior\ShowPageTraceBehavior [ RunTime:0.000000s ]
INFO: [ app_end ] --END-- [ RunTime:0.000000s ]

[ 2019-02-11T18:28:36+08:00 ] 101.227.139.173 /Api/Index/getBrand
INFO: [ app_init ] --START--
INFO: Run Behavior\BuildLiteBehavior [ RunTime:0.000000s ]
INFO: [ app_init ] --END-- [ RunTime:0.000000s ]
INFO: [ app_begin ] --START--
INFO: Run Behavior\ReadHtmlCacheBehavior [ RunTime:0.000000s ]
INFO: [ app_begin ] --END-- [ RunTime:0.000000s ]
SQL: SHOW COLUMNS FROM `tbkl_formid` [ RunTime:0.0000s ]
SQL: DELETE FROM `tbkl_formid` WHERE ( (create_time+518400)<1549880916 ) [ RunTime:0.0000s ]
SQL: SHOW COLUMNS FROM `tbkl_base` [ RunTime:0.0000s ]
SQL: SELECT `nopay_valid_time` FROM `tbkl_base` WHERE `id` = 1 LIMIT 1   [ RunTime:0.0000s ]
SQL: SHOW COLUMNS FROM `tbkl_mall_order` [ RunTime:0.0000s ]
SQL: SELECT * FROM `tbkl_mall_order` WHERE `status` = 0  [ RunTime:0.0000s ]
SQL: SHOW COLUMNS FROM `tbkl_group_order` [ RunTime:0.0000s ]
SQL: SELECT * FROM `tbkl_group_order` WHERE ( status=0 or status=1 )  [ RunTime:0.0000s ]
SQL: SHOW COLUMNS FROM `tbkl_members` [ RunTime:0.0000s ]
SQL: SELECT * FROM `tbkl_base` WHERE `id` = 1 LIMIT 1   [ RunTime:0.0000s ]
SQL: SHOW COLUMNS FROM `tbkl_brand` [ RunTime:0.0000s ]
SQL: SELECT * FROM `tbkl_brand` WHERE `status` = 0 AND `is_red` = 1 ORDER BY sort ASC  [ RunTime:0.0156s ]
INFO: [ app_end ] --START--
INFO: Run Behavior\ShowPageTraceBehavior [ RunTime:0.000000s ]
INFO: [ app_end ] --END-- [ RunTime:0.000000s ]

[ 2019-02-11T18:28:36+08:00 ] 101.227.139.173 /Api/Index/isMembersGetCoupon
INFO: [ app_init ] --START--
INFO: Run Behavior\BuildLiteBehavior [ RunTime:0.000000s ]
INFO: [ app_init ] --END-- [ RunTime:0.000000s ]
INFO: [ app_begin ] --START--
INFO: Run Behavior\ReadHtmlCacheBehavior [ RunTime:0.000000s ]
INFO: [ app_begin ] --END-- [ RunTime:0.000000s ]
SQL: SHOW COLUMNS FROM `tbkl_formid` [ RunTime:0.0000s ]
SQL: DELETE FROM `tbkl_formid` WHERE ( (create_time+518400)<1549880916 ) [ RunTime:0.0000s ]
SQL: SHOW COLUMNS FROM `tbkl_base` [ RunTime:0.0000s ]
SQL: SELECT `nopay_valid_time` FROM `tbkl_base` WHERE `id` = 1 LIMIT 1   [ RunTime:0.0000s ]
SQL: SHOW COLUMNS FROM `tbkl_mall_order` [ RunTime:0.0000s ]
SQL: SELECT * FROM `tbkl_mall_order` WHERE `status` = 0  [ RunTime:0.0000s ]
SQL: SHOW COLUMNS FROM `tbkl_group_order` [ RunTime:0.0000s ]
SQL: SELECT * FROM `tbkl_group_order` WHERE ( status=0 or status=1 )  [ RunTime:0.0000s ]
SQL: SHOW COLUMNS FROM `tbkl_members` [ RunTime:0.0000s ]
SQL: SELECT * FROM `tbkl_base` WHERE `id` = 1 LIMIT 1   [ RunTime:0.0000s ]
NOTIC: [8] Undefined index: members_id E:\klwl_web\web_hqt\klshop.kailly.com.cn\App\Api\Controller\IndexController.class.php 第 65 行.
INFO: [ app_end ] --START--
INFO: Run Behavior\ShowPageTraceBehavior [ RunTime:0.000000s ]
INFO: [ app_end ] --END-- [ RunTime:0.000000s ]

[ 2019-02-11T18:28:36+08:00 ] 101.227.139.173 /Api/WechatApi/getOpenid
INFO: [ app_init ] --START--
INFO: Run Behavior\BuildLiteBehavior [ RunTime:0.000000s ]
INFO: [ app_init ] --END-- [ RunTime:0.000000s ]
INFO: [ app_begin ] --START--
INFO: Run Behavior\ReadHtmlCacheBehavior [ RunTime:0.000000s ]
INFO: [ app_begin ] --END-- [ RunTime:0.000000s ]
SQL: SHOW COLUMNS FROM `tbkl_formid` [ RunTime:0.0000s ]
SQL: DELETE FROM `tbkl_formid` WHERE ( (create_time+518400)<1549880915 ) [ RunTime:0.0000s ]
SQL: SHOW COLUMNS FROM `tbkl_base` [ RunTime:0.0000s ]
SQL: SELECT `nopay_valid_time` FROM `tbkl_base` WHERE `id` = 1 LIMIT 1   [ RunTime:0.0000s ]
SQL: SHOW COLUMNS FROM `tbkl_mall_order` [ RunTime:0.0000s ]
SQL: SELECT * FROM `tbkl_mall_order` WHERE `status` = 0  [ RunTime:0.0000s ]
SQL: SHOW COLUMNS FROM `tbkl_group_order` [ RunTime:0.0000s ]
SQL: SELECT * FROM `tbkl_group_order` WHERE ( status=0 or status=1 )  [ RunTime:0.0000s ]
SQL: SHOW COLUMNS FROM `tbkl_members` [ RunTime:0.0000s ]
SQL: SELECT * FROM `tbkl_base` WHERE `id` = 1 LIMIT 1   [ RunTime:0.0000s ]
NOTIC: [8] Undefined index: key E:\klwl_web\web_hqt\klshop.kailly.com.cn\App\Api\Controller\WechatApiController.class.php 第 8 行.
NOTIC: [8] Undefined offset: 1 E:\klwl_web\web_hqt\klshop.kailly.com.cn\App\Api\Controller\CommonController.class.php 第 19 行.
SQL: SELECT * FROM `tbkl_base` WHERE `id` = 1 LIMIT 1   [ RunTime:0.0000s ]
NOTIC: [8] Undefined variable: s E:\klwl_web\web_hqt\klshop.kailly.com.cn\App\Common\Common\function.php 第 132 行.
INFO: [ app_end ] --START--
INFO: Run Behavior\ShowPageTraceBehavior [ RunTime:0.000000s ]
INFO: [ app_end ] --END-- [ RunTime:0.000000s ]

[ 2019-02-11T18:28:37+08:00 ] 101.227.139.173 /Api/Members/addMembers
INFO: [ app_init ] --START--
INFO: Run Behavior\BuildLiteBehavior [ RunTime:0.000000s ]
INFO: [ app_init ] --END-- [ RunTime:0.000000s ]
INFO: [ app_begin ] --START--
INFO: Run Behavior\ReadHtmlCacheBehavior [ RunTime:0.000000s ]
INFO: [ app_begin ] --END-- [ RunTime:0.000000s ]
SQL: SHOW COLUMNS FROM `tbkl_formid` [ RunTime:0.0000s ]
SQL: DELETE FROM `tbkl_formid` WHERE ( (create_time+518400)<1549880916 ) [ RunTime:0.0000s ]
SQL: SHOW COLUMNS FROM `tbkl_base` [ RunTime:0.0000s ]
SQL: SELECT `nopay_valid_time` FROM `tbkl_base` WHERE `id` = 1 LIMIT 1   [ RunTime:0.0000s ]
SQL: SHOW COLUMNS FROM `tbkl_mall_order` [ RunTime:0.0000s ]
SQL: SELECT * FROM `tbkl_mall_order` WHERE `status` = 0  [ RunTime:0.0000s ]
SQL: SHOW COLUMNS FROM `tbkl_group_order` [ RunTime:0.0000s ]
SQL: SELECT * FROM `tbkl_group_order` WHERE ( status=0 or status=1 )  [ RunTime:0.0000s ]
SQL: SHOW COLUMNS FROM `tbkl_members` [ RunTime:0.0000s ]
SQL: SELECT * FROM `tbkl_base` WHERE `id` = 1 LIMIT 1   [ RunTime:0.0000s ]
SQL: SELECT * FROM `tbkl_members` WHERE `openid` = 'oKuqO4phHFAws-SYzHZbIt4qMOGA' LIMIT 1   [ RunTime:0.0000s ]
SQL: SELECT * FROM `tbkl_base` WHERE `id` = 1 LIMIT 1   [ RunTime:0.0000s ]
NOTIC: [8] Undefined index: userphone E:\klwl_web\web_hqt\klshop.kailly.com.cn\App\Api\Controller\MembersController.class.php 第 31 行.
NOTIC: [8] Undefined index: username E:\klwl_web\web_hqt\klshop.kailly.com.cn\App\Api\Controller\MembersController.class.php 第 32 行.
INFO: [ app_end ] --START--
INFO: Run Behavior\ShowPageTraceBehavior [ RunTime:0.000000s ]
INFO: [ app_end ] --END-- [ RunTime:0.000000s ]

[ 2019-02-11T18:28:40+08:00 ] 101.227.139.173 /Api/Index/getBuyList
INFO: [ app_init ] --START--
INFO: Run Behavior\BuildLiteBehavior [ RunTime:0.000000s ]
INFO: [ app_init ] --END-- [ RunTime:0.000000s ]
INFO: [ app_begin ] --START--
INFO: Run Behavior\ReadHtmlCacheBehavior [ RunTime:0.000000s ]
INFO: [ app_begin ] --END-- [ RunTime:0.000000s ]
SQL: SHOW COLUMNS FROM `tbkl_formid` [ RunTime:0.0000s ]
SQL: DELETE FROM `tbkl_formid` WHERE ( (create_time+518400)<1549880920 ) [ RunTime:0.0000s ]
SQL: SHOW COLUMNS FROM `tbkl_base` [ RunTime:0.0000s ]
SQL: SELECT `nopay_valid_time` FROM `tbkl_base` WHERE `id` = 1 LIMIT 1   [ RunTime:0.0000s ]
SQL: SHOW COLUMNS FROM `tbkl_mall_order` [ RunTime:0.0000s ]
SQL: SELECT * FROM `tbkl_mall_order` WHERE `status` = 0  [ RunTime:0.0000s ]
SQL: SHOW COLUMNS FROM `tbkl_group_order` [ RunTime:0.0000s ]
SQL: SELECT * FROM `tbkl_group_order` WHERE ( status=0 or status=1 )  [ RunTime:0.0000s ]
SQL: SHOW COLUMNS FROM `tbkl_members` [ RunTime:0.0156s ]
SQL: SELECT * FROM `tbkl_base` WHERE `id` = 1 LIMIT 1   [ RunTime:0.0000s ]
SQL: SELECT `id`,`members_id`,`ordercode`,`status` FROM `tbkl_mall_order` WHERE ( status!=0 and status!=5 ) ORDER BY id desc LIMIT 50   [ RunTime:0.0000s ]
INFO: [ app_end ] --START--
INFO: Run Behavior\ShowPageTraceBehavior [ RunTime:0.000000s ]
INFO: [ app_end ] --END-- [ RunTime:0.000000s ]

[ 2019-02-11T18:28:41+08:00 ] 101.227.139.173 /Api/Common/getConfig
INFO: [ app_init ] --START--
INFO: Run Behavior\BuildLiteBehavior [ RunTime:0.000000s ]
INFO: [ app_init ] --END-- [ RunTime:0.000000s ]
INFO: [ app_begin ] --START--
INFO: Run Behavior\ReadHtmlCacheBehavior [ RunTime:0.000000s ]
INFO: [ app_begin ] --END-- [ RunTime:0.000000s ]
SQL: SHOW COLUMNS FROM `tbkl_formid` [ RunTime:0.0000s ]
SQL: DELETE FROM `tbkl_formid` WHERE ( (create_time+518400)<1549880921 ) [ RunTime:0.0000s ]
SQL: SHOW COLUMNS FROM `tbkl_base` [ RunTime:0.0000s ]
SQL: SELECT `nopay_valid_time` FROM `tbkl_base` WHERE `id` = 1 LIMIT 1   [ RunTime:0.0000s ]
SQL: SHOW COLUMNS FROM `tbkl_mall_order` [ RunTime:0.0000s ]
SQL: SELECT * FROM `tbkl_mall_order` WHERE `status` = 0  [ RunTime:0.0000s ]
SQL: SHOW COLUMNS FROM `tbkl_group_order` [ RunTime:0.0000s ]
SQL: SELECT * FROM `tbkl_group_order` WHERE ( status=0 or status=1 )  [ RunTime:0.0000s ]
SQL: SHOW COLUMNS FROM `tbkl_members` [ RunTime:0.0156s ]
SQL: SELECT * FROM `tbkl_base` WHERE `id` = 1 LIMIT 1   [ RunTime:0.0000s ]
NOTIC: [8] Undefined offset: 1 E:\klwl_web\web_hqt\klshop.kailly.com.cn\App\Api\Controller\CommonController.class.php 第 341 行.
SQL: SELECT `name` FROM `tbkl_base` WHERE `id` = 1 LIMIT 1   [ RunTime:0.0000s ]
INFO: [ app_end ] --START--
INFO: Run Behavior\ShowPageTraceBehavior [ RunTime:0.000000s ]
INFO: [ app_end ] --END-- [ RunTime:0.000000s ]

[ 2019-02-11T18:28:41+08:00 ] 101.227.139.173 /Api/Index/getTopNav
INFO: [ app_init ] --START--
INFO: Run Behavior\BuildLiteBehavior [ RunTime:0.000000s ]
INFO: [ app_init ] --END-- [ RunTime:0.000000s ]
INFO: [ app_begin ] --START--
INFO: Run Behavior\ReadHtmlCacheBehavior [ RunTime:0.000000s ]
INFO: [ app_begin ] --END-- [ RunTime:0.000000s ]
SQL: SHOW COLUMNS FROM `tbkl_formid` [ RunTime:0.0000s ]
SQL: DELETE FROM `tbkl_formid` WHERE ( (create_time+518400)<1549880921 ) [ RunTime:0.0000s ]
SQL: SHOW COLUMNS FROM `tbkl_base` [ RunTime:0.0000s ]
SQL: SELECT `nopay_valid_time` FROM `tbkl_base` WHERE `id` = 1 LIMIT 1   [ RunTime:0.0000s ]
SQL: SHOW COLUMNS FROM `tbkl_mall_order` [ RunTime:0.0000s ]
SQL: SELECT * FROM `tbkl_mall_order` WHERE `status` = 0  [ RunTime:0.0000s ]
SQL: SHOW COLUMNS FROM `tbkl_group_order` [ RunTime:0.0156s ]
SQL: SELECT * FROM `tbkl_group_order` WHERE ( status=0 or status=1 )  [ RunTime:0.0000s ]
SQL: SHOW COLUMNS FROM `tbkl_members` [ RunTime:0.0000s ]
SQL: SELECT * FROM `tbkl_base` WHERE `id` = 1 LIMIT 1   [ RunTime:0.0000s ]
SQL: SHOW COLUMNS FROM `tbkl_top_nav` [ RunTime:0.0000s ]
SQL: SELECT * FROM `tbkl_top_nav` WHERE `status` = 0 AND `place` = 1 ORDER BY id DESC  [ RunTime:0.0000s ]
INFO: [ app_end ] --START--
INFO: Run Behavior\ShowPageTraceBehavior [ RunTime:0.000000s ]
INFO: [ app_end ] --END-- [ RunTime:0.000000s ]

[ 2019-02-11T18:28:41+08:00 ] 101.227.139.173 /Api/Mall/goodsList
INFO: [ app_init ] --START--
INFO: Run Behavior\BuildLiteBehavior [ RunTime:0.000000s ]
INFO: [ app_init ] --END-- [ RunTime:0.000000s ]
INFO: [ app_begin ] --START--
INFO: Run Behavior\ReadHtmlCacheBehavior [ RunTime:0.000000s ]
INFO: [ app_begin ] --END-- [ RunTime:0.000000s ]
SQL: SHOW COLUMNS FROM `tbkl_formid` [ RunTime:0.0000s ]
SQL: DELETE FROM `tbkl_formid` WHERE ( (create_time+518400)<1549880921 ) [ RunTime:0.0000s ]
SQL: SHOW COLUMNS FROM `tbkl_base` [ RunTime:0.0000s ]
SQL: SELECT `nopay_valid_time` FROM `tbkl_base` WHERE `id` = 1 LIMIT 1   [ RunTime:0.0000s ]
SQL: SHOW COLUMNS FROM `tbkl_mall_order` [ RunTime:0.0000s ]
SQL: SELECT * FROM `tbkl_mall_order` WHERE `status` = 0  [ RunTime:0.0000s ]
SQL: SHOW COLUMNS FROM `tbkl_group_order` [ RunTime:0.0000s ]
SQL: SELECT * FROM `tbkl_group_order` WHERE ( status=0 or status=1 )  [ RunTime:0.0000s ]
SQL: SHOW COLUMNS FROM `tbkl_members` [ RunTime:0.0000s ]
SQL: SELECT * FROM `tbkl_base` WHERE `id` = 1 LIMIT 1   [ RunTime:0.0000s ]
NOTIC: [8] Undefined index: page E:\klwl_web\web_hqt\klshop.kailly.com.cn\App\Api\Controller\MallController.class.php 第 25 行.
NOTIC: [8] Undefined index: brand_id E:\klwl_web\web_hqt\klshop.kailly.com.cn\App\Api\Controller\MallController.class.php 第 40 行.
NOTIC: [8] Undefined index: keywords E:\klwl_web\web_hqt\klshop.kailly.com.cn\App\Api\Controller\MallController.class.php 第 45 行.
NOTIC: [8] Undefined index: goods_cate_id E:\klwl_web\web_hqt\klshop.kailly.com.cn\App\Api\Controller\MallController.class.php 第 50 行.
NOTIC: [8] Undefined index: sort E:\klwl_web\web_hqt\klshop.kailly.com.cn\App\Api\Controller\MallController.class.php 第 57 行.
SQL: SHOW COLUMNS FROM `tbkl_goods` [ RunTime:0.0156s ]
NOTIC: [8] Undefined variable: order E:\klwl_web\web_hqt\klshop.kailly.com.cn\App\Api\Controller\MallController.class.php 第 60 行.
SQL: SELECT `id`,`name`,`title`,`pic`,`many_pic`,`create_time`,`status`,`sort`,`goods_cate_id`,`is_red`,`price`,`old_price`,`save_num`,`brand_id`,`sale`,`goods_code`,`month_sale_num`,`update_time`,`wx_code`,`freight_type`,`freight_value` FROM `tbkl_goods` WHERE `status` = 0 AND `is_red` = 1 LIMIT 0,8   [ RunTime:0.0000s ]
INFO: [ app_end ] --START--
INFO: Run Behavior\ShowPageTraceBehavior [ RunTime:0.000000s ]
INFO: [ app_end ] --END-- [ RunTime:0.000000s ]

[ 2019-02-11T18:28:41+08:00 ] 101.227.139.173 /Api/Index/getIndexProduct
INFO: [ app_init ] --START--
INFO: Run Behavior\BuildLiteBehavior [ RunTime:0.000000s ]
INFO: [ app_init ] --END-- [ RunTime:0.000000s ]
INFO: [ app_begin ] --START--
INFO: Run Behavior\ReadHtmlCacheBehavior [ RunTime:0.000000s ]
INFO: [ app_begin ] --END-- [ RunTime:0.000000s ]
SQL: SHOW COLUMNS FROM `tbkl_formid` [ RunTime:0.0000s ]
SQL: DELETE FROM `tbkl_formid` WHERE ( (create_time+518400)<1549880921 ) [ RunTime:0.0000s ]
SQL: SHOW COLUMNS FROM `tbkl_base` [ RunTime:0.0000s ]
SQL: SELECT `nopay_valid_time` FROM `tbkl_base` WHERE `id` = 1 LIMIT 1   [ RunTime:0.0000s ]
SQL: SHOW COLUMNS FROM `tbkl_mall_order` [ RunTime:0.0000s ]
SQL: SELECT * FROM `tbkl_mall_order` WHERE `status` = 0  [ RunTime:0.0000s ]
SQL: SHOW COLUMNS FROM `tbkl_group_order` [ RunTime:0.0000s ]
SQL: SELECT * FROM `tbkl_group_order` WHERE ( status=0 or status=1 )  [ RunTime:0.0000s ]
SQL: SHOW COLUMNS FROM `tbkl_members` [ RunTime:0.0000s ]
SQL: SELECT * FROM `tbkl_base` WHERE `id` = 1 LIMIT 1   [ RunTime:0.0000s ]
SQL: SELECT `is_index_product` FROM `tbkl_base` WHERE `id` = 1 LIMIT 1   [ RunTime:0.0000s ]
INFO: [ app_end ] --START--
INFO: Run Behavior\ShowPageTraceBehavior [ RunTime:0.000000s ]
INFO: [ app_end ] --END-- [ RunTime:0.000000s ]

[ 2019-02-11T18:28:41+08:00 ] 101.227.139.173 /Api/Index/getIndexAdv
INFO: [ app_init ] --START--
INFO: Run Behavior\BuildLiteBehavior [ RunTime:0.000000s ]
INFO: [ app_init ] --END-- [ RunTime:0.000000s ]
INFO: [ app_begin ] --START--
INFO: Run Behavior\ReadHtmlCacheBehavior [ RunTime:0.000000s ]
INFO: [ app_begin ] --END-- [ RunTime:0.000000s ]
SQL: SHOW COLUMNS FROM `tbkl_formid` [ RunTime:0.0156s ]
SQL: DELETE FROM `tbkl_formid` WHERE ( (create_time+518400)<1549880921 ) [ RunTime:0.0000s ]
SQL: SHOW COLUMNS FROM `tbkl_base` [ RunTime:0.0000s ]
SQL: SELECT `nopay_valid_time` FROM `tbkl_base` WHERE `id` = 1 LIMIT 1   [ RunTime:0.0000s ]
SQL: SHOW COLUMNS FROM `tbkl_mall_order` [ RunTime:0.0000s ]
SQL: SELECT * FROM `tbkl_mall_order` WHERE `status` = 0  [ RunTime:0.0000s ]
SQL: SHOW COLUMNS FROM `tbkl_group_order` [ RunTime:0.0000s ]
SQL: SELECT * FROM `tbkl_group_order` WHERE ( status=0 or status=1 )  [ RunTime:0.0000s ]
SQL: SHOW COLUMNS FROM `tbkl_members` [ RunTime:0.0000s ]
SQL: SELECT * FROM `tbkl_base` WHERE `id` = 1 LIMIT 1   [ RunTime:0.0000s ]
SQL: SHOW COLUMNS FROM `tbkl_mall_index_adv` [ RunTime:0.0000s ]
SQL: SELECT * FROM `tbkl_mall_index_adv` WHERE `status` = 0 ORDER BY id DESC  [ RunTime:0.0000s ]
INFO: [ app_end ] --START--
INFO: Run Behavior\ShowPageTraceBehavior [ RunTime:0.000000s ]
INFO: [ app_end ] --END-- [ RunTime:0.000000s ]

[ 2019-02-11T18:28:41+08:00 ] 101.227.139.173 /Api/Index/getBrand
INFO: [ app_init ] --START--
INFO: Run Behavior\BuildLiteBehavior [ RunTime:0.000000s ]
INFO: [ app_init ] --END-- [ RunTime:0.000000s ]
INFO: [ app_begin ] --START--
INFO: Run Behavior\ReadHtmlCacheBehavior [ RunTime:0.000000s ]
INFO: [ app_begin ] --END-- [ RunTime:0.000000s ]
SQL: SHOW COLUMNS FROM `tbkl_formid` [ RunTime:0.0000s ]
SQL: DELETE FROM `tbkl_formid` WHERE ( (create_time+518400)<1549880921 ) [ RunTime:0.0000s ]
SQL: SHOW COLUMNS FROM `tbkl_base` [ RunTime:0.0000s ]
SQL: SELECT `nopay_valid_time` FROM `tbkl_base` WHERE `id` = 1 LIMIT 1   [ RunTime:0.0000s ]
SQL: SHOW COLUMNS FROM `tbkl_mall_order` [ RunTime:0.0000s ]
SQL: SELECT * FROM `tbkl_mall_order` WHERE `status` = 0  [ RunTime:0.0000s ]
SQL: SHOW COLUMNS FROM `tbkl_group_order` [ RunTime:0.0000s ]
SQL: SELECT * FROM `tbkl_group_order` WHERE ( status=0 or status=1 )  [ RunTime:0.0000s ]
SQL: SHOW COLUMNS FROM `tbkl_members` [ RunTime:0.0000s ]
SQL: SELECT * FROM `tbkl_base` WHERE `id` = 1 LIMIT 1   [ RunTime:0.0000s ]
SQL: SHOW COLUMNS FROM `tbkl_brand` [ RunTime:0.0000s ]
SQL: SELECT * FROM `tbkl_brand` WHERE `status` = 0 AND `is_red` = 1 ORDER BY sort ASC  [ RunTime:0.0000s ]
INFO: [ app_end ] --START--
INFO: Run Behavior\ShowPageTraceBehavior [ RunTime:0.000000s ]
INFO: [ app_end ] --END-- [ RunTime:0.000000s ]

[ 2019-02-11T18:28:41+08:00 ] 101.227.139.173 /Api/News/newsList
INFO: [ app_init ] --START--
INFO: Run Behavior\BuildLiteBehavior [ RunTime:0.000000s ]
INFO: [ app_init ] --END-- [ RunTime:0.000000s ]
INFO: [ app_begin ] --START--
INFO: Run Behavior\ReadHtmlCacheBehavior [ RunTime:0.000000s ]
INFO: [ app_begin ] --END-- [ RunTime:0.000000s ]
SQL: SHOW COLUMNS FROM `tbkl_formid` [ RunTime:0.0000s ]
SQL: DELETE FROM `tbkl_formid` WHERE ( (create_time+518400)<1549880921 ) [ RunTime:0.0000s ]
SQL: SHOW COLUMNS FROM `tbkl_base` [ RunTime:0.0000s ]
SQL: SELECT `nopay_valid_time` FROM `tbkl_base` WHERE `id` = 1 LIMIT 1   [ RunTime:0.0000s ]
SQL: SHOW COLUMNS FROM `tbkl_mall_order` [ RunTime:0.0000s ]
SQL: SELECT * FROM `tbkl_mall_order` WHERE `status` = 0  [ RunTime:0.0000s ]
SQL: SHOW COLUMNS FROM `tbkl_group_order` [ RunTime:0.0000s ]
SQL: SELECT * FROM `tbkl_group_order` WHERE ( status=0 or status=1 )  [ RunTime:0.0000s ]
SQL: SHOW COLUMNS FROM `tbkl_members` [ RunTime:0.0000s ]
SQL: SELECT * FROM `tbkl_base` WHERE `id` = 1 LIMIT 1   [ RunTime:0.0000s ]
SQL: SHOW COLUMNS FROM `tbkl_news` [ RunTime:0.0000s ]
SQL: SELECT * FROM `tbkl_news` WHERE `status` = 0 AND `is_red` = 1 ORDER BY id desc  [ RunTime:0.0000s ]
INFO: [ app_end ] --START--
INFO: Run Behavior\ShowPageTraceBehavior [ RunTime:0.000000s ]
INFO: [ app_end ] --END-- [ RunTime:0.000000s ]

[ 2019-02-11T18:28:41+08:00 ] 101.227.139.173 /Api/Index/getIndexColumn
INFO: [ app_init ] --START--
INFO: Run Behavior\BuildLiteBehavior [ RunTime:0.000000s ]
INFO: [ app_init ] --END-- [ RunTime:0.000000s ]
INFO: [ app_begin ] --START--
INFO: Run Behavior\ReadHtmlCacheBehavior [ RunTime:0.000000s ]
INFO: [ app_begin ] --END-- [ RunTime:0.000000s ]
SQL: SHOW COLUMNS FROM `tbkl_formid` [ RunTime:0.0000s ]
SQL: DELETE FROM `tbkl_formid` WHERE ( (create_time+518400)<1549880921 ) [ RunTime:0.0000s ]
SQL: SHOW COLUMNS FROM `tbkl_base` [ RunTime:0.0000s ]
SQL: SELECT `nopay_valid_time` FROM `tbkl_base` WHERE `id` = 1 LIMIT 1   [ RunTime:0.0000s ]
SQL: SHOW COLUMNS FROM `tbkl_mall_order` [ RunTime:0.0000s ]
SQL: SELECT * FROM `tbkl_mall_order` WHERE `status` = 0  [ RunTime:0.0000s ]
SQL: SHOW COLUMNS FROM `tbkl_group_order` [ RunTime:0.0000s ]
SQL: SELECT * FROM `tbkl_group_order` WHERE ( status=0 or status=1 )  [ RunTime:0.0000s ]
SQL: SHOW COLUMNS FROM `tbkl_members` [ RunTime:0.0000s ]
SQL: SELECT * FROM `tbkl_base` WHERE `id` = 1 LIMIT 1   [ RunTime:0.0000s ]
SQL: SHOW COLUMNS FROM `tbkl_mall_index_column` [ RunTime:0.0000s ]
SQL: SELECT * FROM `tbkl_mall_index_column` WHERE `status` = 0 ORDER BY id DESC  [ RunTime:0.0000s ]
INFO: [ app_end ] --START--
INFO: Run Behavior\ShowPageTraceBehavior [ RunTime:0.000000s ]
INFO: [ app_end ] --END-- [ RunTime:0.000000s ]

[ 2019-02-11T18:28:41+08:00 ] 101.227.139.173 /Api/Index/isMembersGetCoupon
INFO: [ app_init ] --START--
INFO: Run Behavior\BuildLiteBehavior [ RunTime:0.000000s ]
INFO: [ app_init ] --END-- [ RunTime:0.000000s ]
INFO: [ app_begin ] --START--
INFO: Run Behavior\ReadHtmlCacheBehavior [ RunTime:0.000000s ]
INFO: [ app_begin ] --END-- [ RunTime:0.000000s ]
SQL: SHOW COLUMNS FROM `tbkl_formid` [ RunTime:0.0000s ]
SQL: DELETE FROM `tbkl_formid` WHERE ( (create_time+518400)<1549880921 ) [ RunTime:0.0000s ]
SQL: SHOW COLUMNS FROM `tbkl_base` [ RunTime:0.0000s ]
SQL: SELECT `nopay_valid_time` FROM `tbkl_base` WHERE `id` = 1 LIMIT 1   [ RunTime:0.0000s ]
SQL: SHOW COLUMNS FROM `tbkl_mall_order` [ RunTime:0.0000s ]
SQL: SELECT * FROM `tbkl_mall_order` WHERE `status` = 0  [ RunTime:0.0000s ]
SQL: SHOW COLUMNS FROM `tbkl_group_order` [ RunTime:0.0000s ]
SQL: SELECT * FROM `tbkl_group_order` WHERE ( status=0 or status=1 )  [ RunTime:0.0000s ]
SQL: SHOW COLUMNS FROM `tbkl_members` [ RunTime:0.0000s ]
SQL: SELECT * FROM `tbkl_base` WHERE `id` = 1 LIMIT 1   [ RunTime:0.0000s ]
SQL: SELECT `welfare_status`,`welfare_name`,`coupon_id` FROM `tbkl_base` WHERE `id` = 1 LIMIT 1   [ RunTime:0.0000s ]
SQL: SHOW COLUMNS FROM `tbkl_get_coupon` [ RunTime:0.0000s ]
SQL: SELECT COUNT(*) AS tp_count FROM `tbkl_get_coupon` WHERE `members_id` = 39 AND `from` LIKE '%新人领取%' LIMIT 1   [ RunTime:0.0156s ]
NOTIC: [8] Undefined offset: 1 E:\klwl_web\web_hqt\klshop.kailly.com.cn\App\Api\Controller\CommonController.class.php 第 19 行.
SQL: SHOW COLUMNS FROM `tbkl_coupon` [ RunTime:0.0000s ]
SQL: SELECT `price` FROM `tbkl_coupon` WHERE `id` = 3 LIMIT 1   [ RunTime:0.0000s ]
INFO: [ app_end ] --START--
INFO: Run Behavior\ShowPageTraceBehavior [ RunTime:0.000000s ]
INFO: [ app_end ] --END-- [ RunTime:0.000000s ]

[ 2019-02-11T18:28:42+08:00 ] 101.227.139.173 /Api/Common/getBanner
INFO: [ app_init ] --START--
INFO: Run Behavior\BuildLiteBehavior [ RunTime:0.000000s ]
INFO: [ app_init ] --END-- [ RunTime:0.000000s ]
INFO: [ app_begin ] --START--
INFO: Run Behavior\ReadHtmlCacheBehavior [ RunTime:0.000000s ]
INFO: [ app_begin ] --END-- [ RunTime:0.000000s ]
SQL: SHOW COLUMNS FROM `tbkl_formid` [ RunTime:0.0000s ]
SQL: DELETE FROM `tbkl_formid` WHERE ( (create_time+518400)<1549880922 ) [ RunTime:0.0000s ]
SQL: SHOW COLUMNS FROM `tbkl_base` [ RunTime:0.0000s ]
SQL: SELECT `nopay_valid_time` FROM `tbkl_base` WHERE `id` = 1 LIMIT 1   [ RunTime:0.0000s ]
SQL: SHOW COLUMNS FROM `tbkl_mall_order` [ RunTime:0.0000s ]
SQL: SELECT * FROM `tbkl_mall_order` WHERE `status` = 0  [ RunTime:0.0000s ]
SQL: SHOW COLUMNS FROM `tbkl_group_order` [ RunTime:0.0000s ]
SQL: SELECT * FROM `tbkl_group_order` WHERE ( status=0 or status=1 )  [ RunTime:0.0000s ]
SQL: SHOW COLUMNS FROM `tbkl_members` [ RunTime:0.0000s ]
SQL: SELECT * FROM `tbkl_base` WHERE `id` = 1 LIMIT 1   [ RunTime:0.0000s ]
SQL: SHOW COLUMNS FROM `tbkl_banner` [ RunTime:0.0156s ]
SQL: SELECT * FROM `tbkl_banner` WHERE `status` = 0 AND `place` = 1 ORDER BY sort ASC  [ RunTime:0.0000s ]
INFO: [ app_end ] --START--
INFO: Run Behavior\ShowPageTraceBehavior [ RunTime:0.000000s ]
INFO: [ app_end ] --END-- [ RunTime:0.000000s ]

[ 2019-02-11T18:28:45+08:00 ] 101.227.139.173 /Api/Index/getBuyList
INFO: [ app_init ] --START--
INFO: Run Behavior\BuildLiteBehavior [ RunTime:0.000000s ]
INFO: [ app_init ] --END-- [ RunTime:0.000000s ]
INFO: [ app_begin ] --START--
INFO: Run Behavior\ReadHtmlCacheBehavior [ RunTime:0.000000s ]
INFO: [ app_begin ] --END-- [ RunTime:0.000000s ]
SQL: SHOW COLUMNS FROM `tbkl_formid` [ RunTime:0.0000s ]
SQL: DELETE FROM `tbkl_formid` WHERE ( (create_time+518400)<1549880925 ) [ RunTime:0.0000s ]
SQL: SHOW COLUMNS FROM `tbkl_base` [ RunTime:0.0156s ]
SQL: SELECT `nopay_valid_time` FROM `tbkl_base` WHERE `id` = 1 LIMIT 1   [ RunTime:0.0000s ]
SQL: SHOW COLUMNS FROM `tbkl_mall_order` [ RunTime:0.0000s ]
SQL: SELECT * FROM `tbkl_mall_order` WHERE `status` = 0  [ RunTime:0.0000s ]
SQL: SHOW COLUMNS FROM `tbkl_group_order` [ RunTime:0.0000s ]
SQL: SELECT * FROM `tbkl_group_order` WHERE ( status=0 or status=1 )  [ RunTime:0.0000s ]
SQL: SHOW COLUMNS FROM `tbkl_members` [ RunTime:0.0000s ]
SQL: SELECT * FROM `tbkl_base` WHERE `id` = 1 LIMIT 1   [ RunTime:0.0000s ]
SQL: SELECT `id`,`members_id`,`ordercode`,`status` FROM `tbkl_mall_order` WHERE ( status!=0 and status!=5 ) ORDER BY id desc LIMIT 50   [ RunTime:0.0000s ]
SQL: SELECT `nickname`,`headimgurl` FROM `tbkl_members` WHERE `id` = 23 LIMIT 1   [ RunTime:0.0000s ]
INFO: [ app_end ] --START--
INFO: Run Behavior\ShowPageTraceBehavior [ RunTime:0.000000s ]
INFO: [ app_end ] --END-- [ RunTime:0.000000s ]

