[ 2019-05-10T09:58:53+08:00 ] 127.0.0.1 /api/Vip/Vip
INFO: [ app_init ] --START--
INFO: Run Behavior\BuildLiteBehavior [ RunTime:0.000009s ]
INFO: [ app_init ] --END-- [ RunTime:0.000265s ]
INFO: [ app_begin ] --START--
INFO: Run Behavior\ReadHtmlCacheBehavior [ RunTime:0.000315s ]
INFO: [ app_begin ] --END-- [ RunTime:0.000355s ]
SQL: SHOW COLUMNS FROM `tbkl_vip` [ RunTime:0.0030s ]
SQL: SELECT `id`,`name`,`price`,`is_red`,`term` FROM `tbkl_vip` WHERE `status` = 1 ORDER BY id desc  [ RunTime:0.0002s ]
INFO: [ app_end ] --START--
INFO: Run Behavior\ShowPageTraceBehavior [ RunTime:0.000362s ]
INFO: [ app_end ] --END-- [ RunTime:0.000390s ]

[ 2019-05-10T09:58:58+08:00 ] 127.0.0.1 /api/Vip/Vip
INFO: [ app_init ] --START--
INFO: Run Behavior\BuildLiteBehavior [ RunTime:0.000013s ]
INFO: [ app_init ] --END-- [ RunTime:0.000259s ]
INFO: [ app_begin ] --START--
INFO: Run Behavior\ReadHtmlCacheBehavior [ RunTime:0.000350s ]
INFO: [ app_begin ] --END-- [ RunTime:0.000395s ]
SQL: SHOW COLUMNS FROM `tbkl_vip` [ RunTime:0.0031s ]
SQL: SELECT `id`,`name`,`price`,`is_red`,`term` FROM `tbkl_vip` WHERE `status` = 1 ORDER BY id desc  [ RunTime:0.0002s ]
INFO: [ app_end ] --START--
INFO: Run Behavior\ShowPageTraceBehavior [ RunTime:0.000371s ]
INFO: [ app_end ] --END-- [ RunTime:0.000399s ]

[ 2019-05-10T10:00:10+08:00 ] 127.0.0.1 /api/Vip/Vip
INFO: [ app_init ] --START--
INFO: Run Behavior\BuildLiteBehavior [ RunTime:0.000009s ]
INFO: [ app_init ] --END-- [ RunTime:0.000256s ]
INFO: [ app_begin ] --START--
INFO: Run Behavior\ReadHtmlCacheBehavior [ RunTime:0.000304s ]
INFO: [ app_begin ] --END-- [ RunTime:0.000348s ]
SQL: SHOW COLUMNS FROM `tbkl_vip` [ RunTime:0.0041s ]
SQL: SELECT `id`,`name`,`price`,`is_red`,`term` FROM `tbkl_vip` WHERE `status` = 1 ORDER BY id desc  [ RunTime:0.0002s ]
INFO: [ app_end ] --START--
INFO: Run Behavior\ShowPageTraceBehavior [ RunTime:0.000476s ]
INFO: [ app_end ] --END-- [ RunTime:0.000505s ]

[ 2019-05-10T10:00:20+08:00 ] 127.0.0.1 /api/Vip/Vip
INFO: [ app_init ] --START--
INFO: Run Behavior\BuildLiteBehavior [ RunTime:0.000036s ]
INFO: [ app_init ] --END-- [ RunTime:0.002462s ]
INFO: [ app_begin ] --START--
INFO: Run Behavior\ReadHtmlCacheBehavior [ RunTime:0.000340s ]
INFO: [ app_begin ] --END-- [ RunTime:0.000389s ]
SQL: SHOW COLUMNS FROM `tbkl_vip` [ RunTime:0.0032s ]
SQL: SELECT `id`,`name`,`price`,`is_red`,`term` FROM `tbkl_vip` WHERE `status` = 1 ORDER BY id desc  [ RunTime:0.0002s ]
INFO: [ app_end ] --START--
INFO: Run Behavior\ShowPageTraceBehavior [ RunTime:0.000651s ]
INFO: [ app_end ] --END-- [ RunTime:0.000682s ]

[ 2019-05-10T10:01:07+08:00 ] 127.0.0.1 /api/Vip/Vip
INFO: [ app_init ] --START--
INFO: Run Behavior\BuildLiteBehavior [ RunTime:0.000011s ]
INFO: [ app_init ] --END-- [ RunTime:0.000287s ]
INFO: [ app_begin ] --START--
INFO: Run Behavior\ReadHtmlCacheBehavior [ RunTime:0.000383s ]
INFO: [ app_begin ] --END-- [ RunTime:0.000430s ]
SQL: SHOW COLUMNS FROM `tbkl_vip` [ RunTime:0.0038s ]
SQL: SELECT `id`,`name`,`price`,`is_red`,`term` FROM `tbkl_vip` WHERE `status` = 1 ORDER BY id desc  [ RunTime:0.0002s ]
INFO: [ app_end ] --START--
INFO: Run Behavior\ShowPageTraceBehavior [ RunTime:0.000669s ]
INFO: [ app_end ] --END-- [ RunTime:0.000712s ]

[ 2019-05-10T13:07:39+08:00 ] 127.0.0.1 /api/me/members_info
INFO: [ app_init ] --START--
INFO: Run Behavior\BuildLiteBehavior [ RunTime:0.000008s ]
INFO: [ app_init ] --END-- [ RunTime:0.000284s ]
INFO: [ app_begin ] --START--
INFO: Run Behavior\ReadHtmlCacheBehavior [ RunTime:0.000349s ]
INFO: [ app_begin ] --END-- [ RunTime:0.000394s ]
SQL: SHOW COLUMNS FROM `tbkl_members` [ RunTime:0.0042s ]
SQL: SELECT `id`,`nickname`,`headimgurl`,`is_vip` FROM `tbkl_members` WHERE `id` = 1 LIMIT 1   [ RunTime:0.0004s ]
SQL: SHOW COLUMNS FROM `tbkl_buyinfo` [ RunTime:0.0041s ]
SQL: SELECT * FROM `tbkl_buyinfo` WHERE `members_id` = 1 AND `type` = 1 AND `is_pay` = 1 LIMIT 1   [ RunTime:0.0002s ]
INFO: [ app_end ] --START--
INFO: Run Behavior\ShowPageTraceBehavior [ RunTime:0.000496s ]
INFO: [ app_end ] --END-- [ RunTime:0.000523s ]

[ 2019-05-10T13:09:28+08:00 ] 127.0.0.1 /api/me/members_info
INFO: [ app_init ] --START--
INFO: Run Behavior\BuildLiteBehavior [ RunTime:0.000032s ]
INFO: [ app_init ] --END-- [ RunTime:0.015086s ]
INFO: [ app_begin ] --START--
INFO: Run Behavior\ReadHtmlCacheBehavior [ RunTime:0.000338s ]
INFO: [ app_begin ] --END-- [ RunTime:0.000381s ]
SQL: SHOW COLUMNS FROM `tbkl_members` [ RunTime:0.0031s ]
SQL: SELECT `id`,`nickname`,`headimgurl`,`is_vip` FROM `tbkl_members` WHERE `id` = 1 LIMIT 1   [ RunTime:0.0002s ]
SQL: SHOW COLUMNS FROM `tbkl_buyinfo` [ RunTime:0.0029s ]
SQL: SELECT * FROM `tbkl_buyinfo` WHERE `members_id` = 1 AND `type` = 1 AND `is_pay` = 1 LIMIT 1   [ RunTime:0.0001s ]
INFO: [ app_end ] --START--
INFO: Run Behavior\ShowPageTraceBehavior [ RunTime:0.000392s ]
INFO: [ app_end ] --END-- [ RunTime:0.000419s ]

[ 2019-05-10T13:09:29+08:00 ] 127.0.0.1 /api/me/members_info
INFO: [ app_init ] --START--
INFO: Run Behavior\BuildLiteBehavior [ RunTime:0.000009s ]
INFO: [ app_init ] --END-- [ RunTime:0.000229s ]
INFO: [ app_begin ] --START--
INFO: Run Behavior\ReadHtmlCacheBehavior [ RunTime:0.000301s ]
INFO: [ app_begin ] --END-- [ RunTime:0.000344s ]
SQL: SHOW COLUMNS FROM `tbkl_members` [ RunTime:0.0030s ]
SQL: SELECT `id`,`nickname`,`headimgurl`,`is_vip` FROM `tbkl_members` WHERE `id` = 1 LIMIT 1   [ RunTime:0.0002s ]
SQL: SHOW COLUMNS FROM `tbkl_buyinfo` [ RunTime:0.0028s ]
SQL: SELECT * FROM `tbkl_buyinfo` WHERE `members_id` = 1 AND `type` = 1 AND `is_pay` = 1 LIMIT 1   [ RunTime:0.0001s ]
INFO: [ app_end ] --START--
INFO: Run Behavior\ShowPageTraceBehavior [ RunTime:0.000364s ]
INFO: [ app_end ] --END-- [ RunTime:0.000388s ]

[ 2019-05-10T13:09:33+08:00 ] 127.0.0.1 /api/me/members_info
INFO: [ app_init ] --START--
INFO: Run Behavior\BuildLiteBehavior [ RunTime:0.000015s ]
INFO: [ app_init ] --END-- [ RunTime:0.000428s ]
INFO: [ app_begin ] --START--
INFO: Run Behavior\ReadHtmlCacheBehavior [ RunTime:0.000463s ]
INFO: [ app_begin ] --END-- [ RunTime:0.000523s ]
SQL: SHOW COLUMNS FROM `tbkl_members` [ RunTime:0.0040s ]
SQL: SELECT `id`,`nickname`,`headimgurl`,`is_vip` FROM `tbkl_members` WHERE `id` = 1 LIMIT 1   [ RunTime:0.0002s ]
SQL: SHOW COLUMNS FROM `tbkl_buyinfo` [ RunTime:0.0032s ]
SQL: SELECT * FROM `tbkl_buyinfo` WHERE `members_id` = 1 AND `type` = 1 AND `is_pay` = 1 LIMIT 1   [ RunTime:0.0001s ]
INFO: [ app_end ] --START--
INFO: Run Behavior\ShowPageTraceBehavior [ RunTime:0.000387s ]
INFO: [ app_end ] --END-- [ RunTime:0.000412s ]

[ 2019-05-10T13:10:13+08:00 ] 127.0.0.1 /api/me/members_info
INFO: [ app_init ] --START--
INFO: Run Behavior\BuildLiteBehavior [ RunTime:0.000008s ]
INFO: [ app_init ] --END-- [ RunTime:0.000248s ]
INFO: [ app_begin ] --START--
INFO: Run Behavior\ReadHtmlCacheBehavior [ RunTime:0.000307s ]
INFO: [ app_begin ] --END-- [ RunTime:0.000345s ]
SQL: SHOW COLUMNS FROM `tbkl_members` [ RunTime:0.0042s ]
SQL: SELECT `id`,`nickname`,`headimgurl`,`is_vip` FROM `tbkl_members` WHERE `id` = 1 LIMIT 1   [ RunTime:0.0002s ]
SQL: SHOW COLUMNS FROM `tbkl_buyinfo` [ RunTime:0.0030s ]
SQL: SELECT * FROM `tbkl_buyinfo` WHERE `members_id` = 1 AND `type` = 1 AND `is_pay` = 1 LIMIT 1   [ RunTime:0.0002s ]
INFO: [ app_end ] --START--
INFO: Run Behavior\ShowPageTraceBehavior [ RunTime:0.000439s ]
INFO: [ app_end ] --END-- [ RunTime:0.000465s ]

[ 2019-05-10T13:10:15+08:00 ] 127.0.0.1 /api/me/members_info
INFO: [ app_init ] --START--
INFO: Run Behavior\BuildLiteBehavior [ RunTime:0.000009s ]
INFO: [ app_init ] --END-- [ RunTime:0.000230s ]
INFO: [ app_begin ] --START--
INFO: Run Behavior\ReadHtmlCacheBehavior [ RunTime:0.000297s ]
INFO: [ app_begin ] --END-- [ RunTime:0.000337s ]
SQL: SHOW COLUMNS FROM `tbkl_members` [ RunTime:0.0030s ]
SQL: SELECT `id`,`nickname`,`headimgurl`,`is_vip` FROM `tbkl_members` WHERE `id` = 1 LIMIT 1   [ RunTime:0.0002s ]
SQL: SHOW COLUMNS FROM `tbkl_buyinfo` [ RunTime:0.0027s ]
SQL: SELECT * FROM `tbkl_buyinfo` WHERE `members_id` = 1 AND `type` = 1 AND `is_pay` = 1 LIMIT 1   [ RunTime:0.0001s ]
INFO: [ app_end ] --START--
INFO: Run Behavior\ShowPageTraceBehavior [ RunTime:0.000359s ]
INFO: [ app_end ] --END-- [ RunTime:0.000383s ]

[ 2019-05-10T13:10:16+08:00 ] 127.0.0.1 /api/me/members_info
INFO: [ app_init ] --START--
INFO: Run Behavior\BuildLiteBehavior [ RunTime:0.000012s ]
INFO: [ app_init ] --END-- [ RunTime:0.000227s ]
INFO: [ app_begin ] --START--
INFO: Run Behavior\ReadHtmlCacheBehavior [ RunTime:0.000301s ]
INFO: [ app_begin ] --END-- [ RunTime:0.000339s ]
SQL: SHOW COLUMNS FROM `tbkl_members` [ RunTime:0.0029s ]
SQL: SELECT `id`,`nickname`,`headimgurl`,`is_vip` FROM `tbkl_members` WHERE `id` = 1 LIMIT 1   [ RunTime:0.0002s ]
SQL: SHOW COLUMNS FROM `tbkl_buyinfo` [ RunTime:0.0026s ]
SQL: SELECT * FROM `tbkl_buyinfo` WHERE `members_id` = 1 AND `type` = 1 AND `is_pay` = 1 LIMIT 1   [ RunTime:0.0001s ]
INFO: [ app_end ] --START--
INFO: Run Behavior\ShowPageTraceBehavior [ RunTime:0.000399s ]
INFO: [ app_end ] --END-- [ RunTime:0.000428s ]

[ 2019-05-10T13:10:21+08:00 ] 127.0.0.1 /api/me/members_info
INFO: [ app_init ] --START--
INFO: Run Behavior\BuildLiteBehavior [ RunTime:0.000010s ]
INFO: [ app_init ] --END-- [ RunTime:0.000308s ]
INFO: [ app_begin ] --START--
INFO: Run Behavior\ReadHtmlCacheBehavior [ RunTime:0.000335s ]
INFO: [ app_begin ] --END-- [ RunTime:0.000381s ]
SQL: SHOW COLUMNS FROM `tbkl_members` [ RunTime:0.0030s ]
SQL: SELECT `id`,`nickname`,`headimgurl`,`is_vip` FROM `tbkl_members` WHERE `id` = 1 LIMIT 1   [ RunTime:0.0002s ]
SQL: SHOW COLUMNS FROM `tbkl_buyinfo` [ RunTime:0.0028s ]
SQL: SELECT * FROM `tbkl_buyinfo` WHERE `members_id` = 1 AND `type` = 1 AND `is_pay` = 1 LIMIT 1   [ RunTime:0.0001s ]
INFO: [ app_end ] --START--
INFO: Run Behavior\ShowPageTraceBehavior [ RunTime:0.000440s ]
INFO: [ app_end ] --END-- [ RunTime:0.000475s ]

[ 2019-05-10T13:10:48+08:00 ] 127.0.0.1 /api/me/members_info
INFO: [ app_init ] --START--
INFO: Run Behavior\BuildLiteBehavior [ RunTime:0.000008s ]
INFO: [ app_init ] --END-- [ RunTime:0.000226s ]
INFO: [ app_begin ] --START--
INFO: Run Behavior\ReadHtmlCacheBehavior [ RunTime:0.000299s ]
INFO: [ app_begin ] --END-- [ RunTime:0.000338s ]
SQL: SHOW COLUMNS FROM `tbkl_members` [ RunTime:0.0030s ]
SQL: SELECT `id`,`nickname`,`headimgurl`,`is_vip` FROM `tbkl_members` WHERE `id` = 1 LIMIT 1   [ RunTime:0.0002s ]
SQL: SHOW COLUMNS FROM `tbkl_buyinfo` [ RunTime:0.0027s ]
SQL: SELECT * FROM `tbkl_buyinfo` WHERE `members_id` = 1 AND `type` = 1 AND `is_pay` = 1 LIMIT 1   [ RunTime:0.0002s ]
NOTIC: [8] Undefined index: create_time D:\phpStudy\PHPTutorial\WWW\lljy.kailly.com\App\Api\Controller\MeController.class.php 第 32 行.
NOTIC: [8] Undefined index: expire_time D:\phpStudy\PHPTutorial\WWW\lljy.kailly.com\App\Api\Controller\MeController.class.php 第 33 行.
NOTIC: [8] Undefined index: expire_time D:\phpStudy\PHPTutorial\WWW\lljy.kailly.com\App\Api\Controller\MeController.class.php 第 35 行.
NOTIC: [8] Undefined index: create_time D:\phpStudy\PHPTutorial\WWW\lljy.kailly.com\App\Api\Controller\MeController.class.php 第 35 行.
NOTIC: [8] Undefined index: create_time D:\phpStudy\PHPTutorial\WWW\lljy.kailly.com\App\Api\Controller\MeController.class.php 第 36 行.
NOTIC: [2] Division by zero D:\phpStudy\PHPTutorial\WWW\lljy.kailly.com\App\Api\Controller\MeController.class.php 第 38 行.
INFO: [ app_end ] --START--
INFO: Run Behavior\ShowPageTraceBehavior [ RunTime:0.000339s ]
INFO: [ app_end ] --END-- [ RunTime:0.000364s ]

[ 2019-05-10T16:26:21+08:00 ] 127.0.0.1 /api/video/video_lst
INFO: [ app_init ] --START--
INFO: Run Behavior\BuildLiteBehavior [ RunTime:0.000009s ]
INFO: [ app_init ] --END-- [ RunTime:0.000298s ]
INFO: [ app_begin ] --START--
INFO: Run Behavior\ReadHtmlCacheBehavior [ RunTime:0.000408s ]
INFO: [ app_begin ] --END-- [ RunTime:0.000477s ]
SQL: SHOW COLUMNS FROM `tbkl_video` [ RunTime:0.0047s ]
SQL: SELECT `id`,`cate_id`,`title`,`pic`,`video`,`is_pay`,`price`,`show_time`,`look`,`collect`,`buy_num` FROM `tbkl_video` WHERE `status` = '1' ORDER BY sort asc LIMIT 0,10   [ RunTime:0.0003s ]
SQL: SHOW COLUMNS FROM `tbkl_collect` [ RunTime:0.0036s ]
SQL: SELECT * FROM `tbkl_collect` WHERE `members_id` = null  [ RunTime:0.0001s ]
INFO: [ app_end ] --START--
INFO: Run Behavior\ShowPageTraceBehavior [ RunTime:0.000422s ]
INFO: [ app_end ] --END-- [ RunTime:0.000452s ]

[ 2019-05-10T16:26:24+08:00 ] 127.0.0.1 /api/video/video_lst
INFO: [ app_init ] --START--
INFO: Run Behavior\BuildLiteBehavior [ RunTime:0.000015s ]
INFO: [ app_init ] --END-- [ RunTime:0.000353s ]
INFO: [ app_begin ] --START--
INFO: Run Behavior\ReadHtmlCacheBehavior [ RunTime:0.000452s ]
INFO: [ app_begin ] --END-- [ RunTime:0.000612s ]
SQL: SHOW COLUMNS FROM `tbkl_video` [ RunTime:0.0047s ]
SQL: SELECT `id`,`cate_id`,`title`,`pic`,`video`,`is_pay`,`price`,`show_time`,`look`,`collect`,`buy_num` FROM `tbkl_video` WHERE `status` = '1' ORDER BY sort asc LIMIT 0,10   [ RunTime:0.0004s ]
SQL: SHOW COLUMNS FROM `tbkl_collect` [ RunTime:0.0029s ]
SQL: SELECT * FROM `tbkl_collect` WHERE `members_id` = null  [ RunTime:0.0001s ]
INFO: [ app_end ] --START--
INFO: Run Behavior\ShowPageTraceBehavior [ RunTime:0.000362s ]
INFO: [ app_end ] --END-- [ RunTime:0.000388s ]

