[ 2019-05-14T10:35:00+08:00 ] 127.0.0.1 /api/video/search
INFO: [ app_init ] --START--
INFO: Run Behavior\BuildLiteBehavior [ RunTime:0.000012s ]
INFO: [ app_init ] --END-- [ RunTime:0.000354s ]
INFO: [ app_begin ] --START--
INFO: Run Behavior\ReadHtmlCacheBehavior [ RunTime:0.000718s ]
INFO: [ app_begin ] --END-- [ RunTime:0.000771s ]
SQL: SHOW COLUMNS FROM `tbkl_video` [ RunTime:0.0033s ]
SQL: SELECT `id`,`cate_id`,`title`,`pic`,`video`,`is_pay`,`price`,`show_time`,`look`,`collect`,`buy_num` FROM `tbkl_video` WHERE `title` LIKE '视频名称1' AND `status` = '1' ORDER BY sort asc LIMIT 10   [ RunTime:0.0003s ]
NOTIC: [8] Undefined variable: members_id D:\phpStudy\PHPTutorial\WWW\lljy.kailly.com\App\Api\Controller\VideoController.class.php 第 141 行.
SQL: SHOW COLUMNS FROM `tbkl_collect` [ RunTime:0.0031s ]
SQL: SELECT * FROM `tbkl_collect` WHERE `members_id` = null  [ RunTime:0.0001s ]
INFO: [ app_end ] --START--
INFO: Run Behavior\ShowPageTraceBehavior [ RunTime:0.000529s ]
INFO: [ app_end ] --END-- [ RunTime:0.000557s ]

[ 2019-05-14T10:40:58+08:00 ] 127.0.0.1 /api/video/search
INFO: [ app_init ] --START--
INFO: Run Behavior\BuildLiteBehavior [ RunTime:0.000008s ]
INFO: [ app_init ] --END-- [ RunTime:0.000261s ]
INFO: [ app_begin ] --START--
INFO: Run Behavior\ReadHtmlCacheBehavior [ RunTime:0.000320s ]
INFO: [ app_begin ] --END-- [ RunTime:0.000363s ]
SQL: SHOW COLUMNS FROM `tbkl_keys` [ RunTime:0.0038s ]
SQL: SELECT * FROM `tbkl_keys` WHERE `keys` = '视频名称1' LIMIT 1   [ RunTime:0.0002s ]
SQL: INSERT INTO `tbkl_keys` (`keys`,`num`,`create_time`) VALUES ('视频名称1','1','1557801658') [ RunTime:0.0278s ]
SQL: SHOW COLUMNS FROM `tbkl_video` [ RunTime:0.0036s ]
SQL: SELECT `id`,`cate_id`,`title`,`pic`,`video`,`is_pay`,`price`,`show_time`,`look`,`collect`,`buy_num` FROM `tbkl_video` WHERE `title` LIKE '视频名称1' AND `status` = '1' ORDER BY sort asc LIMIT 10   [ RunTime:0.0002s ]
NOTIC: [8] Undefined variable: members_id D:\phpStudy\PHPTutorial\WWW\lljy.kailly.com\App\Api\Controller\VideoController.class.php 第 152 行.
SQL: SHOW COLUMNS FROM `tbkl_collect` [ RunTime:0.0032s ]
SQL: SELECT * FROM `tbkl_collect` WHERE `members_id` = null  [ RunTime:0.0001s ]
INFO: [ app_end ] --START--
INFO: Run Behavior\ShowPageTraceBehavior [ RunTime:0.000398s ]
INFO: [ app_end ] --END-- [ RunTime:0.000424s ]

[ 2019-05-14T10:41:04+08:00 ] 127.0.0.1 /api/video/search
INFO: [ app_init ] --START--
INFO: Run Behavior\BuildLiteBehavior [ RunTime:0.000008s ]
INFO: [ app_init ] --END-- [ RunTime:0.000229s ]
INFO: [ app_begin ] --START--
INFO: Run Behavior\ReadHtmlCacheBehavior [ RunTime:0.000296s ]
INFO: [ app_begin ] --END-- [ RunTime:0.000337s ]
SQL: SHOW COLUMNS FROM `tbkl_keys` [ RunTime:0.0030s ]
SQL: SELECT * FROM `tbkl_keys` WHERE `keys` = '视频名称1' LIMIT 1   [ RunTime:0.0001s ]
SQL: UPDATE `tbkl_keys` SET `num`='2' WHERE `keys` = '视频名称1' [ RunTime:0.0004s ]
SQL: SHOW COLUMNS FROM `tbkl_video` [ RunTime:0.0029s ]
SQL: SELECT `id`,`cate_id`,`title`,`pic`,`video`,`is_pay`,`price`,`show_time`,`look`,`collect`,`buy_num` FROM `tbkl_video` WHERE `title` LIKE '视频名称1' AND `status` = '1' ORDER BY sort asc LIMIT 10   [ RunTime:0.0002s ]
NOTIC: [8] Undefined variable: members_id D:\phpStudy\PHPTutorial\WWW\lljy.kailly.com\App\Api\Controller\VideoController.class.php 第 152 行.
SQL: SHOW COLUMNS FROM `tbkl_collect` [ RunTime:0.0028s ]
SQL: SELECT * FROM `tbkl_collect` WHERE `members_id` = null  [ RunTime:0.0001s ]
INFO: [ app_end ] --START--
INFO: Run Behavior\ShowPageTraceBehavior [ RunTime:0.000370s ]
INFO: [ app_end ] --END-- [ RunTime:0.000397s ]

[ 2019-05-14T10:41:10+08:00 ] 127.0.0.1 /api/video/search
INFO: [ app_init ] --START--
INFO: Run Behavior\BuildLiteBehavior [ RunTime:0.000008s ]
INFO: [ app_init ] --END-- [ RunTime:0.000233s ]
INFO: [ app_begin ] --START--
INFO: Run Behavior\ReadHtmlCacheBehavior [ RunTime:0.000296s ]
INFO: [ app_begin ] --END-- [ RunTime:0.000335s ]
SQL: SHOW COLUMNS FROM `tbkl_keys` [ RunTime:0.0030s ]
SQL: SELECT * FROM `tbkl_keys` WHERE `keys` = '视频名称1' LIMIT 1   [ RunTime:0.0001s ]
SQL: UPDATE `tbkl_keys` SET `num`='3' WHERE `keys` = '视频名称1' [ RunTime:0.0001s ]
SQL: SHOW COLUMNS FROM `tbkl_video` [ RunTime:0.0032s ]
SQL: SELECT `id`,`cate_id`,`title`,`pic`,`video`,`is_pay`,`price`,`show_time`,`look`,`collect`,`buy_num` FROM `tbkl_video` WHERE `title` LIKE '视频名称1' AND `status` = '1' ORDER BY sort asc LIMIT 10   [ RunTime:0.0002s ]
NOTIC: [8] Undefined variable: members_id D:\phpStudy\PHPTutorial\WWW\lljy.kailly.com\App\Api\Controller\VideoController.class.php 第 152 行.
SQL: SHOW COLUMNS FROM `tbkl_collect` [ RunTime:0.0028s ]
SQL: SELECT * FROM `tbkl_collect` WHERE `members_id` = null  [ RunTime:0.0001s ]
INFO: [ app_end ] --START--
INFO: Run Behavior\ShowPageTraceBehavior [ RunTime:0.000383s ]
INFO: [ app_end ] --END-- [ RunTime:0.000410s ]

[ 2019-05-14T10:41:42+08:00 ] 127.0.0.1 /api/video/search
INFO: [ app_init ] --START--
INFO: Run Behavior\BuildLiteBehavior [ RunTime:0.000009s ]
INFO: [ app_init ] --END-- [ RunTime:0.000265s ]
INFO: [ app_begin ] --START--
INFO: Run Behavior\ReadHtmlCacheBehavior [ RunTime:0.000336s ]
INFO: [ app_begin ] --END-- [ RunTime:0.000380s ]
SQL: SHOW COLUMNS FROM `tbkl_keys` [ RunTime:0.0030s ]
SQL: SELECT * FROM `tbkl_keys` WHERE `keys` = '视频名称2' LIMIT 1   [ RunTime:0.0001s ]
SQL: INSERT INTO `tbkl_keys` (`keys`,`num`,`create_time`) VALUES ('视频名称2','1','1557801702') [ RunTime:0.0001s ]
SQL: SHOW COLUMNS FROM `tbkl_video` [ RunTime:0.0028s ]
SQL: SELECT `id`,`cate_id`,`title`,`pic`,`video`,`is_pay`,`price`,`show_time`,`look`,`collect`,`buy_num` FROM `tbkl_video` WHERE `title` LIKE '视频名称2' AND `status` = '1' ORDER BY sort asc LIMIT 10   [ RunTime:0.0002s ]
NOTIC: [8] Undefined variable: members_id D:\phpStudy\PHPTutorial\WWW\lljy.kailly.com\App\Api\Controller\VideoController.class.php 第 152 行.
SQL: SHOW COLUMNS FROM `tbkl_collect` [ RunTime:0.0027s ]
SQL: SELECT * FROM `tbkl_collect` WHERE `members_id` = null  [ RunTime:0.0001s ]
INFO: [ app_end ] --START--
INFO: Run Behavior\ShowPageTraceBehavior [ RunTime:0.014298s ]
INFO: [ app_end ] --END-- [ RunTime:0.014331s ]

[ 2019-05-14T10:41:49+08:00 ] 127.0.0.1 /api/video/search
INFO: [ app_init ] --START--
INFO: Run Behavior\BuildLiteBehavior [ RunTime:0.000009s ]
INFO: [ app_init ] --END-- [ RunTime:0.000227s ]
INFO: [ app_begin ] --START--
INFO: Run Behavior\ReadHtmlCacheBehavior [ RunTime:0.000316s ]
INFO: [ app_begin ] --END-- [ RunTime:0.000359s ]
SQL: SHOW COLUMNS FROM `tbkl_keys` [ RunTime:0.0029s ]
SQL: SELECT * FROM `tbkl_keys` WHERE `keys` = '视频名称2' LIMIT 1   [ RunTime:0.0001s ]
SQL: UPDATE `tbkl_keys` SET `num`='2' WHERE `keys` = '视频名称2' [ RunTime:0.0001s ]
SQL: SHOW COLUMNS FROM `tbkl_video` [ RunTime:0.0030s ]
SQL: SELECT `id`,`cate_id`,`title`,`pic`,`video`,`is_pay`,`price`,`show_time`,`look`,`collect`,`buy_num` FROM `tbkl_video` WHERE `title` LIKE '视频名称2' AND `status` = '1' ORDER BY sort asc LIMIT 10   [ RunTime:0.0003s ]
NOTIC: [8] Undefined variable: members_id D:\phpStudy\PHPTutorial\WWW\lljy.kailly.com\App\Api\Controller\VideoController.class.php 第 152 行.
SQL: SHOW COLUMNS FROM `tbkl_collect` [ RunTime:0.0028s ]
SQL: SELECT * FROM `tbkl_collect` WHERE `members_id` = null  [ RunTime:0.0001s ]
INFO: [ app_end ] --START--
INFO: Run Behavior\ShowPageTraceBehavior [ RunTime:0.000366s ]
INFO: [ app_end ] --END-- [ RunTime:0.000390s ]

[ 2019-05-14T10:42:07+08:00 ] 127.0.0.1 /api/video/search
INFO: [ app_init ] --START--
INFO: Run Behavior\BuildLiteBehavior [ RunTime:0.000010s ]
INFO: [ app_init ] --END-- [ RunTime:0.000255s ]
INFO: [ app_begin ] --START--
INFO: Run Behavior\ReadHtmlCacheBehavior [ RunTime:0.000342s ]
INFO: [ app_begin ] --END-- [ RunTime:0.000387s ]
SQL: SHOW COLUMNS FROM `tbkl_keys` [ RunTime:0.0032s ]
SQL: SELECT * FROM `tbkl_keys` WHERE `keys` = '视频名称2' LIMIT 1   [ RunTime:0.0002s ]
SQL: UPDATE `tbkl_keys` SET `num`='3' WHERE `keys` = '视频名称2' [ RunTime:0.0001s ]
SQL: SHOW COLUMNS FROM `tbkl_video` [ RunTime:0.0030s ]
SQL: SELECT `id`,`cate_id`,`title`,`pic`,`video`,`is_pay`,`price`,`show_time`,`look`,`collect`,`buy_num` FROM `tbkl_video` WHERE `title` LIKE '视频名称2' AND `status` = '1' ORDER BY sort asc LIMIT 10   [ RunTime:0.0002s ]
NOTIC: [8] Undefined variable: members_id D:\phpStudy\PHPTutorial\WWW\lljy.kailly.com\App\Api\Controller\VideoController.class.php 第 152 行.
SQL: SHOW COLUMNS FROM `tbkl_collect` [ RunTime:0.0028s ]
SQL: SELECT * FROM `tbkl_collect` WHERE `members_id` = null  [ RunTime:0.0001s ]
INFO: [ app_end ] --START--
INFO: Run Behavior\ShowPageTraceBehavior [ RunTime:0.000384s ]
INFO: [ app_end ] --END-- [ RunTime:0.000409s ]

[ 2019-05-14T10:42:26+08:00 ] 127.0.0.1 /api/video/search
INFO: [ app_init ] --START--
INFO: Run Behavior\BuildLiteBehavior [ RunTime:0.000011s ]
INFO: [ app_init ] --END-- [ RunTime:0.000237s ]
INFO: [ app_begin ] --START--
INFO: Run Behavior\ReadHtmlCacheBehavior [ RunTime:0.000327s ]
INFO: [ app_begin ] --END-- [ RunTime:0.000372s ]
SQL: SHOW COLUMNS FROM `tbkl_keys` [ RunTime:0.0029s ]
SQL: SELECT * FROM `tbkl_keys` WHERE `keys` = '视频名称2' LIMIT 1   [ RunTime:0.0001s ]
SQL: UPDATE `tbkl_keys` SET `num`='4',`update_time`='1557801746' WHERE `keys` = '视频名称2' [ RunTime:0.0001s ]
SQL: SHOW COLUMNS FROM `tbkl_video` [ RunTime:0.0029s ]
SQL: SELECT `id`,`cate_id`,`title`,`pic`,`video`,`is_pay`,`price`,`show_time`,`look`,`collect`,`buy_num` FROM `tbkl_video` WHERE `title` LIKE '视频名称2' AND `status` = '1' ORDER BY sort asc LIMIT 10   [ RunTime:0.0003s ]
NOTIC: [8] Undefined variable: members_id D:\phpStudy\PHPTutorial\WWW\lljy.kailly.com\App\Api\Controller\VideoController.class.php 第 152 行.
SQL: SHOW COLUMNS FROM `tbkl_collect` [ RunTime:0.0029s ]
SQL: SELECT * FROM `tbkl_collect` WHERE `members_id` = null  [ RunTime:0.0002s ]
INFO: [ app_end ] --START--
INFO: Run Behavior\ShowPageTraceBehavior [ RunTime:0.000369s ]
INFO: [ app_end ] --END-- [ RunTime:0.000395s ]

[ 2019-05-14T11:50:22+08:00 ] 127.0.0.1 /api/video/hot_keys
INFO: [ app_init ] --START--
INFO: Run Behavior\BuildLiteBehavior [ RunTime:0.000008s ]
INFO: [ app_init ] --END-- [ RunTime:0.000280s ]
INFO: [ app_begin ] --START--
INFO: Run Behavior\ReadHtmlCacheBehavior [ RunTime:0.000355s ]
INFO: [ app_begin ] --END-- [ RunTime:0.000397s ]
SQL: SHOW COLUMNS FROM `tbkl_keys` [ RunTime:0.0041s ]
ERR: 1054:Unknown column 'title' in 'group statement'
 [ SQL语句 ] : SELECT `id`,`keys`,`num` FROM `tbkl_keys` GROUP BY title ORDER BY id desc 
ERR: 1054:Unknown column 'title' in 'group statement'
 [ SQL语句 ] : SELECT `id`,`keys`,`num` FROM `tbkl_keys` GROUP BY title ORDER BY id desc 

[ 2019-05-14T11:50:54+08:00 ] 127.0.0.1 /api/video/hot_keys
INFO: [ app_init ] --START--
INFO: Run Behavior\BuildLiteBehavior [ RunTime:0.000009s ]
INFO: [ app_init ] --END-- [ RunTime:0.000231s ]
INFO: [ app_begin ] --START--
INFO: Run Behavior\ReadHtmlCacheBehavior [ RunTime:0.000329s ]
INFO: [ app_begin ] --END-- [ RunTime:0.000371s ]
SQL: SHOW COLUMNS FROM `tbkl_keys` [ RunTime:0.0030s ]
ERR: 1064:You have an error in your SQL syntax; check the manual that corresponds to your MySQL server version for the right syntax to use near 'keys ORDER BY id desc' at line 1
 [ SQL语句 ] : SELECT `id`,`keys`,`num` FROM `tbkl_keys` GROUP BY keys ORDER BY id desc 
ERR: 1064:You have an error in your SQL syntax; check the manual that corresponds to your MySQL server version for the right syntax to use near 'keys ORDER BY id desc' at line 1
 [ SQL语句 ] : SELECT `id`,`keys`,`num` FROM `tbkl_keys` GROUP BY keys ORDER BY id desc 

[ 2019-05-14T11:51:16+08:00 ] 127.0.0.1 /api/video/hot_keys
INFO: [ app_init ] --START--
INFO: Run Behavior\BuildLiteBehavior [ RunTime:0.000009s ]
INFO: [ app_init ] --END-- [ RunTime:0.000225s ]
INFO: [ app_begin ] --START--
INFO: Run Behavior\ReadHtmlCacheBehavior [ RunTime:0.000318s ]
INFO: [ app_begin ] --END-- [ RunTime:0.000360s ]
SQL: SHOW COLUMNS FROM `tbkl_keys` [ RunTime:0.0032s ]
SQL: SELECT `id`,`keys`,`num` FROM `tbkl_keys` ORDER BY id desc  [ RunTime:0.0002s ]
INFO: [ app_end ] --START--
INFO: Run Behavior\ShowPageTraceBehavior [ RunTime:0.000421s ]
INFO: [ app_end ] --END-- [ RunTime:0.000447s ]

[ 2019-05-14T11:51:26+08:00 ] 127.0.0.1 /api/video/hot_keys
INFO: [ app_init ] --START--
INFO: Run Behavior\BuildLiteBehavior [ RunTime:0.000009s ]
INFO: [ app_init ] --END-- [ RunTime:0.000224s ]
INFO: [ app_begin ] --START--
INFO: Run Behavior\ReadHtmlCacheBehavior [ RunTime:0.000313s ]
INFO: [ app_begin ] --END-- [ RunTime:0.000357s ]
SQL: SHOW COLUMNS FROM `tbkl_keys` [ RunTime:0.0207s ]
SQL: SELECT `id`,`keys`,`num` FROM `tbkl_keys` GROUP BY id ORDER BY id desc  [ RunTime:0.0002s ]
INFO: [ app_end ] --START--
INFO: Run Behavior\ShowPageTraceBehavior [ RunTime:0.000367s ]
INFO: [ app_end ] --END-- [ RunTime:0.000394s ]

[ 2019-05-14T11:51:26+08:00 ] 127.0.0.1 /api/video/hot_keys
INFO: [ app_init ] --START--
INFO: Run Behavior\BuildLiteBehavior [ RunTime:0.000008s ]
INFO: [ app_init ] --END-- [ RunTime:0.000218s ]
INFO: [ app_begin ] --START--
INFO: Run Behavior\ReadHtmlCacheBehavior [ RunTime:0.000315s ]
INFO: [ app_begin ] --END-- [ RunTime:0.000358s ]
SQL: SHOW COLUMNS FROM `tbkl_keys` [ RunTime:0.0029s ]
SQL: SELECT `id`,`keys`,`num` FROM `tbkl_keys` GROUP BY id ORDER BY id desc  [ RunTime:0.0001s ]
INFO: [ app_end ] --START--
INFO: Run Behavior\ShowPageTraceBehavior [ RunTime:0.000337s ]
INFO: [ app_end ] --END-- [ RunTime:0.000363s ]

[ 2019-05-14T11:51:26+08:00 ] 127.0.0.1 /api/video/hot_keys
INFO: [ app_init ] --START--
INFO: Run Behavior\BuildLiteBehavior [ RunTime:0.000010s ]
INFO: [ app_init ] --END-- [ RunTime:0.000236s ]
INFO: [ app_begin ] --START--
INFO: Run Behavior\ReadHtmlCacheBehavior [ RunTime:0.000347s ]
INFO: [ app_begin ] --END-- [ RunTime:0.000398s ]
SQL: SHOW COLUMNS FROM `tbkl_keys` [ RunTime:0.0029s ]
SQL: SELECT `id`,`keys`,`num` FROM `tbkl_keys` GROUP BY id ORDER BY id desc  [ RunTime:0.0001s ]
INFO: [ app_end ] --START--
INFO: Run Behavior\ShowPageTraceBehavior [ RunTime:0.000398s ]
INFO: [ app_end ] --END-- [ RunTime:0.000428s ]

[ 2019-05-14T11:51:58+08:00 ] 127.0.0.1 /api/video/hot_keys
INFO: [ app_init ] --START--
INFO: Run Behavior\BuildLiteBehavior [ RunTime:0.000009s ]
INFO: [ app_init ] --END-- [ RunTime:0.000232s ]
INFO: [ app_begin ] --START--
INFO: Run Behavior\ReadHtmlCacheBehavior [ RunTime:0.000296s ]
INFO: [ app_begin ] --END-- [ RunTime:0.000336s ]
SQL: SHOW COLUMNS FROM `tbkl_keys` [ RunTime:0.0030s ]
SQL: SELECT `id`,`keys`,`num` FROM `tbkl_keys` GROUP BY id ORDER BY id desc  [ RunTime:0.0001s ]
INFO: [ app_end ] --START--
INFO: Run Behavior\ShowPageTraceBehavior [ RunTime:0.000346s ]
INFO: [ app_end ] --END-- [ RunTime:0.000373s ]

[ 2019-05-14T11:51:58+08:00 ] 127.0.0.1 /api/video/hot_keys
INFO: [ app_init ] --START--
INFO: Run Behavior\BuildLiteBehavior [ RunTime:0.000009s ]
INFO: [ app_init ] --END-- [ RunTime:0.000233s ]
INFO: [ app_begin ] --START--
INFO: Run Behavior\ReadHtmlCacheBehavior [ RunTime:0.000301s ]
INFO: [ app_begin ] --END-- [ RunTime:0.000341s ]
SQL: SHOW COLUMNS FROM `tbkl_keys` [ RunTime:0.0031s ]
SQL: SELECT `id`,`keys`,`num` FROM `tbkl_keys` GROUP BY id ORDER BY id desc  [ RunTime:0.0001s ]
INFO: [ app_end ] --START--
INFO: Run Behavior\ShowPageTraceBehavior [ RunTime:0.000348s ]
INFO: [ app_end ] --END-- [ RunTime:0.000376s ]

[ 2019-05-14T11:52:03+08:00 ] 127.0.0.1 /api/video/hot_keys
INFO: [ app_init ] --START--
INFO: Run Behavior\BuildLiteBehavior [ RunTime:0.000009s ]
INFO: [ app_init ] --END-- [ RunTime:0.000242s ]
INFO: [ app_begin ] --START--
INFO: Run Behavior\ReadHtmlCacheBehavior [ RunTime:0.000315s ]
INFO: [ app_begin ] --END-- [ RunTime:0.000359s ]
SQL: SHOW COLUMNS FROM `tbkl_keys` [ RunTime:0.0030s ]
ERR: 1064:You have an error in your SQL syntax; check the manual that corresponds to your MySQL server version for the right syntax to use near 'keys ORDER BY id desc' at line 1
 [ SQL语句 ] : SELECT `id`,`keys`,`num` FROM `tbkl_keys` GROUP BY keys ORDER BY id desc 
ERR: 1064:You have an error in your SQL syntax; check the manual that corresponds to your MySQL server version for the right syntax to use near 'keys ORDER BY id desc' at line 1
 [ SQL语句 ] : SELECT `id`,`keys`,`num` FROM `tbkl_keys` GROUP BY keys ORDER BY id desc 

[ 2019-05-14T11:52:18+08:00 ] 127.0.0.1 /api/video/hot_keys
INFO: [ app_init ] --START--
INFO: Run Behavior\BuildLiteBehavior [ RunTime:0.000008s ]
INFO: [ app_init ] --END-- [ RunTime:0.000230s ]
INFO: [ app_begin ] --START--
INFO: Run Behavior\ReadHtmlCacheBehavior [ RunTime:0.000301s ]
INFO: [ app_begin ] --END-- [ RunTime:0.000340s ]
SQL: SHOW COLUMNS FROM `tbkl_keys` [ RunTime:0.0042s ]
ERR: 1064:You have an error in your SQL syntax; check the manual that corresponds to your MySQL server version for the right syntax to use near 'keys ORDER BY id desc' at line 1
 [ SQL语句 ] : SELECT `id`,`keys`,`num` FROM `tbkl_keys` GROUP BY keys ORDER BY id desc 
ERR: 1064:You have an error in your SQL syntax; check the manual that corresponds to your MySQL server version for the right syntax to use near 'keys ORDER BY id desc' at line 1
 [ SQL语句 ] : SELECT `id`,`keys`,`num` FROM `tbkl_keys` GROUP BY keys ORDER BY id desc 

[ 2019-05-14T11:52:18+08:00 ] 127.0.0.1 /api/video/hot_keys
INFO: [ app_init ] --START--
INFO: Run Behavior\BuildLiteBehavior [ RunTime:0.000009s ]
INFO: [ app_init ] --END-- [ RunTime:0.000225s ]
INFO: [ app_begin ] --START--
INFO: Run Behavior\ReadHtmlCacheBehavior [ RunTime:0.007168s ]
INFO: [ app_begin ] --END-- [ RunTime:0.007213s ]
SQL: SHOW COLUMNS FROM `tbkl_keys` [ RunTime:0.0030s ]
ERR: 1064:You have an error in your SQL syntax; check the manual that corresponds to your MySQL server version for the right syntax to use near 'keys ORDER BY id desc' at line 1
 [ SQL语句 ] : SELECT `id`,`keys`,`num` FROM `tbkl_keys` GROUP BY keys ORDER BY id desc 
ERR: 1064:You have an error in your SQL syntax; check the manual that corresponds to your MySQL server version for the right syntax to use near 'keys ORDER BY id desc' at line 1
 [ SQL语句 ] : SELECT `id`,`keys`,`num` FROM `tbkl_keys` GROUP BY keys ORDER BY id desc 

[ 2019-05-14T11:52:18+08:00 ] 127.0.0.1 /api/video/hot_keys
INFO: [ app_init ] --START--
INFO: Run Behavior\BuildLiteBehavior [ RunTime:0.000010s ]
INFO: [ app_init ] --END-- [ RunTime:0.000240s ]
INFO: [ app_begin ] --START--
INFO: Run Behavior\ReadHtmlCacheBehavior [ RunTime:0.000325s ]
INFO: [ app_begin ] --END-- [ RunTime:0.000367s ]
SQL: SHOW COLUMNS FROM `tbkl_keys` [ RunTime:0.0031s ]
ERR: 1064:You have an error in your SQL syntax; check the manual that corresponds to your MySQL server version for the right syntax to use near 'keys ORDER BY id desc' at line 1
 [ SQL语句 ] : SELECT `id`,`keys`,`num` FROM `tbkl_keys` GROUP BY keys ORDER BY id desc 
ERR: 1064:You have an error in your SQL syntax; check the manual that corresponds to your MySQL server version for the right syntax to use near 'keys ORDER BY id desc' at line 1
 [ SQL语句 ] : SELECT `id`,`keys`,`num` FROM `tbkl_keys` GROUP BY keys ORDER BY id desc 

[ 2019-05-14T11:52:18+08:00 ] 127.0.0.1 /api/video/hot_keys
INFO: [ app_init ] --START--
INFO: Run Behavior\BuildLiteBehavior [ RunTime:0.000009s ]
INFO: [ app_init ] --END-- [ RunTime:0.000220s ]
INFO: [ app_begin ] --START--
INFO: Run Behavior\ReadHtmlCacheBehavior [ RunTime:0.000296s ]
INFO: [ app_begin ] --END-- [ RunTime:0.000338s ]
SQL: SHOW COLUMNS FROM `tbkl_keys` [ RunTime:0.0032s ]
ERR: 1064:You have an error in your SQL syntax; check the manual that corresponds to your MySQL server version for the right syntax to use near 'keys ORDER BY id desc' at line 1
 [ SQL语句 ] : SELECT `id`,`keys`,`num` FROM `tbkl_keys` GROUP BY keys ORDER BY id desc 
ERR: 1064:You have an error in your SQL syntax; check the manual that corresponds to your MySQL server version for the right syntax to use near 'keys ORDER BY id desc' at line 1
 [ SQL语句 ] : SELECT `id`,`keys`,`num` FROM `tbkl_keys` GROUP BY keys ORDER BY id desc 

[ 2019-05-14T11:52:50+08:00 ] 127.0.0.1 /api/video/hot_keys
INFO: [ app_init ] --START--
INFO: Run Behavior\BuildLiteBehavior [ RunTime:0.000011s ]
INFO: [ app_init ] --END-- [ RunTime:0.000337s ]
INFO: [ app_begin ] --START--
INFO: Run Behavior\ReadHtmlCacheBehavior [ RunTime:0.000431s ]
INFO: [ app_begin ] --END-- [ RunTime:0.000487s ]
SQL: SHOW COLUMNS FROM `tbkl_keys` [ RunTime:0.0033s ]
ERR: 1064:You have an error in your SQL syntax; check the manual that corresponds to your MySQL server version for the right syntax to use near 'keys ORDER BY id desc' at line 1
 [ SQL语句 ] : SELECT `id`,`keys`,`num` FROM `tbkl_keys` GROUP BY keys ORDER BY id desc 
ERR: 1064:You have an error in your SQL syntax; check the manual that corresponds to your MySQL server version for the right syntax to use near 'keys ORDER BY id desc' at line 1
 [ SQL语句 ] : SELECT `id`,`keys`,`num` FROM `tbkl_keys` GROUP BY keys ORDER BY id desc 

[ 2019-05-14T11:52:51+08:00 ] 127.0.0.1 /api/video/hot_keys
INFO: [ app_init ] --START--
INFO: Run Behavior\BuildLiteBehavior [ RunTime:0.000010s ]
INFO: [ app_init ] --END-- [ RunTime:0.000231s ]
INFO: [ app_begin ] --START--
INFO: Run Behavior\ReadHtmlCacheBehavior [ RunTime:0.000336s ]
INFO: [ app_begin ] --END-- [ RunTime:0.000378s ]
SQL: SHOW COLUMNS FROM `tbkl_keys` [ RunTime:0.0028s ]
ERR: 1064:You have an error in your SQL syntax; check the manual that corresponds to your MySQL server version for the right syntax to use near 'keys ORDER BY id desc' at line 1
 [ SQL语句 ] : SELECT `id`,`keys`,`num` FROM `tbkl_keys` GROUP BY keys ORDER BY id desc 
ERR: 1064:You have an error in your SQL syntax; check the manual that corresponds to your MySQL server version for the right syntax to use near 'keys ORDER BY id desc' at line 1
 [ SQL语句 ] : SELECT `id`,`keys`,`num` FROM `tbkl_keys` GROUP BY keys ORDER BY id desc 

[ 2019-05-14T11:52:51+08:00 ] 127.0.0.1 /api/video/hot_keys
INFO: [ app_init ] --START--
INFO: Run Behavior\BuildLiteBehavior [ RunTime:0.000008s ]
INFO: [ app_init ] --END-- [ RunTime:0.000221s ]
INFO: [ app_begin ] --START--
INFO: Run Behavior\ReadHtmlCacheBehavior [ RunTime:0.000305s ]
INFO: [ app_begin ] --END-- [ RunTime:0.000344s ]
SQL: SHOW COLUMNS FROM `tbkl_keys` [ RunTime:0.0032s ]
ERR: 1064:You have an error in your SQL syntax; check the manual that corresponds to your MySQL server version for the right syntax to use near 'keys ORDER BY id desc' at line 1
 [ SQL语句 ] : SELECT `id`,`keys`,`num` FROM `tbkl_keys` GROUP BY keys ORDER BY id desc 
ERR: 1064:You have an error in your SQL syntax; check the manual that corresponds to your MySQL server version for the right syntax to use near 'keys ORDER BY id desc' at line 1
 [ SQL语句 ] : SELECT `id`,`keys`,`num` FROM `tbkl_keys` GROUP BY keys ORDER BY id desc 

[ 2019-05-14T11:52:51+08:00 ] 127.0.0.1 /api/video/hot_keys
INFO: [ app_init ] --START--
INFO: Run Behavior\BuildLiteBehavior [ RunTime:0.000009s ]
INFO: [ app_init ] --END-- [ RunTime:0.000228s ]
INFO: [ app_begin ] --START--
INFO: Run Behavior\ReadHtmlCacheBehavior [ RunTime:0.000319s ]
INFO: [ app_begin ] --END-- [ RunTime:0.000360s ]
SQL: SHOW COLUMNS FROM `tbkl_keys` [ RunTime:0.0031s ]
ERR: 1064:You have an error in your SQL syntax; check the manual that corresponds to your MySQL server version for the right syntax to use near 'keys ORDER BY id desc' at line 1
 [ SQL语句 ] : SELECT `id`,`keys`,`num` FROM `tbkl_keys` GROUP BY keys ORDER BY id desc 
ERR: 1064:You have an error in your SQL syntax; check the manual that corresponds to your MySQL server version for the right syntax to use near 'keys ORDER BY id desc' at line 1
 [ SQL语句 ] : SELECT `id`,`keys`,`num` FROM `tbkl_keys` GROUP BY keys ORDER BY id desc 

[ 2019-05-14T11:53:03+08:00 ] 127.0.0.1 /api/video/hot_keys
INFO: [ app_init ] --START--
INFO: Run Behavior\BuildLiteBehavior [ RunTime:0.000008s ]
INFO: [ app_init ] --END-- [ RunTime:0.000217s ]
INFO: [ app_begin ] --START--
INFO: Run Behavior\ReadHtmlCacheBehavior [ RunTime:0.000286s ]
INFO: [ app_begin ] --END-- [ RunTime:0.000324s ]
SQL: SHOW COLUMNS FROM `tbkl_keys` [ RunTime:0.0029s ]
SQL: SELECT `id`,`keys`,`num` FROM `tbkl_keys` ORDER BY id desc  [ RunTime:0.0001s ]
INFO: [ app_end ] --START--
INFO: Run Behavior\ShowPageTraceBehavior [ RunTime:0.000352s ]
INFO: [ app_end ] --END-- [ RunTime:0.000379s ]

[ 2019-05-14T11:53:04+08:00 ] 127.0.0.1 /api/video/hot_keys
INFO: [ app_init ] --START--
INFO: Run Behavior\BuildLiteBehavior [ RunTime:0.000008s ]
INFO: [ app_init ] --END-- [ RunTime:0.000224s ]
INFO: [ app_begin ] --START--
INFO: Run Behavior\ReadHtmlCacheBehavior [ RunTime:0.000338s ]
INFO: [ app_begin ] --END-- [ RunTime:0.000381s ]
SQL: SHOW COLUMNS FROM `tbkl_keys` [ RunTime:0.0029s ]
SQL: SELECT `id`,`keys`,`num` FROM `tbkl_keys` ORDER BY id desc  [ RunTime:0.0001s ]
INFO: [ app_end ] --START--
INFO: Run Behavior\ShowPageTraceBehavior [ RunTime:0.000357s ]
INFO: [ app_end ] --END-- [ RunTime:0.000384s ]

[ 2019-05-14T11:53:04+08:00 ] 127.0.0.1 /api/video/hot_keys
INFO: [ app_init ] --START--
INFO: Run Behavior\BuildLiteBehavior [ RunTime:0.000011s ]
INFO: [ app_init ] --END-- [ RunTime:0.000226s ]
INFO: [ app_begin ] --START--
INFO: Run Behavior\ReadHtmlCacheBehavior [ RunTime:0.000293s ]
INFO: [ app_begin ] --END-- [ RunTime:0.000332s ]
SQL: SHOW COLUMNS FROM `tbkl_keys` [ RunTime:0.0030s ]
SQL: SELECT `id`,`keys`,`num` FROM `tbkl_keys` ORDER BY id desc  [ RunTime:0.0002s ]
INFO: [ app_end ] --START--
INFO: Run Behavior\ShowPageTraceBehavior [ RunTime:0.000374s ]
INFO: [ app_end ] --END-- [ RunTime:0.000401s ]

