[ 2019-04-26T09:07:01+08:00 ] 127.0.0.1 /api/order/addorder
INFO: [ app_init ] --START--
INFO: Run Behavior\BuildLiteBehavior [ RunTime:0.000008s ]
INFO: [ app_init ] --END-- [ RunTime:0.000340s ]
INFO: [ app_begin ] --START--
INFO: Run Behavior\ReadHtmlCacheBehavior [ RunTime:0.000409s ]
INFO: [ app_begin ] --END-- [ RunTime:0.000456s ]
NOTIC: [8] Undefined variable: s D:\phpStudy\PHPTutorial\WWW\lljy.kailly.com\App\Common\Common\function.php 第 125 行.
SQL: SHOW COLUMNS FROM `tbkl_order` [ RunTime:0.0059s ]
SQL: INSERT INTO `tbkl_order` (`type`,`members_id`,`vip_id`,`vip_name`,`pay_money`,`ordercode`,`create_time`) VALUES ('1','1','1','1','10','2019042609070135055491','1556240821') [ RunTime:0.0264s ]
INFO: [ app_end ] --START--
INFO: Run Behavior\ShowPageTraceBehavior [ RunTime:0.000566s ]
INFO: [ app_end ] --END-- [ RunTime:0.000594s ]

[ 2019-04-26T09:08:50+08:00 ] 127.0.0.1 /api/order/addorder
INFO: [ app_init ] --START--
INFO: Run Behavior\BuildLiteBehavior [ RunTime:0.000010s ]
INFO: [ app_init ] --END-- [ RunTime:0.000330s ]
INFO: [ app_begin ] --START--
INFO: Run Behavior\ReadHtmlCacheBehavior [ RunTime:0.000390s ]
INFO: [ app_begin ] --END-- [ RunTime:0.000466s ]
NOTIC: [8] Undefined index: vip_id D:\phpStudy\PHPTutorial\WWW\lljy.kailly.com\App\Api\Controller\OrderController.class.php 第 42 行.
INFO: [ app_end ] --START--
INFO: Run Behavior\ShowPageTraceBehavior [ RunTime:0.000372s ]
INFO: [ app_end ] --END-- [ RunTime:0.000400s ]

[ 2019-04-26T09:09:12+08:00 ] 127.0.0.1 /api/order/addorder
INFO: [ app_init ] --START--
INFO: Run Behavior\BuildLiteBehavior [ RunTime:0.000014s ]
INFO: [ app_init ] --END-- [ RunTime:0.000353s ]
INFO: [ app_begin ] --START--
INFO: Run Behavior\ReadHtmlCacheBehavior [ RunTime:0.000422s ]
INFO: [ app_begin ] --END-- [ RunTime:0.000467s ]
NOTIC: [8] Undefined variable: s D:\phpStudy\PHPTutorial\WWW\lljy.kailly.com\App\Common\Common\function.php 第 125 行.
SQL: SHOW COLUMNS FROM `tbkl_order` [ RunTime:0.0049s ]
SQL: INSERT INTO `tbkl_order` (`type`,`members_id`,`video_id`,`pay_money`,`ordercode`,`create_time`) VALUES ('0','1','18','6','2019042609091210107392','1556240952') [ RunTime:0.0403s ]
INFO: [ app_end ] --START--
INFO: Run Behavior\ShowPageTraceBehavior [ RunTime:0.000592s ]
INFO: [ app_end ] --END-- [ RunTime:0.000617s ]

[ 2019-04-26T11:53:36+08:00 ] 127.0.0.1 /api/video/video_lst
INFO: [ app_init ] --START--
INFO: Run Behavior\BuildLiteBehavior [ RunTime:0.000014s ]
INFO: [ app_init ] --END-- [ RunTime:0.000369s ]
INFO: [ app_begin ] --START--
INFO: Run Behavior\ReadHtmlCacheBehavior [ RunTime:0.000368s ]
INFO: [ app_begin ] --END-- [ RunTime:0.000411s ]
SQL: SHOW COLUMNS FROM `tbkl_video` [ RunTime:0.0057s ]
SQL: SELECT `id`,`cate_id`,`title`,`pic`,`video`,`price`,`show_time`,`look`,`collect`,`buy_num` FROM `tbkl_video` WHERE `cate_id` = 8 AND `status` = '1' ORDER BY sort asc LIMIT 10   [ RunTime:0.0002s ]
INFO: [ app_end ] --START--
INFO: Run Behavior\ShowPageTraceBehavior [ RunTime:0.000486s ]
INFO: [ app_end ] --END-- [ RunTime:0.000512s ]

[ 2019-04-26T11:53:42+08:00 ] 127.0.0.1 /api/video/video_lst
INFO: [ app_init ] --START--
INFO: Run Behavior\BuildLiteBehavior [ RunTime:0.000010s ]
INFO: [ app_init ] --END-- [ RunTime:0.000315s ]
INFO: [ app_begin ] --START--
INFO: Run Behavior\ReadHtmlCacheBehavior [ RunTime:0.000376s ]
INFO: [ app_begin ] --END-- [ RunTime:0.000419s ]
SQL: SHOW COLUMNS FROM `tbkl_video` [ RunTime:0.0082s ]
SQL: SELECT `id`,`cate_id`,`title`,`pic`,`video`,`price`,`show_time`,`look`,`collect`,`buy_num` FROM `tbkl_video` WHERE `cate_id` = 8 AND `status` = '1' ORDER BY sort asc LIMIT 10   [ RunTime:0.0002s ]
INFO: [ app_end ] --START--
INFO: Run Behavior\ShowPageTraceBehavior [ RunTime:0.000437s ]
INFO: [ app_end ] --END-- [ RunTime:0.000467s ]

[ 2019-04-26T11:55:09+08:00 ] 127.0.0.1 /api/video/video_lst
INFO: [ app_init ] --START--
INFO: Run Behavior\BuildLiteBehavior [ RunTime:0.000009s ]
INFO: [ app_init ] --END-- [ RunTime:0.000361s ]
INFO: [ app_begin ] --START--
INFO: Run Behavior\ReadHtmlCacheBehavior [ RunTime:0.000418s ]
INFO: [ app_begin ] --END-- [ RunTime:0.000464s ]
SQL: SHOW COLUMNS FROM `tbkl_video` [ RunTime:0.0057s ]
SQL: SELECT `id`,`cate_id`,`title`,`pic`,`video`,`is_pay`,`price`,`show_time`,`look`,`collect`,`buy_num` FROM `tbkl_video` WHERE `cate_id` = 8 AND `status` = '1' ORDER BY sort asc LIMIT 10   [ RunTime:0.0003s ]
INFO: [ app_end ] --START--
INFO: Run Behavior\ShowPageTraceBehavior [ RunTime:0.000530s ]
INFO: [ app_end ] --END-- [ RunTime:0.000559s ]

[ 2019-04-26T12:28:43+08:00 ] 127.0.0.1 /api/video/video_details
INFO: [ app_init ] --START--
INFO: Run Behavior\BuildLiteBehavior [ RunTime:0.000009s ]
INFO: [ app_init ] --END-- [ RunTime:0.000386s ]
INFO: [ app_begin ] --START--
INFO: Run Behavior\ReadHtmlCacheBehavior [ RunTime:0.000443s ]
INFO: [ app_begin ] --END-- [ RunTime:0.000489s ]
SQL: SHOW COLUMNS FROM `tbkl_video` [ RunTime:0.0061s ]
SQL: UPDATE `tbkl_video` SET `look`=look+1 WHERE `id` = 22 [ RunTime:0.0003s ]
SQL: SELECT * FROM `tbkl_video` WHERE `id` = 22 LIMIT 1   [ RunTime:0.0002s ]
INFO: [ app_end ] --START--
INFO: Run Behavior\ShowPageTraceBehavior [ RunTime:0.000519s ]
INFO: [ app_end ] --END-- [ RunTime:0.000544s ]

[ 2019-04-26T12:28:53+08:00 ] 127.0.0.1 /api/video/video_details
INFO: [ app_init ] --START--
INFO: Run Behavior\BuildLiteBehavior [ RunTime:0.000009s ]
INFO: [ app_init ] --END-- [ RunTime:0.000296s ]
INFO: [ app_begin ] --START--
INFO: Run Behavior\ReadHtmlCacheBehavior [ RunTime:0.000456s ]
INFO: [ app_begin ] --END-- [ RunTime:0.000502s ]
SQL: SHOW COLUMNS FROM `tbkl_video` [ RunTime:0.0062s ]
SQL: UPDATE `tbkl_video` SET `look`=look+1 WHERE `id` = 22 [ RunTime:0.0002s ]
SQL: SELECT * FROM `tbkl_video` WHERE `id` = 22 LIMIT 1   [ RunTime:0.0002s ]
INFO: [ app_end ] --START--
INFO: Run Behavior\ShowPageTraceBehavior [ RunTime:0.000605s ]
INFO: [ app_end ] --END-- [ RunTime:0.000648s ]

[ 2019-04-26T14:45:58+08:00 ] 127.0.0.1 /api/me/members_info
INFO: [ app_init ] --START--
INFO: Run Behavior\BuildLiteBehavior [ RunTime:0.000014s ]
INFO: [ app_init ] --END-- [ RunTime:0.000563s ]
INFO: [ app_begin ] --START--
INFO: Run Behavior\ReadHtmlCacheBehavior [ RunTime:0.000673s ]
INFO: [ app_begin ] --END-- [ RunTime:0.000745s ]

[ 2019-04-26T14:46:41+08:00 ] 127.0.0.1 /api/me/members_info
INFO: [ app_init ] --START--
INFO: Run Behavior\BuildLiteBehavior [ RunTime:0.000011s ]
INFO: [ app_init ] --END-- [ RunTime:0.000406s ]
INFO: [ app_begin ] --START--
INFO: Run Behavior\ReadHtmlCacheBehavior [ RunTime:0.000450s ]
INFO: [ app_begin ] --END-- [ RunTime:0.000545s ]
NOTIC: [8] Undefined index: members_id D:\phpStudy\PHPTutorial\WWW\lljy.kailly.com\App\Api\Controller\MeController.class.php 第 12 行.

[ 2019-04-26T14:46:53+08:00 ] 127.0.0.1 /api/me/members_info?members_id=2
INFO: [ app_init ] --START--
INFO: Run Behavior\BuildLiteBehavior [ RunTime:0.000010s ]
INFO: [ app_init ] --END-- [ RunTime:0.000300s ]
INFO: [ app_begin ] --START--
INFO: Run Behavior\ReadHtmlCacheBehavior [ RunTime:0.000433s ]
INFO: [ app_begin ] --END-- [ RunTime:0.000492s ]

[ 2019-04-26T14:47:00+08:00 ] 127.0.0.1 /api/me/members_info?members_id=2
INFO: [ app_init ] --START--
INFO: Run Behavior\BuildLiteBehavior [ RunTime:0.000011s ]
INFO: [ app_init ] --END-- [ RunTime:0.000304s ]
INFO: [ app_begin ] --START--
INFO: Run Behavior\ReadHtmlCacheBehavior [ RunTime:0.000435s ]
INFO: [ app_begin ] --END-- [ RunTime:0.000484s ]
NOTIC: [8] Undefined variable: members_id D:\phpStudy\PHPTutorial\WWW\lljy.kailly.com\App\Api\Controller\MeController.class.php 第 19 行.

[ 2019-04-26T14:47:01+08:00 ] 127.0.0.1 /api/me/members_info?members_id=2
INFO: [ app_init ] --START--
INFO: Run Behavior\BuildLiteBehavior [ RunTime:0.000012s ]
INFO: [ app_init ] --END-- [ RunTime:0.000445s ]
INFO: [ app_begin ] --START--
INFO: Run Behavior\ReadHtmlCacheBehavior [ RunTime:0.000505s ]
INFO: [ app_begin ] --END-- [ RunTime:0.000565s ]
NOTIC: [8] Undefined variable: members_id D:\phpStudy\PHPTutorial\WWW\lljy.kailly.com\App\Api\Controller\MeController.class.php 第 19 行.

[ 2019-04-26T14:47:01+08:00 ] 127.0.0.1 /api/me/members_info?members_id=2
INFO: [ app_init ] --START--
INFO: Run Behavior\BuildLiteBehavior [ RunTime:0.000009s ]
INFO: [ app_init ] --END-- [ RunTime:0.000312s ]
INFO: [ app_begin ] --START--
INFO: Run Behavior\ReadHtmlCacheBehavior [ RunTime:0.000393s ]
INFO: [ app_begin ] --END-- [ RunTime:0.000440s ]
NOTIC: [8] Undefined variable: members_id D:\phpStudy\PHPTutorial\WWW\lljy.kailly.com\App\Api\Controller\MeController.class.php 第 19 行.

[ 2019-04-26T14:47:01+08:00 ] 127.0.0.1 /api/me/members_info?members_id=2
INFO: [ app_init ] --START--
INFO: Run Behavior\BuildLiteBehavior [ RunTime:0.000010s ]
INFO: [ app_init ] --END-- [ RunTime:0.000364s ]
INFO: [ app_begin ] --START--
INFO: Run Behavior\ReadHtmlCacheBehavior [ RunTime:0.000398s ]
INFO: [ app_begin ] --END-- [ RunTime:0.000442s ]
NOTIC: [8] Undefined variable: members_id D:\phpStudy\PHPTutorial\WWW\lljy.kailly.com\App\Api\Controller\MeController.class.php 第 19 行.

[ 2019-04-26T14:47:01+08:00 ] 127.0.0.1 /api/me/members_info?members_id=2
INFO: [ app_init ] --START--
INFO: Run Behavior\BuildLiteBehavior [ RunTime:0.000011s ]
INFO: [ app_init ] --END-- [ RunTime:0.000331s ]
INFO: [ app_begin ] --START--
INFO: Run Behavior\ReadHtmlCacheBehavior [ RunTime:0.000431s ]
INFO: [ app_begin ] --END-- [ RunTime:0.000482s ]
NOTIC: [8] Undefined variable: members_id D:\phpStudy\PHPTutorial\WWW\lljy.kailly.com\App\Api\Controller\MeController.class.php 第 19 行.

[ 2019-04-26T14:47:01+08:00 ] 127.0.0.1 /api/me/members_info?members_id=2
INFO: [ app_init ] --START--
INFO: Run Behavior\BuildLiteBehavior [ RunTime:0.000010s ]
INFO: [ app_init ] --END-- [ RunTime:0.000304s ]
INFO: [ app_begin ] --START--
INFO: Run Behavior\ReadHtmlCacheBehavior [ RunTime:0.000440s ]
INFO: [ app_begin ] --END-- [ RunTime:0.000487s ]
NOTIC: [8] Undefined variable: members_id D:\phpStudy\PHPTutorial\WWW\lljy.kailly.com\App\Api\Controller\MeController.class.php 第 19 行.

[ 2019-04-26T15:08:17+08:00 ] 127.0.0.1 /api/video/look_handle
INFO: [ app_init ] --START--
INFO: Run Behavior\BuildLiteBehavior [ RunTime:0.000008s ]
INFO: [ app_init ] --END-- [ RunTime:0.000378s ]
INFO: [ app_begin ] --START--
INFO: Run Behavior\ReadHtmlCacheBehavior [ RunTime:0.000598s ]
INFO: [ app_begin ] --END-- [ RunTime:0.000667s ]

[ 2019-04-26T15:08:37+08:00 ] 127.0.0.1 /api/video/look_handle
INFO: [ app_init ] --START--
INFO: Run Behavior\BuildLiteBehavior [ RunTime:0.000011s ]
INFO: [ app_init ] --END-- [ RunTime:0.000377s ]
INFO: [ app_begin ] --START--
INFO: Run Behavior\ReadHtmlCacheBehavior [ RunTime:0.000516s ]
INFO: [ app_begin ] --END-- [ RunTime:0.000576s ]
NOTIC: [8] Undefined variable: id D:\phpStudy\PHPTutorial\WWW\lljy.kailly.com\App\Api\Controller\VideoController.class.php 第 190 行.
SQL: SHOW COLUMNS FROM `tbkl_video_look` [ RunTime:0.0101s ]
SQL: SELECT * FROM `tbkl_video_look` WHERE `video_id` = null AND `members_id` = 1 LIMIT 1   [ RunTime:0.0008s ]
SQL: INSERT INTO `tbkl_video_look` (`look_time`) VALUES ('1556262517') [ RunTime:0.0025s ]
INFO: [ app_end ] --START--
INFO: Run Behavior\ShowPageTraceBehavior [ RunTime:0.000699s ]
INFO: [ app_end ] --END-- [ RunTime:0.000734s ]

[ 2019-04-26T15:09:44+08:00 ] 127.0.0.1 /api/video/look_handle
INFO: [ app_init ] --START--
INFO: Run Behavior\BuildLiteBehavior [ RunTime:0.000010s ]
INFO: [ app_init ] --END-- [ RunTime:0.000297s ]
INFO: [ app_begin ] --START--
INFO: Run Behavior\ReadHtmlCacheBehavior [ RunTime:0.000666s ]
INFO: [ app_begin ] --END-- [ RunTime:0.000722s ]
NOTIC: [8] Undefined variable: id D:\phpStudy\PHPTutorial\WWW\lljy.kailly.com\App\Api\Controller\VideoController.class.php 第 191 行.
SQL: SHOW COLUMNS FROM `tbkl_video_look` [ RunTime:0.0065s ]
SQL: SELECT * FROM `tbkl_video_look` WHERE `video_id` = null AND `members_id` = 1 LIMIT 1   [ RunTime:0.0002s ]
SQL: INSERT INTO `tbkl_video_look` (`video_id`,`members_id`,`look_time`) VALUES ('1','1','1556262584') [ RunTime:0.0001s ]
INFO: [ app_end ] --START--
INFO: Run Behavior\ShowPageTraceBehavior [ RunTime:0.000452s ]
INFO: [ app_end ] --END-- [ RunTime:0.000476s ]

[ 2019-04-26T15:10:05+08:00 ] 127.0.0.1 /api/video/look_handle
INFO: [ app_init ] --START--
INFO: Run Behavior\BuildLiteBehavior [ RunTime:0.000009s ]
INFO: [ app_init ] --END-- [ RunTime:0.000296s ]
INFO: [ app_begin ] --START--
INFO: Run Behavior\ReadHtmlCacheBehavior [ RunTime:0.000410s ]
INFO: [ app_begin ] --END-- [ RunTime:0.000452s ]
NOTIC: [8] Undefined variable: id D:\phpStudy\PHPTutorial\WWW\lljy.kailly.com\App\Api\Controller\VideoController.class.php 第 191 行.
SQL: SHOW COLUMNS FROM `tbkl_video_look` [ RunTime:0.0077s ]
SQL: SELECT * FROM `tbkl_video_look` WHERE `video_id` = null AND `members_id` = 1 LIMIT 1   [ RunTime:0.0002s ]
SQL: INSERT INTO `tbkl_video_look` (`video_id`,`members_id`,`look_time`) VALUES ('1','1','1556262605') [ RunTime:0.0002s ]
INFO: [ app_end ] --START--
INFO: Run Behavior\ShowPageTraceBehavior [ RunTime:0.000438s ]
INFO: [ app_end ] --END-- [ RunTime:0.000463s ]

[ 2019-04-26T15:10:13+08:00 ] 127.0.0.1 /api/video/look_handle
INFO: [ app_init ] --START--
INFO: Run Behavior\BuildLiteBehavior [ RunTime:0.000010s ]
INFO: [ app_init ] --END-- [ RunTime:0.000307s ]
INFO: [ app_begin ] --START--
INFO: Run Behavior\ReadHtmlCacheBehavior [ RunTime:0.000504s ]
INFO: [ app_begin ] --END-- [ RunTime:0.000554s ]
NOTIC: [8] Undefined variable: id D:\phpStudy\PHPTutorial\WWW\lljy.kailly.com\App\Api\Controller\VideoController.class.php 第 191 行.
SQL: SHOW COLUMNS FROM `tbkl_video_look` [ RunTime:0.0064s ]
SQL: SELECT * FROM `tbkl_video_look` WHERE `video_id` = null AND `members_id` = 1 LIMIT 1   [ RunTime:0.0002s ]
SQL: INSERT INTO `tbkl_video_look` (`video_id`,`members_id`,`look_time`) VALUES ('1','1','1556262613') [ RunTime:0.0001s ]
INFO: [ app_end ] --START--
INFO: Run Behavior\ShowPageTraceBehavior [ RunTime:0.000441s ]
INFO: [ app_end ] --END-- [ RunTime:0.000465s ]

[ 2019-04-26T15:10:36+08:00 ] 127.0.0.1 /api/video/look_handle
INFO: [ app_init ] --START--
INFO: Run Behavior\BuildLiteBehavior [ RunTime:0.000010s ]
INFO: [ app_init ] --END-- [ RunTime:0.000408s ]
INFO: [ app_begin ] --START--
INFO: Run Behavior\ReadHtmlCacheBehavior [ RunTime:0.000465s ]
INFO: [ app_begin ] --END-- [ RunTime:0.000518s ]
NOTIC: [8] Undefined variable: id D:\phpStudy\PHPTutorial\WWW\lljy.kailly.com\App\Api\Controller\VideoController.class.php 第 191 行.
SQL: SHOW COLUMNS FROM `tbkl_video_look` [ RunTime:0.0063s ]
SQL: SELECT * FROM `tbkl_video_look` WHERE `video_id` = null AND `members_id` = 1 LIMIT 1   [ RunTime:0.0003s ]
SQL: INSERT INTO `tbkl_video_look` (`video_id`,`members_id`,`look_time`) VALUES ('1','1','1556262636') [ RunTime:0.0002s ]
INFO: [ app_end ] --START--
INFO: Run Behavior\ShowPageTraceBehavior [ RunTime:0.000555s ]
INFO: [ app_end ] --END-- [ RunTime:0.000581s ]

[ 2019-04-26T15:11:10+08:00 ] 127.0.0.1 /api/video/look_handle
INFO: [ app_init ] --START--
INFO: Run Behavior\BuildLiteBehavior [ RunTime:0.000009s ]
INFO: [ app_init ] --END-- [ RunTime:0.000334s ]
INFO: [ app_begin ] --START--
INFO: Run Behavior\ReadHtmlCacheBehavior [ RunTime:0.000382s ]
INFO: [ app_begin ] --END-- [ RunTime:0.000425s ]
SQL: SHOW COLUMNS FROM `tbkl_video_look` [ RunTime:0.0061s ]
SQL: SELECT * FROM `tbkl_video_look` WHERE `video_id` = 1 AND `members_id` = 1 LIMIT 1   [ RunTime:0.0010s ]
SQL: INSERT INTO `tbkl_video_look` (`video_id`,`members_id`,`look_time`) VALUES ('1','1','1556262670') [ RunTime:0.0005s ]
INFO: [ app_end ] --START--
INFO: Run Behavior\ShowPageTraceBehavior [ RunTime:0.001705s ]
INFO: [ app_end ] --END-- [ RunTime:0.001790s ]

[ 2019-04-26T15:11:17+08:00 ] 127.0.0.1 /api/video/look_handle
INFO: [ app_init ] --START--
INFO: Run Behavior\BuildLiteBehavior [ RunTime:0.000010s ]
INFO: [ app_init ] --END-- [ RunTime:0.000314s ]
INFO: [ app_begin ] --START--
INFO: Run Behavior\ReadHtmlCacheBehavior [ RunTime:0.000388s ]
INFO: [ app_begin ] --END-- [ RunTime:0.000431s ]
SQL: SHOW COLUMNS FROM `tbkl_video_look` [ RunTime:0.0067s ]
SQL: SELECT * FROM `tbkl_video_look` WHERE `video_id` = 1 AND `members_id` = 1 LIMIT 1   [ RunTime:0.0003s ]

[ 2019-04-26T15:11:26+08:00 ] 127.0.0.1 /api/video/look_handle
INFO: [ app_init ] --START--
INFO: Run Behavior\BuildLiteBehavior [ RunTime:0.000009s ]
INFO: [ app_init ] --END-- [ RunTime:0.000327s ]
INFO: [ app_begin ] --START--
INFO: Run Behavior\ReadHtmlCacheBehavior [ RunTime:0.000474s ]
INFO: [ app_begin ] --END-- [ RunTime:0.000524s ]
SQL: SHOW COLUMNS FROM `tbkl_video_look` [ RunTime:0.0074s ]
SQL: SELECT * FROM `tbkl_video_look` WHERE `video_id` = 1 AND `members_id` = 1 LIMIT 1   [ RunTime:0.0002s ]
INFO: [ app_end ] --START--
INFO: Run Behavior\ShowPageTraceBehavior [ RunTime:0.000475s ]
INFO: [ app_end ] --END-- [ RunTime:0.000501s ]

[ 2019-04-26T15:11:54+08:00 ] 127.0.0.1 /api/video/look_handle
INFO: [ app_init ] --START--
INFO: Run Behavior\BuildLiteBehavior [ RunTime:0.000015s ]
INFO: [ app_init ] --END-- [ RunTime:0.000380s ]
INFO: [ app_begin ] --START--
INFO: Run Behavior\ReadHtmlCacheBehavior [ RunTime:0.000387s ]
INFO: [ app_begin ] --END-- [ RunTime:0.000435s ]
SQL: SHOW COLUMNS FROM `tbkl_video_look` [ RunTime:0.0062s ]
SQL: SELECT * FROM `tbkl_video_look` WHERE `video_id` = 1 AND `members_id` = 1 LIMIT 1   [ RunTime:0.0003s ]

[ 2019-04-26T15:13:50+08:00 ] 127.0.0.1 /api/video/look_handle
INFO: [ app_init ] --START--
INFO: Run Behavior\BuildLiteBehavior [ RunTime:0.000011s ]
INFO: [ app_init ] --END-- [ RunTime:0.000400s ]
INFO: [ app_begin ] --START--
INFO: Run Behavior\ReadHtmlCacheBehavior [ RunTime:0.000521s ]
INFO: [ app_begin ] --END-- [ RunTime:0.000582s ]
SQL: SHOW COLUMNS FROM `tbkl_video_look` [ RunTime:0.0132s ]
SQL: SELECT * FROM `tbkl_video_look` WHERE `video_id` = 1 AND `members_id` = 1 LIMIT 1   [ RunTime:0.0003s ]
INFO: [ app_end ] --START--
INFO: Run Behavior\ShowPageTraceBehavior [ RunTime:0.002707s ]
INFO: [ app_end ] --END-- [ RunTime:0.002759s ]

[ 2019-04-26T15:14:25+08:00 ] 127.0.0.1 /api/video/look_handle
INFO: [ app_init ] --START--
INFO: Run Behavior\BuildLiteBehavior [ RunTime:0.000015s ]
INFO: [ app_init ] --END-- [ RunTime:0.000407s ]
INFO: [ app_begin ] --START--
INFO: Run Behavior\ReadHtmlCacheBehavior [ RunTime:0.001006s ]
INFO: [ app_begin ] --END-- [ RunTime:0.001167s ]
SQL: SHOW COLUMNS FROM `tbkl_video_look` [ RunTime:0.0127s ]
SQL: SELECT * FROM `tbkl_video_look` WHERE `video_id` = 1 AND `members_id` = 1 LIMIT 1   [ RunTime:0.0002s ]

[ 2019-04-26T15:15:03+08:00 ] 127.0.0.1 /api/video/look_handle
INFO: [ app_init ] --START--
INFO: Run Behavior\BuildLiteBehavior [ RunTime:0.000014s ]
INFO: [ app_init ] --END-- [ RunTime:0.000399s ]
INFO: [ app_begin ] --START--
INFO: Run Behavior\ReadHtmlCacheBehavior [ RunTime:0.000479s ]
INFO: [ app_begin ] --END-- [ RunTime:0.000539s ]
SQL: SHOW COLUMNS FROM `tbkl_video_look` [ RunTime:0.0084s ]
SQL: SELECT * FROM `tbkl_video_look` WHERE `video_id` = 1 AND `members_id` = 1 LIMIT 1   [ RunTime:0.0002s ]
INFO: [ app_end ] --START--
INFO: Run Behavior\ShowPageTraceBehavior [ RunTime:0.000507s ]
INFO: [ app_end ] --END-- [ RunTime:0.000533s ]

[ 2019-04-26T15:16:04+08:00 ] 127.0.0.1 /api/video/look_handle
INFO: [ app_init ] --START--
INFO: Run Behavior\BuildLiteBehavior [ RunTime:0.000009s ]
INFO: [ app_init ] --END-- [ RunTime:0.000409s ]
INFO: [ app_begin ] --START--
INFO: Run Behavior\ReadHtmlCacheBehavior [ RunTime:0.000488s ]
INFO: [ app_begin ] --END-- [ RunTime:0.000552s ]
SQL: SHOW COLUMNS FROM `tbkl_video_look` [ RunTime:0.0060s ]
SQL: SELECT * FROM `tbkl_video_look` WHERE `video_id` = 1 AND `members_id` = 1 LIMIT 1   [ RunTime:0.0002s ]
SQL: UPDATE `tbkl_video_look` SET `num`='2',`look_time`='1556262964' WHERE `video_id` = 1 AND `members_id` = 1 [ RunTime:0.0002s ]
INFO: [ app_end ] --START--
INFO: Run Behavior\ShowPageTraceBehavior [ RunTime:0.000505s ]
INFO: [ app_end ] --END-- [ RunTime:0.000532s ]

[ 2019-04-26T15:16:18+08:00 ] 127.0.0.1 /api/video/look_handle
INFO: [ app_init ] --START--
INFO: Run Behavior\BuildLiteBehavior [ RunTime:0.000010s ]
INFO: [ app_init ] --END-- [ RunTime:0.000413s ]
INFO: [ app_begin ] --START--
INFO: Run Behavior\ReadHtmlCacheBehavior [ RunTime:0.000363s ]
INFO: [ app_begin ] --END-- [ RunTime:0.000403s ]
SQL: SHOW COLUMNS FROM `tbkl_video_look` [ RunTime:0.0060s ]
SQL: SELECT * FROM `tbkl_video_look` WHERE `video_id` = 1 AND `members_id` = 1 LIMIT 1   [ RunTime:0.0002s ]
SQL: UPDATE `tbkl_video_look` SET `num`='3',`look_time`='1556262978' WHERE `video_id` = 1 AND `members_id` = 1 [ RunTime:0.0001s ]
INFO: [ app_end ] --START--
INFO: Run Behavior\ShowPageTraceBehavior [ RunTime:0.000456s ]
INFO: [ app_end ] --END-- [ RunTime:0.000481s ]

[ 2019-04-26T15:16:41+08:00 ] 127.0.0.1 /api/video/look_handle
INFO: [ app_init ] --START--
INFO: Run Behavior\BuildLiteBehavior [ RunTime:0.000008s ]
INFO: [ app_init ] --END-- [ RunTime:0.000318s ]
INFO: [ app_begin ] --START--
INFO: Run Behavior\ReadHtmlCacheBehavior [ RunTime:0.000409s ]
INFO: [ app_begin ] --END-- [ RunTime:0.000459s ]
SQL: SHOW COLUMNS FROM `tbkl_video_look` [ RunTime:0.0066s ]
SQL: SELECT * FROM `tbkl_video_look` WHERE `video_id` = 2 AND `members_id` = 1 LIMIT 1   [ RunTime:0.0003s ]
SQL: INSERT INTO `tbkl_video_look` (`video_id`,`members_id`,`look_time`) VALUES ('2','1','1556263001') [ RunTime:0.0002s ]
INFO: [ app_end ] --START--
INFO: Run Behavior\ShowPageTraceBehavior [ RunTime:0.000748s ]
INFO: [ app_end ] --END-- [ RunTime:0.000789s ]

[ 2019-04-26T15:54:46+08:00 ] 127.0.0.1 /api/me/msg_handel
INFO: [ app_init ] --START--
INFO: Run Behavior\BuildLiteBehavior [ RunTime:0.000009s ]
INFO: [ app_init ] --END-- [ RunTime:0.000290s ]
INFO: [ app_begin ] --START--
INFO: Run Behavior\ReadHtmlCacheBehavior [ RunTime:0.000354s ]
INFO: [ app_begin ] --END-- [ RunTime:0.000394s ]
SQL: SHOW COLUMNS FROM `tbkl_members` [ RunTime:0.0053s ]
SQL: SELECT `headimgurl`,`nickname`,`username` FROM `tbkl_members` WHERE `id` = 1 LIMIT 1   [ RunTime:0.0002s ]
SQL: SHOW COLUMNS FROM `tbkl_messages` [ RunTime:0.0051s ]
SQL: INSERT INTO `tbkl_messages` (`members_id`,`headimgurl`,`nickname`,`username`,`content`,`contact`,`ip`,`create_time`) VALUES ('1','https://wx.qlogo.cn/mmopen/vi_32/f6Npusia1ltfH3ArhzYL1DDqpE5lWeIKtR4rhbSkZCpB65el1Ib7cDGKQnPqtEtQJswzu2BBCZHrh6CVROHg6rw/132','6I+g6JCd6I+g6JCdTWU=','韩全涛','反馈内容','365897@qq.com/13111111111','127.0.0.1','1556265286') [ RunTime:0.0002s ]
INFO: [ app_end ] --START--
INFO: Run Behavior\ShowPageTraceBehavior [ RunTime:0.000418s ]
INFO: [ app_end ] --END-- [ RunTime:0.000446s ]

[ 2019-04-26T17:16:43+08:00 ] 127.0.0.1 /api/video/collect_handle
INFO: [ app_init ] --START--
INFO: Run Behavior\BuildLiteBehavior [ RunTime:0.000009s ]
INFO: [ app_init ] --END-- [ RunTime:0.000277s ]
INFO: [ app_begin ] --START--
INFO: Run Behavior\ReadHtmlCacheBehavior [ RunTime:0.000349s ]
INFO: [ app_begin ] --END-- [ RunTime:0.000388s ]

[ 2019-04-26T17:16:58+08:00 ] 127.0.0.1 /api/video/collect_handle
INFO: [ app_init ] --START--
INFO: Run Behavior\BuildLiteBehavior [ RunTime:0.000008s ]
INFO: [ app_init ] --END-- [ RunTime:0.000278s ]
INFO: [ app_begin ] --START--
INFO: Run Behavior\ReadHtmlCacheBehavior [ RunTime:0.000366s ]
INFO: [ app_begin ] --END-- [ RunTime:0.000407s ]
NOTIC: [8] Undefined variable: id D:\phpStudy\PHPTutorial\WWW\lljy.kailly.com\App\Api\Controller\VideoController.class.php 第 152 行.
SQL: SHOW COLUMNS FROM `tbkl_collect` [ RunTime:0.0057s ]
SQL: SELECT * FROM `tbkl_collect` WHERE `video_id` = null AND `members_id` = 1  [ RunTime:0.0002s ]
NOTIC: [8] Undefined variable: id D:\phpStudy\PHPTutorial\WWW\lljy.kailly.com\App\Api\Controller\VideoController.class.php 第 162 行.
ERR: 1048:Column 'video_id' cannot be null
 [ SQL语句 ] : INSERT INTO `tbkl_collect` (`video_id`,`members_id`,`create_time`) VALUES (NULL,'1','1556270218')
ERR: 1048:Column 'video_id' cannot be null
 [ SQL语句 ] : INSERT INTO `tbkl_collect` (`video_id`,`members_id`,`create_time`) VALUES (NULL,'1','1556270218')

[ 2019-04-26T17:17:48+08:00 ] 127.0.0.1 /api/video/collect_handle
INFO: [ app_init ] --START--
INFO: Run Behavior\BuildLiteBehavior [ RunTime:0.000010s ]
INFO: [ app_init ] --END-- [ RunTime:0.000315s ]
INFO: [ app_begin ] --START--
INFO: Run Behavior\ReadHtmlCacheBehavior [ RunTime:0.000374s ]
INFO: [ app_begin ] --END-- [ RunTime:0.000419s ]
NOTIC: [8] Undefined variable: id D:\phpStudy\PHPTutorial\WWW\lljy.kailly.com\App\Api\Controller\VideoController.class.php 第 152 行.
SQL: SHOW COLUMNS FROM `tbkl_collect` [ RunTime:0.0050s ]
SQL: SELECT * FROM `tbkl_collect` WHERE `video_id` = null AND `members_id` = 1  [ RunTime:0.0001s ]
NOTIC: [8] Undefined variable: id D:\phpStudy\PHPTutorial\WWW\lljy.kailly.com\App\Api\Controller\VideoController.class.php 第 162 行.
ERR: 1048:Column 'video_id' cannot be null
 [ SQL语句 ] : INSERT INTO `tbkl_collect` (`video_id`,`members_id`,`create_time`) VALUES (NULL,'1','1556270268')
ERR: 1048:Column 'video_id' cannot be null
 [ SQL语句 ] : INSERT INTO `tbkl_collect` (`video_id`,`members_id`,`create_time`) VALUES (NULL,'1','1556270268')

[ 2019-04-26T17:18:45+08:00 ] 127.0.0.1 /api/video/collect_handle
INFO: [ app_init ] --START--
INFO: Run Behavior\BuildLiteBehavior [ RunTime:0.000009s ]
INFO: [ app_init ] --END-- [ RunTime:0.000419s ]
INFO: [ app_begin ] --START--
INFO: Run Behavior\ReadHtmlCacheBehavior [ RunTime:0.000414s ]
INFO: [ app_begin ] --END-- [ RunTime:0.000458s ]
NOTIC: [8] Undefined variable: id D:\phpStudy\PHPTutorial\WWW\lljy.kailly.com\App\Api\Controller\VideoController.class.php 第 152 行.
SQL: SHOW COLUMNS FROM `tbkl_collect` [ RunTime:0.0053s ]
SQL: SELECT * FROM `tbkl_collect` WHERE `video_id` = null AND `members_id` = 1  [ RunTime:0.0001s ]

[ 2019-04-26T17:19:13+08:00 ] 127.0.0.1 /api/video/collect_handle
INFO: [ app_init ] --START--
INFO: Run Behavior\BuildLiteBehavior [ RunTime:0.000010s ]
INFO: [ app_init ] --END-- [ RunTime:0.000362s ]
INFO: [ app_begin ] --START--
INFO: Run Behavior\ReadHtmlCacheBehavior [ RunTime:0.000392s ]
INFO: [ app_begin ] --END-- [ RunTime:0.000433s ]
NOTIC: [8] Undefined variable: id D:\phpStudy\PHPTutorial\WWW\lljy.kailly.com\App\Api\Controller\VideoController.class.php 第 152 行.
SQL: SHOW COLUMNS FROM `tbkl_collect` [ RunTime:0.0050s ]
SQL: SELECT * FROM `tbkl_collect` WHERE `video_id` = null AND `members_id` = 1  [ RunTime:0.0001s ]
NOTIC: [8] Undefined variable: id D:\phpStudy\PHPTutorial\WWW\lljy.kailly.com\App\Api\Controller\VideoController.class.php 第 162 行.

[ 2019-04-26T17:19:26+08:00 ] 127.0.0.1 /api/video/collect_handle
INFO: [ app_init ] --START--
INFO: Run Behavior\BuildLiteBehavior [ RunTime:0.000009s ]
INFO: [ app_init ] --END-- [ RunTime:0.000334s ]
INFO: [ app_begin ] --START--
INFO: Run Behavior\ReadHtmlCacheBehavior [ RunTime:0.000378s ]
INFO: [ app_begin ] --END-- [ RunTime:0.000434s ]
NOTIC: [8] Undefined variable: id D:\phpStudy\PHPTutorial\WWW\lljy.kailly.com\App\Api\Controller\VideoController.class.php 第 152 行.
SQL: SHOW COLUMNS FROM `tbkl_collect` [ RunTime:0.0066s ]
SQL: SELECT * FROM `tbkl_collect` WHERE `video_id` = null AND `members_id` = 1  [ RunTime:0.0002s ]
SQL: INSERT INTO `tbkl_collect` (`video_id`,`members_id`,`create_time`) VALUES ('18','1','1556270366') [ RunTime:0.0004s ]
INFO: [ app_end ] --START--
INFO: Run Behavior\ShowPageTraceBehavior [ RunTime:0.000619s ]
INFO: [ app_end ] --END-- [ RunTime:0.000648s ]

[ 2019-04-26T17:20:22+08:00 ] 127.0.0.1 /api/video/video_lst
INFO: [ app_init ] --START--
INFO: Run Behavior\BuildLiteBehavior [ RunTime:0.000008s ]
INFO: [ app_init ] --END-- [ RunTime:0.000294s ]
INFO: [ app_begin ] --START--
INFO: Run Behavior\ReadHtmlCacheBehavior [ RunTime:0.000366s ]
INFO: [ app_begin ] --END-- [ RunTime:0.000407s ]
SQL: SHOW COLUMNS FROM `tbkl_video` [ RunTime:0.0055s ]
SQL: SELECT `id`,`cate_id`,`title`,`pic`,`video`,`is_pay`,`price`,`show_time`,`look`,`collect`,`buy_num` FROM `tbkl_video` WHERE `cate_id` = 8 AND `status` = '1' ORDER BY sort asc LIMIT 10   [ RunTime:0.0003s ]
NOTIC: [8] Undefined variable: members_id D:\phpStudy\PHPTutorial\WWW\lljy.kailly.com\App\Api\Controller\VideoController.class.php 第 39 行.
SQL: SHOW COLUMNS FROM `tbkl_collect` [ RunTime:0.0055s ]
SQL: SELECT * FROM `tbkl_collect` WHERE `members_id` = null  [ RunTime:0.0002s ]
INFO: [ app_end ] --START--
INFO: Run Behavior\ShowPageTraceBehavior [ RunTime:0.000467s ]
INFO: [ app_end ] --END-- [ RunTime:0.000494s ]

[ 2019-04-26T17:20:34+08:00 ] 127.0.0.1 /api/video/video_lst
INFO: [ app_init ] --START--
INFO: Run Behavior\BuildLiteBehavior [ RunTime:0.000008s ]
INFO: [ app_init ] --END-- [ RunTime:0.000290s ]
INFO: [ app_begin ] --START--
INFO: Run Behavior\ReadHtmlCacheBehavior [ RunTime:0.000384s ]
INFO: [ app_begin ] --END-- [ RunTime:0.000427s ]
SQL: SHOW COLUMNS FROM `tbkl_video` [ RunTime:0.0053s ]
SQL: SELECT `id`,`cate_id`,`title`,`pic`,`video`,`is_pay`,`price`,`show_time`,`look`,`collect`,`buy_num` FROM `tbkl_video` WHERE `cate_id` = 8 AND `status` = '1' ORDER BY sort asc LIMIT 10   [ RunTime:0.0003s ]
NOTIC: [8] Undefined variable: members_id D:\phpStudy\PHPTutorial\WWW\lljy.kailly.com\App\Api\Controller\VideoController.class.php 第 40 行.
SQL: SHOW COLUMNS FROM `tbkl_collect` [ RunTime:0.0052s ]
SQL: SELECT * FROM `tbkl_collect` WHERE `members_id` = null  [ RunTime:0.0001s ]
INFO: [ app_end ] --START--
INFO: Run Behavior\ShowPageTraceBehavior [ RunTime:0.000438s ]
INFO: [ app_end ] --END-- [ RunTime:0.000465s ]

[ 2019-04-26T17:20:58+08:00 ] 127.0.0.1 /api/video/video_lst
INFO: [ app_init ] --START--
INFO: Run Behavior\BuildLiteBehavior [ RunTime:0.000009s ]
INFO: [ app_init ] --END-- [ RunTime:0.000361s ]
INFO: [ app_begin ] --START--
INFO: Run Behavior\ReadHtmlCacheBehavior [ RunTime:0.000416s ]
INFO: [ app_begin ] --END-- [ RunTime:0.000458s ]
SQL: SHOW COLUMNS FROM `tbkl_video` [ RunTime:0.0063s ]
SQL: SELECT `id`,`cate_id`,`title`,`pic`,`video`,`is_pay`,`price`,`show_time`,`look`,`collect`,`buy_num` FROM `tbkl_video` WHERE `cate_id` = 8 AND `status` = '1' ORDER BY sort asc LIMIT 10   [ RunTime:0.0003s ]
NOTIC: [8] Undefined variable: members_id D:\phpStudy\PHPTutorial\WWW\lljy.kailly.com\App\Api\Controller\VideoController.class.php 第 39 行.
SQL: SHOW COLUMNS FROM `tbkl_collect` [ RunTime:0.0050s ]
SQL: SELECT * FROM `tbkl_collect` WHERE `members_id` = null  [ RunTime:0.0001s ]

[ 2019-04-26T17:21:27+08:00 ] 127.0.0.1 /api/video/video_lst
INFO: [ app_init ] --START--
INFO: Run Behavior\BuildLiteBehavior [ RunTime:0.000009s ]
INFO: [ app_init ] --END-- [ RunTime:0.000298s ]
INFO: [ app_begin ] --START--
INFO: Run Behavior\ReadHtmlCacheBehavior [ RunTime:0.000354s ]
INFO: [ app_begin ] --END-- [ RunTime:0.000394s ]
SQL: SHOW COLUMNS FROM `tbkl_video` [ RunTime:0.0055s ]
SQL: SELECT `id`,`cate_id`,`title`,`pic`,`video`,`is_pay`,`price`,`show_time`,`look`,`collect`,`buy_num` FROM `tbkl_video` WHERE `cate_id` = 8 AND `status` = '1' ORDER BY sort asc LIMIT 10   [ RunTime:0.0002s ]
NOTIC: [8] Undefined variable: members_id D:\phpStudy\PHPTutorial\WWW\lljy.kailly.com\App\Api\Controller\VideoController.class.php 第 40 行.
SQL: SHOW COLUMNS FROM `tbkl_collect` [ RunTime:0.0049s ]
SQL: SELECT * FROM `tbkl_collect` WHERE `members_id` = null  [ RunTime:0.0001s ]

[ 2019-04-26T17:22:08+08:00 ] 127.0.0.1 /api/video/video_lst
INFO: [ app_init ] --START--
INFO: Run Behavior\BuildLiteBehavior [ RunTime:0.000009s ]
INFO: [ app_init ] --END-- [ RunTime:0.000296s ]
INFO: [ app_begin ] --START--
INFO: Run Behavior\ReadHtmlCacheBehavior [ RunTime:0.000447s ]
INFO: [ app_begin ] --END-- [ RunTime:0.000497s ]
SQL: SHOW COLUMNS FROM `tbkl_video` [ RunTime:0.0055s ]
SQL: SELECT `id`,`cate_id`,`title`,`pic`,`video`,`is_pay`,`price`,`show_time`,`look`,`collect`,`buy_num` FROM `tbkl_video` WHERE `cate_id` = 8 AND `status` = '1' ORDER BY sort asc LIMIT 10   [ RunTime:0.0002s ]
SQL: SHOW COLUMNS FROM `tbkl_collect` [ RunTime:0.0052s ]
SQL: SELECT * FROM `tbkl_collect` WHERE `members_id` = 1  [ RunTime:0.0002s ]

[ 2019-04-26T17:22:23+08:00 ] 127.0.0.1 /api/video/video_lst
INFO: [ app_init ] --START--
INFO: Run Behavior\BuildLiteBehavior [ RunTime:0.000011s ]
INFO: [ app_init ] --END-- [ RunTime:0.000333s ]
INFO: [ app_begin ] --START--
INFO: Run Behavior\ReadHtmlCacheBehavior [ RunTime:0.000390s ]
INFO: [ app_begin ] --END-- [ RunTime:0.000443s ]
SQL: SHOW COLUMNS FROM `tbkl_video` [ RunTime:0.0059s ]
SQL: SELECT `id`,`cate_id`,`title`,`pic`,`video`,`is_pay`,`price`,`show_time`,`look`,`collect`,`buy_num` FROM `tbkl_video` WHERE `cate_id` = 8 AND `status` = '1' ORDER BY sort asc LIMIT 10   [ RunTime:0.0003s ]
SQL: SHOW COLUMNS FROM `tbkl_collect` [ RunTime:0.0056s ]
SQL: SELECT * FROM `tbkl_collect` WHERE `members_id` = 1  [ RunTime:0.0002s ]

[ 2019-04-26T17:28:18+08:00 ] 127.0.0.1 /api/video/collect_handle
INFO: [ app_init ] --START--
INFO: Run Behavior\BuildLiteBehavior [ RunTime:0.000009s ]
INFO: [ app_init ] --END-- [ RunTime:0.000293s ]
INFO: [ app_begin ] --START--
INFO: Run Behavior\ReadHtmlCacheBehavior [ RunTime:0.000363s ]
INFO: [ app_begin ] --END-- [ RunTime:0.000403s ]
NOTIC: [8] Undefined variable: id D:\phpStudy\PHPTutorial\WWW\lljy.kailly.com\App\Api\Controller\VideoController.class.php 第 157 行.
SQL: SHOW COLUMNS FROM `tbkl_collect` [ RunTime:0.0054s ]
SQL: SELECT * FROM `tbkl_collect` WHERE `video_id` = null AND `members_id` = 1  [ RunTime:0.0002s ]
SQL: INSERT INTO `tbkl_collect` (`video_id`,`members_id`,`create_time`) VALUES ('19','1','1556270898') [ RunTime:0.0002s ]
INFO: [ app_end ] --START--
INFO: Run Behavior\ShowPageTraceBehavior [ RunTime:0.000441s ]
INFO: [ app_end ] --END-- [ RunTime:0.000467s ]

[ 2019-04-26T17:28:39+08:00 ] 127.0.0.1 /api/video/video_lst
INFO: [ app_init ] --START--
INFO: Run Behavior\BuildLiteBehavior [ RunTime:0.000009s ]
INFO: [ app_init ] --END-- [ RunTime:0.000300s ]
INFO: [ app_begin ] --START--
INFO: Run Behavior\ReadHtmlCacheBehavior [ RunTime:0.000367s ]
INFO: [ app_begin ] --END-- [ RunTime:0.000408s ]
SQL: SHOW COLUMNS FROM `tbkl_video` [ RunTime:0.0053s ]
SQL: SELECT `id`,`cate_id`,`title`,`pic`,`video`,`is_pay`,`price`,`show_time`,`look`,`collect`,`buy_num` FROM `tbkl_video` WHERE `cate_id` = 8 AND `status` = '1' ORDER BY sort asc LIMIT 10   [ RunTime:0.0003s ]
SQL: SHOW COLUMNS FROM `tbkl_collect` [ RunTime:0.0058s ]
SQL: SELECT * FROM `tbkl_collect` WHERE `members_id` = 1  [ RunTime:0.0002s ]

[ 2019-04-26T17:31:08+08:00 ] 127.0.0.1 /api/video/video_lst
INFO: [ app_init ] --START--
INFO: Run Behavior\BuildLiteBehavior [ RunTime:0.000008s ]
INFO: [ app_init ] --END-- [ RunTime:0.000343s ]
INFO: [ app_begin ] --START--
INFO: Run Behavior\ReadHtmlCacheBehavior [ RunTime:0.000401s ]
INFO: [ app_begin ] --END-- [ RunTime:0.000444s ]
SQL: SHOW COLUMNS FROM `tbkl_video` [ RunTime:0.0052s ]
SQL: SELECT `id`,`cate_id`,`title`,`pic`,`video`,`is_pay`,`price`,`show_time`,`look`,`collect`,`buy_num` FROM `tbkl_video` WHERE `cate_id` = 8 AND `status` = '1' ORDER BY sort asc LIMIT 10   [ RunTime:0.0002s ]
SQL: SHOW COLUMNS FROM `tbkl_collect` [ RunTime:0.0049s ]
SQL: SELECT * FROM `tbkl_collect` WHERE `members_id` = 1  [ RunTime:0.0001s ]

[ 2019-04-26T17:43:13+08:00 ] 127.0.0.1 /api/banner/banner
INFO: [ app_init ] --START--
INFO: Run Behavior\BuildLiteBehavior [ RunTime:0.000009s ]
INFO: [ app_init ] --END-- [ RunTime:0.000372s ]
INFO: [ app_begin ] --START--
INFO: Run Behavior\ReadHtmlCacheBehavior [ RunTime:0.000636s ]
INFO: [ app_begin ] --END-- [ RunTime:0.000698s ]
SQL: SHOW COLUMNS FROM `tbkl_banner` [ RunTime:0.0064s ]
SQL: SELECT `id`,`name`,`pic`,`url` FROM `tbkl_banner` WHERE `place` = 1 AND `status` = 1 ORDER BY sort asc LIMIT 5   [ RunTime:0.0002s ]
INFO: [ app_end ] --START--
INFO: Run Behavior\ShowPageTraceBehavior [ RunTime:0.000509s ]
INFO: [ app_end ] --END-- [ RunTime:0.000539s ]

[ 2019-04-26T17:44:21+08:00 ] 127.0.0.1 /api/banner/banner
INFO: [ app_init ] --START--
INFO: Run Behavior\BuildLiteBehavior [ RunTime:0.000009s ]
INFO: [ app_init ] --END-- [ RunTime:0.000354s ]
INFO: [ app_begin ] --START--
INFO: Run Behavior\ReadHtmlCacheBehavior [ RunTime:0.000411s ]
INFO: [ app_begin ] --END-- [ RunTime:0.000456s ]
SQL: SHOW COLUMNS FROM `tbkl_banner` [ RunTime:0.0055s ]
SQL: SELECT `id`,`name`,`pic`,`url` FROM `tbkl_banner` WHERE `place` = 1 AND `status` = 1 ORDER BY sort asc LIMIT 5   [ RunTime:0.0002s ]
INFO: [ app_end ] --START--
INFO: Run Behavior\ShowPageTraceBehavior [ RunTime:0.000444s ]
INFO: [ app_end ] --END-- [ RunTime:0.000471s ]

[ 2019-04-26T17:48:34+08:00 ] 127.0.0.1 /api/video/hot_video
INFO: [ app_init ] --START--
INFO: Run Behavior\BuildLiteBehavior [ RunTime:0.000009s ]
INFO: [ app_init ] --END-- [ RunTime:0.000381s ]
INFO: [ app_begin ] --START--
INFO: Run Behavior\ReadHtmlCacheBehavior [ RunTime:0.000410s ]
INFO: [ app_begin ] --END-- [ RunTime:0.000456s ]
SQL: SHOW COLUMNS FROM `tbkl_video` [ RunTime:0.0065s ]
SQL: SELECT `id`,`cate_id`,`title`,`pic`,`video`,`is_pay`,`price`,`show_time`,`look`,`collect`,`buy_num` FROM `tbkl_video` WHERE `status` = '1' AND `is_red` = '1' ORDER BY sort asc LIMIT 5   [ RunTime:0.0003s ]
INFO: [ app_end ] --START--
INFO: Run Behavior\ShowPageTraceBehavior [ RunTime:0.000535s ]
INFO: [ app_end ] --END-- [ RunTime:0.000560s ]

[ 2019-04-26T17:51:47+08:00 ] 127.0.0.1 /api/video/video_cate
INFO: [ app_init ] --START--
INFO: Run Behavior\BuildLiteBehavior [ RunTime:0.000009s ]
INFO: [ app_init ] --END-- [ RunTime:0.000341s ]
INFO: [ app_begin ] --START--
INFO: Run Behavior\ReadHtmlCacheBehavior [ RunTime:0.000434s ]
INFO: [ app_begin ] --END-- [ RunTime:0.000479s ]
SQL: SHOW COLUMNS FROM `tbkl_video_cate` [ RunTime:0.0059s ]
SQL: SELECT `id`,`name`,`pic` FROM `tbkl_video_cate` WHERE `status` = 1 ORDER BY id desc  [ RunTime:0.0002s ]
INFO: [ app_end ] --START--
INFO: Run Behavior\ShowPageTraceBehavior [ RunTime:0.000537s ]
INFO: [ app_end ] --END-- [ RunTime:0.000565s ]

[ 2019-04-26T17:52:48+08:00 ] 127.0.0.1 /api/video/video_lst
INFO: [ app_init ] --START--
INFO: Run Behavior\BuildLiteBehavior [ RunTime:0.000018s ]
INFO: [ app_init ] --END-- [ RunTime:0.000298s ]
INFO: [ app_begin ] --START--
INFO: Run Behavior\ReadHtmlCacheBehavior [ RunTime:0.000349s ]
INFO: [ app_begin ] --END-- [ RunTime:0.000390s ]
SQL: SHOW COLUMNS FROM `tbkl_video` [ RunTime:0.0055s ]
SQL: SELECT `id`,`cate_id`,`title`,`pic`,`video`,`is_pay`,`price`,`show_time`,`look`,`collect`,`buy_num` FROM `tbkl_video` WHERE `cate_id` = 8 AND `status` = '1' ORDER BY sort asc LIMIT 10   [ RunTime:0.0003s ]
SQL: SHOW COLUMNS FROM `tbkl_collect` [ RunTime:0.0058s ]
SQL: SELECT * FROM `tbkl_collect` WHERE `members_id` = 1  [ RunTime:0.0002s ]
INFO: [ app_end ] --START--
INFO: Run Behavior\ShowPageTraceBehavior [ RunTime:0.000453s ]
INFO: [ app_end ] --END-- [ RunTime:0.000480s ]

