[ 2019-04-27T09:07:13+08:00 ] 127.0.0.1 /api/apply/apply
INFO: [ app_init ] --START--
INFO: Run Behavior\BuildLiteBehavior [ RunTime:0.000015s ]
INFO: [ app_init ] --END-- [ RunTime:0.004095s ]
INFO: [ app_begin ] --START--
INFO: Run Behavior\ReadHtmlCacheBehavior [ RunTime:0.000354s ]
INFO: [ app_begin ] --END-- [ RunTime:0.000394s ]
SQL: SHOW COLUMNS FROM `tbkl_apply` [ RunTime:0.0165s ]
SQL: INSERT INTO `tbkl_apply` (`members_id`,`name`,`idcard`,`height`,`weight`,`sex`,`age`,`health`,`father`,`pidcard`,`pphone`,`mother`,`midcard`,`mphone`,`address`,`info`,`remarks`,`is_sign`,`create_time`) VALUES ('1','学员姓名','idcard','170','50','1','20','良好','father','pidcard','13111111111','mother','midcard','13111111111','address','info','remarks','1','1556327233') [ RunTime:0.0004s ]
INFO: [ app_end ] --START--
INFO: Run Behavior\ShowPageTraceBehavior [ RunTime:0.000845s ]
INFO: [ app_end ] --END-- [ RunTime:0.000873s ]

[ 2019-04-27T09:07:23+08:00 ] 127.0.0.1 /api/apply/apply
INFO: [ app_init ] --START--
INFO: Run Behavior\BuildLiteBehavior [ RunTime:0.000008s ]
INFO: [ app_init ] --END-- [ RunTime:0.000281s ]
INFO: [ app_begin ] --START--
INFO: Run Behavior\ReadHtmlCacheBehavior [ RunTime:0.000356s ]
INFO: [ app_begin ] --END-- [ RunTime:0.000397s ]
SQL: SHOW COLUMNS FROM `tbkl_apply` [ RunTime:0.0050s ]
SQL: INSERT INTO `tbkl_apply` (`members_id`,`name`,`idcard`,`height`,`weight`,`sex`,`age`,`health`,`father`,`pidcard`,`pphone`,`mother`,`midcard`,`mphone`,`address`,`info`,`remarks`,`is_sign`,`create_time`) VALUES ('1','学员姓名','idcard','170','50','1','20','良好','father','pidcard','13111111111','mother','midcard','13111111111','address','info','remarks','1','1556327243') [ RunTime:0.0002s ]
INFO: [ app_end ] --START--
INFO: Run Behavior\ShowPageTraceBehavior [ RunTime:0.000404s ]
INFO: [ app_end ] --END-- [ RunTime:0.000431s ]

[ 2019-04-27T09:10:38+08:00 ] 127.0.0.1 /api/other/other
INFO: [ app_init ] --START--
INFO: Run Behavior\BuildLiteBehavior [ RunTime:0.000012s ]
INFO: [ app_init ] --END-- [ RunTime:0.000355s ]
INFO: [ app_begin ] --START--
INFO: Run Behavior\ReadHtmlCacheBehavior [ RunTime:0.000520s ]
INFO: [ app_begin ] --END-- [ RunTime:0.000571s ]
SQL: SHOW COLUMNS FROM `tbkl_other` [ RunTime:0.0405s ]
SQL: SELECT `id`,`title`,`content` FROM `tbkl_other` WHERE `type` = null LIMIT 1   [ RunTime:0.0003s ]
INFO: [ app_end ] --START--
INFO: Run Behavior\ShowPageTraceBehavior [ RunTime:0.000503s ]
INFO: [ app_end ] --END-- [ RunTime:0.000528s ]

[ 2019-04-27T09:10:51+08:00 ] 127.0.0.1 /api/other/other
INFO: [ app_init ] --START--
INFO: Run Behavior\BuildLiteBehavior [ RunTime:0.000010s ]
INFO: [ app_init ] --END-- [ RunTime:0.000303s ]
INFO: [ app_begin ] --START--
INFO: Run Behavior\ReadHtmlCacheBehavior [ RunTime:0.000462s ]
INFO: [ app_begin ] --END-- [ RunTime:0.000516s ]
INFO: [ app_end ] --START--
INFO: Run Behavior\ShowPageTraceBehavior [ RunTime:0.000393s ]
INFO: [ app_end ] --END-- [ RunTime:0.000434s ]

[ 2019-04-27T09:11:10+08:00 ] 127.0.0.1 /api/other/other
INFO: [ app_init ] --START--
INFO: Run Behavior\BuildLiteBehavior [ RunTime:0.000010s ]
INFO: [ app_init ] --END-- [ RunTime:0.000296s ]
INFO: [ app_begin ] --START--
INFO: Run Behavior\ReadHtmlCacheBehavior [ RunTime:0.000412s ]
INFO: [ app_begin ] --END-- [ RunTime:0.000460s ]
SQL: SHOW COLUMNS FROM `tbkl_other` [ RunTime:0.0071s ]
SQL: SELECT `id`,`title`,`content` FROM `tbkl_other` WHERE `type` = 1 LIMIT 1   [ RunTime:0.0004s ]
INFO: [ app_end ] --START--
INFO: Run Behavior\ShowPageTraceBehavior [ RunTime:0.001370s ]
INFO: [ app_end ] --END-- [ RunTime:0.001497s ]

[ 2019-04-27T09:13:47+08:00 ] 127.0.0.1 /api/video/video_details
INFO: [ app_init ] --START--
INFO: Run Behavior\BuildLiteBehavior [ RunTime:0.000008s ]
INFO: [ app_init ] --END-- [ RunTime:0.000357s ]
INFO: [ app_begin ] --START--
INFO: Run Behavior\ReadHtmlCacheBehavior [ RunTime:0.000410s ]
INFO: [ app_begin ] --END-- [ RunTime:0.000456s ]
SQL: SHOW COLUMNS FROM `tbkl_video` [ RunTime:0.0413s ]
SQL: UPDATE `tbkl_video` SET `look`=look+1 WHERE `id` = 22 [ RunTime:0.0093s ]
SQL: SELECT * FROM `tbkl_video` WHERE `id` = 22 LIMIT 1   [ RunTime:0.0002s ]
SQL: SHOW COLUMNS FROM `tbkl_collect` [ RunTime:0.0273s ]
SQL: SELECT * FROM `tbkl_collect` WHERE `video_id` = 22 AND `members_id` = 1  [ RunTime:0.0003s ]
INFO: [ app_end ] --START--
INFO: Run Behavior\ShowPageTraceBehavior [ RunTime:0.000699s ]
INFO: [ app_end ] --END-- [ RunTime:0.000735s ]

[ 2019-04-27T09:19:41+08:00 ] 127.0.0.1 /api/video/search
INFO: [ app_init ] --START--
INFO: Run Behavior\BuildLiteBehavior [ RunTime:0.000009s ]
INFO: [ app_init ] --END-- [ RunTime:0.000348s ]
INFO: [ app_begin ] --START--
INFO: Run Behavior\ReadHtmlCacheBehavior [ RunTime:0.000391s ]
INFO: [ app_begin ] --END-- [ RunTime:0.000436s ]
SQL: SHOW COLUMNS FROM `tbkl_video` [ RunTime:0.0055s ]
ERR: 表达式错误:eg

[ 2019-04-27T11:18:30+08:00 ] 127.0.0.1 /api/video/search
INFO: [ app_init ] --START--
INFO: Run Behavior\BuildLiteBehavior [ RunTime:0.000008s ]
INFO: [ app_init ] --END-- [ RunTime:0.000355s ]
INFO: [ app_begin ] --START--
INFO: Run Behavior\ReadHtmlCacheBehavior [ RunTime:0.000460s ]
INFO: [ app_begin ] --END-- [ RunTime:0.000508s ]
SQL: SHOW COLUMNS FROM `tbkl_video` [ RunTime:0.0064s ]
ERR: 表达式错误:eg

[ 2019-04-27T11:19:39+08:00 ] 127.0.0.1 /api/video/search
INFO: [ app_init ] --START--
INFO: Run Behavior\BuildLiteBehavior [ RunTime:0.000009s ]
INFO: [ app_init ] --END-- [ RunTime:0.000306s ]
INFO: [ app_begin ] --START--
INFO: Run Behavior\ReadHtmlCacheBehavior [ RunTime:0.000348s ]
INFO: [ app_begin ] --END-- [ RunTime:0.000389s ]
SQL: SHOW COLUMNS FROM `tbkl_video` [ RunTime:0.0048s ]
SQL: SELECT `id`,`cate_id`,`title`,`pic`,`video`,`is_pay`,`price`,`show_time`,`look`,`collect`,`buy_num` FROM `tbkl_video` WHERE `title` LIKE '视频名称1' AND `status` = '1' ORDER BY sort asc LIMIT 10   [ RunTime:0.0002s ]
INFO: [ app_end ] --START--
INFO: Run Behavior\ShowPageTraceBehavior [ RunTime:0.000519s ]
INFO: [ app_end ] --END-- [ RunTime:0.000546s ]

[ 2019-04-27T11:24:19+08:00 ] 127.0.0.1 /api/video/search
INFO: [ app_init ] --START--
INFO: Run Behavior\BuildLiteBehavior [ RunTime:0.000008s ]
INFO: [ app_init ] --END-- [ RunTime:0.000339s ]
INFO: [ app_begin ] --START--
INFO: Run Behavior\ReadHtmlCacheBehavior [ RunTime:0.000398s ]
INFO: [ app_begin ] --END-- [ RunTime:0.000439s ]
SQL: SHOW COLUMNS FROM `tbkl_video` [ RunTime:0.0054s ]
SQL: SELECT `id`,`cate_id`,`title`,`pic`,`video`,`is_pay`,`price`,`show_time`,`look`,`collect`,`buy_num` FROM `tbkl_video` WHERE `title` LIKE '视频名称1' AND `status` = '1' ORDER BY sort asc LIMIT 10   [ RunTime:0.0002s ]
NOTIC: [8] Undefined variable: id D:\phpStudy\PHPTutorial\WWW\lljy.kailly.com\App\Api\Controller\VideoController.class.php 第 138 行.
NOTIC: [8] Undefined variable: members_id D:\phpStudy\PHPTutorial\WWW\lljy.kailly.com\App\Api\Controller\VideoController.class.php 第 138 行.
SQL: SHOW COLUMNS FROM `tbkl_collect` [ RunTime:0.0047s ]
SQL: SELECT * FROM `tbkl_collect` WHERE `video_id` = null AND `members_id` = null  [ RunTime:0.0002s ]
INFO: [ app_end ] --START--
INFO: Run Behavior\ShowPageTraceBehavior [ RunTime:0.006489s ]
INFO: [ app_end ] --END-- [ RunTime:0.006518s ]

[ 2019-04-27T11:24:25+08:00 ] 127.0.0.1 /api/video/search
INFO: [ app_init ] --START--
INFO: Run Behavior\BuildLiteBehavior [ RunTime:0.000020s ]
INFO: [ app_init ] --END-- [ RunTime:0.000349s ]
INFO: [ app_begin ] --START--
INFO: Run Behavior\ReadHtmlCacheBehavior [ RunTime:0.000352s ]
INFO: [ app_begin ] --END-- [ RunTime:0.000391s ]
SQL: SHOW COLUMNS FROM `tbkl_video` [ RunTime:0.0050s ]
SQL: SELECT `id`,`cate_id`,`title`,`pic`,`video`,`is_pay`,`price`,`show_time`,`look`,`collect`,`buy_num` FROM `tbkl_video` WHERE `title` LIKE '视频名称1' AND `status` = '1' ORDER BY sort asc LIMIT 10   [ RunTime:0.0002s ]
NOTIC: [8] Undefined variable: id D:\phpStudy\PHPTutorial\WWW\lljy.kailly.com\App\Api\Controller\VideoController.class.php 第 138 行.
NOTIC: [8] Undefined variable: members_id D:\phpStudy\PHPTutorial\WWW\lljy.kailly.com\App\Api\Controller\VideoController.class.php 第 138 行.
SQL: SHOW COLUMNS FROM `tbkl_collect` [ RunTime:0.0046s ]
SQL: SELECT * FROM `tbkl_collect` WHERE `video_id` = null AND `members_id` = null  [ RunTime:0.0001s ]
INFO: [ app_end ] --START--
INFO: Run Behavior\ShowPageTraceBehavior [ RunTime:0.000568s ]
INFO: [ app_end ] --END-- [ RunTime:0.000595s ]

[ 2019-04-27T11:24:25+08:00 ] 127.0.0.1 /api/video/search
INFO: [ app_init ] --START--
INFO: Run Behavior\BuildLiteBehavior [ RunTime:0.000009s ]
INFO: [ app_init ] --END-- [ RunTime:0.000304s ]
INFO: [ app_begin ] --START--
INFO: Run Behavior\ReadHtmlCacheBehavior [ RunTime:0.000351s ]
INFO: [ app_begin ] --END-- [ RunTime:0.000393s ]
SQL: SHOW COLUMNS FROM `tbkl_video` [ RunTime:0.0051s ]
SQL: SELECT `id`,`cate_id`,`title`,`pic`,`video`,`is_pay`,`price`,`show_time`,`look`,`collect`,`buy_num` FROM `tbkl_video` WHERE `title` LIKE '视频名称1' AND `status` = '1' ORDER BY sort asc LIMIT 10   [ RunTime:0.0002s ]
NOTIC: [8] Undefined variable: id D:\phpStudy\PHPTutorial\WWW\lljy.kailly.com\App\Api\Controller\VideoController.class.php 第 138 行.
NOTIC: [8] Undefined variable: members_id D:\phpStudy\PHPTutorial\WWW\lljy.kailly.com\App\Api\Controller\VideoController.class.php 第 138 行.
SQL: SHOW COLUMNS FROM `tbkl_collect` [ RunTime:0.0046s ]
SQL: SELECT * FROM `tbkl_collect` WHERE `video_id` = null AND `members_id` = null  [ RunTime:0.0001s ]
INFO: [ app_end ] --START--
INFO: Run Behavior\ShowPageTraceBehavior [ RunTime:0.004527s ]
INFO: [ app_end ] --END-- [ RunTime:0.004554s ]

[ 2019-04-27T11:24:25+08:00 ] 127.0.0.1 /api/video/search
INFO: [ app_init ] --START--
INFO: Run Behavior\BuildLiteBehavior [ RunTime:0.000017s ]
INFO: [ app_init ] --END-- [ RunTime:0.000300s ]
INFO: [ app_begin ] --START--
INFO: Run Behavior\ReadHtmlCacheBehavior [ RunTime:0.000404s ]
INFO: [ app_begin ] --END-- [ RunTime:0.000450s ]
SQL: SHOW COLUMNS FROM `tbkl_video` [ RunTime:0.0050s ]
SQL: SELECT `id`,`cate_id`,`title`,`pic`,`video`,`is_pay`,`price`,`show_time`,`look`,`collect`,`buy_num` FROM `tbkl_video` WHERE `title` LIKE '视频名称1' AND `status` = '1' ORDER BY sort asc LIMIT 10   [ RunTime:0.0003s ]
NOTIC: [8] Undefined variable: id D:\phpStudy\PHPTutorial\WWW\lljy.kailly.com\App\Api\Controller\VideoController.class.php 第 138 行.
NOTIC: [8] Undefined variable: members_id D:\phpStudy\PHPTutorial\WWW\lljy.kailly.com\App\Api\Controller\VideoController.class.php 第 138 行.
SQL: SHOW COLUMNS FROM `tbkl_collect` [ RunTime:0.0047s ]
SQL: SELECT * FROM `tbkl_collect` WHERE `video_id` = null AND `members_id` = null  [ RunTime:0.0002s ]
INFO: [ app_end ] --START--
INFO: Run Behavior\ShowPageTraceBehavior [ RunTime:0.006015s ]
INFO: [ app_end ] --END-- [ RunTime:0.006042s ]

[ 2019-04-27T11:24:25+08:00 ] 127.0.0.1 /api/video/search
INFO: [ app_init ] --START--
INFO: Run Behavior\BuildLiteBehavior [ RunTime:0.000010s ]
INFO: [ app_init ] --END-- [ RunTime:0.000324s ]
INFO: [ app_begin ] --START--
INFO: Run Behavior\ReadHtmlCacheBehavior [ RunTime:0.000422s ]
INFO: [ app_begin ] --END-- [ RunTime:0.000476s ]
SQL: SHOW COLUMNS FROM `tbkl_video` [ RunTime:0.0051s ]
SQL: SELECT `id`,`cate_id`,`title`,`pic`,`video`,`is_pay`,`price`,`show_time`,`look`,`collect`,`buy_num` FROM `tbkl_video` WHERE `title` LIKE '视频名称1' AND `status` = '1' ORDER BY sort asc LIMIT 10   [ RunTime:0.0002s ]
NOTIC: [8] Undefined variable: id D:\phpStudy\PHPTutorial\WWW\lljy.kailly.com\App\Api\Controller\VideoController.class.php 第 138 行.
NOTIC: [8] Undefined variable: members_id D:\phpStudy\PHPTutorial\WWW\lljy.kailly.com\App\Api\Controller\VideoController.class.php 第 138 行.
SQL: SHOW COLUMNS FROM `tbkl_collect` [ RunTime:0.0048s ]
SQL: SELECT * FROM `tbkl_collect` WHERE `video_id` = null AND `members_id` = null  [ RunTime:0.0002s ]
INFO: [ app_end ] --START--
INFO: Run Behavior\ShowPageTraceBehavior [ RunTime:0.004338s ]
INFO: [ app_end ] --END-- [ RunTime:0.004364s ]

[ 2019-04-27T11:24:30+08:00 ] 127.0.0.1 /api/video/search
INFO: [ app_init ] --START--
INFO: Run Behavior\BuildLiteBehavior [ RunTime:0.000009s ]
INFO: [ app_init ] --END-- [ RunTime:0.000351s ]
INFO: [ app_begin ] --START--
INFO: Run Behavior\ReadHtmlCacheBehavior [ RunTime:0.000359s ]
INFO: [ app_begin ] --END-- [ RunTime:0.000399s ]
SQL: SHOW COLUMNS FROM `tbkl_video` [ RunTime:0.0048s ]
SQL: SELECT `id`,`cate_id`,`title`,`pic`,`video`,`is_pay`,`price`,`show_time`,`look`,`collect`,`buy_num` FROM `tbkl_video` WHERE `title` LIKE '视频名称1' AND `status` = '1' ORDER BY sort asc LIMIT 10   [ RunTime:0.0002s ]
NOTIC: [8] Undefined variable: id D:\phpStudy\PHPTutorial\WWW\lljy.kailly.com\App\Api\Controller\VideoController.class.php 第 138 行.
NOTIC: [8] Undefined variable: members_id D:\phpStudy\PHPTutorial\WWW\lljy.kailly.com\App\Api\Controller\VideoController.class.php 第 138 行.
SQL: SHOW COLUMNS FROM `tbkl_collect` [ RunTime:0.0045s ]
SQL: SELECT * FROM `tbkl_collect` WHERE `video_id` = null AND `members_id` = null  [ RunTime:0.0001s ]
INFO: [ app_end ] --START--
INFO: Run Behavior\ShowPageTraceBehavior [ RunTime:0.000562s ]
INFO: [ app_end ] --END-- [ RunTime:0.000588s ]

[ 2019-04-27T11:24:52+08:00 ] 127.0.0.1 /api/video/search
INFO: [ app_init ] --START--
INFO: Run Behavior\BuildLiteBehavior [ RunTime:0.000009s ]
INFO: [ app_init ] --END-- [ RunTime:0.000347s ]
INFO: [ app_begin ] --START--
INFO: Run Behavior\ReadHtmlCacheBehavior [ RunTime:0.000402s ]
INFO: [ app_begin ] --END-- [ RunTime:0.000450s ]
SQL: SHOW COLUMNS FROM `tbkl_video` [ RunTime:0.0060s ]
SQL: SELECT `id`,`cate_id`,`title`,`pic`,`video`,`is_pay`,`price`,`show_time`,`look`,`collect`,`buy_num` FROM `tbkl_video` WHERE `title` LIKE '视频名称1' AND `status` = '1' ORDER BY sort asc LIMIT 10   [ RunTime:0.0002s ]
NOTIC: [8] Undefined variable: id D:\phpStudy\PHPTutorial\WWW\lljy.kailly.com\App\Api\Controller\VideoController.class.php 第 138 行.
NOTIC: [8] Undefined variable: members_id D:\phpStudy\PHPTutorial\WWW\lljy.kailly.com\App\Api\Controller\VideoController.class.php 第 138 行.
SQL: SHOW COLUMNS FROM `tbkl_collect` [ RunTime:0.0054s ]
SQL: SELECT * FROM `tbkl_collect` WHERE `video_id` = null AND `members_id` = null  [ RunTime:0.0002s ]
INFO: [ app_end ] --START--
INFO: Run Behavior\ShowPageTraceBehavior [ RunTime:0.000568s ]
INFO: [ app_end ] --END-- [ RunTime:0.000598s ]

[ 2019-04-27T11:25:51+08:00 ] 127.0.0.1 /api/video/search
INFO: [ app_init ] --START--
INFO: Run Behavior\BuildLiteBehavior [ RunTime:0.000013s ]
INFO: [ app_init ] --END-- [ RunTime:0.001294s ]
INFO: [ app_begin ] --START--
INFO: Run Behavior\ReadHtmlCacheBehavior [ RunTime:0.000587s ]
INFO: [ app_begin ] --END-- [ RunTime:0.000652s ]
SQL: SHOW COLUMNS FROM `tbkl_video` [ RunTime:0.0069s ]
SQL: SELECT `id`,`cate_id`,`title`,`pic`,`video`,`is_pay`,`price`,`show_time`,`look`,`collect`,`buy_num` FROM `tbkl_video` WHERE `title` LIKE '视频名称1' AND `status` = '1' ORDER BY sort asc LIMIT 10   [ RunTime:0.0002s ]
NOTIC: [8] Undefined variable: members_id D:\phpStudy\PHPTutorial\WWW\lljy.kailly.com\App\Api\Controller\VideoController.class.php 第 138 行.
SQL: SHOW COLUMNS FROM `tbkl_collect` [ RunTime:0.0047s ]
SQL: SELECT * FROM `tbkl_collect` WHERE `members_id` = null  [ RunTime:0.0001s ]
INFO: [ app_end ] --START--
INFO: Run Behavior\ShowPageTraceBehavior [ RunTime:0.000427s ]
INFO: [ app_end ] --END-- [ RunTime:0.000452s ]

[ 2019-04-27T11:28:09+08:00 ] 127.0.0.1 /api/video/collect_handle
INFO: [ app_init ] --START--
INFO: Run Behavior\BuildLiteBehavior [ RunTime:0.000009s ]
INFO: [ app_init ] --END-- [ RunTime:0.000369s ]
INFO: [ app_begin ] --START--
INFO: Run Behavior\ReadHtmlCacheBehavior [ RunTime:0.000442s ]
INFO: [ app_begin ] --END-- [ RunTime:0.000488s ]
NOTIC: [8] Undefined variable: id D:\phpStudy\PHPTutorial\WWW\lljy.kailly.com\App\Api\Controller\VideoController.class.php 第 184 行.
SQL: SHOW COLUMNS FROM `tbkl_collect` [ RunTime:0.0063s ]
SQL: SELECT * FROM `tbkl_collect` WHERE `video_id` = null AND `members_id` = 1  [ RunTime:0.0006s ]
SQL: INSERT INTO `tbkl_collect` (`video_id`,`members_id`,`create_time`) VALUES ('19','1','1556335689') [ RunTime:0.0002s ]
INFO: [ app_end ] --START--
INFO: Run Behavior\ShowPageTraceBehavior [ RunTime:0.000537s ]
INFO: [ app_end ] --END-- [ RunTime:0.000564s ]

[ 2019-04-27T11:28:38+08:00 ] 127.0.0.1 /api/video/collect_handle
INFO: [ app_init ] --START--
INFO: Run Behavior\BuildLiteBehavior [ RunTime:0.000010s ]
INFO: [ app_init ] --END-- [ RunTime:0.000372s ]
INFO: [ app_begin ] --START--
INFO: Run Behavior\ReadHtmlCacheBehavior [ RunTime:0.000576s ]
INFO: [ app_begin ] --END-- [ RunTime:0.000653s ]
NOTIC: [8] Undefined variable: id D:\phpStudy\PHPTutorial\WWW\lljy.kailly.com\App\Api\Controller\VideoController.class.php 第 184 行.
SQL: SHOW COLUMNS FROM `tbkl_collect` [ RunTime:0.0058s ]
SQL: SELECT * FROM `tbkl_collect` WHERE `video_id` = null AND `members_id` = 1  [ RunTime:0.0002s ]
SQL: INSERT INTO `tbkl_collect` (`video_id`,`members_id`,`create_time`) VALUES ('19','1','1556335718') [ RunTime:0.0001s ]
INFO: [ app_end ] --START--
INFO: Run Behavior\ShowPageTraceBehavior [ RunTime:0.000550s ]
INFO: [ app_end ] --END-- [ RunTime:0.000584s ]

[ 2019-04-27T11:29:15+08:00 ] 127.0.0.1 /api/video/collect_handle
INFO: [ app_init ] --START--
INFO: Run Behavior\BuildLiteBehavior [ RunTime:0.000010s ]
INFO: [ app_init ] --END-- [ RunTime:0.000304s ]
INFO: [ app_begin ] --START--
INFO: Run Behavior\ReadHtmlCacheBehavior [ RunTime:0.000360s ]
INFO: [ app_begin ] --END-- [ RunTime:0.000403s ]
NOTIC: [8] Undefined variable: id D:\phpStudy\PHPTutorial\WWW\lljy.kailly.com\App\Api\Controller\VideoController.class.php 第 184 行.
SQL: SHOW COLUMNS FROM `tbkl_collect` [ RunTime:0.0059s ]
SQL: SELECT * FROM `tbkl_collect` WHERE `video_id` = null AND `members_id` = 1  [ RunTime:0.0003s ]
SQL: INSERT INTO `tbkl_collect` (`video_id`,`members_id`,`create_time`) VALUES ('19','1','1556335755') [ RunTime:0.0002s ]
INFO: [ app_end ] --START--
INFO: Run Behavior\ShowPageTraceBehavior [ RunTime:0.000931s ]
INFO: [ app_end ] --END-- [ RunTime:0.001028s ]

[ 2019-04-27T11:29:51+08:00 ] 127.0.0.1 /api/video/collect_handle
INFO: [ app_init ] --START--
INFO: Run Behavior\BuildLiteBehavior [ RunTime:0.000012s ]
INFO: [ app_init ] --END-- [ RunTime:0.000303s ]
INFO: [ app_begin ] --START--
INFO: Run Behavior\ReadHtmlCacheBehavior [ RunTime:0.000406s ]
INFO: [ app_begin ] --END-- [ RunTime:0.000452s ]
NOTIC: [8] Undefined variable: id D:\phpStudy\PHPTutorial\WWW\lljy.kailly.com\App\Api\Controller\VideoController.class.php 第 184 行.
SQL: SHOW COLUMNS FROM `tbkl_collect` [ RunTime:0.0065s ]
SQL: SELECT * FROM `tbkl_collect` WHERE `video_id` = null AND `members_id` = 1  [ RunTime:0.0003s ]

[ 2019-04-27T11:30:44+08:00 ] 127.0.0.1 /api/video/collect_handle
INFO: [ app_init ] --START--
INFO: Run Behavior\BuildLiteBehavior [ RunTime:0.000011s ]
INFO: [ app_init ] --END-- [ RunTime:0.000509s ]
INFO: [ app_begin ] --START--
INFO: Run Behavior\ReadHtmlCacheBehavior [ RunTime:0.000648s ]
INFO: [ app_begin ] --END-- [ RunTime:0.000725s ]
NOTIC: [8] Undefined variable: id D:\phpStudy\PHPTutorial\WWW\lljy.kailly.com\App\Api\Controller\VideoController.class.php 第 184 行.
SQL: SHOW COLUMNS FROM `tbkl_collect` [ RunTime:0.0058s ]
SQL: SELECT * FROM `tbkl_collect` WHERE `video_id` = null AND `members_id` = 1  [ RunTime:0.0002s ]

[ 2019-04-27T11:31:25+08:00 ] 127.0.0.1 /api/video/collect_handle
INFO: [ app_init ] --START--
INFO: Run Behavior\BuildLiteBehavior [ RunTime:0.000011s ]
INFO: [ app_init ] --END-- [ RunTime:0.000317s ]
INFO: [ app_begin ] --START--
INFO: Run Behavior\ReadHtmlCacheBehavior [ RunTime:0.000385s ]
INFO: [ app_begin ] --END-- [ RunTime:0.000428s ]
NOTIC: [8] Undefined variable: id D:\phpStudy\PHPTutorial\WWW\lljy.kailly.com\App\Api\Controller\VideoController.class.php 第 184 行.

[ 2019-04-27T11:31:46+08:00 ] 127.0.0.1 /api/video/collect_handle
INFO: [ app_init ] --START--
INFO: Run Behavior\BuildLiteBehavior [ RunTime:0.000012s ]
INFO: [ app_init ] --END-- [ RunTime:0.000287s ]
INFO: [ app_begin ] --START--
INFO: Run Behavior\ReadHtmlCacheBehavior [ RunTime:0.000472s ]
INFO: [ app_begin ] --END-- [ RunTime:0.000535s ]
SQL: SHOW COLUMNS FROM `tbkl_collect` [ RunTime:0.0048s ]
SQL: SELECT * FROM `tbkl_collect` WHERE `video_id` = 19 AND `members_id` = 1  [ RunTime:0.0002s ]

[ 2019-04-27T11:31:47+08:00 ] 127.0.0.1 /api/video/collect_handle
INFO: [ app_init ] --START--
INFO: Run Behavior\BuildLiteBehavior [ RunTime:0.000010s ]
INFO: [ app_init ] --END-- [ RunTime:0.000311s ]
INFO: [ app_begin ] --START--
INFO: Run Behavior\ReadHtmlCacheBehavior [ RunTime:0.000392s ]
INFO: [ app_begin ] --END-- [ RunTime:0.000441s ]
SQL: SHOW COLUMNS FROM `tbkl_collect` [ RunTime:0.0056s ]
SQL: SELECT * FROM `tbkl_collect` WHERE `video_id` = 19 AND `members_id` = 1  [ RunTime:0.0008s ]

[ 2019-04-27T11:31:55+08:00 ] 127.0.0.1 /api/video/collect_handle
INFO: [ app_init ] --START--
INFO: Run Behavior\BuildLiteBehavior [ RunTime:0.000010s ]
INFO: [ app_init ] --END-- [ RunTime:0.000305s ]
INFO: [ app_begin ] --START--
INFO: Run Behavior\ReadHtmlCacheBehavior [ RunTime:0.000417s ]
INFO: [ app_begin ] --END-- [ RunTime:0.000468s ]
SQL: SHOW COLUMNS FROM `tbkl_collect` [ RunTime:0.0060s ]
SQL: SELECT * FROM `tbkl_collect` WHERE `video_id` = 19 AND `members_id` = 1  [ RunTime:0.0002s ]
SQL: DELETE FROM `tbkl_collect` WHERE `video_id` = 19 AND `members_id` = 1 [ RunTime:0.0002s ]
INFO: [ app_end ] --START--
INFO: Run Behavior\ShowPageTraceBehavior [ RunTime:0.000642s ]
INFO: [ app_end ] --END-- [ RunTime:0.000675s ]

[ 2019-04-27T11:31:56+08:00 ] 127.0.0.1 /api/video/collect_handle
INFO: [ app_init ] --START--
INFO: Run Behavior\BuildLiteBehavior [ RunTime:0.000009s ]
INFO: [ app_init ] --END-- [ RunTime:0.000351s ]
INFO: [ app_begin ] --START--
INFO: Run Behavior\ReadHtmlCacheBehavior [ RunTime:0.000411s ]
INFO: [ app_begin ] --END-- [ RunTime:0.000456s ]
SQL: SHOW COLUMNS FROM `tbkl_collect` [ RunTime:0.0065s ]
SQL: SELECT * FROM `tbkl_collect` WHERE `video_id` = 19 AND `members_id` = 1  [ RunTime:0.0002s ]
SQL: INSERT INTO `tbkl_collect` (`video_id`,`members_id`,`create_time`) VALUES ('19','1','1556335916') [ RunTime:0.0001s ]
INFO: [ app_end ] --START--
INFO: Run Behavior\ShowPageTraceBehavior [ RunTime:0.000443s ]
INFO: [ app_end ] --END-- [ RunTime:0.000469s ]

[ 2019-04-27T11:32:14+08:00 ] 127.0.0.1 /api/video/collect_handle
INFO: [ app_init ] --START--
INFO: Run Behavior\BuildLiteBehavior [ RunTime:0.000009s ]
INFO: [ app_init ] --END-- [ RunTime:0.000293s ]
INFO: [ app_begin ] --START--
INFO: Run Behavior\ReadHtmlCacheBehavior [ RunTime:0.000348s ]
INFO: [ app_begin ] --END-- [ RunTime:0.000389s ]
SQL: SHOW COLUMNS FROM `tbkl_collect` [ RunTime:0.0062s ]
SQL: SELECT * FROM `tbkl_collect` WHERE `video_id` = 19 AND `members_id` = 1  [ RunTime:0.0002s ]
SQL: DELETE FROM `tbkl_collect` WHERE `video_id` = 19 AND `members_id` = 1 [ RunTime:0.0001s ]
INFO: [ app_end ] --START--
INFO: Run Behavior\ShowPageTraceBehavior [ RunTime:0.000441s ]
INFO: [ app_end ] --END-- [ RunTime:0.000468s ]

[ 2019-04-27T11:36:46+08:00 ] 127.0.0.1 /api/video/look_handle
INFO: [ app_init ] --START--
INFO: Run Behavior\BuildLiteBehavior [ RunTime:0.000008s ]
INFO: [ app_init ] --END-- [ RunTime:0.000345s ]
INFO: [ app_begin ] --START--
INFO: Run Behavior\ReadHtmlCacheBehavior [ RunTime:0.000416s ]
INFO: [ app_begin ] --END-- [ RunTime:0.000464s ]
SQL: SHOW COLUMNS FROM `tbkl_video_look` [ RunTime:0.0059s ]
SQL: SELECT * FROM `tbkl_video_look` WHERE `video_id` = 1 AND `members_id` = 1 LIMIT 1   [ RunTime:0.0002s ]
SQL: UPDATE `tbkl_video_look` SET `num`='4',`look_time`='1556336206' WHERE `video_id` = 1 AND `members_id` = 1 [ RunTime:0.0002s ]
INFO: [ app_end ] --START--
INFO: Run Behavior\ShowPageTraceBehavior [ RunTime:0.000482s ]
INFO: [ app_end ] --END-- [ RunTime:0.000507s ]

[ 2019-04-27T11:37:07+08:00 ] 127.0.0.1 /api/video/look_handle
INFO: [ app_init ] --START--
INFO: Run Behavior\BuildLiteBehavior [ RunTime:0.000015s ]
INFO: [ app_init ] --END-- [ RunTime:0.000430s ]
INFO: [ app_begin ] --START--
INFO: Run Behavior\ReadHtmlCacheBehavior [ RunTime:0.000479s ]
INFO: [ app_begin ] --END-- [ RunTime:0.000530s ]
SQL: SHOW COLUMNS FROM `tbkl_video_look` [ RunTime:0.0048s ]
SQL: SELECT * FROM `tbkl_video_look` WHERE `video_id` = 1 AND `members_id` = 1 LIMIT 1   [ RunTime:0.0002s ]
SQL: UPDATE `tbkl_video_look` SET `num`='5',`look_time`='1556336227' WHERE `video_id` = 1 AND `members_id` = 1 [ RunTime:0.0001s ]
INFO: [ app_end ] --START--
INFO: Run Behavior\ShowPageTraceBehavior [ RunTime:0.000487s ]
INFO: [ app_end ] --END-- [ RunTime:0.000512s ]

[ 2019-04-27T11:39:23+08:00 ] 127.0.0.1 /api/Vip/Vip
INFO: [ app_init ] --START--
INFO: Run Behavior\BuildLiteBehavior [ RunTime:0.000010s ]
INFO: [ app_init ] --END-- [ RunTime:0.000362s ]
INFO: [ app_begin ] --START--
INFO: Run Behavior\ReadHtmlCacheBehavior [ RunTime:0.000628s ]
INFO: [ app_begin ] --END-- [ RunTime:0.000691s ]
SQL: SHOW COLUMNS FROM `tbkl_vip` [ RunTime:0.0066s ]
SQL: SELECT `id`,`name`,`price`,`is_red`,`term` FROM `tbkl_vip` WHERE `status` = 1 ORDER BY id desc  [ RunTime:0.0010s ]
INFO: [ app_end ] --START--
INFO: Run Behavior\ShowPageTraceBehavior [ RunTime:0.002377s ]
INFO: [ app_end ] --END-- [ RunTime:0.002536s ]

[ 2019-04-27T17:19:20+08:00 ] 127.0.0.1 /api/Me/my_apply
INFO: [ app_init ] --START--
INFO: Run Behavior\BuildLiteBehavior [ RunTime:0.000008s ]
INFO: [ app_init ] --END-- [ RunTime:0.000367s ]
INFO: [ app_begin ] --START--
INFO: Run Behavior\ReadHtmlCacheBehavior [ RunTime:0.000419s ]
INFO: [ app_begin ] --END-- [ RunTime:0.000462s ]

[ 2019-04-27T17:20:01+08:00 ] 127.0.0.1 /api/Me/my_apply
INFO: [ app_init ] --START--
INFO: Run Behavior\BuildLiteBehavior [ RunTime:0.000011s ]
INFO: [ app_init ] --END-- [ RunTime:0.000999s ]
INFO: [ app_begin ] --START--
INFO: Run Behavior\ReadHtmlCacheBehavior [ RunTime:0.000399s ]
INFO: [ app_begin ] --END-- [ RunTime:0.000444s ]

[ 2019-04-27T17:20:17+08:00 ] 127.0.0.1 /api/Me/myApply
INFO: [ app_init ] --START--
INFO: Run Behavior\BuildLiteBehavior [ RunTime:0.000007s ]
INFO: [ app_init ] --END-- [ RunTime:0.000287s ]
INFO: [ app_begin ] --START--
INFO: Run Behavior\ReadHtmlCacheBehavior [ RunTime:0.000340s ]
INFO: [ app_begin ] --END-- [ RunTime:0.000378s ]
SQL: SHOW COLUMNS FROM `tbkl_apply` [ RunTime:0.0073s ]
SQL: SELECT * FROM `tbkl_apply` WHERE `members_id` = null AND `status` = 1 AND `flag` = 1 LIMIT 1   [ RunTime:0.0003s ]
INFO: [ app_end ] --START--
INFO: Run Behavior\ShowPageTraceBehavior [ RunTime:0.000573s ]
INFO: [ app_end ] --END-- [ RunTime:0.000601s ]

[ 2019-04-27T17:20:48+08:00 ] 127.0.0.1 /api/Me/myApply
INFO: [ app_init ] --START--
INFO: Run Behavior\BuildLiteBehavior [ RunTime:0.000009s ]
INFO: [ app_init ] --END-- [ RunTime:0.000272s ]
INFO: [ app_begin ] --START--
INFO: Run Behavior\ReadHtmlCacheBehavior [ RunTime:0.000346s ]
INFO: [ app_begin ] --END-- [ RunTime:0.000386s ]
SQL: SHOW COLUMNS FROM `tbkl_apply` [ RunTime:0.0063s ]
SQL: SELECT * FROM `tbkl_apply` WHERE `members_id` = 1 AND `status` = 1 AND `flag` = 1 LIMIT 1   [ RunTime:0.0002s ]
INFO: [ app_end ] --START--
INFO: Run Behavior\ShowPageTraceBehavior [ RunTime:0.000420s ]
INFO: [ app_end ] --END-- [ RunTime:0.000449s ]

[ 2019-04-27T17:29:06+08:00 ] 127.0.0.1 /api/Me/my_apply
INFO: [ app_init ] --START--
INFO: Run Behavior\BuildLiteBehavior [ RunTime:0.000010s ]
INFO: [ app_init ] --END-- [ RunTime:0.000366s ]
INFO: [ app_begin ] --START--
INFO: Run Behavior\ReadHtmlCacheBehavior [ RunTime:0.000404s ]
INFO: [ app_begin ] --END-- [ RunTime:0.000449s ]
INFO: [ app_end ] --START--
INFO: Run Behavior\ShowPageTraceBehavior [ RunTime:0.000517s ]
INFO: [ app_end ] --END-- [ RunTime:0.000553s ]

[ 2019-04-27T17:29:07+08:00 ] 127.0.0.1 /api/Me/my_apply
INFO: [ app_init ] --START--
INFO: Run Behavior\BuildLiteBehavior [ RunTime:0.000008s ]
INFO: [ app_init ] --END-- [ RunTime:0.000279s ]
INFO: [ app_begin ] --START--
INFO: Run Behavior\ReadHtmlCacheBehavior [ RunTime:0.000384s ]
INFO: [ app_begin ] --END-- [ RunTime:0.000425s ]
INFO: [ app_end ] --START--
INFO: Run Behavior\ShowPageTraceBehavior [ RunTime:0.000396s ]
INFO: [ app_end ] --END-- [ RunTime:0.000447s ]

[ 2019-04-27T17:29:28+08:00 ] 127.0.0.1 /api/Me/my_order
INFO: [ app_init ] --START--
INFO: Run Behavior\BuildLiteBehavior [ RunTime:0.000008s ]
INFO: [ app_init ] --END-- [ RunTime:0.000278s ]
INFO: [ app_begin ] --START--
INFO: Run Behavior\ReadHtmlCacheBehavior [ RunTime:0.000339s ]
INFO: [ app_begin ] --END-- [ RunTime:0.000378s ]
SQL: SHOW COLUMNS FROM `tbkl_order` [ RunTime:0.0061s ]
SQL: SELECT * FROM `tbkl_order` WHERE `members_id` = 1 LIMIT 1   [ RunTime:0.0003s ]
INFO: [ app_end ] --START--
INFO: Run Behavior\ShowPageTraceBehavior [ RunTime:0.000485s ]
INFO: [ app_end ] --END-- [ RunTime:0.000519s ]

[ 2019-04-27T17:32:28+08:00 ] 127.0.0.1 /api/Me/my_order
INFO: [ app_init ] --START--
INFO: Run Behavior\BuildLiteBehavior [ RunTime:0.000010s ]
INFO: [ app_init ] --END-- [ RunTime:0.000355s ]
INFO: [ app_begin ] --START--
INFO: Run Behavior\ReadHtmlCacheBehavior [ RunTime:0.000403s ]
INFO: [ app_begin ] --END-- [ RunTime:0.000448s ]
SQL: SHOW COLUMNS FROM `tbkl_order` [ RunTime:0.0057s ]
SQL: SELECT * FROM `tbkl_order` WHERE `members_id` = 1  [ RunTime:0.0003s ]

[ 2019-04-27T17:32:52+08:00 ] 127.0.0.1 /api/Me/my_look
INFO: [ app_init ] --START--
INFO: Run Behavior\BuildLiteBehavior [ RunTime:0.000016s ]
INFO: [ app_init ] --END-- [ RunTime:0.013023s ]
INFO: [ app_begin ] --START--
INFO: Run Behavior\ReadHtmlCacheBehavior [ RunTime:0.000509s ]
INFO: [ app_begin ] --END-- [ RunTime:0.000559s ]
SQL: SHOW COLUMNS FROM `tbkl_video_look` [ RunTime:0.0063s ]
ERR: 1054:Unknown column 'l.id' in 'field list'
 [ SQL语句 ] : SELECT l.id,l.num,l.look_time,l.video_id,v.title,v.pic,v.video,v.price,v.show_time,v.desp,v.is_pay,v.look,v.coolect,v.buy_num FROM `tbkl_video_look` WHERE l.members_id = null ORDER BY l.id desc 
ERR: 1054:Unknown column 'l.id' in 'field list'
 [ SQL语句 ] : SELECT l.id,l.num,l.look_time,l.video_id,v.title,v.pic,v.video,v.price,v.show_time,v.desp,v.is_pay,v.look,v.coolect,v.buy_num FROM `tbkl_video_look` WHERE l.members_id = null ORDER BY l.id desc 

[ 2019-04-27T17:33:09+08:00 ] 127.0.0.1 /api/Me/my_look
INFO: [ app_init ] --START--
INFO: Run Behavior\BuildLiteBehavior [ RunTime:0.000008s ]
INFO: [ app_init ] --END-- [ RunTime:0.000271s ]
INFO: [ app_begin ] --START--
INFO: Run Behavior\ReadHtmlCacheBehavior [ RunTime:0.000341s ]
INFO: [ app_begin ] --END-- [ RunTime:0.000381s ]
SQL: SHOW COLUMNS FROM `tbkl_video_look` [ RunTime:0.0048s ]
ERR: 1054:Unknown column 'l.id' in 'field list'
 [ SQL语句 ] : SELECT l.id,l.num,l.look_time,l.video_id,v.title,v.pic,v.video,v.price,v.show_time,v.desp,v.is_pay,v.look,v.coolect,v.buy_num FROM `tbkl_video_look` WHERE l.members_id = 1 ORDER BY l.id desc 
ERR: 1054:Unknown column 'l.id' in 'field list'
 [ SQL语句 ] : SELECT l.id,l.num,l.look_time,l.video_id,v.title,v.pic,v.video,v.price,v.show_time,v.desp,v.is_pay,v.look,v.coolect,v.buy_num FROM `tbkl_video_look` WHERE l.members_id = 1 ORDER BY l.id desc 

[ 2019-04-27T17:34:41+08:00 ] 127.0.0.1 /api/Me/my_look
INFO: [ app_init ] --START--
INFO: Run Behavior\BuildLiteBehavior [ RunTime:0.000013s ]
INFO: [ app_init ] --END-- [ RunTime:0.000334s ]
INFO: [ app_begin ] --START--
INFO: Run Behavior\ReadHtmlCacheBehavior [ RunTime:0.000394s ]
INFO: [ app_begin ] --END-- [ RunTime:0.000435s ]
SQL: SHOW COLUMNS FROM `tbkl_video_look` [ RunTime:0.0049s ]
ERR: 1054:Unknown column 'v.coolect' in 'field list'
 [ SQL语句 ] : SELECT l.id,l.num,l.look_time,l.video_id,v.title,v.pic,v.video,v.price,v.show_time,v.desp,v.is_pay,v.look,v.coolect,v.buy_num FROM tbkl_video_look as l INNER JOIN tbkl_video as v on l.video_id = v.id  WHERE l.members_id = 1 ORDER BY l.id desc 
ERR: 1054:Unknown column 'v.coolect' in 'field list'
 [ SQL语句 ] : SELECT l.id,l.num,l.look_time,l.video_id,v.title,v.pic,v.video,v.price,v.show_time,v.desp,v.is_pay,v.look,v.coolect,v.buy_num FROM tbkl_video_look as l INNER JOIN tbkl_video as v on l.video_id = v.id  WHERE l.members_id = 1 ORDER BY l.id desc 

[ 2019-04-27T17:35:01+08:00 ] 127.0.0.1 /api/Me/my_look
INFO: [ app_init ] --START--
INFO: Run Behavior\BuildLiteBehavior [ RunTime:0.000012s ]
INFO: [ app_init ] --END-- [ RunTime:0.014077s ]
INFO: [ app_begin ] --START--
INFO: Run Behavior\ReadHtmlCacheBehavior [ RunTime:0.000381s ]
INFO: [ app_begin ] --END-- [ RunTime:0.000428s ]
SQL: SHOW COLUMNS FROM `tbkl_video_look` [ RunTime:0.0057s ]
SQL: SELECT l.id,l.num,l.look_time,l.video_id,v.title,v.pic,v.video,v.price,v.show_time,v.desp,v.is_pay,v.look,v.collect,v.buy_num FROM tbkl_video_look as l INNER JOIN tbkl_video as v on l.video_id = v.id  WHERE l.members_id = 1 ORDER BY l.id desc  [ RunTime:0.0003s ]
INFO: [ app_end ] --START--
INFO: Run Behavior\ShowPageTraceBehavior [ RunTime:0.000495s ]
INFO: [ app_end ] --END-- [ RunTime:0.000521s ]

[ 2019-04-27T17:35:40+08:00 ] 127.0.0.1 /api/Me/my_look
INFO: [ app_init ] --START--
INFO: Run Behavior\BuildLiteBehavior [ RunTime:0.000012s ]
INFO: [ app_init ] --END-- [ RunTime:0.000436s ]
INFO: [ app_begin ] --START--
INFO: Run Behavior\ReadHtmlCacheBehavior [ RunTime:0.000437s ]
INFO: [ app_begin ] --END-- [ RunTime:0.000484s ]
SQL: SHOW COLUMNS FROM `tbkl_video_look` [ RunTime:0.0057s ]
SQL: SELECT l.id,l.num,l.look_time,l.video_id,v.title,v.pic,v.video,v.price,v.show_time,v.desp,v.is_pay,v.look,v.collect,v.buy_num FROM tbkl_video_look as l INNER JOIN tbkl_video as v on l.video_id = v.id  WHERE l.members_id = 1 ORDER BY l.id desc  [ RunTime:0.0003s ]

[ 2019-04-27T17:36:23+08:00 ] 127.0.0.1 /api/Me/my_look
INFO: [ app_init ] --START--
INFO: Run Behavior\BuildLiteBehavior [ RunTime:0.000009s ]
INFO: [ app_init ] --END-- [ RunTime:0.000283s ]
INFO: [ app_begin ] --START--
INFO: Run Behavior\ReadHtmlCacheBehavior [ RunTime:0.000354s ]
INFO: [ app_begin ] --END-- [ RunTime:0.000395s ]
SQL: SHOW COLUMNS FROM `tbkl_video_look` [ RunTime:0.0052s ]
SQL: SELECT l.id,l.num,l.look_time,l.video_id,v.title,v.pic,v.video,v.price,v.show_time,v.desp,v.is_pay,v.look,v.collect,v.buy_num FROM tbkl_video_look as l INNER JOIN tbkl_video as v on l.video_id = v.id  WHERE l.members_id = 1 ORDER BY l.id desc  [ RunTime:0.0003s ]

[ 2019-04-27T17:38:11+08:00 ] 127.0.0.1 /api/Me/my_look
INFO: [ app_init ] --START--
INFO: Run Behavior\BuildLiteBehavior [ RunTime:0.000008s ]
INFO: [ app_init ] --END-- [ RunTime:0.000329s ]
INFO: [ app_begin ] --START--
INFO: Run Behavior\ReadHtmlCacheBehavior [ RunTime:0.000405s ]
INFO: [ app_begin ] --END-- [ RunTime:0.000451s ]
SQL: SHOW COLUMNS FROM `tbkl_video_look` [ RunTime:0.0051s ]
SQL: SELECT l.id,l.num,l.look_time,l.video_id,v.title,v.pic,v.video,v.price,v.show_time,v.desp,v.is_pay,v.look,v.collect,v.buy_num FROM tbkl_video_look as l INNER JOIN tbkl_video as v on l.video_id = v.id  WHERE l.members_id = 1 ORDER BY l.id desc  [ RunTime:0.0003s ]

[ 2019-04-27T17:38:42+08:00 ] 127.0.0.1 /api/Me/my_look
INFO: [ app_init ] --START--
INFO: Run Behavior\BuildLiteBehavior [ RunTime:0.000008s ]
INFO: [ app_init ] --END-- [ RunTime:0.000280s ]
INFO: [ app_begin ] --START--
INFO: Run Behavior\ReadHtmlCacheBehavior [ RunTime:0.000334s ]
INFO: [ app_begin ] --END-- [ RunTime:0.000373s ]
SQL: SHOW COLUMNS FROM `tbkl_video_look` [ RunTime:0.0052s ]
SQL: SELECT l.id,l.num,l.look_time,l.video_id,v.title,v.pic,v.video,v.price,v.show_time,v.desp,v.is_pay,v.look,v.collect,v.buy_num FROM tbkl_video_look as l INNER JOIN tbkl_video as v on l.video_id = v.id  WHERE l.members_id = 1 ORDER BY l.id desc  [ RunTime:0.0003s ]

[ 2019-04-27T17:38:45+08:00 ] 127.0.0.1 /api/Me/my_look
INFO: [ app_init ] --START--
INFO: Run Behavior\BuildLiteBehavior [ RunTime:0.000010s ]
INFO: [ app_init ] --END-- [ RunTime:0.000304s ]
INFO: [ app_begin ] --START--
INFO: Run Behavior\ReadHtmlCacheBehavior [ RunTime:0.000412s ]
INFO: [ app_begin ] --END-- [ RunTime:0.000460s ]
SQL: SHOW COLUMNS FROM `tbkl_video_look` [ RunTime:0.0048s ]
SQL: SELECT l.id,l.num,l.look_time,l.video_id,v.title,v.pic,v.video,v.price,v.show_time,v.desp,v.is_pay,v.look,v.collect,v.buy_num FROM tbkl_video_look as l INNER JOIN tbkl_video as v on l.video_id = v.id  WHERE l.members_id = 1 ORDER BY l.id desc  [ RunTime:0.0002s ]

[ 2019-04-27T17:39:06+08:00 ] 127.0.0.1 /api/Me/my_look
INFO: [ app_init ] --START--
INFO: Run Behavior\BuildLiteBehavior [ RunTime:0.000008s ]
INFO: [ app_init ] --END-- [ RunTime:0.000271s ]
INFO: [ app_begin ] --START--
INFO: Run Behavior\ReadHtmlCacheBehavior [ RunTime:0.000340s ]
INFO: [ app_begin ] --END-- [ RunTime:0.000381s ]
SQL: SHOW COLUMNS FROM `tbkl_video_look` [ RunTime:0.0052s ]
SQL: SELECT l.id,l.num,l.look_time,l.video_id,v.title,v.pic,v.video,v.price,v.show_time,v.desp,v.is_pay,v.look,v.collect,v.buy_num FROM tbkl_video_look as l INNER JOIN tbkl_video as v on l.video_id = v.id  WHERE l.members_id = 1 ORDER BY l.id desc  [ RunTime:0.0003s ]
SQL: SHOW COLUMNS FROM `tbkl_collect` [ RunTime:0.0049s ]
SQL: SELECT * FROM `tbkl_collect` WHERE `members_id` = 1  [ RunTime:0.0001s ]

[ 2019-04-27T17:40:33+08:00 ] 127.0.0.1 /api/Me/my_look
INFO: [ app_init ] --START--
INFO: Run Behavior\BuildLiteBehavior [ RunTime:0.000008s ]
INFO: [ app_init ] --END-- [ RunTime:0.000334s ]
INFO: [ app_begin ] --START--
INFO: Run Behavior\ReadHtmlCacheBehavior [ RunTime:0.000384s ]
INFO: [ app_begin ] --END-- [ RunTime:0.000425s ]
SQL: SHOW COLUMNS FROM `tbkl_video_look` [ RunTime:0.0049s ]
SQL: SELECT l.id,l.num,l.look_time,l.video_id,v.title,v.pic,v.video,v.price,v.show_time,v.desp,v.is_pay,v.look,v.collect,v.buy_num FROM tbkl_video_look as l INNER JOIN tbkl_video as v on l.video_id = v.id  WHERE l.members_id = 1 ORDER BY l.id desc  [ RunTime:0.0003s ]
SQL: SHOW COLUMNS FROM `tbkl_collect` [ RunTime:0.0049s ]
SQL: SELECT * FROM `tbkl_collect` WHERE `members_id` = 1  [ RunTime:0.0002s ]

[ 2019-04-27T17:40:34+08:00 ] 127.0.0.1 /api/Me/my_look
INFO: [ app_init ] --START--
INFO: Run Behavior\BuildLiteBehavior [ RunTime:0.000014s ]
INFO: [ app_init ] --END-- [ RunTime:0.000434s ]
INFO: [ app_begin ] --START--
INFO: Run Behavior\ReadHtmlCacheBehavior [ RunTime:0.000594s ]
INFO: [ app_begin ] --END-- [ RunTime:0.000662s ]
SQL: SHOW COLUMNS FROM `tbkl_video_look` [ RunTime:0.0056s ]
SQL: SELECT l.id,l.num,l.look_time,l.video_id,v.title,v.pic,v.video,v.price,v.show_time,v.desp,v.is_pay,v.look,v.collect,v.buy_num FROM tbkl_video_look as l INNER JOIN tbkl_video as v on l.video_id = v.id  WHERE l.members_id = 1 ORDER BY l.id desc  [ RunTime:0.0003s ]
SQL: SHOW COLUMNS FROM `tbkl_collect` [ RunTime:0.0049s ]
SQL: SELECT * FROM `tbkl_collect` WHERE `members_id` = 1  [ RunTime:0.0001s ]

[ 2019-04-27T17:40:34+08:00 ] 127.0.0.1 /api/Me/my_look
INFO: [ app_init ] --START--
INFO: Run Behavior\BuildLiteBehavior [ RunTime:0.000013s ]
INFO: [ app_init ] --END-- [ RunTime:0.000328s ]
INFO: [ app_begin ] --START--
INFO: Run Behavior\ReadHtmlCacheBehavior [ RunTime:0.000358s ]
INFO: [ app_begin ] --END-- [ RunTime:0.000410s ]
SQL: SHOW COLUMNS FROM `tbkl_video_look` [ RunTime:0.0057s ]
SQL: SELECT l.id,l.num,l.look_time,l.video_id,v.title,v.pic,v.video,v.price,v.show_time,v.desp,v.is_pay,v.look,v.collect,v.buy_num FROM tbkl_video_look as l INNER JOIN tbkl_video as v on l.video_id = v.id  WHERE l.members_id = 1 ORDER BY l.id desc  [ RunTime:0.0003s ]
SQL: SHOW COLUMNS FROM `tbkl_collect` [ RunTime:0.0050s ]
SQL: SELECT * FROM `tbkl_collect` WHERE `members_id` = 1  [ RunTime:0.0002s ]

[ 2019-04-27T17:40:42+08:00 ] 127.0.0.1 /api/Me/my_look
INFO: [ app_init ] --START--
INFO: Run Behavior\BuildLiteBehavior [ RunTime:0.000008s ]
INFO: [ app_init ] --END-- [ RunTime:0.000273s ]
INFO: [ app_begin ] --START--
INFO: Run Behavior\ReadHtmlCacheBehavior [ RunTime:0.000345s ]
INFO: [ app_begin ] --END-- [ RunTime:0.000385s ]
SQL: SHOW COLUMNS FROM `tbkl_video_look` [ RunTime:0.0048s ]
SQL: SELECT l.id,l.num,l.look_time,l.video_id,v.title,v.pic,v.video,v.price,v.show_time,v.desp,v.is_pay,v.look,v.collect,v.buy_num FROM tbkl_video_look as l INNER JOIN tbkl_video as v on l.video_id = v.id  WHERE l.members_id = 1 ORDER BY l.id desc  [ RunTime:0.0002s ]
SQL: SHOW COLUMNS FROM `tbkl_collect` [ RunTime:0.0048s ]
SQL: SELECT * FROM `tbkl_collect` WHERE `members_id` = 1  [ RunTime:0.0001s ]

[ 2019-04-27T17:40:43+08:00 ] 127.0.0.1 /api/Me/my_look
INFO: [ app_init ] --START--
INFO: Run Behavior\BuildLiteBehavior [ RunTime:0.000012s ]
INFO: [ app_init ] --END-- [ RunTime:0.000338s ]
INFO: [ app_begin ] --START--
INFO: Run Behavior\ReadHtmlCacheBehavior [ RunTime:0.000358s ]
INFO: [ app_begin ] --END-- [ RunTime:0.000399s ]
SQL: SHOW COLUMNS FROM `tbkl_video_look` [ RunTime:0.0048s ]
SQL: SELECT l.id,l.num,l.look_time,l.video_id,v.title,v.pic,v.video,v.price,v.show_time,v.desp,v.is_pay,v.look,v.collect,v.buy_num FROM tbkl_video_look as l INNER JOIN tbkl_video as v on l.video_id = v.id  WHERE l.members_id = 1 ORDER BY l.id desc  [ RunTime:0.0004s ]
SQL: SHOW COLUMNS FROM `tbkl_collect` [ RunTime:0.0049s ]
SQL: SELECT * FROM `tbkl_collect` WHERE `members_id` = 1  [ RunTime:0.0001s ]

[ 2019-04-27T17:40:43+08:00 ] 127.0.0.1 /api/Me/my_look
INFO: [ app_init ] --START--
INFO: Run Behavior\BuildLiteBehavior [ RunTime:0.000009s ]
INFO: [ app_init ] --END-- [ RunTime:0.000322s ]
INFO: [ app_begin ] --START--
INFO: Run Behavior\ReadHtmlCacheBehavior [ RunTime:0.000394s ]
INFO: [ app_begin ] --END-- [ RunTime:0.000444s ]
SQL: SHOW COLUMNS FROM `tbkl_video_look` [ RunTime:0.0051s ]
SQL: SELECT l.id,l.num,l.look_time,l.video_id,v.title,v.pic,v.video,v.price,v.show_time,v.desp,v.is_pay,v.look,v.collect,v.buy_num FROM tbkl_video_look as l INNER JOIN tbkl_video as v on l.video_id = v.id  WHERE l.members_id = 1 ORDER BY l.id desc  [ RunTime:0.0002s ]
SQL: SHOW COLUMNS FROM `tbkl_collect` [ RunTime:0.0048s ]
SQL: SELECT * FROM `tbkl_collect` WHERE `members_id` = 1  [ RunTime:0.0001s ]

[ 2019-04-27T17:40:43+08:00 ] 127.0.0.1 /api/Me/my_look
INFO: [ app_init ] --START--
INFO: Run Behavior\BuildLiteBehavior [ RunTime:0.000008s ]
INFO: [ app_init ] --END-- [ RunTime:0.000286s ]
INFO: [ app_begin ] --START--
INFO: Run Behavior\ReadHtmlCacheBehavior [ RunTime:0.000570s ]
INFO: [ app_begin ] --END-- [ RunTime:0.000615s ]
SQL: SHOW COLUMNS FROM `tbkl_video_look` [ RunTime:0.0054s ]
SQL: SELECT l.id,l.num,l.look_time,l.video_id,v.title,v.pic,v.video,v.price,v.show_time,v.desp,v.is_pay,v.look,v.collect,v.buy_num FROM tbkl_video_look as l INNER JOIN tbkl_video as v on l.video_id = v.id  WHERE l.members_id = 1 ORDER BY l.id desc  [ RunTime:0.0002s ]
SQL: SHOW COLUMNS FROM `tbkl_collect` [ RunTime:0.0050s ]
SQL: SELECT * FROM `tbkl_collect` WHERE `members_id` = 1  [ RunTime:0.0002s ]

[ 2019-04-27T17:40:43+08:00 ] 127.0.0.1 /api/Me/my_look
INFO: [ app_init ] --START--
INFO: Run Behavior\BuildLiteBehavior [ RunTime:0.000009s ]
INFO: [ app_init ] --END-- [ RunTime:0.000307s ]
INFO: [ app_begin ] --START--
INFO: Run Behavior\ReadHtmlCacheBehavior [ RunTime:0.000357s ]
INFO: [ app_begin ] --END-- [ RunTime:0.000402s ]
SQL: SHOW COLUMNS FROM `tbkl_video_look` [ RunTime:0.0052s ]
SQL: SELECT l.id,l.num,l.look_time,l.video_id,v.title,v.pic,v.video,v.price,v.show_time,v.desp,v.is_pay,v.look,v.collect,v.buy_num FROM tbkl_video_look as l INNER JOIN tbkl_video as v on l.video_id = v.id  WHERE l.members_id = 1 ORDER BY l.id desc  [ RunTime:0.0002s ]
SQL: SHOW COLUMNS FROM `tbkl_collect` [ RunTime:0.0050s ]
SQL: SELECT * FROM `tbkl_collect` WHERE `members_id` = 1  [ RunTime:0.0001s ]

[ 2019-04-27T17:40:49+08:00 ] 127.0.0.1 /api/Me/my_look
INFO: [ app_init ] --START--
INFO: Run Behavior\BuildLiteBehavior [ RunTime:0.000013s ]
INFO: [ app_init ] --END-- [ RunTime:0.000326s ]
INFO: [ app_begin ] --START--
INFO: Run Behavior\ReadHtmlCacheBehavior [ RunTime:0.000352s ]
INFO: [ app_begin ] --END-- [ RunTime:0.000394s ]
SQL: SHOW COLUMNS FROM `tbkl_video_look` [ RunTime:0.0050s ]
SQL: SELECT l.id,l.num,l.look_time,l.video_id,v.title,v.pic,v.video,v.price,v.show_time,v.desp,v.is_pay,v.look,v.collect,v.buy_num FROM tbkl_video_look as l INNER JOIN tbkl_video as v on l.video_id = v.id  WHERE l.members_id = 1 ORDER BY l.id desc  [ RunTime:0.0002s ]
SQL: SHOW COLUMNS FROM `tbkl_collect` [ RunTime:0.0047s ]
SQL: SELECT * FROM `tbkl_collect` WHERE `members_id` = 1  [ RunTime:0.0001s ]

[ 2019-04-27T17:40:49+08:00 ] 127.0.0.1 /api/Me/my_look
INFO: [ app_init ] --START--
INFO: Run Behavior\BuildLiteBehavior [ RunTime:0.000010s ]
INFO: [ app_init ] --END-- [ RunTime:0.000363s ]
INFO: [ app_begin ] --START--
INFO: Run Behavior\ReadHtmlCacheBehavior [ RunTime:0.000454s ]
INFO: [ app_begin ] --END-- [ RunTime:0.000507s ]
SQL: SHOW COLUMNS FROM `tbkl_video_look` [ RunTime:0.0051s ]
SQL: SELECT l.id,l.num,l.look_time,l.video_id,v.title,v.pic,v.video,v.price,v.show_time,v.desp,v.is_pay,v.look,v.collect,v.buy_num FROM tbkl_video_look as l INNER JOIN tbkl_video as v on l.video_id = v.id  WHERE l.members_id = 1 ORDER BY l.id desc  [ RunTime:0.0003s ]
SQL: SHOW COLUMNS FROM `tbkl_collect` [ RunTime:0.0051s ]
SQL: SELECT * FROM `tbkl_collect` WHERE `members_id` = 1  [ RunTime:0.0001s ]

[ 2019-04-27T17:40:49+08:00 ] 127.0.0.1 /api/Me/my_look
INFO: [ app_init ] --START--
INFO: Run Behavior\BuildLiteBehavior [ RunTime:0.000009s ]
INFO: [ app_init ] --END-- [ RunTime:0.000274s ]
INFO: [ app_begin ] --START--
INFO: Run Behavior\ReadHtmlCacheBehavior [ RunTime:0.000350s ]
INFO: [ app_begin ] --END-- [ RunTime:0.000390s ]
SQL: SHOW COLUMNS FROM `tbkl_video_look` [ RunTime:0.0052s ]
SQL: SELECT l.id,l.num,l.look_time,l.video_id,v.title,v.pic,v.video,v.price,v.show_time,v.desp,v.is_pay,v.look,v.collect,v.buy_num FROM tbkl_video_look as l INNER JOIN tbkl_video as v on l.video_id = v.id  WHERE l.members_id = 1 ORDER BY l.id desc  [ RunTime:0.0003s ]
SQL: SHOW COLUMNS FROM `tbkl_collect` [ RunTime:0.0050s ]
SQL: SELECT * FROM `tbkl_collect` WHERE `members_id` = 1  [ RunTime:0.0002s ]

[ 2019-04-27T17:40:49+08:00 ] 127.0.0.1 /api/Me/my_look
INFO: [ app_init ] --START--
INFO: Run Behavior\BuildLiteBehavior [ RunTime:0.000009s ]
INFO: [ app_init ] --END-- [ RunTime:0.000288s ]
INFO: [ app_begin ] --START--
INFO: Run Behavior\ReadHtmlCacheBehavior [ RunTime:0.000360s ]
INFO: [ app_begin ] --END-- [ RunTime:0.000402s ]
SQL: SHOW COLUMNS FROM `tbkl_video_look` [ RunTime:0.0052s ]
SQL: SELECT l.id,l.num,l.look_time,l.video_id,v.title,v.pic,v.video,v.price,v.show_time,v.desp,v.is_pay,v.look,v.collect,v.buy_num FROM tbkl_video_look as l INNER JOIN tbkl_video as v on l.video_id = v.id  WHERE l.members_id = 1 ORDER BY l.id desc  [ RunTime:0.0003s ]
SQL: SHOW COLUMNS FROM `tbkl_collect` [ RunTime:0.0048s ]
SQL: SELECT * FROM `tbkl_collect` WHERE `members_id` = 1  [ RunTime:0.0001s ]

[ 2019-04-27T17:44:00+08:00 ] 127.0.0.1 /api/Me/my_look
INFO: [ app_init ] --START--
INFO: Run Behavior\BuildLiteBehavior [ RunTime:0.000009s ]
INFO: [ app_init ] --END-- [ RunTime:0.000346s ]
INFO: [ app_begin ] --START--
INFO: Run Behavior\ReadHtmlCacheBehavior [ RunTime:0.000402s ]
INFO: [ app_begin ] --END-- [ RunTime:0.000446s ]
SQL: SHOW COLUMNS FROM `tbkl_video_look` [ RunTime:0.0059s ]
SQL: SELECT l.id,l.num,l.look_time,l.video_id,v.title,v.pic,v.video,v.price,v.show_time,v.desp,v.is_pay,v.look,v.collect,v.buy_num FROM tbkl_video_look as l INNER JOIN tbkl_video as v on l.video_id = v.id  WHERE l.members_id = 1 ORDER BY l.id desc  [ RunTime:0.0003s ]
SQL: SHOW COLUMNS FROM `tbkl_collect` [ RunTime:0.0054s ]
SQL: SELECT * FROM `tbkl_collect` WHERE `members_id` = 1  [ RunTime:0.0002s ]
INFO: [ app_end ] --START--
INFO: Run Behavior\ShowPageTraceBehavior [ RunTime:0.000509s ]
INFO: [ app_end ] --END-- [ RunTime:0.000535s ]

[ 2019-04-27T17:44:18+08:00 ] 127.0.0.1 /api/Me/my_look
INFO: [ app_init ] --START--
INFO: Run Behavior\BuildLiteBehavior [ RunTime:0.000011s ]
INFO: [ app_init ] --END-- [ RunTime:0.000330s ]
INFO: [ app_begin ] --START--
INFO: Run Behavior\ReadHtmlCacheBehavior [ RunTime:0.000377s ]
INFO: [ app_begin ] --END-- [ RunTime:0.000420s ]
SQL: SHOW COLUMNS FROM `tbkl_video_look` [ RunTime:0.0049s ]
SQL: SELECT l.id,l.num,l.look_time,l.video_id,v.title,v.pic,v.video,v.price,v.show_time,v.desp,v.is_pay,v.look,v.collect,v.buy_num FROM tbkl_video_look as l INNER JOIN tbkl_video as v on l.video_id = v.id  WHERE l.members_id = 1 ORDER BY l.id desc  [ RunTime:0.0002s ]
SQL: SHOW COLUMNS FROM `tbkl_collect` [ RunTime:0.0046s ]
SQL: SELECT * FROM `tbkl_collect` WHERE `members_id` = 1  [ RunTime:0.0001s ]
INFO: [ app_end ] --START--
INFO: Run Behavior\ShowPageTraceBehavior [ RunTime:0.000388s ]
INFO: [ app_end ] --END-- [ RunTime:0.000415s ]

[ 2019-04-27T17:46:39+08:00 ] 127.0.0.1 /api/Me/my_look
INFO: [ app_init ] --START--
INFO: Run Behavior\BuildLiteBehavior [ RunTime:0.000011s ]
INFO: [ app_init ] --END-- [ RunTime:0.000344s ]
INFO: [ app_begin ] --START--
INFO: Run Behavior\ReadHtmlCacheBehavior [ RunTime:0.000439s ]
INFO: [ app_begin ] --END-- [ RunTime:0.000489s ]
SQL: SHOW COLUMNS FROM `tbkl_video_look` [ RunTime:0.0050s ]
SQL: SELECT l.id,l.num,l.look_time,l.video_id,v.title,v.pic,v.video,v.price,v.show_time,v.desp,v.is_pay,v.look,v.collect,v.buy_num FROM tbkl_video_look as l INNER JOIN tbkl_video as v on l.video_id = v.id  WHERE l.members_id = 1 ORDER BY l.id desc  [ RunTime:0.0003s ]
SQL: SHOW COLUMNS FROM `tbkl_collect` [ RunTime:0.0050s ]
SQL: SELECT * FROM `tbkl_collect` WHERE `members_id` = 1  [ RunTime:0.0001s ]
INFO: [ app_end ] --START--
INFO: Run Behavior\ShowPageTraceBehavior [ RunTime:0.009119s ]
INFO: [ app_end ] --END-- [ RunTime:0.009145s ]

[ 2019-04-27T18:03:21+08:00 ] 127.0.0.1 /api/Me/my_order
INFO: [ app_init ] --START--
INFO: Run Behavior\BuildLiteBehavior [ RunTime:0.000017s ]
INFO: [ app_init ] --END-- [ RunTime:0.000403s ]
INFO: [ app_begin ] --START--
INFO: Run Behavior\ReadHtmlCacheBehavior [ RunTime:0.000472s ]
INFO: [ app_begin ] --END-- [ RunTime:0.000518s ]
SQL: SHOW COLUMNS FROM `tbkl_order` [ RunTime:0.0061s ]

[ 2019-04-27T18:03:42+08:00 ] 127.0.0.1 /api/Me/my_order
INFO: [ app_init ] --START--
INFO: Run Behavior\BuildLiteBehavior [ RunTime:0.000008s ]
INFO: [ app_init ] --END-- [ RunTime:0.000306s ]
INFO: [ app_begin ] --START--
INFO: Run Behavior\ReadHtmlCacheBehavior [ RunTime:0.000347s ]
INFO: [ app_begin ] --END-- [ RunTime:0.000387s ]
SQL: SHOW COLUMNS FROM `tbkl_order` [ RunTime:0.0049s ]

[ 2019-04-27T18:03:55+08:00 ] 127.0.0.1 /api/Me/my_order
INFO: [ app_init ] --START--
INFO: Run Behavior\BuildLiteBehavior [ RunTime:0.000009s ]
INFO: [ app_init ] --END-- [ RunTime:0.000296s ]
INFO: [ app_begin ] --START--
INFO: Run Behavior\ReadHtmlCacheBehavior [ RunTime:0.000368s ]
INFO: [ app_begin ] --END-- [ RunTime:0.000417s ]
SQL: SHOW COLUMNS FROM `tbkl_order` [ RunTime:0.0055s ]
SQL: SELECT o.id,o.ordercode,o.members_id,o.vip_id,o.vip_name,o.video_id,o.pay_money,o.type,o.pay_time,o.create_time,v.title,v.pic,v.video,v.price,v.show_time,v.is_pay,v.is_red,v.look,v.collect,v.buy_num FROM tbkl_order as o INNER JOIN tbkl_video as v on o.video_id = v.id  WHERE o.members_id = 1 AND o.type = '0' ORDER BY o.id LIMIT 10   [ RunTime:0.0009s ]

[ 2019-04-27T18:06:05+08:00 ] 127.0.0.1 /api/Me/my_order
INFO: [ app_init ] --START--
INFO: Run Behavior\BuildLiteBehavior [ RunTime:0.000008s ]
INFO: [ app_init ] --END-- [ RunTime:0.000337s ]
INFO: [ app_begin ] --START--
INFO: Run Behavior\ReadHtmlCacheBehavior [ RunTime:0.000393s ]
INFO: [ app_begin ] --END-- [ RunTime:0.000433s ]
SQL: SHOW COLUMNS FROM `tbkl_order` [ RunTime:0.0052s ]
SQL: SELECT o.id,o.ordercode,o.members_id,o.vip_id,o.vip_name,o.video_id,o.pay_money,o.type,o.pay_time,o.create_time,v.title,v.pic,v.video,v.price,v.show_time,v.is_pay,v.is_red,v.look,v.collect,v.buy_num FROM tbkl_order as o INNER JOIN tbkl_video as v on o.video_id = v.id  WHERE o.members_id = 1 AND o.type = '0' ORDER BY o.id LIMIT 10   [ RunTime:0.0004s ]
SQL: SHOW COLUMNS FROM `tbkl_collect` [ RunTime:0.0054s ]
SQL: SELECT * FROM `tbkl_collect` WHERE `members_id` = 1  [ RunTime:0.0002s ]
NOTIC: [8] Undefined index: look_time D:\phpStudy\PHPTutorial\WWW\lljy.kailly.com\App\Api\Controller\MeController.class.php 第 86 行.
NOTIC: [8] Undefined index: look_time D:\phpStudy\PHPTutorial\WWW\lljy.kailly.com\App\Api\Controller\MeController.class.php 第 86 行.

[ 2019-04-27T18:06:06+08:00 ] 127.0.0.1 /api/Me/my_order
INFO: [ app_init ] --START--
INFO: Run Behavior\BuildLiteBehavior [ RunTime:0.000010s ]
INFO: [ app_init ] --END-- [ RunTime:0.000307s ]
INFO: [ app_begin ] --START--
INFO: Run Behavior\ReadHtmlCacheBehavior [ RunTime:0.000378s ]
INFO: [ app_begin ] --END-- [ RunTime:0.000422s ]
SQL: SHOW COLUMNS FROM `tbkl_order` [ RunTime:0.0048s ]
SQL: SELECT o.id,o.ordercode,o.members_id,o.vip_id,o.vip_name,o.video_id,o.pay_money,o.type,o.pay_time,o.create_time,v.title,v.pic,v.video,v.price,v.show_time,v.is_pay,v.is_red,v.look,v.collect,v.buy_num FROM tbkl_order as o INNER JOIN tbkl_video as v on o.video_id = v.id  WHERE o.members_id = 1 AND o.type = '0' ORDER BY o.id LIMIT 10   [ RunTime:0.0003s ]
SQL: SHOW COLUMNS FROM `tbkl_collect` [ RunTime:0.0047s ]
SQL: SELECT * FROM `tbkl_collect` WHERE `members_id` = 1  [ RunTime:0.0001s ]
NOTIC: [8] Undefined index: look_time D:\phpStudy\PHPTutorial\WWW\lljy.kailly.com\App\Api\Controller\MeController.class.php 第 86 行.
NOTIC: [8] Undefined index: look_time D:\phpStudy\PHPTutorial\WWW\lljy.kailly.com\App\Api\Controller\MeController.class.php 第 86 行.

[ 2019-04-27T18:06:32+08:00 ] 127.0.0.1 /api/Me/my_order
INFO: [ app_init ] --START--
INFO: Run Behavior\BuildLiteBehavior [ RunTime:0.000010s ]
INFO: [ app_init ] --END-- [ RunTime:0.000290s ]
INFO: [ app_begin ] --START--
INFO: Run Behavior\ReadHtmlCacheBehavior [ RunTime:0.000350s ]
INFO: [ app_begin ] --END-- [ RunTime:0.000392s ]
SQL: SHOW COLUMNS FROM `tbkl_order` [ RunTime:0.0052s ]
SQL: SELECT o.id,o.ordercode,o.members_id,o.vip_id,o.vip_name,o.video_id,o.pay_money,o.type,o.pay_time,o.create_time,v.title,v.pic,v.video,v.price,v.show_time,v.is_pay,v.is_red,v.look,v.collect,v.buy_num FROM tbkl_order as o INNER JOIN tbkl_video as v on o.video_id = v.id  WHERE o.members_id = 1 AND o.type = '0' ORDER BY o.id LIMIT 10   [ RunTime:0.0003s ]
SQL: SHOW COLUMNS FROM `tbkl_collect` [ RunTime:0.0048s ]
SQL: SELECT * FROM `tbkl_collect` WHERE `members_id` = 1  [ RunTime:0.0001s ]

[ 2019-04-27T18:06:48+08:00 ] 127.0.0.1 /api/Me/my_order
INFO: [ app_init ] --START--
INFO: Run Behavior\BuildLiteBehavior [ RunTime:0.000010s ]
INFO: [ app_init ] --END-- [ RunTime:0.000339s ]
INFO: [ app_begin ] --START--
INFO: Run Behavior\ReadHtmlCacheBehavior [ RunTime:0.000415s ]
INFO: [ app_begin ] --END-- [ RunTime:0.000469s ]
SQL: SHOW COLUMNS FROM `tbkl_order` [ RunTime:0.0059s ]
SQL: SELECT o.id,o.ordercode,o.members_id,o.vip_id,o.vip_name,o.video_id,o.pay_money,o.type,o.pay_time,o.create_time,v.title,v.pic,v.video,v.price,v.show_time,v.is_pay,v.is_red,v.look,v.collect,v.buy_num FROM tbkl_order as o INNER JOIN tbkl_video as v on o.video_id = v.id  WHERE o.members_id = 1 AND o.type = '0' ORDER BY o.id LIMIT 10   [ RunTime:0.0003s ]
SQL: SHOW COLUMNS FROM `tbkl_collect` [ RunTime:0.0050s ]
SQL: SELECT * FROM `tbkl_collect` WHERE `members_id` = 1  [ RunTime:0.0001s ]

[ 2019-04-27T18:07:20+08:00 ] 127.0.0.1 /api/Me/my_order
INFO: [ app_init ] --START--
INFO: Run Behavior\BuildLiteBehavior [ RunTime:0.000009s ]
INFO: [ app_init ] --END-- [ RunTime:0.000296s ]
INFO: [ app_begin ] --START--
INFO: Run Behavior\ReadHtmlCacheBehavior [ RunTime:0.000349s ]
INFO: [ app_begin ] --END-- [ RunTime:0.000391s ]
SQL: SHOW COLUMNS FROM `tbkl_order` [ RunTime:0.0050s ]
SQL: SELECT o.id,o.ordercode,o.members_id,o.vip_id,o.vip_name,o.video_id,o.pay_money,o.type,o.pay_time,o.create_time,v.title,v.pic,v.video,v.price,v.show_time,v.is_pay,v.is_red,v.look,v.collect,v.buy_num FROM tbkl_order as o INNER JOIN tbkl_video as v on o.video_id = v.id  WHERE o.members_id = 1 AND o.type = '0' ORDER BY o.id LIMIT 10   [ RunTime:0.0003s ]
SQL: SHOW COLUMNS FROM `tbkl_collect` [ RunTime:0.0052s ]
SQL: SELECT * FROM `tbkl_collect` WHERE `members_id` = 1  [ RunTime:0.0002s ]

[ 2019-04-27T18:07:48+08:00 ] 127.0.0.1 /api/Me/my_order
INFO: [ app_init ] --START--
INFO: Run Behavior\BuildLiteBehavior [ RunTime:0.000011s ]
INFO: [ app_init ] --END-- [ RunTime:0.002151s ]
INFO: [ app_begin ] --START--
INFO: Run Behavior\ReadHtmlCacheBehavior [ RunTime:0.000370s ]
INFO: [ app_begin ] --END-- [ RunTime:0.000414s ]
SQL: SHOW COLUMNS FROM `tbkl_order` [ RunTime:0.0050s ]
SQL: SELECT o.id,o.ordercode,o.members_id,o.vip_id,o.vip_name,o.video_id,o.pay_money,o.type,o.pay_time,o.create_time,v.title,v.pic,v.video,v.price,v.show_time,v.is_pay,v.is_red,v.look,v.collect,v.buy_num FROM tbkl_order as o INNER JOIN tbkl_video as v on o.video_id = v.id  WHERE o.members_id = 1 AND o.type = '0' ORDER BY o.id LIMIT 10   [ RunTime:0.0003s ]
SQL: SHOW COLUMNS FROM `tbkl_collect` [ RunTime:0.0048s ]
SQL: SELECT * FROM `tbkl_collect` WHERE `members_id` = 1  [ RunTime:0.0001s ]

[ 2019-04-27T18:07:49+08:00 ] 127.0.0.1 /api/Me/my_order
INFO: [ app_init ] --START--
INFO: Run Behavior\BuildLiteBehavior [ RunTime:0.000010s ]
INFO: [ app_init ] --END-- [ RunTime:0.000314s ]
INFO: [ app_begin ] --START--
INFO: Run Behavior\ReadHtmlCacheBehavior [ RunTime:0.000365s ]
INFO: [ app_begin ] --END-- [ RunTime:0.000406s ]
SQL: SHOW COLUMNS FROM `tbkl_order` [ RunTime:0.0048s ]
SQL: SELECT o.id,o.ordercode,o.members_id,o.vip_id,o.vip_name,o.video_id,o.pay_money,o.type,o.pay_time,o.create_time,v.title,v.pic,v.video,v.price,v.show_time,v.is_pay,v.is_red,v.look,v.collect,v.buy_num FROM tbkl_order as o INNER JOIN tbkl_video as v on o.video_id = v.id  WHERE o.members_id = 1 AND o.type = '0' ORDER BY o.id LIMIT 10   [ RunTime:0.0003s ]
SQL: SHOW COLUMNS FROM `tbkl_collect` [ RunTime:0.0045s ]
SQL: SELECT * FROM `tbkl_collect` WHERE `members_id` = 1  [ RunTime:0.0001s ]

[ 2019-04-27T18:07:49+08:00 ] 127.0.0.1 /api/Me/my_order
INFO: [ app_init ] --START--
INFO: Run Behavior\BuildLiteBehavior [ RunTime:0.000009s ]
INFO: [ app_init ] --END-- [ RunTime:0.000283s ]
INFO: [ app_begin ] --START--
INFO: Run Behavior\ReadHtmlCacheBehavior [ RunTime:0.000358s ]
INFO: [ app_begin ] --END-- [ RunTime:0.000400s ]
SQL: SHOW COLUMNS FROM `tbkl_order` [ RunTime:0.0053s ]
SQL: SELECT o.id,o.ordercode,o.members_id,o.vip_id,o.vip_name,o.video_id,o.pay_money,o.type,o.pay_time,o.create_time,v.title,v.pic,v.video,v.price,v.show_time,v.is_pay,v.is_red,v.look,v.collect,v.buy_num FROM tbkl_order as o INNER JOIN tbkl_video as v on o.video_id = v.id  WHERE o.members_id = 1 AND o.type = '0' ORDER BY o.id LIMIT 10   [ RunTime:0.0003s ]
SQL: SHOW COLUMNS FROM `tbkl_collect` [ RunTime:0.0047s ]
SQL: SELECT * FROM `tbkl_collect` WHERE `members_id` = 1  [ RunTime:0.0001s ]

[ 2019-04-27T18:08:48+08:00 ] 127.0.0.1 /api/Me/my_order
INFO: [ app_init ] --START--
INFO: Run Behavior\BuildLiteBehavior [ RunTime:0.000010s ]
INFO: [ app_init ] --END-- [ RunTime:0.000373s ]
INFO: [ app_begin ] --START--
INFO: Run Behavior\ReadHtmlCacheBehavior [ RunTime:0.000392s ]
INFO: [ app_begin ] --END-- [ RunTime:0.000433s ]
SQL: SHOW COLUMNS FROM `tbkl_order` [ RunTime:0.0051s ]
SQL: SELECT o.id,o.ordercode,o.members_id,o.vip_id,o.vip_name,o.video_id,o.pay_money,o.type,o.pay_time,o.create_time,v.title,v.pic,v.video,v.price,v.show_time,v.is_pay,v.is_red,v.look,v.collect,v.buy_num FROM tbkl_order as o INNER JOIN tbkl_video as v on o.video_id = v.id  WHERE o.members_id = 1 AND o.type = '0' ORDER BY o.id LIMIT 10   [ RunTime:0.0003s ]
SQL: SHOW COLUMNS FROM `tbkl_collect` [ RunTime:0.0046s ]
SQL: SELECT * FROM `tbkl_collect` WHERE `members_id` = 1  [ RunTime:0.0001s ]
INFO: [ app_end ] --START--
INFO: Run Behavior\ShowPageTraceBehavior [ RunTime:0.000479s ]
INFO: [ app_end ] --END-- [ RunTime:0.000505s ]

[ 2019-04-27T18:17:03+08:00 ] 127.0.0.1 /api/Me/msg_handel
INFO: [ app_init ] --START--
INFO: Run Behavior\BuildLiteBehavior [ RunTime:0.000008s ]
INFO: [ app_init ] --END-- [ RunTime:0.000348s ]
INFO: [ app_begin ] --START--
INFO: Run Behavior\ReadHtmlCacheBehavior [ RunTime:0.000460s ]
INFO: [ app_begin ] --END-- [ RunTime:0.000510s ]
SQL: SHOW COLUMNS FROM `tbkl_members` [ RunTime:0.0066s ]
SQL: SELECT `headimgurl`,`nickname`,`username` FROM `tbkl_members` WHERE `id` = 1 LIMIT 1   [ RunTime:0.0003s ]
SQL: SHOW COLUMNS FROM `tbkl_messages` [ RunTime:0.0052s ]
SQL: INSERT INTO `tbkl_messages` (`members_id`,`headimgurl`,`nickname`,`username`,`content`,`contact`,`ip`,`create_time`) VALUES ('1','https://wx.qlogo.cn/mmopen/vi_32/f6Npusia1ltfH3ArhzYL1DDqpE5lWeIKtR4rhbSkZCpB65el1Ib7cDGKQnPqtEtQJswzu2BBCZHrh6CVROHg6rw/132','6I+g6JCd6I+g6JCdTWU=','韩全涛','反馈内容','365897@qq.com/13111111111','127.0.0.1','1556360223') [ RunTime:0.0002s ]
INFO: [ app_end ] --START--
INFO: Run Behavior\ShowPageTraceBehavior [ RunTime:0.000511s ]
INFO: [ app_end ] --END-- [ RunTime:0.000537s ]

